nohup: ignoring input
正在加载和预处理数据...
原始数据大小: 9548
处理后数据大小: 9548

准备模型输入特征...
特征维度: 4644
训练集大小: 7638
测试集大小: 1910

训练LightGBM模型...
LightGBM参数设置:
  迭代次数: 500
  最大树深度: 50
  叶子节点数: 255
  学习率: 0.1
  样本采样率: 0.8
  特征采样率: 0.8
  叶节点最小样本数: 2
  目标函数: regression
  评估指标: rmse
[LightGBM] [Info] Auto-choosing col-wise multi-threading, the overhead of testing was 0.092504 seconds.
You can set `force_col_wise=true` to remove the overhead.
[LightGBM] [Info] Total Bins 124263
[LightGBM] [Info] Number of data points in the train set: 7638, number of used features: 4614
[LightGBM] [Info] Start training from score 0.043566

模型评估结果:
DTA LGB 模型评估结果:
mse: 1.0932
rmse: 1.0456
r2: 0.3288
pcc: 0.5810
spearman: 0.5440
