nohup: ignoring input
/root/miniconda3/lib/python3.8/site-packages/xgboost/core.py:265: FutureWarning: Your system has an old version of glibc (< 2.28). We will stop supporting Linux distros with glibc older than 2.28 after **May 31, 2025**. Please upgrade to a recent Linux distro (with glibc 2.28+) to use future versions of XGBoost.
Note: You have installed the 'manylinux2014' variant of XGBoost. Certain features such as GPU algorithms or federated learning are not available. To use these features, please upgrade to a recent Linux distro with glibc 2.28+, and install the 'manylinux_2_28' variant.
  warnings.warn(
正在加载和预处理数据...
原始数据大小: 9548
处理后数据大小: 9548

准备模型输入特征...
特征维度: 4644
训练集大小: 7638
测试集大小: 1910

训练XGBoost模型...
XGBoost回归参数设置:
  迭代次数: 500
  最大树深度: 50
  学习率: 0.1
  样本采样率: 0.8
  特征采样率: 0.8
  子节点最小权重: 1
  分裂所需最小增益: 0
  目标函数: reg:squarederror
  评估指标: rmse

模型评估结果:
DTA XGB 模型评估结果:
mse: 1.1009
rmse: 1.0492
r2: 0.3241
pcc: 0.5809
spearman: 0.5577
