nohup: ignoring input
Epoch: 1/1000   Training Loss: 0.583612  Test Loss: 1.610672  Test MSE: 1.588495
Test MSE improved from inf -> 1.588495
Epoch: 2/1000   Training Loss: 0.394625  Test Loss: 5.895883  Test MSE: 5.962453
Test MSE did not improve.. Counter 1/100
Epoch: 3/1000   Training Loss: 0.362301  Test Loss: 5.310251  Test MSE: 5.392138
Test MSE did not improve.. Counter 2/100
Epoch: 4/1000   Training Loss: 0.343272  Test Loss: 3.585512  Test MSE: 3.436315
Test MSE did not improve.. Counter 3/100
Epoch: 5/1000   Training Loss: 0.344397  Test Loss: 2.196793  Test MSE: 2.083773
Test MSE did not improve.. Counter 4/100
Epoch: 6/1000   Training Loss: 0.331163  Test Loss: 0.488993  Test MSE: 0.480481
Test MSE improved from 1.588495 -> 0.480481
Epoch: 7/1000   Training Loss: 0.324647  Test Loss: 0.369861  Test MSE: 0.366795
Test MSE improved from 0.480481 -> 0.366795
Epoch: 8/1000   Training Loss: 0.308759  Test Loss: 0.358934  Test MSE: 0.362053
Test MSE improved from 0.366795 -> 0.362053
Epoch: 9/1000   Training Loss: 0.298013  Test Loss: 0.286468  Test MSE: 0.289192
Test MSE improved from 0.362053 -> 0.289192
Epoch: 10/1000   Training Loss: 0.290631  Test Loss: 0.268948  Test MSE: 0.270091
Test MSE improved from 0.289192 -> 0.270091
Epoch: 11/1000   Training Loss: 0.277412  Test Loss: 0.281525  Test MSE: 0.279928
Test MSE did not improve.. Counter 1/100
Epoch: 12/1000   Training Loss: 0.271114  Test Loss: 0.280283  Test MSE: 0.273848
Test MSE did not improve.. Counter 2/100
Epoch: 13/1000   Training Loss: 0.266581  Test Loss: 0.243328  Test MSE: 0.241546
Test MSE improved from 0.270091 -> 0.241546
Epoch: 14/1000   Training Loss: 0.263731  Test Loss: 0.224712  Test MSE: 0.226025
Test MSE improved from 0.241546 -> 0.226025
Epoch: 15/1000   Training Loss: 0.253657  Test Loss: 0.218526  Test MSE: 0.219583
Test MSE improved from 0.226025 -> 0.219583
Epoch: 16/1000   Training Loss: 0.286531  Test Loss: 0.248789  Test MSE: 0.250570
Test MSE did not improve.. Counter 1/100
Epoch: 17/1000   Training Loss: 0.264449  Test Loss: 0.238944  Test MSE: 0.238868
Test MSE did not improve.. Counter 2/100
Epoch: 18/1000   Training Loss: 0.243364  Test Loss: 0.207433  Test MSE: 0.208761
Test MSE improved from 0.219583 -> 0.208761
Epoch: 19/1000   Training Loss: 0.231208  Test Loss: 0.210154  Test MSE: 0.209442
Test MSE did not improve.. Counter 1/100
Epoch: 20/1000   Training Loss: 0.226569  Test Loss: 0.205057  Test MSE: 0.204377
Test MSE improved from 0.208761 -> 0.204377
Epoch: 21/1000   Training Loss: 0.210758  Test Loss: 0.190853  Test MSE: 0.191157
Test MSE improved from 0.204377 -> 0.191157
Epoch: 22/1000   Training Loss: 0.206192  Test Loss: 0.208400  Test MSE: 0.209041
Test MSE did not improve.. Counter 1/100
Epoch: 23/1000   Training Loss: 0.202318  Test Loss: 1.022375  Test MSE: 0.405622
Test MSE did not improve.. Counter 2/100
Epoch: 24/1000   Training Loss: 0.193500  Test Loss: 3.993203  Test MSE: 1.318945
Test MSE did not improve.. Counter 3/100
Epoch: 25/1000   Training Loss: 0.191226  Test Loss: 0.495263  Test MSE: 0.263789
Test MSE did not improve.. Counter 4/100
Epoch: 26/1000   Training Loss: 0.189168  Test Loss: 0.960998  Test MSE: 0.880498
Test MSE did not improve.. Counter 5/100
Epoch: 27/1000   Training Loss: 0.180008  Test Loss: 0.238679  Test MSE: 0.211284
Test MSE did not improve.. Counter 6/100
Epoch: 28/1000   Training Loss: 0.184541  Test Loss: 4.011047  Test MSE: 1.603315
Test MSE did not improve.. Counter 7/100
Epoch: 29/1000   Training Loss: 0.171172  Test Loss: 0.382524  Test MSE: 0.242758
Test MSE did not improve.. Counter 8/100
Epoch: 30/1000   Training Loss: 0.174146  Test Loss: 3.226295  Test MSE: 1.154538
Test MSE did not improve.. Counter 9/100
Epoch: 31/1000   Training Loss: 0.168678  Test Loss: 1.196352  Test MSE: 0.532292
Test MSE did not improve.. Counter 10/100
Epoch: 32/1000   Training Loss: 0.164967  Test Loss: 0.210989  Test MSE: 0.184345
Test MSE improved from 0.191157 -> 0.184345
Epoch: 33/1000   Training Loss: 0.161704  Test Loss: 0.279291  Test MSE: 0.199293
Test MSE did not improve.. Counter 1/100
Epoch: 34/1000   Training Loss: 0.158085  Test Loss: 0.290778  Test MSE: 0.190253
Test MSE did not improve.. Counter 2/100
Epoch: 35/1000   Training Loss: 0.156167  Test Loss: 0.176331  Test MSE: 0.176237
Test MSE improved from 0.184345 -> 0.176237
Epoch: 36/1000   Training Loss: 0.154196  Test Loss: 0.278829  Test MSE: 0.203851
Test MSE did not improve.. Counter 1/100
Epoch: 37/1000   Training Loss: 0.152661  Test Loss: 0.157959  Test MSE: 0.156685
Test MSE improved from 0.176237 -> 0.156685
Epoch: 38/1000   Training Loss: 0.155824  Test Loss: 0.483049  Test MSE: 0.513551
Test MSE did not improve.. Counter 1/100
Epoch: 39/1000   Training Loss: 0.151105  Test Loss: 0.158169  Test MSE: 0.161091
Test MSE did not improve.. Counter 2/100
Epoch: 40/1000   Training Loss: 0.150136  Test Loss: 0.164023  Test MSE: 0.167795
Test MSE did not improve.. Counter 3/100
Epoch: 41/1000   Training Loss: 0.147643  Test Loss: 0.164919  Test MSE: 0.170082
Test MSE did not improve.. Counter 4/100
Epoch: 42/1000   Training Loss: 0.139341  Test Loss: 0.235953  Test MSE: 0.182494
Test MSE did not improve.. Counter 5/100
Epoch: 43/1000   Training Loss: 0.137340  Test Loss: 0.147911  Test MSE: 0.150824
Test MSE improved from 0.156685 -> 0.150824
Epoch: 44/1000   Training Loss: 0.135810  Test Loss: 0.137526  Test MSE: 0.140355
Test MSE improved from 0.150824 -> 0.140355
Epoch: 45/1000   Training Loss: 0.130273  Test Loss: 0.136567  Test MSE: 0.140090
Test MSE improved from 0.140355 -> 0.140090
Epoch: 46/1000   Training Loss: 0.127414  Test Loss: 0.140407  Test MSE: 0.140506
Test MSE did not improve.. Counter 1/100
Epoch: 47/1000   Training Loss: 0.126409  Test Loss: 0.133779  Test MSE: 0.136759
Test MSE improved from 0.140090 -> 0.136759
Epoch: 48/1000   Training Loss: 0.127963  Test Loss: 0.140924  Test MSE: 0.144672
Test MSE did not improve.. Counter 1/100
Epoch: 49/1000   Training Loss: 0.127669  Test Loss: 0.144040  Test MSE: 0.148432
Test MSE did not improve.. Counter 2/100
Epoch: 50/1000   Training Loss: 0.125455  Test Loss: 0.130878  Test MSE: 0.134177
Test MSE improved from 0.136759 -> 0.134177
Epoch: 51/1000   Training Loss: 0.121739  Test Loss: 0.203903  Test MSE: 0.213252
Test MSE did not improve.. Counter 1/100
Epoch: 52/1000   Training Loss: 0.123846  Test Loss: 0.125379  Test MSE: 0.128489
Test MSE improved from 0.134177 -> 0.128489
Epoch: 53/1000   Training Loss: 0.115554  Test Loss: 0.134110  Test MSE: 0.137374
Test MSE did not improve.. Counter 1/100
Epoch: 54/1000   Training Loss: 0.118937  Test Loss: 0.128887  Test MSE: 0.133248
Test MSE did not improve.. Counter 2/100
Epoch: 55/1000   Training Loss: 0.112719  Test Loss: 0.121218  Test MSE: 0.124664
Test MSE improved from 0.128489 -> 0.124664
Epoch: 56/1000   Training Loss: 0.107047  Test Loss: 0.180031  Test MSE: 0.138768
Test MSE did not improve.. Counter 1/100
Epoch: 57/1000   Training Loss: 0.106280  Test Loss: 0.121575  Test MSE: 0.124446
Test MSE improved from 0.124664 -> 0.124446
Epoch: 58/1000   Training Loss: 0.106663  Test Loss: 0.113687  Test MSE: 0.116817
Test MSE improved from 0.124446 -> 0.116817
Epoch: 59/1000   Training Loss: 0.107010  Test Loss: 0.114383  Test MSE: 0.118485
Test MSE did not improve.. Counter 1/100
Epoch: 60/1000   Training Loss: 0.108674  Test Loss: 0.200984  Test MSE: 0.211770
Test MSE did not improve.. Counter 2/100
Epoch: 61/1000   Training Loss: 0.106054  Test Loss: 0.117535  Test MSE: 0.120978
Test MSE did not improve.. Counter 3/100
Epoch: 62/1000   Training Loss: 0.104355  Test Loss: 0.120593  Test MSE: 0.123389
Test MSE did not improve.. Counter 4/100
Epoch: 63/1000   Training Loss: 0.104730  Test Loss: 0.117750  Test MSE: 0.121579
Test MSE did not improve.. Counter 5/100
Epoch: 64/1000   Training Loss: 0.101507  Test Loss: 0.116337  Test MSE: 0.119647
Test MSE did not improve.. Counter 6/100
Epoch: 65/1000   Training Loss: 0.099427  Test Loss: 0.111556  Test MSE: 0.113978
Test MSE improved from 0.116817 -> 0.113978
Epoch: 66/1000   Training Loss: 0.097571  Test Loss: 0.111095  Test MSE: 0.114705
Test MSE did not improve.. Counter 1/100
Epoch: 67/1000   Training Loss: 0.095201  Test Loss: 0.111035  Test MSE: 0.111908
Test MSE improved from 0.113978 -> 0.111908
Epoch: 68/1000   Training Loss: 0.097628  Test Loss: 0.103114  Test MSE: 0.105526
Test MSE improved from 0.111908 -> 0.105526
Epoch: 69/1000   Training Loss: 0.098232  Test Loss: 0.109070  Test MSE: 0.113353
Test MSE did not improve.. Counter 1/100
Epoch: 70/1000   Training Loss: 0.098625  Test Loss: 0.107929  Test MSE: 0.111187
Test MSE did not improve.. Counter 2/100
Epoch: 71/1000   Training Loss: 0.092423  Test Loss: 0.102694  Test MSE: 0.105109
Test MSE improved from 0.105526 -> 0.105109
Epoch: 72/1000   Training Loss: 0.090822  Test Loss: 0.125345  Test MSE: 0.130119
Test MSE did not improve.. Counter 1/100
Epoch: 73/1000   Training Loss: 0.097980  Test Loss: 0.118962  Test MSE: 0.123107
Test MSE did not improve.. Counter 2/100
Epoch: 74/1000   Training Loss: 0.092905  Test Loss: 0.096859  Test MSE: 0.100414
Test MSE improved from 0.105109 -> 0.100414
Epoch: 75/1000   Training Loss: 0.087875  Test Loss: 0.096973  Test MSE: 0.100275
Test MSE improved from 0.100414 -> 0.100275
Epoch: 76/1000   Training Loss: 0.084738  Test Loss: 0.103066  Test MSE: 0.105032
Test MSE did not improve.. Counter 1/100
Epoch: 77/1000   Training Loss: 0.088616  Test Loss: 0.101980  Test MSE: 0.104173
Test MSE did not improve.. Counter 2/100
Epoch: 78/1000   Training Loss: 0.088778  Test Loss: 0.143837  Test MSE: 0.150678
Test MSE did not improve.. Counter 3/100
Epoch: 79/1000   Training Loss: 0.089301  Test Loss: 0.131857  Test MSE: 0.123513
Test MSE did not improve.. Counter 4/100
Epoch: 80/1000   Training Loss: 0.083486  Test Loss: 0.127459  Test MSE: 0.125297
Test MSE did not improve.. Counter 5/100
Epoch: 81/1000   Training Loss: 0.083599  Test Loss: 0.152155  Test MSE: 0.159025
Test MSE did not improve.. Counter 6/100
Epoch: 82/1000   Training Loss: 0.085788  Test Loss: 0.103038  Test MSE: 0.105916
Test MSE did not improve.. Counter 7/100
Epoch: 83/1000   Training Loss: 0.080715  Test Loss: 0.101662  Test MSE: 0.104861
Test MSE did not improve.. Counter 8/100
Epoch: 84/1000   Training Loss: 0.083343  Test Loss: 0.086927  Test MSE: 0.089769
Test MSE improved from 0.100275 -> 0.089769
Epoch: 85/1000   Training Loss: 0.078349  Test Loss: 0.280184  Test MSE: 0.298604
Test MSE did not improve.. Counter 1/100
Epoch: 86/1000   Training Loss: 0.082992  Test Loss: 0.150648  Test MSE: 0.157830
Test MSE did not improve.. Counter 2/100
Epoch: 87/1000   Training Loss: 0.082145  Test Loss: 0.092358  Test MSE: 0.095135
Test MSE did not improve.. Counter 3/100
Epoch: 88/1000   Training Loss: 0.081578  Test Loss: 0.086588  Test MSE: 0.090884
Test MSE did not improve.. Counter 4/100
Epoch: 89/1000   Training Loss: 0.078214  Test Loss: 0.120993  Test MSE: 0.125268
Test MSE did not improve.. Counter 5/100
Epoch: 90/1000   Training Loss: 0.074733  Test Loss: 0.115525  Test MSE: 0.118923
Test MSE did not improve.. Counter 6/100
Epoch: 91/1000   Training Loss: 0.072893  Test Loss: 0.111582  Test MSE: 0.117705
Test MSE did not improve.. Counter 7/100
Epoch: 92/1000   Training Loss: 0.074186  Test Loss: 0.131039  Test MSE: 0.135371
Test MSE did not improve.. Counter 8/100
Epoch: 93/1000   Training Loss: 0.071233  Test Loss: 0.094200  Test MSE: 0.097460
Test MSE did not improve.. Counter 9/100
Epoch: 94/1000   Training Loss: 0.072899  Test Loss: 0.154016  Test MSE: 0.163059
Test MSE did not improve.. Counter 10/100
Epoch: 95/1000   Training Loss: 0.071120  Test Loss: 0.128114  Test MSE: 0.133005
Test MSE did not improve.. Counter 11/100
Epoch: 96/1000   Training Loss: 0.068487  Test Loss: 0.084551  Test MSE: 0.086178
Test MSE improved from 0.089769 -> 0.086178
Epoch: 97/1000   Training Loss: 0.069933  Test Loss: 0.125805  Test MSE: 0.131829
Test MSE did not improve.. Counter 1/100
Epoch: 98/1000   Training Loss: 0.069897  Test Loss: 0.084933  Test MSE: 0.087742
Test MSE did not improve.. Counter 2/100
Epoch: 99/1000   Training Loss: 0.068575  Test Loss: 0.091928  Test MSE: 0.094588
Test MSE did not improve.. Counter 3/100
Epoch: 100/1000   Training Loss: 0.069848  Test Loss: 0.086035  Test MSE: 0.088333
Test MSE did not improve.. Counter 4/100
Epoch: 101/1000   Training Loss: 0.064002  Test Loss: 0.083392  Test MSE: 0.085115
Test MSE improved from 0.086178 -> 0.085115
Epoch: 102/1000   Training Loss: 0.063881  Test Loss: 0.085094  Test MSE: 0.087497
Test MSE did not improve.. Counter 1/100
Epoch: 103/1000   Training Loss: 0.063884  Test Loss: 0.096262  Test MSE: 0.098047
Test MSE did not improve.. Counter 2/100
Epoch: 104/1000   Training Loss: 0.065541  Test Loss: 0.081732  Test MSE: 0.083592
Test MSE improved from 0.085115 -> 0.083592
Epoch: 105/1000   Training Loss: 0.065034  Test Loss: 0.080836  Test MSE: 0.082062
Test MSE improved from 0.083592 -> 0.082062
Epoch: 106/1000   Training Loss: 0.069231  Test Loss: 0.091092  Test MSE: 0.093733
Test MSE did not improve.. Counter 1/100
Epoch: 107/1000   Training Loss: 0.120447  Test Loss: 0.122775  Test MSE: 0.127394
Test MSE did not improve.. Counter 2/100
Epoch: 108/1000   Training Loss: 0.111923  Test Loss: 0.097632  Test MSE: 0.102106
Test MSE did not improve.. Counter 3/100
Epoch: 109/1000   Training Loss: 0.095105  Test Loss: 0.140078  Test MSE: 0.146224
Test MSE did not improve.. Counter 4/100
Epoch: 110/1000   Training Loss: 0.085142  Test Loss: 0.092435  Test MSE: 0.095298
Test MSE did not improve.. Counter 5/100
Epoch: 111/1000   Training Loss: 0.075824  Test Loss: 0.097129  Test MSE: 0.098701
Test MSE did not improve.. Counter 6/100
Epoch: 112/1000   Training Loss: 0.077291  Test Loss: 0.132475  Test MSE: 0.137316
Test MSE did not improve.. Counter 7/100
Epoch: 113/1000   Training Loss: 0.074493  Test Loss: 0.341190  Test MSE: 0.368056
Test MSE did not improve.. Counter 8/100
Epoch: 114/1000   Training Loss: 0.070055  Test Loss: 0.093037  Test MSE: 0.096805
Test MSE did not improve.. Counter 9/100
Epoch: 115/1000   Training Loss: 0.067987  Test Loss: 0.083326  Test MSE: 0.085766
Test MSE did not improve.. Counter 10/100
Epoch: 116/1000   Training Loss: 0.067038  Test Loss: 0.086015  Test MSE: 0.088567
Test MSE did not improve.. Counter 11/100
Epoch: 117/1000   Training Loss: 0.068042  Test Loss: 0.096217  Test MSE: 0.099035
Test MSE did not improve.. Counter 12/100
Epoch: 118/1000   Training Loss: 0.061329  Test Loss: 0.083640  Test MSE: 0.084557
Test MSE did not improve.. Counter 13/100
Epoch: 119/1000   Training Loss: 0.071854  Test Loss: 0.232438  Test MSE: 0.214605
Test MSE did not improve.. Counter 14/100
Epoch: 120/1000   Training Loss: 0.066732  Test Loss: 0.085871  Test MSE: 0.088675
Test MSE did not improve.. Counter 15/100
Epoch: 121/1000   Training Loss: 0.063089  Test Loss: 0.182428  Test MSE: 0.111251
Test MSE did not improve.. Counter 16/100
Epoch: 122/1000   Training Loss: 0.056864  Test Loss: 0.272432  Test MSE: 0.116042
Test MSE did not improve.. Counter 17/100
Epoch: 123/1000   Training Loss: 0.056253  Test Loss: 0.229468  Test MSE: 0.123393
Test MSE did not improve.. Counter 18/100
Epoch: 124/1000   Training Loss: 0.057173  Test Loss: 0.079942  Test MSE: 0.082224
Test MSE did not improve.. Counter 19/100
Epoch: 125/1000   Training Loss: 0.057690  Test Loss: 0.084662  Test MSE: 0.084567
Test MSE did not improve.. Counter 20/100
Epoch: 126/1000   Training Loss: 0.055130  Test Loss: 0.106599  Test MSE: 0.088076
Test MSE did not improve.. Counter 21/100
Epoch: 127/1000   Training Loss: 0.053868  Test Loss: 0.082114  Test MSE: 0.083203
Test MSE did not improve.. Counter 22/100
Epoch: 128/1000   Training Loss: 0.053742  Test Loss: 0.079538  Test MSE: 0.081589
Test MSE improved from 0.082062 -> 0.081589
Epoch: 129/1000   Training Loss: 0.057862  Test Loss: 0.078676  Test MSE: 0.079821
Test MSE improved from 0.081589 -> 0.079821
Epoch: 130/1000   Training Loss: 0.055014  Test Loss: 0.076168  Test MSE: 0.077877
Test MSE improved from 0.079821 -> 0.077877
Epoch: 131/1000   Training Loss: 0.053385  Test Loss: 0.084392  Test MSE: 0.086061
Test MSE did not improve.. Counter 1/100
Epoch: 132/1000   Training Loss: 0.059109  Test Loss: 0.175546  Test MSE: 0.186007
Test MSE did not improve.. Counter 2/100
Epoch: 133/1000   Training Loss: 0.058298  Test Loss: 0.079141  Test MSE: 0.080294
Test MSE did not improve.. Counter 3/100
Epoch: 134/1000   Training Loss: 0.055603  Test Loss: 0.076288  Test MSE: 0.077580
Test MSE improved from 0.077877 -> 0.077580
Epoch: 135/1000   Training Loss: 0.060679  Test Loss: 0.070772  Test MSE: 0.073048
Test MSE improved from 0.077580 -> 0.073048
Epoch: 136/1000   Training Loss: 0.051626  Test Loss: 0.071934  Test MSE: 0.072861
Test MSE improved from 0.073048 -> 0.072861
Epoch: 137/1000   Training Loss: 0.050562  Test Loss: 0.066978  Test MSE: 0.069115
Test MSE improved from 0.072861 -> 0.069115
Epoch: 138/1000   Training Loss: 0.048830  Test Loss: 0.078711  Test MSE: 0.081042
Test MSE did not improve.. Counter 1/100
Epoch: 139/1000   Training Loss: 0.051371  Test Loss: 0.064378  Test MSE: 0.065154
Test MSE improved from 0.069115 -> 0.065154
Epoch: 140/1000   Training Loss: 0.047863  Test Loss: 0.096781  Test MSE: 0.100381
Test MSE did not improve.. Counter 1/100
Epoch: 141/1000   Training Loss: 0.049981  Test Loss: 0.073903  Test MSE: 0.074866
Test MSE did not improve.. Counter 2/100
Epoch: 142/1000   Training Loss: 0.048341  Test Loss: 0.070662  Test MSE: 0.071071
Test MSE did not improve.. Counter 3/100
Epoch: 143/1000   Training Loss: 0.047543  Test Loss: 0.069155  Test MSE: 0.069931
Test MSE did not improve.. Counter 4/100
Epoch: 144/1000   Training Loss: 0.045719  Test Loss: 0.071707  Test MSE: 0.073194
Test MSE did not improve.. Counter 5/100
Epoch: 145/1000   Training Loss: 0.046562  Test Loss: 0.068099  Test MSE: 0.069834
Test MSE did not improve.. Counter 6/100
Epoch: 146/1000   Training Loss: 0.047616  Test Loss: 0.119006  Test MSE: 0.090831
Test MSE did not improve.. Counter 7/100
Epoch: 147/1000   Training Loss: 0.051789  Test Loss: 0.086748  Test MSE: 0.086088
Test MSE did not improve.. Counter 8/100
Epoch: 148/1000   Training Loss: 0.065937  Test Loss: 0.077250  Test MSE: 0.077017
Test MSE did not improve.. Counter 9/100
Epoch: 149/1000   Training Loss: 0.055406  Test Loss: 0.069040  Test MSE: 0.070626
Test MSE did not improve.. Counter 10/100
Epoch: 150/1000   Training Loss: 0.052687  Test Loss: 0.069305  Test MSE: 0.072068
Test MSE did not improve.. Counter 11/100
Epoch: 151/1000   Training Loss: 0.052669  Test Loss: 0.072204  Test MSE: 0.074447
Test MSE did not improve.. Counter 12/100
Epoch: 152/1000   Training Loss: 0.050993  Test Loss: 0.069415  Test MSE: 0.070567
Test MSE did not improve.. Counter 13/100
Epoch: 153/1000   Training Loss: 0.046327  Test Loss: 0.071804  Test MSE: 0.074000
Test MSE did not improve.. Counter 14/100
Epoch: 154/1000   Training Loss: 0.049752  Test Loss: 0.080238  Test MSE: 0.082290
Test MSE did not improve.. Counter 15/100
Epoch: 155/1000   Training Loss: 0.047124  Test Loss: 0.072962  Test MSE: 0.074183
Test MSE did not improve.. Counter 16/100
Epoch: 156/1000   Training Loss: 0.046495  Test Loss: 0.069231  Test MSE: 0.070467
Test MSE did not improve.. Counter 17/100
Epoch: 157/1000   Training Loss: 0.045811  Test Loss: 0.072669  Test MSE: 0.074000
Test MSE did not improve.. Counter 18/100
Epoch: 158/1000   Training Loss: 0.047682  Test Loss: 0.076428  Test MSE: 0.078376
Test MSE did not improve.. Counter 19/100
Epoch: 159/1000   Training Loss: 0.045916  Test Loss: 0.083565  Test MSE: 0.085566
Test MSE did not improve.. Counter 20/100
Epoch: 160/1000   Training Loss: 0.047659  Test Loss: 0.072728  Test MSE: 0.073395
Test MSE did not improve.. Counter 21/100
Epoch: 161/1000   Training Loss: 0.044530  Test Loss: 0.070558  Test MSE: 0.071732
Test MSE did not improve.. Counter 22/100
Epoch: 162/1000   Training Loss: 0.044257  Test Loss: 0.069605  Test MSE: 0.070217
Test MSE did not improve.. Counter 23/100
Epoch: 163/1000   Training Loss: 0.041538  Test Loss: 0.067375  Test MSE: 0.067641
Test MSE did not improve.. Counter 24/100
Epoch: 164/1000   Training Loss: 0.041137  Test Loss: 0.077753  Test MSE: 0.078122
Test MSE did not improve.. Counter 25/100
Epoch: 165/1000   Training Loss: 0.042091  Test Loss: 0.110577  Test MSE: 0.114963
Test MSE did not improve.. Counter 26/100
Epoch: 166/1000   Training Loss: 0.051983  Test Loss: 0.078839  Test MSE: 0.078669
Test MSE did not improve.. Counter 27/100
Epoch: 167/1000   Training Loss: 0.045657  Test Loss: 0.076787  Test MSE: 0.072512
Test MSE did not improve.. Counter 28/100
Epoch: 168/1000   Training Loss: 0.046189  Test Loss: 0.084473  Test MSE: 0.085636
Test MSE did not improve.. Counter 29/100
Epoch: 169/1000   Training Loss: 0.051472  Test Loss: 0.082563  Test MSE: 0.082660
Test MSE did not improve.. Counter 30/100
Epoch: 170/1000   Training Loss: 0.049616  Test Loss: 0.075511  Test MSE: 0.074817
Test MSE did not improve.. Counter 31/100
Epoch: 171/1000   Training Loss: 0.045974  Test Loss: 0.080783  Test MSE: 0.081221
Test MSE did not improve.. Counter 32/100
Epoch: 172/1000   Training Loss: 0.043519  Test Loss: 0.077137  Test MSE: 0.079320
Test MSE did not improve.. Counter 33/100
Epoch: 173/1000   Training Loss: 0.042496  Test Loss: 0.085475  Test MSE: 0.087063
Test MSE did not improve.. Counter 34/100
Epoch: 174/1000   Training Loss: 0.043640  Test Loss: 0.086893  Test MSE: 0.088618
Test MSE did not improve.. Counter 35/100
Epoch: 175/1000   Training Loss: 0.042144  Test Loss: 0.070436  Test MSE: 0.069847
Test MSE did not improve.. Counter 36/100
Epoch: 176/1000   Training Loss: 0.040369  Test Loss: 0.072756  Test MSE: 0.073438
Test MSE did not improve.. Counter 37/100
Epoch: 177/1000   Training Loss: 0.042070  Test Loss: 0.116935  Test MSE: 0.123054
Test MSE did not improve.. Counter 38/100
Epoch: 178/1000   Training Loss: 0.043101  Test Loss: 0.069029  Test MSE: 0.070559
Test MSE did not improve.. Counter 39/100
Epoch: 179/1000   Training Loss: 0.039543  Test Loss: 0.074358  Test MSE: 0.076855
Test MSE did not improve.. Counter 40/100
Epoch: 180/1000   Training Loss: 0.045524  Test Loss: 0.079130  Test MSE: 0.080142
Test MSE did not improve.. Counter 41/100
Epoch: 181/1000   Training Loss: 0.044378  Test Loss: 0.068168  Test MSE: 0.067665
Test MSE did not improve.. Counter 42/100
Epoch: 182/1000   Training Loss: 0.041190  Test Loss: 0.095554  Test MSE: 0.099076
Test MSE did not improve.. Counter 43/100
Epoch: 183/1000   Training Loss: 0.042265  Test Loss: 0.065765  Test MSE: 0.066416
Test MSE did not improve.. Counter 44/100
Epoch: 184/1000   Training Loss: 0.041500  Test Loss: 0.071334  Test MSE: 0.073409
Test MSE did not improve.. Counter 45/100
Epoch: 185/1000   Training Loss: 0.039138  Test Loss: 0.061591  Test MSE: 0.062570
Test MSE improved from 0.065154 -> 0.062570
Epoch: 186/1000   Training Loss: 0.036410  Test Loss: 0.080825  Test MSE: 0.083875
Test MSE did not improve.. Counter 1/100
Epoch: 187/1000   Training Loss: 0.038411  Test Loss: 0.065186  Test MSE: 0.065427
Test MSE did not improve.. Counter 2/100
Epoch: 188/1000   Training Loss: 0.041484  Test Loss: 0.087111  Test MSE: 0.090028
Test MSE did not improve.. Counter 3/100
Epoch: 189/1000   Training Loss: 0.047703  Test Loss: 0.068642  Test MSE: 0.069357
Test MSE did not improve.. Counter 4/100
Epoch: 190/1000   Training Loss: 0.047147  Test Loss: 0.100908  Test MSE: 0.106528
Test MSE did not improve.. Counter 5/100
Epoch: 191/1000   Training Loss: 0.048770  Test Loss: 0.072851  Test MSE: 0.072238
Test MSE did not improve.. Counter 6/100
Epoch: 192/1000   Training Loss: 0.045652  Test Loss: 0.072119  Test MSE: 0.072179
Test MSE did not improve.. Counter 7/100
Epoch: 193/1000   Training Loss: 0.046225  Test Loss: 0.070422  Test MSE: 0.069915
Test MSE did not improve.. Counter 8/100
Epoch: 194/1000   Training Loss: 0.050188  Test Loss: 0.069241  Test MSE: 0.070541
Test MSE did not improve.. Counter 9/100
Epoch: 195/1000   Training Loss: 0.043428  Test Loss: 0.072937  Test MSE: 0.073708
Test MSE did not improve.. Counter 10/100
Epoch: 196/1000   Training Loss: 0.044911  Test Loss: 0.075344  Test MSE: 0.076875
Test MSE did not improve.. Counter 11/100
Epoch: 197/1000   Training Loss: 0.051405  Test Loss: 0.069459  Test MSE: 0.070781
Test MSE did not improve.. Counter 12/100
Epoch: 198/1000   Training Loss: 0.046533  Test Loss: 0.071905  Test MSE: 0.074666
Test MSE did not improve.. Counter 13/100
Epoch: 199/1000   Training Loss: 0.046978  Test Loss: 0.070973  Test MSE: 0.071158
Test MSE did not improve.. Counter 14/100
Epoch: 200/1000   Training Loss: 0.042946  Test Loss: 0.068158  Test MSE: 0.069161
Test MSE did not improve.. Counter 15/100
Epoch: 201/1000   Training Loss: 0.041065  Test Loss: 0.065673  Test MSE: 0.067117
Test MSE did not improve.. Counter 16/100
Epoch: 202/1000   Training Loss: 0.038949  Test Loss: 0.067537  Test MSE: 0.067671
Test MSE did not improve.. Counter 17/100
Epoch: 203/1000   Training Loss: 0.037737  Test Loss: 0.067345  Test MSE: 0.068609
Test MSE did not improve.. Counter 18/100
Epoch: 204/1000   Training Loss: 0.036047  Test Loss: 0.064348  Test MSE: 0.064989
Test MSE did not improve.. Counter 19/100
Epoch: 205/1000   Training Loss: 0.036522  Test Loss: 0.069461  Test MSE: 0.071216
Test MSE did not improve.. Counter 20/100
Epoch: 206/1000   Training Loss: 0.035128  Test Loss: 0.067916  Test MSE: 0.066934
Test MSE did not improve.. Counter 21/100
Epoch: 207/1000   Training Loss: 0.036361  Test Loss: 0.067042  Test MSE: 0.067227
Test MSE did not improve.. Counter 22/100
Epoch: 208/1000   Training Loss: 0.037261  Test Loss: 0.065314  Test MSE: 0.066768
Test MSE did not improve.. Counter 23/100
Epoch: 209/1000   Training Loss: 0.037898  Test Loss: 0.067708  Test MSE: 0.067806
Test MSE did not improve.. Counter 24/100
Epoch: 210/1000   Training Loss: 0.040215  Test Loss: 0.074460  Test MSE: 0.073840
Test MSE did not improve.. Counter 25/100
Epoch: 211/1000   Training Loss: 0.044708  Test Loss: 0.066234  Test MSE: 0.066518
Test MSE did not improve.. Counter 26/100
Epoch: 212/1000   Training Loss: 0.041372  Test Loss: 0.069167  Test MSE: 0.069505
Test MSE did not improve.. Counter 27/100
Epoch: 213/1000   Training Loss: 0.041673  Test Loss: 0.067441  Test MSE: 0.067227
Test MSE did not improve.. Counter 28/100
Epoch: 214/1000   Training Loss: 0.037938  Test Loss: 0.067446  Test MSE: 0.069187
Test MSE did not improve.. Counter 29/100
Epoch: 215/1000   Training Loss: 0.036495  Test Loss: 0.068878  Test MSE: 0.066917
Test MSE did not improve.. Counter 30/100
Epoch: 216/1000   Training Loss: 0.037169  Test Loss: 0.068006  Test MSE: 0.069180
Test MSE did not improve.. Counter 31/100
Epoch: 217/1000   Training Loss: 0.036807  Test Loss: 0.065129  Test MSE: 0.065520
Test MSE did not improve.. Counter 32/100
Epoch: 218/1000   Training Loss: 0.035407  Test Loss: 0.067743  Test MSE: 0.067947
Test MSE did not improve.. Counter 33/100
Epoch: 219/1000   Training Loss: 0.036234  Test Loss: 0.065578  Test MSE: 0.063840
Test MSE did not improve.. Counter 34/100
Epoch: 220/1000   Training Loss: 0.034067  Test Loss: 0.065258  Test MSE: 0.063137
Test MSE did not improve.. Counter 35/100
Epoch: 221/1000   Training Loss: 0.032755  Test Loss: 0.069772  Test MSE: 0.070530
Test MSE did not improve.. Counter 36/100
Epoch: 222/1000   Training Loss: 0.032283  Test Loss: 0.068577  Test MSE: 0.068217
Test MSE did not improve.. Counter 37/100
Epoch: 223/1000   Training Loss: 0.033513  Test Loss: 0.068337  Test MSE: 0.068646
Test MSE did not improve.. Counter 38/100
Epoch: 224/1000   Training Loss: 0.032885  Test Loss: 0.066420  Test MSE: 0.065631
Test MSE did not improve.. Counter 39/100
Epoch: 225/1000   Training Loss: 0.033661  Test Loss: 0.071315  Test MSE: 0.069990
Test MSE did not improve.. Counter 40/100
Epoch: 226/1000   Training Loss: 0.034630  Test Loss: 0.066933  Test MSE: 0.068203
Test MSE did not improve.. Counter 41/100
Epoch: 227/1000   Training Loss: 0.036099  Test Loss: 0.069167  Test MSE: 0.069214
Test MSE did not improve.. Counter 42/100
Epoch: 228/1000   Training Loss: 0.032526  Test Loss: 0.064298  Test MSE: 0.064930
Test MSE did not improve.. Counter 43/100
Epoch: 229/1000   Training Loss: 0.037181  Test Loss: 0.072077  Test MSE: 0.073186
Test MSE did not improve.. Counter 44/100
Epoch: 230/1000   Training Loss: 0.034467  Test Loss: 0.063575  Test MSE: 0.063862
Test MSE did not improve.. Counter 45/100
Epoch: 231/1000   Training Loss: 0.036062  Test Loss: 0.065239  Test MSE: 0.064098
Test MSE did not improve.. Counter 46/100
Epoch: 232/1000   Training Loss: 0.036788  Test Loss: 0.064558  Test MSE: 0.063935
Test MSE did not improve.. Counter 47/100
Epoch: 233/1000   Training Loss: 0.034669  Test Loss: 0.065448  Test MSE: 0.065380
Test MSE did not improve.. Counter 48/100
Epoch: 234/1000   Training Loss: 0.036728  Test Loss: 0.062108  Test MSE: 0.062506
Test MSE improved from 0.062570 -> 0.062506
Epoch: 235/1000   Training Loss: 0.034659  Test Loss: 0.063558  Test MSE: 0.063562
Test MSE did not improve.. Counter 1/100
Epoch: 236/1000   Training Loss: 0.033797  Test Loss: 0.061934  Test MSE: 0.062204
Test MSE improved from 0.062506 -> 0.062204
Epoch: 237/1000   Training Loss: 0.036525  Test Loss: 0.063744  Test MSE: 0.063858
Test MSE did not improve.. Counter 1/100
Epoch: 238/1000   Training Loss: 0.035462  Test Loss: 0.062651  Test MSE: 0.062314
Test MSE did not improve.. Counter 2/100
Epoch: 239/1000   Training Loss: 0.033260  Test Loss: 0.059388  Test MSE: 0.059754
Test MSE improved from 0.062204 -> 0.059754
Epoch: 240/1000   Training Loss: 0.035431  Test Loss: 0.064118  Test MSE: 0.064715
Test MSE did not improve.. Counter 1/100
Epoch: 241/1000   Training Loss: 0.035550  Test Loss: 0.063096  Test MSE: 0.063192
Test MSE did not improve.. Counter 2/100
Epoch: 242/1000   Training Loss: 0.032152  Test Loss: 0.067109  Test MSE: 0.067935
Test MSE did not improve.. Counter 3/100
Epoch: 243/1000   Training Loss: 0.031764  Test Loss: 0.060732  Test MSE: 0.061551
Test MSE did not improve.. Counter 4/100
Epoch: 244/1000   Training Loss: 0.046512  Test Loss: 0.074008  Test MSE: 0.073969
Test MSE did not improve.. Counter 5/100
Epoch: 245/1000   Training Loss: 0.041967  Test Loss: 0.062585  Test MSE: 0.063745
Test MSE did not improve.. Counter 6/100
Epoch: 246/1000   Training Loss: 0.038974  Test Loss: 0.064468  Test MSE: 0.065304
Test MSE did not improve.. Counter 7/100
Epoch: 247/1000   Training Loss: 0.035948  Test Loss: 0.071878  Test MSE: 0.071826
Test MSE did not improve.. Counter 8/100
Epoch: 248/1000   Training Loss: 0.034881  Test Loss: 0.060288  Test MSE: 0.059773
Test MSE did not improve.. Counter 9/100
Epoch: 249/1000   Training Loss: 0.032488  Test Loss: 0.068571  Test MSE: 0.068487
Test MSE did not improve.. Counter 10/100
Epoch: 250/1000   Training Loss: 0.033854  Test Loss: 0.062334  Test MSE: 0.063508
Test MSE did not improve.. Counter 11/100
Epoch: 251/1000   Training Loss: 0.033771  Test Loss: 0.065771  Test MSE: 0.065436
Test MSE did not improve.. Counter 12/100
Epoch: 252/1000   Training Loss: 0.034734  Test Loss: 0.066422  Test MSE: 0.067466
Test MSE did not improve.. Counter 13/100
Epoch: 253/1000   Training Loss: 0.032532  Test Loss: 0.061177  Test MSE: 0.061561
Test MSE did not improve.. Counter 14/100
Epoch: 254/1000   Training Loss: 0.031193  Test Loss: 0.060241  Test MSE: 0.060538
Test MSE did not improve.. Counter 15/100
Epoch: 255/1000   Training Loss: 0.031099  Test Loss: 0.060077  Test MSE: 0.060802
Test MSE did not improve.. Counter 16/100
Epoch: 256/1000   Training Loss: 0.040627  Test Loss: 0.061274  Test MSE: 0.062945
Test MSE did not improve.. Counter 17/100
Epoch: 257/1000   Training Loss: 0.036397  Test Loss: 0.065405  Test MSE: 0.065707
Test MSE did not improve.. Counter 18/100
Epoch: 258/1000   Training Loss: 0.036392  Test Loss: 0.089268  Test MSE: 0.091658
Test MSE did not improve.. Counter 19/100
Epoch: 259/1000   Training Loss: 0.034679  Test Loss: 0.062766  Test MSE: 0.064214
Test MSE did not improve.. Counter 20/100
Epoch: 260/1000   Training Loss: 0.031037  Test Loss: 0.081662  Test MSE: 0.083059
Test MSE did not improve.. Counter 21/100
Epoch: 261/1000   Training Loss: 0.031259  Test Loss: 0.067160  Test MSE: 0.064074
Test MSE did not improve.. Counter 22/100
Epoch: 262/1000   Training Loss: 0.031123  Test Loss: 0.264954  Test MSE: 0.283768
Test MSE did not improve.. Counter 23/100
Epoch: 263/1000   Training Loss: 0.029930  Test Loss: 0.440965  Test MSE: 0.475567
Test MSE did not improve.. Counter 24/100
Epoch: 264/1000   Training Loss: 0.028383  Test Loss: 0.065399  Test MSE: 0.067192
Test MSE did not improve.. Counter 25/100
Epoch: 265/1000   Training Loss: 0.029431  Test Loss: 0.059227  Test MSE: 0.060968
Test MSE did not improve.. Counter 26/100
Epoch: 266/1000   Training Loss: 0.031163  Test Loss: 1.166083  Test MSE: 1.268464
Test MSE did not improve.. Counter 27/100
Epoch: 267/1000   Training Loss: 0.029984  Test Loss: 0.062639  Test MSE: 0.063334
Test MSE did not improve.. Counter 28/100
Epoch: 268/1000   Training Loss: 0.033021  Test Loss: 0.067961  Test MSE: 0.068623
Test MSE did not improve.. Counter 29/100
Epoch: 269/1000   Training Loss: 0.033193  Test Loss: 0.064448  Test MSE: 0.063782
Test MSE did not improve.. Counter 30/100
Epoch: 270/1000   Training Loss: 0.032369  Test Loss: 0.113084  Test MSE: 0.118292
Test MSE did not improve.. Counter 31/100
Epoch: 271/1000   Training Loss: 0.032231  Test Loss: 0.080772  Test MSE: 0.084299
Test MSE did not improve.. Counter 32/100
Epoch: 272/1000   Training Loss: 0.031532  Test Loss: 0.061014  Test MSE: 0.061355
Test MSE did not improve.. Counter 33/100
Epoch: 273/1000   Training Loss: 0.032611  Test Loss: 0.061515  Test MSE: 0.062097
Test MSE did not improve.. Counter 34/100
Epoch: 274/1000   Training Loss: 0.035970  Test Loss: 0.065843  Test MSE: 0.066905
Test MSE did not improve.. Counter 35/100
Epoch: 275/1000   Training Loss: 0.036532  Test Loss: 0.063841  Test MSE: 0.063482
Test MSE did not improve.. Counter 36/100
Epoch: 276/1000   Training Loss: 0.038809  Test Loss: 0.063170  Test MSE: 0.064503
Test MSE did not improve.. Counter 37/100
Epoch: 277/1000   Training Loss: 0.035253  Test Loss: 0.073624  Test MSE: 0.075855
Test MSE did not improve.. Counter 38/100
Epoch: 278/1000   Training Loss: 0.044783  Test Loss: 0.096258  Test MSE: 0.097896
Test MSE did not improve.. Counter 39/100
Epoch: 279/1000   Training Loss: 0.089913  Test Loss: 0.088703  Test MSE: 0.090603
Test MSE did not improve.. Counter 40/100
Epoch: 280/1000   Training Loss: 0.077468  Test Loss: 0.090613  Test MSE: 0.093506
Test MSE did not improve.. Counter 41/100
Epoch: 281/1000   Training Loss: 0.074390  Test Loss: 0.082303  Test MSE: 0.083694
Test MSE did not improve.. Counter 42/100
Epoch: 282/1000   Training Loss: 0.055264  Test Loss: 0.085445  Test MSE: 0.086870
Test MSE did not improve.. Counter 43/100
Epoch: 283/1000   Training Loss: 0.057705  Test Loss: 0.079537  Test MSE: 0.077886
Test MSE did not improve.. Counter 44/100
Epoch: 284/1000   Training Loss: 0.119608  Test Loss: 0.111281  Test MSE: 0.112481
Test MSE did not improve.. Counter 45/100
Epoch: 285/1000   Training Loss: 0.103654  Test Loss: 0.114663  Test MSE: 0.118066
Test MSE did not improve.. Counter 46/100
Epoch: 286/1000   Training Loss: 0.097519  Test Loss: 0.101014  Test MSE: 0.104020
Test MSE did not improve.. Counter 47/100
Epoch: 287/1000   Training Loss: 0.085138  Test Loss: 0.086771  Test MSE: 0.089640
Test MSE did not improve.. Counter 48/100
Epoch: 288/1000   Training Loss: 0.065965  Test Loss: 0.075508  Test MSE: 0.078015
Test MSE did not improve.. Counter 49/100
Epoch: 289/1000   Training Loss: 0.052520  Test Loss: 0.087950  Test MSE: 0.090572
Test MSE did not improve.. Counter 50/100
Epoch: 290/1000   Training Loss: 0.048808  Test Loss: 0.069825  Test MSE: 0.070450
Test MSE did not improve.. Counter 51/100
Epoch: 291/1000   Training Loss: 0.045168  Test Loss: 0.067537  Test MSE: 0.068232
Test MSE did not improve.. Counter 52/100
Epoch: 292/1000   Training Loss: 0.041298  Test Loss: 0.069185  Test MSE: 0.068386
Test MSE did not improve.. Counter 53/100
Epoch: 293/1000   Training Loss: 0.041361  Test Loss: 0.069364  Test MSE: 0.068892
Test MSE did not improve.. Counter 54/100
Epoch: 294/1000   Training Loss: 0.037490  Test Loss: 0.075836  Test MSE: 0.076359
Test MSE did not improve.. Counter 55/100
Epoch: 295/1000   Training Loss: 0.037237  Test Loss: 0.066850  Test MSE: 0.068622
Test MSE did not improve.. Counter 56/100
Epoch: 296/1000   Training Loss: 0.035768  Test Loss: 0.068479  Test MSE: 0.069630
Test MSE did not improve.. Counter 57/100
Epoch: 297/1000   Training Loss: 0.033905  Test Loss: 0.064444  Test MSE: 0.065034
Test MSE did not improve.. Counter 58/100
Epoch: 298/1000   Training Loss: 0.032226  Test Loss: 0.121698  Test MSE: 0.126615
Test MSE did not improve.. Counter 59/100
Epoch: 299/1000   Training Loss: 0.032523  Test Loss: 0.068046  Test MSE: 0.068270
Test MSE did not improve.. Counter 60/100
Epoch: 300/1000   Training Loss: 0.031476  Test Loss: 0.068723  Test MSE: 0.068569
Test MSE did not improve.. Counter 61/100
Epoch: 301/1000   Training Loss: 0.032437  Test Loss: 0.079057  Test MSE: 0.080143
Test MSE did not improve.. Counter 62/100
Epoch: 302/1000   Training Loss: 0.031204  Test Loss: 0.066671  Test MSE: 0.066196
Test MSE did not improve.. Counter 63/100
Epoch: 303/1000   Training Loss: 0.030079  Test Loss: 0.062871  Test MSE: 0.061787
Test MSE did not improve.. Counter 64/100
Epoch: 304/1000   Training Loss: 0.028758  Test Loss: 0.065110  Test MSE: 0.064040
Test MSE did not improve.. Counter 65/100
Epoch: 305/1000   Training Loss: 0.030890  Test Loss: 0.062392  Test MSE: 0.064223
Test MSE did not improve.. Counter 66/100
Epoch: 306/1000   Training Loss: 0.029423  Test Loss: 0.067096  Test MSE: 0.068531
Test MSE did not improve.. Counter 67/100
Epoch: 307/1000   Training Loss: 0.029635  Test Loss: 0.059865  Test MSE: 0.059492
Test MSE improved from 0.059754 -> 0.059492
Epoch: 308/1000   Training Loss: 0.028054  Test Loss: 0.061381  Test MSE: 0.061806
Test MSE did not improve.. Counter 1/100
Epoch: 309/1000   Training Loss: 0.028431  Test Loss: 0.063670  Test MSE: 0.062613
Test MSE did not improve.. Counter 2/100
Epoch: 310/1000   Training Loss: 0.026488  Test Loss: 0.061390  Test MSE: 0.061312
Test MSE did not improve.. Counter 3/100
Epoch: 311/1000   Training Loss: 0.026489  Test Loss: 0.075017  Test MSE: 0.077026
Test MSE did not improve.. Counter 4/100
Epoch: 312/1000   Training Loss: 0.028922  Test Loss: 0.060527  Test MSE: 0.060310
Test MSE did not improve.. Counter 5/100
Epoch: 313/1000   Training Loss: 0.027155  Test Loss: 0.061294  Test MSE: 0.061657
Test MSE did not improve.. Counter 6/100
Epoch: 314/1000   Training Loss: 0.027435  Test Loss: 0.060230  Test MSE: 0.062062
Test MSE did not improve.. Counter 7/100
Epoch: 315/1000   Training Loss: 0.027554  Test Loss: 0.061269  Test MSE: 0.062416
Test MSE did not improve.. Counter 8/100
Epoch: 316/1000   Training Loss: 0.026618  Test Loss: 0.060829  Test MSE: 0.061558
Test MSE did not improve.. Counter 9/100
Epoch: 317/1000   Training Loss: 0.027080  Test Loss: 0.061340  Test MSE: 0.061528
Test MSE did not improve.. Counter 10/100
Epoch: 318/1000   Training Loss: 0.027955  Test Loss: 0.070361  Test MSE: 0.071655
Test MSE did not improve.. Counter 11/100
Epoch: 319/1000   Training Loss: 0.027877  Test Loss: 0.300051  Test MSE: 0.322289
Test MSE did not improve.. Counter 12/100
Epoch: 320/1000   Training Loss: 0.029037  Test Loss: 0.061216  Test MSE: 0.060014
Test MSE did not improve.. Counter 13/100
Epoch: 321/1000   Training Loss: 0.027010  Test Loss: 0.060389  Test MSE: 0.061459
Test MSE did not improve.. Counter 14/100
Epoch: 322/1000   Training Loss: 0.031378  Test Loss: 0.061017  Test MSE: 0.060918
Test MSE did not improve.. Counter 15/100
Epoch: 323/1000   Training Loss: 0.028583  Test Loss: 0.059683  Test MSE: 0.061068
Test MSE did not improve.. Counter 16/100
Epoch: 324/1000   Training Loss: 0.028918  Test Loss: 0.062182  Test MSE: 0.062645
Test MSE did not improve.. Counter 17/100
Epoch: 325/1000   Training Loss: 0.027861  Test Loss: 0.062562  Test MSE: 0.063136
Test MSE did not improve.. Counter 18/100
Epoch: 326/1000   Training Loss: 0.025179  Test Loss: 0.062706  Test MSE: 0.061515
Test MSE did not improve.. Counter 19/100
Epoch: 327/1000   Training Loss: 0.026613  Test Loss: 0.060154  Test MSE: 0.061681
Test MSE did not improve.. Counter 20/100
Epoch: 328/1000   Training Loss: 0.027256  Test Loss: 0.059489  Test MSE: 0.060453
Test MSE did not improve.. Counter 21/100
Epoch: 329/1000   Training Loss: 0.028304  Test Loss: 0.059061  Test MSE: 0.060366
Test MSE did not improve.. Counter 22/100
Epoch: 330/1000   Training Loss: 0.028154  Test Loss: 0.061451  Test MSE: 0.060488
Test MSE did not improve.. Counter 23/100
Epoch: 331/1000   Training Loss: 0.026551  Test Loss: 0.066144  Test MSE: 0.066667
Test MSE did not improve.. Counter 24/100
Epoch: 332/1000   Training Loss: 0.029073  Test Loss: 0.063139  Test MSE: 0.062533
Test MSE did not improve.. Counter 25/100
Epoch: 333/1000   Training Loss: 0.026803  Test Loss: 0.061217  Test MSE: 0.062028
Test MSE did not improve.. Counter 26/100
Epoch: 334/1000   Training Loss: 0.026984  Test Loss: 0.060740  Test MSE: 0.060159
Test MSE did not improve.. Counter 27/100
Epoch: 335/1000   Training Loss: 0.025059  Test Loss: 0.061073  Test MSE: 0.061402
Test MSE did not improve.. Counter 28/100
Epoch: 336/1000   Training Loss: 0.025723  Test Loss: 0.063700  Test MSE: 0.064197
Test MSE did not improve.. Counter 29/100
Epoch: 337/1000   Training Loss: 0.026747  Test Loss: 0.059922  Test MSE: 0.060332
Test MSE did not improve.. Counter 30/100
Epoch: 338/1000   Training Loss: 0.027007  Test Loss: 0.062024  Test MSE: 0.061704
Test MSE did not improve.. Counter 31/100
Epoch: 339/1000   Training Loss: 0.026423  Test Loss: 0.063513  Test MSE: 0.063259
Test MSE did not improve.. Counter 32/100
Epoch: 340/1000   Training Loss: 0.027441  Test Loss: 0.061096  Test MSE: 0.061216
Test MSE did not improve.. Counter 33/100
Epoch: 341/1000   Training Loss: 0.027595  Test Loss: 0.063535  Test MSE: 0.062821
Test MSE did not improve.. Counter 34/100
Epoch: 342/1000   Training Loss: 0.028341  Test Loss: 0.060924  Test MSE: 0.061462
Test MSE did not improve.. Counter 35/100
Epoch: 343/1000   Training Loss: 0.029705  Test Loss: 0.063023  Test MSE: 0.062715
Test MSE did not improve.. Counter 36/100
Epoch: 344/1000   Training Loss: 0.031556  Test Loss: 0.067174  Test MSE: 0.066865
Test MSE did not improve.. Counter 37/100
Epoch: 345/1000   Training Loss: 0.029698  Test Loss: 0.064713  Test MSE: 0.065130
Test MSE did not improve.. Counter 38/100
Epoch: 346/1000   Training Loss: 0.030048  Test Loss: 0.059797  Test MSE: 0.061134
Test MSE did not improve.. Counter 39/100
Epoch: 347/1000   Training Loss: 0.039699  Test Loss: 0.063315  Test MSE: 0.064763
Test MSE did not improve.. Counter 40/100
Epoch: 348/1000   Training Loss: 0.034066  Test Loss: 0.063800  Test MSE: 0.064695
Test MSE did not improve.. Counter 41/100
Epoch: 349/1000   Training Loss: 0.032934  Test Loss: 0.064938  Test MSE: 0.066831
Test MSE did not improve.. Counter 42/100
Epoch: 350/1000   Training Loss: 0.037147  Test Loss: 0.065472  Test MSE: 0.065357
Test MSE did not improve.. Counter 43/100
Epoch: 351/1000   Training Loss: 0.037362  Test Loss: 0.069059  Test MSE: 0.070717
Test MSE did not improve.. Counter 44/100
Epoch: 352/1000   Training Loss: 0.033186  Test Loss: 0.063134  Test MSE: 0.063250
Test MSE did not improve.. Counter 45/100
Epoch: 353/1000   Training Loss: 0.030787  Test Loss: 0.061287  Test MSE: 0.062339
Test MSE did not improve.. Counter 46/100
Epoch: 354/1000   Training Loss: 0.030089  Test Loss: 0.067856  Test MSE: 0.068587
Test MSE did not improve.. Counter 47/100
Epoch: 355/1000   Training Loss: 0.030984  Test Loss: 0.064853  Test MSE: 0.066626
Test MSE did not improve.. Counter 48/100
Epoch: 356/1000   Training Loss: 0.029832  Test Loss: 0.062537  Test MSE: 0.064462
Test MSE did not improve.. Counter 49/100
Epoch: 357/1000   Training Loss: 0.028098  Test Loss: 0.062677  Test MSE: 0.062681
Test MSE did not improve.. Counter 50/100
Epoch: 358/1000   Training Loss: 0.028337  Test Loss: 0.059330  Test MSE: 0.060339
Test MSE did not improve.. Counter 51/100
Epoch: 359/1000   Training Loss: 0.025645  Test Loss: 0.060461  Test MSE: 0.061527
Test MSE did not improve.. Counter 52/100
Epoch: 360/1000   Training Loss: 0.026662  Test Loss: 0.059284  Test MSE: 0.060308
Test MSE did not improve.. Counter 53/100
Epoch: 361/1000   Training Loss: 0.026147  Test Loss: 0.062202  Test MSE: 0.063566
Test MSE did not improve.. Counter 54/100
Epoch: 362/1000   Training Loss: 0.025155  Test Loss: 0.085886  Test MSE: 0.088552
Test MSE did not improve.. Counter 55/100
Epoch: 363/1000   Training Loss: 0.024207  Test Loss: 0.124637  Test MSE: 0.132460
Test MSE did not improve.. Counter 56/100
Epoch: 364/1000   Training Loss: 0.024656  Test Loss: 0.062529  Test MSE: 0.064292
Test MSE did not improve.. Counter 57/100
Epoch: 365/1000   Training Loss: 0.024163  Test Loss: 0.059350  Test MSE: 0.060288
Test MSE did not improve.. Counter 58/100
Epoch: 366/1000   Training Loss: 0.022984  Test Loss: 0.252971  Test MSE: 0.271370
Test MSE did not improve.. Counter 59/100
Epoch: 367/1000   Training Loss: 0.025447  Test Loss: 0.065325  Test MSE: 0.066980
Test MSE did not improve.. Counter 60/100
Epoch: 368/1000   Training Loss: 0.038929  Test Loss: 0.064821  Test MSE: 0.065617
Test MSE did not improve.. Counter 61/100
Epoch: 369/1000   Training Loss: 0.035212  Test Loss: 0.058380  Test MSE: 0.060121
Test MSE did not improve.. Counter 62/100
Epoch: 370/1000   Training Loss: 0.035043  Test Loss: 0.067998  Test MSE: 0.069735
Test MSE did not improve.. Counter 63/100
Epoch: 371/1000   Training Loss: 0.036414  Test Loss: 0.063151  Test MSE: 0.064184
Test MSE did not improve.. Counter 64/100
Epoch: 372/1000   Training Loss: 0.041590  Test Loss: 0.082842  Test MSE: 0.080772
Test MSE did not improve.. Counter 65/100
Epoch: 373/1000   Training Loss: 0.041359  Test Loss: 0.060204  Test MSE: 0.061135
Test MSE did not improve.. Counter 66/100
Epoch: 374/1000   Training Loss: 0.034914  Test Loss: 0.066646  Test MSE: 0.068760
Test MSE did not improve.. Counter 67/100
Epoch: 375/1000   Training Loss: 0.033466  Test Loss: 0.065842  Test MSE: 0.066101
Test MSE did not improve.. Counter 68/100
Epoch: 376/1000   Training Loss: 0.029156  Test Loss: 0.061978  Test MSE: 0.063116
Test MSE did not improve.. Counter 69/100
Epoch: 377/1000   Training Loss: 0.027197  Test Loss: 0.078322  Test MSE: 0.081422
Test MSE did not improve.. Counter 70/100
Epoch: 378/1000   Training Loss: 0.025164  Test Loss: 0.064049  Test MSE: 0.065944
Test MSE did not improve.. Counter 71/100
Epoch: 379/1000   Training Loss: 0.025293  Test Loss: 0.063421  Test MSE: 0.064307
Test MSE did not improve.. Counter 72/100
Epoch: 380/1000   Training Loss: 0.024728  Test Loss: 0.061520  Test MSE: 0.062216
Test MSE did not improve.. Counter 73/100
Epoch: 381/1000   Training Loss: 0.023633  Test Loss: 0.075130  Test MSE: 0.076478
Test MSE did not improve.. Counter 74/100
Epoch: 382/1000   Training Loss: 0.025235  Test Loss: 0.062437  Test MSE: 0.063952
Test MSE did not improve.. Counter 75/100
Epoch: 383/1000   Training Loss: 0.023466  Test Loss: 0.069410  Test MSE: 0.071818
Test MSE did not improve.. Counter 76/100
Epoch: 384/1000   Training Loss: 0.025061  Test Loss: 0.061666  Test MSE: 0.063743
Test MSE did not improve.. Counter 77/100
Epoch: 385/1000   Training Loss: 0.024703  Test Loss: 0.109671  Test MSE: 0.114541
Test MSE did not improve.. Counter 78/100
Epoch: 386/1000   Training Loss: 0.025198  Test Loss: 0.062407  Test MSE: 0.062608
Test MSE did not improve.. Counter 79/100
Epoch: 387/1000   Training Loss: 0.025416  Test Loss: 0.063594  Test MSE: 0.064677
Test MSE did not improve.. Counter 80/100
Epoch: 388/1000   Training Loss: 0.023284  Test Loss: 0.061118  Test MSE: 0.063074
Test MSE did not improve.. Counter 81/100
Epoch: 389/1000   Training Loss: 0.024633  Test Loss: 0.055868  Test MSE: 0.057212
Test MSE improved from 0.059492 -> 0.057212
Epoch: 390/1000   Training Loss: 0.025322  Test Loss: 0.057705  Test MSE: 0.058917
Test MSE did not improve.. Counter 1/100
Epoch: 391/1000   Training Loss: 0.024610  Test Loss: 0.061502  Test MSE: 0.061772
Test MSE did not improve.. Counter 2/100
Epoch: 392/1000   Training Loss: 0.026612  Test Loss: 0.058614  Test MSE: 0.059987
Test MSE did not improve.. Counter 3/100
Epoch: 393/1000   Training Loss: 0.026362  Test Loss: 0.060855  Test MSE: 0.061928
Test MSE did not improve.. Counter 4/100
Epoch: 394/1000   Training Loss: 0.024321  Test Loss: 0.062191  Test MSE: 0.061973
Test MSE did not improve.. Counter 5/100
Epoch: 395/1000   Training Loss: 0.023991  Test Loss: 0.055129  Test MSE: 0.058564
Test MSE did not improve.. Counter 6/100
Epoch: 396/1000   Training Loss: 0.022890  Test Loss: 0.062495  Test MSE: 0.063658
Test MSE did not improve.. Counter 7/100
Epoch: 397/1000   Training Loss: 0.025330  Test Loss: 0.057495  Test MSE: 0.059146
Test MSE did not improve.. Counter 8/100
Epoch: 398/1000   Training Loss: 0.026835  Test Loss: 0.062606  Test MSE: 0.064180
Test MSE did not improve.. Counter 9/100
Epoch: 399/1000   Training Loss: 0.027887  Test Loss: 0.058093  Test MSE: 0.059485
Test MSE did not improve.. Counter 10/100
Epoch: 400/1000   Training Loss: 0.027696  Test Loss: 0.061495  Test MSE: 0.062187
Test MSE did not improve.. Counter 11/100
Epoch: 401/1000   Training Loss: 0.027770  Test Loss: 0.063492  Test MSE: 0.063664
Test MSE did not improve.. Counter 12/100
Epoch: 402/1000   Training Loss: 0.027518  Test Loss: 0.061427  Test MSE: 0.061882
Test MSE did not improve.. Counter 13/100
Epoch: 403/1000   Training Loss: 0.025383  Test Loss: 0.063913  Test MSE: 0.064450
Test MSE did not improve.. Counter 14/100
Epoch: 404/1000   Training Loss: 0.025816  Test Loss: 0.063596  Test MSE: 0.062444
Test MSE did not improve.. Counter 15/100
Epoch: 405/1000   Training Loss: 0.028624  Test Loss: 0.061771  Test MSE: 0.062016
Test MSE did not improve.. Counter 16/100
Epoch: 406/1000   Training Loss: 0.027085  Test Loss: 0.065698  Test MSE: 0.066723
Test MSE did not improve.. Counter 17/100
Epoch: 407/1000   Training Loss: 0.026958  Test Loss: 0.067471  Test MSE: 0.067730
Test MSE did not improve.. Counter 18/100
Epoch: 408/1000   Training Loss: 0.026345  Test Loss: 0.060864  Test MSE: 0.061758
Test MSE did not improve.. Counter 19/100
Epoch: 409/1000   Training Loss: 0.024177  Test Loss: 0.059635  Test MSE: 0.060249
Test MSE did not improve.. Counter 20/100
Epoch: 410/1000   Training Loss: 0.025073  Test Loss: 0.055865  Test MSE: 0.056756
Test MSE improved from 0.057212 -> 0.056756
Epoch: 411/1000   Training Loss: 0.024147  Test Loss: 0.060521  Test MSE: 0.060937
Test MSE did not improve.. Counter 1/100
Epoch: 412/1000   Training Loss: 0.023425  Test Loss: 0.059187  Test MSE: 0.059730
Test MSE did not improve.. Counter 2/100
Epoch: 413/1000   Training Loss: 0.025318  Test Loss: 0.063201  Test MSE: 0.063958
Test MSE did not improve.. Counter 3/100
Epoch: 414/1000   Training Loss: 0.025028  Test Loss: 0.061572  Test MSE: 0.063059
Test MSE did not improve.. Counter 4/100
Epoch: 415/1000   Training Loss: 0.029381  Test Loss: 0.063003  Test MSE: 0.063973
Test MSE did not improve.. Counter 5/100
Epoch: 416/1000   Training Loss: 0.028864  Test Loss: 0.061076  Test MSE: 0.062182
Test MSE did not improve.. Counter 6/100
Epoch: 417/1000   Training Loss: 0.031049  Test Loss: 0.061578  Test MSE: 0.063140
Test MSE did not improve.. Counter 7/100
Epoch: 418/1000   Training Loss: 0.028508  Test Loss: 0.064585  Test MSE: 0.065928
Test MSE did not improve.. Counter 8/100
Epoch: 419/1000   Training Loss: 0.028411  Test Loss: 0.064610  Test MSE: 0.067932
Test MSE did not improve.. Counter 9/100
Epoch: 420/1000   Training Loss: 0.028291  Test Loss: 0.061083  Test MSE: 0.063334
Test MSE did not improve.. Counter 10/100
Epoch: 421/1000   Training Loss: 0.028038  Test Loss: 0.059840  Test MSE: 0.061866
Test MSE did not improve.. Counter 11/100
Epoch: 422/1000   Training Loss: 0.026181  Test Loss: 0.061498  Test MSE: 0.061168
Test MSE did not improve.. Counter 12/100
Epoch: 423/1000   Training Loss: 0.026776  Test Loss: 0.062254  Test MSE: 0.064505
Test MSE did not improve.. Counter 13/100
Epoch: 424/1000   Training Loss: 0.026741  Test Loss: 0.058582  Test MSE: 0.059054
Test MSE did not improve.. Counter 14/100
Epoch: 425/1000   Training Loss: 0.023764  Test Loss: 0.062908  Test MSE: 0.063841
Test MSE did not improve.. Counter 15/100
Epoch: 426/1000   Training Loss: 0.022517  Test Loss: 0.058153  Test MSE: 0.059391
Test MSE did not improve.. Counter 16/100
Epoch: 427/1000   Training Loss: 0.022799  Test Loss: 0.061003  Test MSE: 0.062920
Test MSE did not improve.. Counter 17/100
Epoch: 428/1000   Training Loss: 0.023358  Test Loss: 0.062710  Test MSE: 0.064498
Test MSE did not improve.. Counter 18/100
Epoch: 429/1000   Training Loss: 0.022593  Test Loss: 0.060277  Test MSE: 0.062449
Test MSE did not improve.. Counter 19/100
Epoch: 430/1000   Training Loss: 0.023862  Test Loss: 0.057575  Test MSE: 0.058578
Test MSE did not improve.. Counter 20/100
Epoch: 431/1000   Training Loss: 0.023731  Test Loss: 0.059512  Test MSE: 0.060654
Test MSE did not improve.. Counter 21/100
Epoch: 432/1000   Training Loss: 0.024362  Test Loss: 0.057138  Test MSE: 0.059249
Test MSE did not improve.. Counter 22/100
Epoch: 433/1000   Training Loss: 0.023573  Test Loss: 0.060563  Test MSE: 0.061237
Test MSE did not improve.. Counter 23/100
Epoch: 434/1000   Training Loss: 0.022522  Test Loss: 0.055407  Test MSE: 0.057103
Test MSE did not improve.. Counter 24/100
Epoch: 435/1000   Training Loss: 0.022848  Test Loss: 0.060992  Test MSE: 0.062123
Test MSE did not improve.. Counter 25/100
Epoch: 436/1000   Training Loss: 0.023715  Test Loss: 0.057983  Test MSE: 0.059058
Test MSE did not improve.. Counter 26/100
Epoch: 437/1000   Training Loss: 0.023864  Test Loss: 0.057066  Test MSE: 0.057181
Test MSE did not improve.. Counter 27/100
Epoch: 438/1000   Training Loss: 0.025100  Test Loss: 0.060665  Test MSE: 0.062837
Test MSE did not improve.. Counter 28/100
Epoch: 439/1000   Training Loss: 0.026729  Test Loss: 0.063144  Test MSE: 0.064445
Test MSE did not improve.. Counter 29/100
Epoch: 440/1000   Training Loss: 0.027331  Test Loss: 0.059542  Test MSE: 0.061379
Test MSE did not improve.. Counter 30/100
Epoch: 441/1000   Training Loss: 0.026346  Test Loss: 0.066143  Test MSE: 0.067655
Test MSE did not improve.. Counter 31/100
Epoch: 442/1000   Training Loss: 0.026225  Test Loss: 0.061023  Test MSE: 0.061944
Test MSE did not improve.. Counter 32/100
Epoch: 443/1000   Training Loss: 0.027144  Test Loss: 0.060674  Test MSE: 0.061705
Test MSE did not improve.. Counter 33/100
Epoch: 444/1000   Training Loss: 0.027579  Test Loss: 0.056770  Test MSE: 0.056594
Test MSE improved from 0.056756 -> 0.056594
Epoch: 445/1000   Training Loss: 0.026281  Test Loss: 0.061556  Test MSE: 0.061578
Test MSE did not improve.. Counter 1/100
Epoch: 446/1000   Training Loss: 0.027838  Test Loss: 0.063576  Test MSE: 0.065461
Test MSE did not improve.. Counter 2/100
Epoch: 447/1000   Training Loss: 0.027263  Test Loss: 0.062942  Test MSE: 0.063084
Test MSE did not improve.. Counter 3/100
Epoch: 448/1000   Training Loss: 0.032958  Test Loss: 0.065175  Test MSE: 0.064945
Test MSE did not improve.. Counter 4/100
Epoch: 449/1000   Training Loss: 0.033637  Test Loss: 0.059180  Test MSE: 0.061070
Test MSE did not improve.. Counter 5/100
Epoch: 450/1000   Training Loss: 0.030575  Test Loss: 0.066940  Test MSE: 0.070377
Test MSE did not improve.. Counter 6/100
Epoch: 451/1000   Training Loss: 0.031628  Test Loss: 0.065536  Test MSE: 0.067323
Test MSE did not improve.. Counter 7/100
Epoch: 452/1000   Training Loss: 0.035213  Test Loss: 0.066913  Test MSE: 0.068199
Test MSE did not improve.. Counter 8/100
Epoch: 453/1000   Training Loss: 0.031396  Test Loss: 0.060426  Test MSE: 0.061019
Test MSE did not improve.. Counter 9/100
Epoch: 454/1000   Training Loss: 0.027255  Test Loss: 0.058350  Test MSE: 0.059950
Test MSE did not improve.. Counter 10/100
Epoch: 455/1000   Training Loss: 0.027040  Test Loss: 0.059564  Test MSE: 0.061200
Test MSE did not improve.. Counter 11/100
Epoch: 456/1000   Training Loss: 0.025174  Test Loss: 0.059261  Test MSE: 0.060069
Test MSE did not improve.. Counter 12/100
Epoch: 457/1000   Training Loss: 0.028208  Test Loss: 0.061596  Test MSE: 0.063817
Test MSE did not improve.. Counter 13/100
Epoch: 458/1000   Training Loss: 0.029389  Test Loss: 0.061453  Test MSE: 0.061826
Test MSE did not improve.. Counter 14/100
Epoch: 459/1000   Training Loss: 0.027243  Test Loss: 0.058303  Test MSE: 0.058732
Test MSE did not improve.. Counter 15/100
Epoch: 460/1000   Training Loss: 0.026839  Test Loss: 0.059506  Test MSE: 0.060394
Test MSE did not improve.. Counter 16/100
Epoch: 461/1000   Training Loss: 0.024744  Test Loss: 0.059096  Test MSE: 0.059315
Test MSE did not improve.. Counter 17/100
Epoch: 462/1000   Training Loss: 0.026467  Test Loss: 0.057755  Test MSE: 0.058933
Test MSE did not improve.. Counter 18/100
Epoch: 463/1000   Training Loss: 0.025644  Test Loss: 0.059052  Test MSE: 0.061003
Test MSE did not improve.. Counter 19/100
Epoch: 464/1000   Training Loss: 0.022448  Test Loss: 0.056328  Test MSE: 0.057926
Test MSE did not improve.. Counter 20/100
Epoch: 465/1000   Training Loss: 0.020250  Test Loss: 0.053003  Test MSE: 0.055752
Test MSE improved from 0.056594 -> 0.055752
Epoch: 466/1000   Training Loss: 0.022440  Test Loss: 0.059482  Test MSE: 0.061278
Test MSE did not improve.. Counter 1/100
Epoch: 467/1000   Training Loss: 0.024132  Test Loss: 0.057685  Test MSE: 0.059294
Test MSE did not improve.. Counter 2/100
Epoch: 468/1000   Training Loss: 0.022283  Test Loss: 0.057117  Test MSE: 0.059871
Test MSE did not improve.. Counter 3/100
Epoch: 469/1000   Training Loss: 0.023174  Test Loss: 0.058040  Test MSE: 0.059804
Test MSE did not improve.. Counter 4/100
Epoch: 470/1000   Training Loss: 0.022423  Test Loss: 0.062587  Test MSE: 0.062431
Test MSE did not improve.. Counter 5/100
Epoch: 471/1000   Training Loss: 0.023922  Test Loss: 0.064873  Test MSE: 0.066591
Test MSE did not improve.. Counter 6/100
Epoch: 472/1000   Training Loss: 0.024901  Test Loss: 0.057993  Test MSE: 0.058998
Test MSE did not improve.. Counter 7/100
Epoch: 473/1000   Training Loss: 0.022773  Test Loss: 0.053785  Test MSE: 0.056246
Test MSE did not improve.. Counter 8/100
Epoch: 474/1000   Training Loss: 0.023036  Test Loss: 0.060570  Test MSE: 0.062589
Test MSE did not improve.. Counter 9/100
Epoch: 475/1000   Training Loss: 0.024715  Test Loss: 0.059165  Test MSE: 0.059530
Test MSE did not improve.. Counter 10/100
Epoch: 476/1000   Training Loss: 0.024022  Test Loss: 0.058759  Test MSE: 0.060201
Test MSE did not improve.. Counter 11/100
Epoch: 477/1000   Training Loss: 0.026223  Test Loss: 0.057417  Test MSE: 0.060186
Test MSE did not improve.. Counter 12/100
Epoch: 478/1000   Training Loss: 0.023729  Test Loss: 0.058431  Test MSE: 0.059669
Test MSE did not improve.. Counter 13/100
Epoch: 479/1000   Training Loss: 0.023754  Test Loss: 0.059979  Test MSE: 0.062137
Test MSE did not improve.. Counter 14/100
Epoch: 480/1000   Training Loss: 0.023781  Test Loss: 0.059647  Test MSE: 0.061114
Test MSE did not improve.. Counter 15/100
Epoch: 481/1000   Training Loss: 0.022524  Test Loss: 0.057334  Test MSE: 0.060001
Test MSE did not improve.. Counter 16/100
Epoch: 482/1000   Training Loss: 0.023825  Test Loss: 0.060242  Test MSE: 0.061170
Test MSE did not improve.. Counter 17/100
Epoch: 483/1000   Training Loss: 0.025198  Test Loss: 0.062537  Test MSE: 0.064198
Test MSE did not improve.. Counter 18/100
Epoch: 484/1000   Training Loss: 0.025901  Test Loss: 0.060215  Test MSE: 0.060792
Test MSE did not improve.. Counter 19/100
Epoch: 485/1000   Training Loss: 0.024053  Test Loss: 0.055574  Test MSE: 0.056957
Test MSE did not improve.. Counter 20/100
Epoch: 486/1000   Training Loss: 0.022745  Test Loss: 0.057004  Test MSE: 0.057517
Test MSE did not improve.. Counter 21/100
Epoch: 487/1000   Training Loss: 0.023003  Test Loss: 0.059080  Test MSE: 0.060043
Test MSE did not improve.. Counter 22/100
Epoch: 488/1000   Training Loss: 0.022891  Test Loss: 0.059632  Test MSE: 0.060484
Test MSE did not improve.. Counter 23/100
Epoch: 489/1000   Training Loss: 0.023070  Test Loss: 0.058052  Test MSE: 0.059036
Test MSE did not improve.. Counter 24/100
Epoch: 490/1000   Training Loss: 0.023987  Test Loss: 0.055697  Test MSE: 0.056964
Test MSE did not improve.. Counter 25/100
Epoch: 491/1000   Training Loss: 0.023343  Test Loss: 0.059428  Test MSE: 0.060173
Test MSE did not improve.. Counter 26/100
Epoch: 492/1000   Training Loss: 0.022484  Test Loss: 0.058876  Test MSE: 0.059517
Test MSE did not improve.. Counter 27/100
Epoch: 493/1000   Training Loss: 0.021913  Test Loss: 0.054981  Test MSE: 0.056141
Test MSE did not improve.. Counter 28/100
Epoch: 494/1000   Training Loss: 0.023359  Test Loss: 0.058530  Test MSE: 0.060129
Test MSE did not improve.. Counter 29/100
Epoch: 495/1000   Training Loss: 0.024922  Test Loss: 0.057272  Test MSE: 0.059131
Test MSE did not improve.. Counter 30/100
Epoch: 496/1000   Training Loss: 0.025621  Test Loss: 0.059227  Test MSE: 0.059720
Test MSE did not improve.. Counter 31/100
Epoch: 497/1000   Training Loss: 0.024308  Test Loss: 0.056333  Test MSE: 0.058028
Test MSE did not improve.. Counter 32/100
Epoch: 498/1000   Training Loss: 0.022580  Test Loss: 0.057974  Test MSE: 0.060242
Test MSE did not improve.. Counter 33/100
Epoch: 499/1000   Training Loss: 0.024922  Test Loss: 0.059280  Test MSE: 0.060539
Test MSE did not improve.. Counter 34/100
Epoch: 500/1000   Training Loss: 0.025238  Test Loss: 0.059879  Test MSE: 0.060991
Test MSE did not improve.. Counter 35/100
Epoch: 501/1000   Training Loss: 0.024241  Test Loss: 0.057661  Test MSE: 0.059095
Test MSE did not improve.. Counter 36/100
Epoch: 502/1000   Training Loss: 0.026875  Test Loss: 0.064723  Test MSE: 0.067065
Test MSE did not improve.. Counter 37/100
Epoch: 503/1000   Training Loss: 0.031889  Test Loss: 0.062664  Test MSE: 0.063257
Test MSE did not improve.. Counter 38/100
Epoch: 504/1000   Training Loss: 0.030068  Test Loss: 0.063009  Test MSE: 0.065538
Test MSE did not improve.. Counter 39/100
Epoch: 505/1000   Training Loss: 0.028282  Test Loss: 0.060693  Test MSE: 0.062442
Test MSE did not improve.. Counter 40/100
Epoch: 506/1000   Training Loss: 0.027259  Test Loss: 0.061783  Test MSE: 0.064213
Test MSE did not improve.. Counter 41/100
Epoch: 507/1000   Training Loss: 0.024145  Test Loss: 0.056771  Test MSE: 0.060020
Test MSE did not improve.. Counter 42/100
Epoch: 508/1000   Training Loss: 0.022070  Test Loss: 0.056890  Test MSE: 0.058294
Test MSE did not improve.. Counter 43/100
Epoch: 509/1000   Training Loss: 0.024270  Test Loss: 0.055222  Test MSE: 0.057635
Test MSE did not improve.. Counter 44/100
Epoch: 510/1000   Training Loss: 0.022445  Test Loss: 0.056167  Test MSE: 0.057788
Test MSE did not improve.. Counter 45/100
Epoch: 511/1000   Training Loss: 0.021960  Test Loss: 0.055344  Test MSE: 0.056201
Test MSE did not improve.. Counter 46/100
Epoch: 512/1000   Training Loss: 0.021506  Test Loss: 0.055961  Test MSE: 0.057111
Test MSE did not improve.. Counter 47/100
Epoch: 513/1000   Training Loss: 0.021632  Test Loss: 0.056336  Test MSE: 0.057648
Test MSE did not improve.. Counter 48/100
Epoch: 514/1000   Training Loss: 0.021181  Test Loss: 0.053030  Test MSE: 0.055294
Test MSE improved from 0.055752 -> 0.055294
Epoch: 515/1000   Training Loss: 0.022629  Test Loss: 0.057269  Test MSE: 0.058912
Test MSE did not improve.. Counter 1/100
Epoch: 516/1000   Training Loss: 0.023046  Test Loss: 0.055635  Test MSE: 0.057931
Test MSE did not improve.. Counter 2/100
Epoch: 517/1000   Training Loss: 0.021364  Test Loss: 0.057514  Test MSE: 0.059739
Test MSE did not improve.. Counter 3/100
Epoch: 518/1000   Training Loss: 0.022631  Test Loss: 0.059646  Test MSE: 0.061930
Test MSE did not improve.. Counter 4/100
Epoch: 519/1000   Training Loss: 0.023156  Test Loss: 0.055165  Test MSE: 0.056808
Test MSE did not improve.. Counter 5/100
Epoch: 520/1000   Training Loss: 0.022728  Test Loss: 0.055804  Test MSE: 0.058260
Test MSE did not improve.. Counter 6/100
Epoch: 521/1000   Training Loss: 0.022233  Test Loss: 0.054709  Test MSE: 0.056414
Test MSE did not improve.. Counter 7/100
Epoch: 522/1000   Training Loss: 0.022310  Test Loss: 0.058880  Test MSE: 0.059920
Test MSE did not improve.. Counter 8/100
Epoch: 523/1000   Training Loss: 0.021582  Test Loss: 0.058793  Test MSE: 0.060209
Test MSE did not improve.. Counter 9/100
Epoch: 524/1000   Training Loss: 0.023391  Test Loss: 0.058957  Test MSE: 0.060693
Test MSE did not improve.. Counter 10/100
Epoch: 525/1000   Training Loss: 0.024419  Test Loss: 0.056250  Test MSE: 0.058070
Using backend: pytorch
Test MSE did not improve.. Counter 11/100
Epoch: 526/1000   Training Loss: 0.024523  Test Loss: 0.060019  Test MSE: 0.059055
Test MSE did not improve.. Counter 12/100
Epoch: 527/1000   Training Loss: 0.024434  Test Loss: 0.061358  Test MSE: 0.063496
Test MSE did not improve.. Counter 13/100
Epoch: 528/1000   Training Loss: 0.025399  Test Loss: 0.060345  Test MSE: 0.061375
Test MSE did not improve.. Counter 14/100
Epoch: 529/1000   Training Loss: 0.027283  Test Loss: 0.058293  Test MSE: 0.059712
Test MSE did not improve.. Counter 15/100
Epoch: 530/1000   Training Loss: 0.022519  Test Loss: 0.057022  Test MSE: 0.058564
Test MSE did not improve.. Counter 16/100
Epoch: 531/1000   Training Loss: 0.021274  Test Loss: 0.058958  Test MSE: 0.058843
Test MSE did not improve.. Counter 17/100
Epoch: 532/1000   Training Loss: 0.021556  Test Loss: 0.056511  Test MSE: 0.056994
Test MSE did not improve.. Counter 18/100
Epoch: 533/1000   Training Loss: 0.021658  Test Loss: 0.059001  Test MSE: 0.060394
Test MSE did not improve.. Counter 19/100
Epoch: 534/1000   Training Loss: 0.025096  Test Loss: 0.059236  Test MSE: 0.060578
Test MSE did not improve.. Counter 20/100
Epoch: 535/1000   Training Loss: 0.025517  Test Loss: 0.063280  Test MSE: 0.064792
Test MSE did not improve.. Counter 21/100
Epoch: 536/1000   Training Loss: 0.025549  Test Loss: 0.060140  Test MSE: 0.061471
Test MSE did not improve.. Counter 22/100
Epoch: 537/1000   Training Loss: 0.025486  Test Loss: 0.061875  Test MSE: 0.063113
Test MSE did not improve.. Counter 23/100
Epoch: 538/1000   Training Loss: 0.023669  Test Loss: 0.063856  Test MSE: 0.065878
Test MSE did not improve.. Counter 24/100
Epoch: 539/1000   Training Loss: 0.026473  Test Loss: 0.060443  Test MSE: 0.061509
Test MSE did not improve.. Counter 25/100
Epoch: 540/1000   Training Loss: 0.028170  Test Loss: 0.060760  Test MSE: 0.062341
Test MSE did not improve.. Counter 26/100
Epoch: 541/1000   Training Loss: 0.024704  Test Loss: 0.058859  Test MSE: 0.061156
Test MSE did not improve.. Counter 27/100
Epoch: 542/1000   Training Loss: 0.024002  Test Loss: 0.059376  Test MSE: 0.061231
Test MSE did not improve.. Counter 28/100
Epoch: 543/1000   Training Loss: 0.022968  Test Loss: 0.060442  Test MSE: 0.061008
Test MSE did not improve.. Counter 29/100
Epoch: 544/1000   Training Loss: 0.022808  Test Loss: 0.058081  Test MSE: 0.058909
Test MSE did not improve.. Counter 30/100
Epoch: 545/1000   Training Loss: 0.021892  Test Loss: 0.059730  Test MSE: 0.061585
Test MSE did not improve.. Counter 31/100
Epoch: 546/1000   Training Loss: 0.023328  Test Loss: 0.055141  Test MSE: 0.057211
Test MSE did not improve.. Counter 32/100
Epoch: 547/1000   Training Loss: 0.022173  Test Loss: 0.058608  Test MSE: 0.059660
Test MSE did not improve.. Counter 33/100
Epoch: 548/1000   Training Loss: 0.021261  Test Loss: 0.058977  Test MSE: 0.060420
Test MSE did not improve.. Counter 34/100
Epoch: 549/1000   Training Loss: 0.023354  Test Loss: 0.060908  Test MSE: 0.062598
Test MSE did not improve.. Counter 35/100
Epoch: 550/1000   Training Loss: 0.022614  Test Loss: 0.057493  Test MSE: 0.059626
Test MSE did not improve.. Counter 36/100
Epoch: 551/1000   Training Loss: 0.021097  Test Loss: 0.055680  Test MSE: 0.057089
Test MSE did not improve.. Counter 37/100
Epoch: 552/1000   Training Loss: 0.021301  Test Loss: 0.053492  Test MSE: 0.056578
Test MSE did not improve.. Counter 38/100
Epoch: 553/1000   Training Loss: 0.022112  Test Loss: 0.060349  Test MSE: 0.061669
Test MSE did not improve.. Counter 39/100
Epoch: 554/1000   Training Loss: 0.022219  Test Loss: 0.059823  Test MSE: 0.060765
Test MSE did not improve.. Counter 40/100
Epoch: 555/1000   Training Loss: 0.022412  Test Loss: 0.059722  Test MSE: 0.061659
Test MSE did not improve.. Counter 41/100
Epoch: 556/1000   Training Loss: 0.021825  Test Loss: 0.059799  Test MSE: 0.061769
Test MSE did not improve.. Counter 42/100
Epoch: 557/1000   Training Loss: 0.023751  Test Loss: 0.055216  Test MSE: 0.056160
Test MSE did not improve.. Counter 43/100
Epoch: 558/1000   Training Loss: 0.022605  Test Loss: 0.056610  Test MSE: 0.057808
Test MSE did not improve.. Counter 44/100
Epoch: 559/1000   Training Loss: 0.022927  Test Loss: 0.057949  Test MSE: 0.059835
Test MSE did not improve.. Counter 45/100
Epoch: 560/1000   Training Loss: 0.021466  Test Loss: 0.061899  Test MSE: 0.063502
Test MSE did not improve.. Counter 46/100
Epoch: 561/1000   Training Loss: 0.024521  Test Loss: 0.055765  Test MSE: 0.057857
Test MSE did not improve.. Counter 47/100
Epoch: 562/1000   Training Loss: 0.024285  Test Loss: 0.057871  Test MSE: 0.059979
Test MSE did not improve.. Counter 48/100
Epoch: 563/1000   Training Loss: 0.023342  Test Loss: 0.062833  Test MSE: 0.065380
Test MSE did not improve.. Counter 49/100
Epoch: 564/1000   Training Loss: 0.024553  Test Loss: 0.062816  Test MSE: 0.064027
Test MSE did not improve.. Counter 50/100
Epoch: 565/1000   Training Loss: 0.023468  Test Loss: 0.057177  Test MSE: 0.060237
Test MSE did not improve.. Counter 51/100
Epoch: 566/1000   Training Loss: 0.022867  Test Loss: 0.054726  Test MSE: 0.056718
Test MSE did not improve.. Counter 52/100
Epoch: 567/1000   Training Loss: 0.025946  Test Loss: 0.058688  Test MSE: 0.059808
Test MSE did not improve.. Counter 53/100
Epoch: 568/1000   Training Loss: 0.025817  Test Loss: 0.059906  Test MSE: 0.062055
Test MSE did not improve.. Counter 54/100
Epoch: 569/1000   Training Loss: 0.024368  Test Loss: 0.059160  Test MSE: 0.060466
Test MSE did not improve.. Counter 55/100
Epoch: 570/1000   Training Loss: 0.022969  Test Loss: 0.056849  Test MSE: 0.059236
Test MSE did not improve.. Counter 56/100
Epoch: 571/1000   Training Loss: 0.025014  Test Loss: 0.059393  Test MSE: 0.061977
Test MSE did not improve.. Counter 57/100
Epoch: 572/1000   Training Loss: 0.023598  Test Loss: 0.055533  Test MSE: 0.055806
Test MSE did not improve.. Counter 58/100
Epoch: 573/1000   Training Loss: 0.022894  Test Loss: 0.058953  Test MSE: 0.059986
Test MSE did not improve.. Counter 59/100
Epoch: 574/1000   Training Loss: 0.023082  Test Loss: 0.058495  Test MSE: 0.060366
Test MSE did not improve.. Counter 60/100
Epoch: 575/1000   Training Loss: 0.022353  Test Loss: 0.056321  Test MSE: 0.057857
Test MSE did not improve.. Counter 61/100
Epoch: 576/1000   Training Loss: 0.021767  Test Loss: 0.056628  Test MSE: 0.057892
Test MSE did not improve.. Counter 62/100
Epoch: 577/1000   Training Loss: 0.021522  Test Loss: 0.058575  Test MSE: 0.060407
Test MSE did not improve.. Counter 63/100
Epoch: 578/1000   Training Loss: 0.022143  Test Loss: 0.057888  Test MSE: 0.059720
Test MSE did not improve.. Counter 64/100
Epoch: 579/1000   Training Loss: 0.023873  Test Loss: 0.058125  Test MSE: 0.059949
Test MSE did not improve.. Counter 65/100
Epoch: 580/1000   Training Loss: 0.025153  Test Loss: 0.061771  Test MSE: 0.063249
Test MSE did not improve.. Counter 66/100
Epoch: 581/1000   Training Loss: 0.024989  Test Loss: 0.057204  Test MSE: 0.059203
Test MSE did not improve.. Counter 67/100
Epoch: 582/1000   Training Loss: 0.023370  Test Loss: 0.055958  Test MSE: 0.057211
Test MSE did not improve.. Counter 68/100
Epoch: 583/1000   Training Loss: 0.024393  Test Loss: 0.056254  Test MSE: 0.058421
Test MSE did not improve.. Counter 69/100
Epoch: 584/1000   Training Loss: 0.023751  Test Loss: 0.062318  Test MSE: 0.064250
Test MSE did not improve.. Counter 70/100
Epoch: 585/1000   Training Loss: 0.022342  Test Loss: 0.054110  Test MSE: 0.056209
Test MSE did not improve.. Counter 71/100
Epoch: 586/1000   Training Loss: 0.020895  Test Loss: 0.057341  Test MSE: 0.056963
Test MSE did not improve.. Counter 72/100
Epoch: 587/1000   Training Loss: 0.020453  Test Loss: 0.058855  Test MSE: 0.059524
Test MSE did not improve.. Counter 73/100
Epoch: 588/1000   Training Loss: 0.022296  Test Loss: 0.054154  Test MSE: 0.055046
Test MSE improved from 0.055294 -> 0.055046
Epoch: 589/1000   Training Loss: 0.022443  Test Loss: 0.059156  Test MSE: 0.061105
Test MSE did not improve.. Counter 1/100
Epoch: 590/1000   Training Loss: 0.024014  Test Loss: 0.056415  Test MSE: 0.058859
Test MSE did not improve.. Counter 2/100
Epoch: 591/1000   Training Loss: 0.023248  Test Loss: 0.054017  Test MSE: 0.055973
Test MSE did not improve.. Counter 3/100
Epoch: 592/1000   Training Loss: 0.022637  Test Loss: 0.060925  Test MSE: 0.063427
Test MSE did not improve.. Counter 4/100
Epoch: 593/1000   Training Loss: 0.023873  Test Loss: 0.055389  Test MSE: 0.057955
Test MSE did not improve.. Counter 5/100
Epoch: 594/1000   Training Loss: 0.023243  Test Loss: 0.058483  Test MSE: 0.059626
Test MSE did not improve.. Counter 6/100
Epoch: 595/1000   Training Loss: 0.022518  Test Loss: 0.058760  Test MSE: 0.058637
Test MSE did not improve.. Counter 7/100
Epoch: 596/1000   Training Loss: 0.020096  Test Loss: 0.053411  Test MSE: 0.055134
Test MSE did not improve.. Counter 8/100
Epoch: 597/1000   Training Loss: 0.020683  Test Loss: 0.057106  Test MSE: 0.058262
Test MSE did not improve.. Counter 9/100
Epoch: 598/1000   Training Loss: 0.020908  Test Loss: 0.057566  Test MSE: 0.057972
Test MSE did not improve.. Counter 10/100
Epoch: 599/1000   Training Loss: 0.023470  Test Loss: 0.057608  Test MSE: 0.060194
Test MSE did not improve.. Counter 11/100
Epoch: 600/1000   Training Loss: 0.021465  Test Loss: 0.058870  Test MSE: 0.060393
Test MSE did not improve.. Counter 12/100
Epoch: 601/1000   Training Loss: 0.022469  Test Loss: 0.053492  Test MSE: 0.056271
Test MSE did not improve.. Counter 13/100
Epoch: 602/1000   Training Loss: 0.028940  Test Loss: 0.068849  Test MSE: 0.071185
Test MSE did not improve.. Counter 14/100
Epoch: 603/1000   Training Loss: 0.063035  Test Loss: 0.081701  Test MSE: 0.084068
Test MSE did not improve.. Counter 15/100
Epoch: 604/1000   Training Loss: 0.055752  Test Loss: 0.073207  Test MSE: 0.073809
Test MSE did not improve.. Counter 16/100
Epoch: 605/1000   Training Loss: 0.044810  Test Loss: 0.068802  Test MSE: 0.070586
Test MSE did not improve.. Counter 17/100
Epoch: 606/1000   Training Loss: 0.042576  Test Loss: 0.069157  Test MSE: 0.069817
Test MSE did not improve.. Counter 18/100
Epoch: 607/1000   Training Loss: 0.036496  Test Loss: 0.063063  Test MSE: 0.063435
Test MSE did not improve.. Counter 19/100
Epoch: 608/1000   Training Loss: 0.029709  Test Loss: 0.062452  Test MSE: 0.063688
Test MSE did not improve.. Counter 20/100
Epoch: 609/1000   Training Loss: 0.025665  Test Loss: 0.059488  Test MSE: 0.060458
Test MSE did not improve.. Counter 21/100
Epoch: 610/1000   Training Loss: 0.023254  Test Loss: 0.056963  Test MSE: 0.059190
Test MSE did not improve.. Counter 22/100
Epoch: 611/1000   Training Loss: 0.021125  Test Loss: 0.059804  Test MSE: 0.060855
Test MSE did not improve.. Counter 23/100
Epoch: 612/1000   Training Loss: 0.020878  Test Loss: 0.057594  Test MSE: 0.058688
Test MSE did not improve.. Counter 24/100
Epoch: 613/1000   Training Loss: 0.019385  Test Loss: 0.058894  Test MSE: 0.060375
Test MSE did not improve.. Counter 25/100
Epoch: 614/1000   Training Loss: 0.018854  Test Loss: 0.056502  Test MSE: 0.057035
Test MSE did not improve.. Counter 26/100
Epoch: 615/1000   Training Loss: 0.020015  Test Loss: 0.057529  Test MSE: 0.058835
Test MSE did not improve.. Counter 27/100
Epoch: 616/1000   Training Loss: 0.019299  Test Loss: 0.058558  Test MSE: 0.059696
Test MSE did not improve.. Counter 28/100
Epoch: 617/1000   Training Loss: 0.019369  Test Loss: 0.061501  Test MSE: 0.062345
Test MSE did not improve.. Counter 29/100
Epoch: 618/1000   Training Loss: 0.018871  Test Loss: 0.058831  Test MSE: 0.059073
Test MSE did not improve.. Counter 30/100
Epoch: 619/1000   Training Loss: 0.017928  Test Loss: 0.059182  Test MSE: 0.060789
Test MSE did not improve.. Counter 31/100
Epoch: 620/1000   Training Loss: 0.017804  Test Loss: 0.055088  Test MSE: 0.056208
Test MSE did not improve.. Counter 32/100
Epoch: 621/1000   Training Loss: 0.018123  Test Loss: 0.054292  Test MSE: 0.056071
Test MSE did not improve.. Counter 33/100
Epoch: 622/1000   Training Loss: 0.018606  Test Loss: 0.057749  Test MSE: 0.058932
Test MSE did not improve.. Counter 34/100
Epoch: 623/1000   Training Loss: 0.019041  Test Loss: 0.058712  Test MSE: 0.058614
Test MSE did not improve.. Counter 35/100
Epoch: 624/1000   Training Loss: 0.019766  Test Loss: 0.055960  Test MSE: 0.057484
Test MSE did not improve.. Counter 36/100
Epoch: 625/1000   Training Loss: 0.019249  Test Loss: 0.058970  Test MSE: 0.059853
Test MSE did not improve.. Counter 37/100
Epoch: 626/1000   Training Loss: 0.018682  Test Loss: 0.056889  Test MSE: 0.058337
Test MSE did not improve.. Counter 38/100
Epoch: 627/1000   Training Loss: 0.018825  Test Loss: 0.058053  Test MSE: 0.059807
Test MSE did not improve.. Counter 39/100
Epoch: 628/1000   Training Loss: 0.018812  Test Loss: 0.055936  Test MSE: 0.057958
Test MSE did not improve.. Counter 40/100
Epoch: 629/1000   Training Loss: 0.017517  Test Loss: 0.057472  Test MSE: 0.059030
Test MSE did not improve.. Counter 41/100
Epoch: 630/1000   Training Loss: 0.019474  Test Loss: 0.054826  Test MSE: 0.057352
Test MSE did not improve.. Counter 42/100
Epoch: 631/1000   Training Loss: 0.018944  Test Loss: 0.056780  Test MSE: 0.057274
Test MSE did not improve.. Counter 43/100
Epoch: 632/1000   Training Loss: 0.019940  Test Loss: 0.059439  Test MSE: 0.060668
Test MSE did not improve.. Counter 44/100
Epoch: 633/1000   Training Loss: 0.018585  Test Loss: 0.058534  Test MSE: 0.061144
Test MSE did not improve.. Counter 45/100
Epoch: 634/1000   Training Loss: 0.019822  Test Loss: 0.059235  Test MSE: 0.060535
Test MSE did not improve.. Counter 46/100
Epoch: 635/1000   Training Loss: 0.020741  Test Loss: 0.055650  Test MSE: 0.057499
Test MSE did not improve.. Counter 47/100
Epoch: 636/1000   Training Loss: 0.019614  Test Loss: 0.055479  Test MSE: 0.056898
Test MSE did not improve.. Counter 48/100
Epoch: 637/1000   Training Loss: 0.020801  Test Loss: 0.055278  Test MSE: 0.056454
Test MSE did not improve.. Counter 49/100
Epoch: 638/1000   Training Loss: 0.020559  Test Loss: 0.059817  Test MSE: 0.061976
Test MSE did not improve.. Counter 50/100
Epoch: 639/1000   Training Loss: 0.023746  Test Loss: 0.055824  Test MSE: 0.057526
Test MSE did not improve.. Counter 51/100
Epoch: 640/1000   Training Loss: 0.023963  Test Loss: 0.057801  Test MSE: 0.058169
Test MSE did not improve.. Counter 52/100
Epoch: 641/1000   Training Loss: 0.023667  Test Loss: 0.061483  Test MSE: 0.063283
Test MSE did not improve.. Counter 53/100
Epoch: 642/1000   Training Loss: 0.023346  Test Loss: 0.057155  Test MSE: 0.058036
Test MSE did not improve.. Counter 54/100
Epoch: 643/1000   Training Loss: 0.021486  Test Loss: 0.058319  Test MSE: 0.058117
Test MSE did not improve.. Counter 55/100
Epoch: 644/1000   Training Loss: 0.024112  Test Loss: 0.057592  Test MSE: 0.058655
Test MSE did not improve.. Counter 56/100
Epoch: 645/1000   Training Loss: 0.027383  Test Loss: 0.066618  Test MSE: 0.067263
Test MSE did not improve.. Counter 57/100
Epoch: 646/1000   Training Loss: 0.033078  Test Loss: 0.068507  Test MSE: 0.069285
Test MSE did not improve.. Counter 58/100
Epoch: 647/1000   Training Loss: 0.033818  Test Loss: 0.069368  Test MSE: 0.072851
Test MSE did not improve.. Counter 59/100
Epoch: 648/1000   Training Loss: 0.033164  Test Loss: 0.059392  Test MSE: 0.060007
Test MSE did not improve.. Counter 60/100
Epoch: 649/1000   Training Loss: 0.027467  Test Loss: 0.061073  Test MSE: 0.063590
Test MSE did not improve.. Counter 61/100
Epoch: 650/1000   Training Loss: 0.026393  Test Loss: 0.058225  Test MSE: 0.060205
Test MSE did not improve.. Counter 62/100
Epoch: 651/1000   Training Loss: 0.024492  Test Loss: 0.055018  Test MSE: 0.057671
Test MSE did not improve.. Counter 63/100
Epoch: 652/1000   Training Loss: 0.021888  Test Loss: 0.057349  Test MSE: 0.059512
Test MSE did not improve.. Counter 64/100
Epoch: 653/1000   Training Loss: 0.021815  Test Loss: 0.058433  Test MSE: 0.061215
Test MSE did not improve.. Counter 65/100
Epoch: 654/1000   Training Loss: 0.021396  Test Loss: 0.056929  Test MSE: 0.058487
Test MSE did not improve.. Counter 66/100
Epoch: 655/1000   Training Loss: 0.021046  Test Loss: 0.052987  Test MSE: 0.054476
Test MSE improved from 0.055046 -> 0.054476
Epoch: 656/1000   Training Loss: 0.021743  Test Loss: 0.057327  Test MSE: 0.058860
Test MSE did not improve.. Counter 1/100
Epoch: 657/1000   Training Loss: 0.022749  Test Loss: 0.058307  Test MSE: 0.060252
Test MSE did not improve.. Counter 2/100
Epoch: 658/1000   Training Loss: 0.020691  Test Loss: 0.059930  Test MSE: 0.061320
Test MSE did not improve.. Counter 3/100
Epoch: 659/1000   Training Loss: 0.020693  Test Loss: 0.055219  Test MSE: 0.057428
Test MSE did not improve.. Counter 4/100
Epoch: 660/1000   Training Loss: 0.017998  Test Loss: 0.056997  Test MSE: 0.058662
Test MSE did not improve.. Counter 5/100
Epoch: 661/1000   Training Loss: 0.019691  Test Loss: 0.056253  Test MSE: 0.059135
Test MSE did not improve.. Counter 6/100
Epoch: 662/1000   Training Loss: 0.018891  Test Loss: 0.055195  Test MSE: 0.057662
Test MSE did not improve.. Counter 7/100
Epoch: 663/1000   Training Loss: 0.019465  Test Loss: 0.057693  Test MSE: 0.060039
Test MSE did not improve.. Counter 8/100
Epoch: 664/1000   Training Loss: 0.019427  Test Loss: 0.056911  Test MSE: 0.058022
Test MSE did not improve.. Counter 9/100
Epoch: 665/1000   Training Loss: 0.018132  Test Loss: 0.055642  Test MSE: 0.057828
Test MSE did not improve.. Counter 10/100
Epoch: 666/1000   Training Loss: 0.022395  Test Loss: 0.060930  Test MSE: 0.063243
Test MSE did not improve.. Counter 11/100
Epoch: 667/1000   Training Loss: 0.020908  Test Loss: 0.057668  Test MSE: 0.059346
Test MSE did not improve.. Counter 12/100
Epoch: 668/1000   Training Loss: 0.020266  Test Loss: 0.058947  Test MSE: 0.061085
Test MSE did not improve.. Counter 13/100
Epoch: 669/1000   Training Loss: 0.023364  Test Loss: 0.059920  Test MSE: 0.060924
Test MSE did not improve.. Counter 14/100
Epoch: 670/1000   Training Loss: 0.022627  Test Loss: 0.062542  Test MSE: 0.065398
Test MSE did not improve.. Counter 15/100
Epoch: 671/1000   Training Loss: 0.026156  Test Loss: 0.060860  Test MSE: 0.063290
Test MSE did not improve.. Counter 16/100
Epoch: 672/1000   Training Loss: 0.022993  Test Loss: 0.060006  Test MSE: 0.060214
Test MSE did not improve.. Counter 17/100
Epoch: 673/1000   Training Loss: 0.021940  Test Loss: 0.056076  Test MSE: 0.056949
Test MSE did not improve.. Counter 18/100
Epoch: 674/1000   Training Loss: 0.020161  Test Loss: 0.058027  Test MSE: 0.059749
Test MSE did not improve.. Counter 19/100
Epoch: 675/1000   Training Loss: 0.021839  Test Loss: 0.063008  Test MSE: 0.063551
Test MSE did not improve.. Counter 20/100
Epoch: 676/1000   Training Loss: 0.019704  Test Loss: 0.057410  Test MSE: 0.058626
Test MSE did not improve.. Counter 21/100
Epoch: 677/1000   Training Loss: 0.019244  Test Loss: 0.057468  Test MSE: 0.058236
Test MSE did not improve.. Counter 22/100
Epoch: 678/1000   Training Loss: 0.022234  Test Loss: 0.057292  Test MSE: 0.059980
Test MSE did not improve.. Counter 23/100
Epoch: 679/1000   Training Loss: 0.021165  Test Loss: 0.058004  Test MSE: 0.060025
Test MSE did not improve.. Counter 24/100
Epoch: 680/1000   Training Loss: 0.021105  Test Loss: 0.057868  Test MSE: 0.059611
Test MSE did not improve.. Counter 25/100
Epoch: 681/1000   Training Loss: 0.024809  Test Loss: 0.057776  Test MSE: 0.059456
Test MSE did not improve.. Counter 26/100
Epoch: 682/1000   Training Loss: 0.023723  Test Loss: 0.057557  Test MSE: 0.059166
Test MSE did not improve.. Counter 27/100
Epoch: 683/1000   Training Loss: 0.021722  Test Loss: 0.057324  Test MSE: 0.058530
Test MSE did not improve.. Counter 28/100
Epoch: 684/1000   Training Loss: 0.021363  Test Loss: 0.057409  Test MSE: 0.059348
Test MSE did not improve.. Counter 29/100
Epoch: 685/1000   Training Loss: 0.021337  Test Loss: 0.057437  Test MSE: 0.059276
Test MSE did not improve.. Counter 30/100
Epoch: 686/1000   Training Loss: 0.020134  Test Loss: 0.055791  Test MSE: 0.057998
Test MSE did not improve.. Counter 31/100
Epoch: 687/1000   Training Loss: 0.019416  Test Loss: 0.057988  Test MSE: 0.059273
Test MSE did not improve.. Counter 32/100
Epoch: 688/1000   Training Loss: 0.018468  Test Loss: 0.055635  Test MSE: 0.057991
Test MSE did not improve.. Counter 33/100
Epoch: 689/1000   Training Loss: 0.018383  Test Loss: 0.058531  Test MSE: 0.059950
Test MSE did not improve.. Counter 34/100
Epoch: 690/1000   Training Loss: 0.019641  Test Loss: 0.061475  Test MSE: 0.063462
Test MSE did not improve.. Counter 35/100
Epoch: 691/1000   Training Loss: 0.024395  Test Loss: 0.061762  Test MSE: 0.063616
Test MSE did not improve.. Counter 36/100
Epoch: 692/1000   Training Loss: 0.026257  Test Loss: 0.060553  Test MSE: 0.061414
Test MSE did not improve.. Counter 37/100
Epoch: 693/1000   Training Loss: 0.025553  Test Loss: 0.056583  Test MSE: 0.058885
Test MSE did not improve.. Counter 38/100
Epoch: 694/1000   Training Loss: 0.024016  Test Loss: 0.055150  Test MSE: 0.058028
Test MSE did not improve.. Counter 39/100
Epoch: 695/1000   Training Loss: 0.023824  Test Loss: 0.058268  Test MSE: 0.057770
Test MSE did not improve.. Counter 40/100
Epoch: 696/1000   Training Loss: 0.024328  Test Loss: 0.059796  Test MSE: 0.062241
Test MSE did not improve.. Counter 41/100
Epoch: 697/1000   Training Loss: 0.026889  Test Loss: 0.063741  Test MSE: 0.065240
Test MSE did not improve.. Counter 42/100
Epoch: 698/1000   Training Loss: 0.024596  Test Loss: 0.060740  Test MSE: 0.062697
Test MSE did not improve.. Counter 43/100
Epoch: 699/1000   Training Loss: 0.022877  Test Loss: 0.057944  Test MSE: 0.060762
Test MSE did not improve.. Counter 44/100
Epoch: 700/1000   Training Loss: 0.022062  Test Loss: 0.056880  Test MSE: 0.059749
Test MSE did not improve.. Counter 45/100
Epoch: 701/1000   Training Loss: 0.021234  Test Loss: 0.054995  Test MSE: 0.056837
Test MSE did not improve.. Counter 46/100
Epoch: 702/1000   Training Loss: 0.018935  Test Loss: 0.054605  Test MSE: 0.056840
Test MSE did not improve.. Counter 47/100
Epoch: 703/1000   Training Loss: 0.017696  Test Loss: 0.052795  Test MSE: 0.054509
Test MSE did not improve.. Counter 48/100
Epoch: 704/1000   Training Loss: 0.018027  Test Loss: 0.053734  Test MSE: 0.055956
Test MSE did not improve.. Counter 49/100
Epoch: 705/1000   Training Loss: 0.019678  Test Loss: 0.056686  Test MSE: 0.059125
Test MSE did not improve.. Counter 50/100
Epoch: 706/1000   Training Loss: 0.018378  Test Loss: 0.057438  Test MSE: 0.058963
Test MSE did not improve.. Counter 51/100
Epoch: 707/1000   Training Loss: 0.018700  Test Loss: 0.056678  Test MSE: 0.058341
Test MSE did not improve.. Counter 52/100
Epoch: 708/1000   Training Loss: 0.019843  Test Loss: 0.057986  Test MSE: 0.060282
Test MSE did not improve.. Counter 53/100
Epoch: 709/1000   Training Loss: 0.020860  Test Loss: 0.058936  Test MSE: 0.060547
Test MSE did not improve.. Counter 54/100
Epoch: 710/1000   Training Loss: 0.020662  Test Loss: 0.057345  Test MSE: 0.059010
Test MSE did not improve.. Counter 55/100
Epoch: 711/1000   Training Loss: 0.019955  Test Loss: 0.055888  Test MSE: 0.057447
Test MSE did not improve.. Counter 56/100
Epoch: 712/1000   Training Loss: 0.019558  Test Loss: 0.054332  Test MSE: 0.056779
Test MSE did not improve.. Counter 57/100
Epoch: 713/1000   Training Loss: 0.020143  Test Loss: 0.056458  Test MSE: 0.059265
Test MSE did not improve.. Counter 58/100
Epoch: 714/1000   Training Loss: 0.020481  Test Loss: 0.057503  Test MSE: 0.058548
Test MSE did not improve.. Counter 59/100
Epoch: 715/1000   Training Loss: 0.021407  Test Loss: 0.055973  Test MSE: 0.058077
Test MSE did not improve.. Counter 60/100
Epoch: 716/1000   Training Loss: 0.022459  Test Loss: 0.059281  Test MSE: 0.061411
Test MSE did not improve.. Counter 61/100
Epoch: 717/1000   Training Loss: 0.023071  Test Loss: 0.055323  Test MSE: 0.057327
Test MSE did not improve.. Counter 62/100
Epoch: 718/1000   Training Loss: 0.019593  Test Loss: 0.055182  Test MSE: 0.056679
Test MSE did not improve.. Counter 63/100
Epoch: 719/1000   Training Loss: 0.019977  Test Loss: 0.056454  Test MSE: 0.058617
Test MSE did not improve.. Counter 64/100
Epoch: 720/1000   Training Loss: 0.019914  Test Loss: 0.059600  Test MSE: 0.058565
Test MSE did not improve.. Counter 65/100
Epoch: 721/1000   Training Loss: 0.019894  Test Loss: 0.056289  Test MSE: 0.058782
Test MSE did not improve.. Counter 66/100
Epoch: 722/1000   Training Loss: 0.019692  Test Loss: 0.056762  Test MSE: 0.058233
Test MSE did not improve.. Counter 67/100
Epoch: 723/1000   Training Loss: 0.021062  Test Loss: 0.058604  Test MSE: 0.060005
Test MSE did not improve.. Counter 68/100
Epoch: 724/1000   Training Loss: 0.019813  Test Loss: 0.058354  Test MSE: 0.059943
Test MSE did not improve.. Counter 69/100
Epoch: 725/1000   Training Loss: 0.019673  Test Loss: 0.055919  Test MSE: 0.057516
Test MSE did not improve.. Counter 70/100
Epoch: 726/1000   Training Loss: 0.019859  Test Loss: 0.056961  Test MSE: 0.058720
Test MSE did not improve.. Counter 71/100
Epoch: 727/1000   Training Loss: 0.018885  Test Loss: 0.053102  Test MSE: 0.055250
Test MSE did not improve.. Counter 72/100
Epoch: 728/1000   Training Loss: 0.020324  Test Loss: 0.056048  Test MSE: 0.058142
Test MSE did not improve.. Counter 73/100
Epoch: 729/1000   Training Loss: 0.019753  Test Loss: 0.058145  Test MSE: 0.059665
Test MSE did not improve.. Counter 74/100
Epoch: 730/1000   Training Loss: 0.019096  Test Loss: 0.056031  Test MSE: 0.057867
Test MSE did not improve.. Counter 75/100
Epoch: 731/1000   Training Loss: 0.018862  Test Loss: 0.055041  Test MSE: 0.056826
Test MSE did not improve.. Counter 76/100
Epoch: 732/1000   Training Loss: 0.022674  Test Loss: 0.059123  Test MSE: 0.060050
Test MSE did not improve.. Counter 77/100
Epoch: 733/1000   Training Loss: 0.022919  Test Loss: 0.061316  Test MSE: 0.061407
Test MSE did not improve.. Counter 78/100
Epoch: 734/1000   Training Loss: 0.027497  Test Loss: 0.057647  Test MSE: 0.059761
Test MSE did not improve.. Counter 79/100
Epoch: 735/1000   Training Loss: 0.026535  Test Loss: 0.059044  Test MSE: 0.061951
Test MSE did not improve.. Counter 80/100
Epoch: 736/1000   Training Loss: 0.026857  Test Loss: 0.058232  Test MSE: 0.059972
Test MSE did not improve.. Counter 81/100
Epoch: 737/1000   Training Loss: 0.027274  Test Loss: 0.061572  Test MSE: 0.063477
Test MSE did not improve.. Counter 82/100
Epoch: 738/1000   Training Loss: 0.026401  Test Loss: 0.056222  Test MSE: 0.058915
Test MSE did not improve.. Counter 83/100
Epoch: 739/1000   Training Loss: 0.023848  Test Loss: 0.062745  Test MSE: 0.064170
Test MSE did not improve.. Counter 84/100
Epoch: 740/1000   Training Loss: 0.024448  Test Loss: 0.057706  Test MSE: 0.059309
Test MSE did not improve.. Counter 85/100
Epoch: 741/1000   Training Loss: 0.022067  Test Loss: 0.056703  Test MSE: 0.058483
Test MSE did not improve.. Counter 86/100
Epoch: 742/1000   Training Loss: 0.023739  Test Loss: 0.063158  Test MSE: 0.064454
Test MSE did not improve.. Counter 87/100
Epoch: 743/1000   Training Loss: 0.024226  Test Loss: 0.059402  Test MSE: 0.061822
Test MSE did not improve.. Counter 88/100
Epoch: 744/1000   Training Loss: 0.024002  Test Loss: 0.061694  Test MSE: 0.061948
Test MSE did not improve.. Counter 89/100
Epoch: 745/1000   Training Loss: 0.024935  Test Loss: 0.057932  Test MSE: 0.058701
Test MSE did not improve.. Counter 90/100
Epoch: 746/1000   Training Loss: 0.022318  Test Loss: 0.056331  Test MSE: 0.057693
Test MSE did not improve.. Counter 91/100
Epoch: 747/1000   Training Loss: 0.020612  Test Loss: 0.058724  Test MSE: 0.061326
Test MSE did not improve.. Counter 92/100
Epoch: 748/1000   Training Loss: 0.020546  Test Loss: 0.055815  Test MSE: 0.058414
Test MSE did not improve.. Counter 93/100
Epoch: 749/1000   Training Loss: 0.021064  Test Loss: 0.055023  Test MSE: 0.057004
Test MSE did not improve.. Counter 94/100
Epoch: 750/1000   Training Loss: 0.019870  Test Loss: 0.057574  Test MSE: 0.059543
Test MSE did not improve.. Counter 95/100
Epoch: 751/1000   Training Loss: 0.021711  Test Loss: 0.057883  Test MSE: 0.059083
Test MSE did not improve.. Counter 96/100
Epoch: 752/1000   Training Loss: 0.020115  Test Loss: 0.055231  Test MSE: 0.056345
Test MSE did not improve.. Counter 97/100
Epoch: 753/1000   Training Loss: 0.020524  Test Loss: 0.052885  Test MSE: 0.054508
Test MSE did not improve.. Counter 98/100
Epoch: 754/1000   Training Loss: 0.020675  Test Loss: 0.057950  Test MSE: 0.059316
Test MSE did not improve.. Counter 99/100
Epoch: 755/1000   Training Loss: 0.019795  Test Loss: 0.055101  Test MSE: 0.056778
Test MSE did not improve.. Counter 100/100
Epoch: 756/1000   Training Loss: 0.019697  Test Loss: 0.059439  Test MSE: 0.061877
Test MSE did not improve.. Counter 101/100
Early Stopped ..
Saved loss curve to ./result/acgcn-mmp_melanocortin_receptor_4_loss.png
============== Regression Performance =================
* MSE : 0.054476
* RMSE: 0.233400
* R2  : 0.838661
* PCC : 0.917107
* Spearman: 0.897628
=======================================================
