nohup: ignoring input
{'MODEL': 'attentivefp-mmp', 'TARGET_NAME': 'mu_opioid_receptor', 'RANDOM_SEED': 42, 'BATCH_SIZE': 128, 'EARLY_STOPPING_PATIENCE': 100, 'WEIGHT_DECAY': 0.0001, 'DROP_OUT': 0.2, 'DEVICE': 'cuda:0'}
Epoch: 1/1000   Training Loss: 0.562992  Test Loss: 0.823036  Test MSE: 0.827232
Test MSE improved from inf -> 0.827232
Epoch: 2/1000   Training Loss: 0.453395  Test Loss: 0.442208  Test MSE: 0.442232
Test MSE improved from 0.827232 -> 0.442232
Epoch: 3/1000   Training Loss: 0.418555  Test Loss: 0.402962  Test MSE: 0.401230
Test MSE improved from 0.442232 -> 0.401230
Epoch: 4/1000   Training Loss: 0.408939  Test Loss: 0.406752  Test MSE: 0.406001
Test MSE did not improve.. Counter 1/100
Epoch: 5/1000   Training Loss: 0.407639  Test Loss: 0.402535  Test MSE: 0.401015
Test MSE improved from 0.401230 -> 0.401015
Epoch: 6/1000   Training Loss: 0.406107  Test Loss: 0.399591  Test MSE: 0.397329
Test MSE improved from 0.401015 -> 0.397329
Epoch: 7/1000   Training Loss: 0.393860  Test Loss: 0.406720  Test MSE: 0.405170
Test MSE did not improve.. Counter 1/100
Epoch: 8/1000   Training Loss: 0.396144  Test Loss: 0.391587  Test MSE: 0.388975
Test MSE improved from 0.397329 -> 0.388975
Epoch: 9/1000   Training Loss: 0.384739  Test Loss: 0.384449  Test MSE: 0.381933
Test MSE improved from 0.388975 -> 0.381933
Epoch: 10/1000   Training Loss: 0.385919  Test Loss: 0.394523  Test MSE: 0.391287
Test MSE did not improve.. Counter 1/100
Epoch: 11/1000   Training Loss: 0.379649  Test Loss: 0.388071  Test MSE: 0.385596
Test MSE did not improve.. Counter 2/100
Epoch: 12/1000   Training Loss: 0.370707  Test Loss: 0.393531  Test MSE: 0.389441
Test MSE did not improve.. Counter 3/100
Epoch: 13/1000   Training Loss: 0.364616  Test Loss: 0.371650  Test MSE: 0.368557
Test MSE improved from 0.381933 -> 0.368557
Epoch: 14/1000   Training Loss: 0.362019  Test Loss: 0.365486  Test MSE: 0.361706
Test MSE improved from 0.368557 -> 0.361706
Epoch: 15/1000   Training Loss: 0.359700  Test Loss: 0.388487  Test MSE: 0.384137
Test MSE did not improve.. Counter 1/100
Epoch: 16/1000   Training Loss: 0.353648  Test Loss: 0.383806  Test MSE: 0.379836
Test MSE did not improve.. Counter 2/100
Epoch: 17/1000   Training Loss: 0.354738  Test Loss: 0.387028  Test MSE: 0.381639
Test MSE did not improve.. Counter 3/100
Epoch: 18/1000   Training Loss: 0.345586  Test Loss: 0.361773  Test MSE: 0.358501
Test MSE improved from 0.361706 -> 0.358501
Epoch: 19/1000   Training Loss: 0.343274  Test Loss: 0.382687  Test MSE: 0.377443
Test MSE did not improve.. Counter 1/100
Epoch: 20/1000   Training Loss: 0.339428  Test Loss: 0.352890  Test MSE: 0.350304
Test MSE improved from 0.358501 -> 0.350304
Epoch: 21/1000   Training Loss: 0.336631  Test Loss: 0.354094  Test MSE: 0.350283
Test MSE improved from 0.350304 -> 0.350283
Epoch: 22/1000   Training Loss: 0.330785  Test Loss: 0.432609  Test MSE: 0.430497
Test MSE did not improve.. Counter 1/100
Epoch: 23/1000   Training Loss: 0.328047  Test Loss: 0.414111  Test MSE: 0.412352
Test MSE did not improve.. Counter 2/100
Epoch: 24/1000   Training Loss: 0.327961  Test Loss: 0.375704  Test MSE: 0.375111
Test MSE did not improve.. Counter 3/100
Epoch: 25/1000   Training Loss: 0.328004  Test Loss: 0.359357  Test MSE: 0.356160
Test MSE did not improve.. Counter 4/100
Epoch: 26/1000   Training Loss: 0.317383  Test Loss: 0.348792  Test MSE: 0.346357
Test MSE improved from 0.350283 -> 0.346357
Epoch: 27/1000   Training Loss: 0.316391  Test Loss: 0.415522  Test MSE: 0.417626
Test MSE did not improve.. Counter 1/100
Epoch: 28/1000   Training Loss: 0.311672  Test Loss: 0.339028  Test MSE: 0.340010
Test MSE improved from 0.346357 -> 0.340010
Epoch: 29/1000   Training Loss: 0.302602  Test Loss: 0.321465  Test MSE: 0.321318
Test MSE improved from 0.340010 -> 0.321318
Epoch: 30/1000   Training Loss: 0.294117  Test Loss: 0.312019  Test MSE: 0.310945
Test MSE improved from 0.321318 -> 0.310945
Epoch: 31/1000   Training Loss: 0.290075  Test Loss: 0.359808  Test MSE: 0.360123
Test MSE did not improve.. Counter 1/100
Epoch: 32/1000   Training Loss: 0.283167  Test Loss: 0.313891  Test MSE: 0.314109
Test MSE did not improve.. Counter 2/100
Epoch: 33/1000   Training Loss: 0.278826  Test Loss: 0.337064  Test MSE: 0.337829
Test MSE did not improve.. Counter 3/100
Epoch: 34/1000   Training Loss: 0.270983  Test Loss: 0.302371  Test MSE: 0.302593
Test MSE improved from 0.310945 -> 0.302593
Epoch: 35/1000   Training Loss: 0.259308  Test Loss: 0.281740  Test MSE: 0.280818
Test MSE improved from 0.302593 -> 0.280818
Epoch: 36/1000   Training Loss: 0.256485  Test Loss: 0.269518  Test MSE: 0.267330
Test MSE improved from 0.280818 -> 0.267330
Epoch: 37/1000   Training Loss: 0.249277  Test Loss: 0.270336  Test MSE: 0.267139
Test MSE improved from 0.267330 -> 0.267139
Epoch: 38/1000   Training Loss: 0.241107  Test Loss: 0.261821  Test MSE: 0.259415
Test MSE improved from 0.267139 -> 0.259415
Epoch: 39/1000   Training Loss: 0.235909  Test Loss: 0.262036  Test MSE: 0.259706
Test MSE did not improve.. Counter 1/100
Epoch: 40/1000   Training Loss: 0.228370  Test Loss: 0.248990  Test MSE: 0.247095
Test MSE improved from 0.259415 -> 0.247095
Epoch: 41/1000   Training Loss: 0.225316  Test Loss: 0.253657  Test MSE: 0.250961
Test MSE did not improve.. Counter 1/100
Epoch: 42/1000   Training Loss: 0.222949  Test Loss: 0.240809  Test MSE: 0.239443
Test MSE improved from 0.247095 -> 0.239443
Epoch: 43/1000   Training Loss: 0.218442  Test Loss: 0.243660  Test MSE: 0.241617
Test MSE did not improve.. Counter 1/100
Epoch: 44/1000   Training Loss: 0.212883  Test Loss: 0.241954  Test MSE: 0.240289
Test MSE did not improve.. Counter 2/100
Epoch: 45/1000   Training Loss: 0.208083  Test Loss: 0.245269  Test MSE: 0.242812
Test MSE did not improve.. Counter 3/100
Epoch: 46/1000   Training Loss: 0.200483  Test Loss: 0.220262  Test MSE: 0.218295
Test MSE improved from 0.239443 -> 0.218295
Epoch: 47/1000   Training Loss: 0.197758  Test Loss: 0.216449  Test MSE: 0.214169
Test MSE improved from 0.218295 -> 0.214169
Epoch: 48/1000   Training Loss: 0.195989  Test Loss: 0.225021  Test MSE: 0.222106
Test MSE did not improve.. Counter 1/100
Epoch: 49/1000   Training Loss: 0.193852  Test Loss: 0.217012  Test MSE: 0.214908
Test MSE did not improve.. Counter 2/100
Epoch: 50/1000   Training Loss: 0.189376  Test Loss: 0.214073  Test MSE: 0.211034
Test MSE improved from 0.214169 -> 0.211034
Epoch: 51/1000   Training Loss: 0.186795  Test Loss: 0.205667  Test MSE: 0.204410
Test MSE improved from 0.211034 -> 0.204410
Epoch: 52/1000   Training Loss: 0.185189  Test Loss: 0.217327  Test MSE: 0.215121
Test MSE did not improve.. Counter 1/100
Epoch: 53/1000   Training Loss: 0.189331  Test Loss: 0.212498  Test MSE: 0.209732
Test MSE did not improve.. Counter 2/100
Epoch: 54/1000   Training Loss: 0.177569  Test Loss: 0.201701  Test MSE: 0.199866
Test MSE improved from 0.204410 -> 0.199866
Epoch: 55/1000   Training Loss: 0.172904  Test Loss: 0.203726  Test MSE: 0.202500
Test MSE did not improve.. Counter 1/100
Epoch: 56/1000   Training Loss: 0.170612  Test Loss: 0.193938  Test MSE: 0.191749
Test MSE improved from 0.199866 -> 0.191749
Epoch: 57/1000   Training Loss: 0.166174  Test Loss: 0.200369  Test MSE: 0.196781
Test MSE did not improve.. Counter 1/100
Epoch: 58/1000   Training Loss: 0.162880  Test Loss: 0.206725  Test MSE: 0.204283
Test MSE did not improve.. Counter 2/100
Epoch: 59/1000   Training Loss: 0.163781  Test Loss: 0.200130  Test MSE: 0.198102
Test MSE did not improve.. Counter 3/100
Epoch: 60/1000   Training Loss: 0.159332  Test Loss: 0.189196  Test MSE: 0.187340
Test MSE improved from 0.191749 -> 0.187340
Epoch: 61/1000   Training Loss: 0.158418  Test Loss: 0.191214  Test MSE: 0.188263
Test MSE did not improve.. Counter 1/100
Epoch: 62/1000   Training Loss: 0.154168  Test Loss: 0.184901  Test MSE: 0.183560
Test MSE improved from 0.187340 -> 0.183560
Epoch: 63/1000   Training Loss: 0.150674  Test Loss: 0.193600  Test MSE: 0.191024
Test MSE did not improve.. Counter 1/100
Epoch: 64/1000   Training Loss: 0.153938  Test Loss: 0.191750  Test MSE: 0.188872
Test MSE did not improve.. Counter 2/100
Epoch: 65/1000   Training Loss: 0.144601  Test Loss: 0.186704  Test MSE: 0.185837
Test MSE did not improve.. Counter 3/100
Epoch: 66/1000   Training Loss: 0.146649  Test Loss: 0.195777  Test MSE: 0.193559
Test MSE did not improve.. Counter 4/100
Epoch: 67/1000   Training Loss: 0.143921  Test Loss: 0.181835  Test MSE: 0.179257
Test MSE improved from 0.183560 -> 0.179257
Epoch: 68/1000   Training Loss: 0.142004  Test Loss: 0.176202  Test MSE: 0.174399
Test MSE improved from 0.179257 -> 0.174399
Epoch: 69/1000   Training Loss: 0.134530  Test Loss: 0.187594  Test MSE: 0.185436
Test MSE did not improve.. Counter 1/100
Epoch: 70/1000   Training Loss: 0.137306  Test Loss: 0.175724  Test MSE: 0.173690
Test MSE improved from 0.174399 -> 0.173690
Epoch: 71/1000   Training Loss: 0.137039  Test Loss: 0.177447  Test MSE: 0.176110
Test MSE did not improve.. Counter 1/100
Epoch: 72/1000   Training Loss: 0.132765  Test Loss: 0.182586  Test MSE: 0.180427
Test MSE did not improve.. Counter 2/100
Epoch: 73/1000   Training Loss: 0.131568  Test Loss: 0.187771  Test MSE: 0.184731
Test MSE did not improve.. Counter 3/100
Epoch: 74/1000   Training Loss: 0.131637  Test Loss: 0.177667  Test MSE: 0.175735
Test MSE did not improve.. Counter 4/100
Epoch: 75/1000   Training Loss: 0.122842  Test Loss: 0.165239  Test MSE: 0.163671
Test MSE improved from 0.173690 -> 0.163671
Epoch: 76/1000   Training Loss: 0.121665  Test Loss: 0.171385  Test MSE: 0.169091
Test MSE did not improve.. Counter 1/100
Epoch: 77/1000   Training Loss: 0.121852  Test Loss: 0.167954  Test MSE: 0.164442
Test MSE did not improve.. Counter 2/100
Epoch: 78/1000   Training Loss: 0.121188  Test Loss: 0.162969  Test MSE: 0.160272
Test MSE improved from 0.163671 -> 0.160272
Epoch: 79/1000   Training Loss: 0.120221  Test Loss: 0.159581  Test MSE: 0.157001
Test MSE improved from 0.160272 -> 0.157001
Epoch: 80/1000   Training Loss: 0.115236  Test Loss: 0.160937  Test MSE: 0.157729
Test MSE did not improve.. Counter 1/100
Epoch: 81/1000   Training Loss: 0.112348  Test Loss: 0.170632  Test MSE: 0.168168
Test MSE did not improve.. Counter 2/100
Epoch: 82/1000   Training Loss: 0.115437  Test Loss: 0.167037  Test MSE: 0.164527
Test MSE did not improve.. Counter 3/100
Epoch: 83/1000   Training Loss: 0.113191  Test Loss: 0.158368  Test MSE: 0.156240
Test MSE improved from 0.157001 -> 0.156240
Epoch: 84/1000   Training Loss: 0.106597  Test Loss: 0.152400  Test MSE: 0.148822
Test MSE improved from 0.156240 -> 0.148822
Epoch: 85/1000   Training Loss: 0.104178  Test Loss: 0.157860  Test MSE: 0.153647
Test MSE did not improve.. Counter 1/100
Epoch: 86/1000   Training Loss: 0.104553  Test Loss: 0.149039  Test MSE: 0.146656
Test MSE improved from 0.148822 -> 0.146656
Epoch: 87/1000   Training Loss: 0.103335  Test Loss: 0.157118  Test MSE: 0.153406
Test MSE did not improve.. Counter 1/100
Epoch: 88/1000   Training Loss: 0.098912  Test Loss: 0.147018  Test MSE: 0.143861
Test MSE improved from 0.146656 -> 0.143861
Epoch: 89/1000   Training Loss: 0.096319  Test Loss: 0.150470  Test MSE: 0.146601
Test MSE did not improve.. Counter 1/100
Epoch: 90/1000   Training Loss: 0.099354  Test Loss: 0.152255  Test MSE: 0.149113
Test MSE did not improve.. Counter 2/100
Epoch: 91/1000   Training Loss: 0.094695  Test Loss: 0.157129  Test MSE: 0.151505
Test MSE did not improve.. Counter 3/100
Epoch: 92/1000   Training Loss: 0.097484  Test Loss: 0.155182  Test MSE: 0.152321
Test MSE did not improve.. Counter 4/100
Epoch: 93/1000   Training Loss: 0.095683  Test Loss: 0.151657  Test MSE: 0.147660
Test MSE did not improve.. Counter 5/100
Epoch: 94/1000   Training Loss: 0.094933  Test Loss: 0.146890  Test MSE: 0.144614
Test MSE did not improve.. Counter 6/100
Epoch: 95/1000   Training Loss: 0.094621  Test Loss: 0.149869  Test MSE: 0.148057
Test MSE did not improve.. Counter 7/100
Epoch: 96/1000   Training Loss: 0.092390  Test Loss: 0.152542  Test MSE: 0.149365
Test MSE did not improve.. Counter 8/100
Epoch: 97/1000   Training Loss: 0.090714  Test Loss: 0.150511  Test MSE: 0.147616
Test MSE did not improve.. Counter 9/100
Epoch: 98/1000   Training Loss: 0.090974  Test Loss: 0.148218  Test MSE: 0.145614
Test MSE did not improve.. Counter 10/100
Epoch: 99/1000   Training Loss: 0.090478  Test Loss: 0.146101  Test MSE: 0.142578
Test MSE improved from 0.143861 -> 0.142578
Epoch: 100/1000   Training Loss: 0.086748  Test Loss: 0.144600  Test MSE: 0.140708
Test MSE improved from 0.142578 -> 0.140708
Epoch: 101/1000   Training Loss: 0.088230  Test Loss: 0.144982  Test MSE: 0.141437
Test MSE did not improve.. Counter 1/100
Epoch: 102/1000   Training Loss: 0.084084  Test Loss: 0.140402  Test MSE: 0.137435
Test MSE improved from 0.140708 -> 0.137435
Epoch: 103/1000   Training Loss: 0.086728  Test Loss: 0.152410  Test MSE: 0.150226
Test MSE did not improve.. Counter 1/100
Epoch: 104/1000   Training Loss: 0.089908  Test Loss: 0.147784  Test MSE: 0.143945
Test MSE did not improve.. Counter 2/100
Epoch: 105/1000   Training Loss: 0.084164  Test Loss: 0.145673  Test MSE: 0.142124
Test MSE did not improve.. Counter 3/100
Epoch: 106/1000   Training Loss: 0.082168  Test Loss: 0.147092  Test MSE: 0.143749
Test MSE did not improve.. Counter 4/100
Epoch: 107/1000   Training Loss: 0.078836  Test Loss: 0.146906  Test MSE: 0.143009
Test MSE did not improve.. Counter 5/100
Epoch: 108/1000   Training Loss: 0.079984  Test Loss: 0.150748  Test MSE: 0.146799
Test MSE did not improve.. Counter 6/100
Epoch: 109/1000   Training Loss: 0.081519  Test Loss: 0.139400  Test MSE: 0.136276
Test MSE improved from 0.137435 -> 0.136276
Epoch: 110/1000   Training Loss: 0.081125  Test Loss: 0.136357  Test MSE: 0.133422
Test MSE improved from 0.136276 -> 0.133422
Epoch: 111/1000   Training Loss: 0.078638  Test Loss: 0.149141  Test MSE: 0.145989
Test MSE did not improve.. Counter 1/100
Epoch: 112/1000   Training Loss: 0.078740  Test Loss: 0.145653  Test MSE: 0.142369
Test MSE did not improve.. Counter 2/100
Epoch: 113/1000   Training Loss: 0.078585  Test Loss: 0.140903  Test MSE: 0.137773
Test MSE did not improve.. Counter 3/100
Epoch: 114/1000   Training Loss: 0.075608  Test Loss: 0.144291  Test MSE: 0.140549
Test MSE did not improve.. Counter 4/100
Epoch: 115/1000   Training Loss: 0.078251  Test Loss: 0.137383  Test MSE: 0.135243
Test MSE did not improve.. Counter 5/100
Epoch: 116/1000   Training Loss: 0.075464  Test Loss: 0.153397  Test MSE: 0.149934
Test MSE did not improve.. Counter 6/100
Epoch: 117/1000   Training Loss: 0.078382  Test Loss: 0.146035  Test MSE: 0.142904
Test MSE did not improve.. Counter 7/100
Epoch: 118/1000   Training Loss: 0.075959  Test Loss: 0.159695  Test MSE: 0.154576
Test MSE did not improve.. Counter 8/100
Epoch: 119/1000   Training Loss: 0.075324  Test Loss: 0.150845  Test MSE: 0.146450
Test MSE did not improve.. Counter 9/100
Epoch: 120/1000   Training Loss: 0.072825  Test Loss: 0.147465  Test MSE: 0.143608
Test MSE did not improve.. Counter 10/100
Epoch: 121/1000   Training Loss: 0.072224  Test Loss: 0.146466  Test MSE: 0.143200
Test MSE did not improve.. Counter 11/100
Epoch: 122/1000   Training Loss: 0.074683  Test Loss: 0.142708  Test MSE: 0.139377
Test MSE did not improve.. Counter 12/100
Epoch: 123/1000   Training Loss: 0.072546  Test Loss: 0.140724  Test MSE: 0.137715
Test MSE did not improve.. Counter 13/100
Epoch: 124/1000   Training Loss: 0.075143  Test Loss: 0.154322  Test MSE: 0.149154
Test MSE did not improve.. Counter 14/100
Epoch: 125/1000   Training Loss: 0.071153  Test Loss: 0.148009  Test MSE: 0.144491
Test MSE did not improve.. Counter 15/100
Epoch: 126/1000   Training Loss: 0.072454  Test Loss: 0.143994  Test MSE: 0.140439
Test MSE did not improve.. Counter 16/100
Epoch: 127/1000   Training Loss: 0.069845  Test Loss: 0.141122  Test MSE: 0.137608
Test MSE did not improve.. Counter 17/100
Epoch: 128/1000   Training Loss: 0.072990  Test Loss: 0.141457  Test MSE: 0.138575
Test MSE did not improve.. Counter 18/100
Epoch: 129/1000   Training Loss: 0.071412  Test Loss: 0.144576  Test MSE: 0.142156
Test MSE did not improve.. Counter 19/100
Epoch: 130/1000   Training Loss: 0.070143  Test Loss: 0.140418  Test MSE: 0.137169
Test MSE did not improve.. Counter 20/100
Epoch: 131/1000   Training Loss: 0.066168  Test Loss: 0.147776  Test MSE: 0.144991
Test MSE did not improve.. Counter 21/100
Epoch: 132/1000   Training Loss: 0.068005  Test Loss: 0.140340  Test MSE: 0.136981
Test MSE did not improve.. Counter 22/100
Epoch: 133/1000   Training Loss: 0.068697  Test Loss: 0.147184  Test MSE: 0.144236
Test MSE did not improve.. Counter 23/100
Epoch: 134/1000   Training Loss: 0.069437  Test Loss: 0.134661  Test MSE: 0.131922
Test MSE improved from 0.133422 -> 0.131922
Epoch: 135/1000   Training Loss: 0.067393  Test Loss: 0.146042  Test MSE: 0.143516
Test MSE did not improve.. Counter 1/100
Epoch: 136/1000   Training Loss: 0.067955  Test Loss: 0.143813  Test MSE: 0.141609
Test MSE did not improve.. Counter 2/100
Epoch: 137/1000   Training Loss: 0.070669  Test Loss: 0.141003  Test MSE: 0.137858
Test MSE did not improve.. Counter 3/100
Epoch: 138/1000   Training Loss: 0.068033  Test Loss: 0.155834  Test MSE: 0.153874
Test MSE did not improve.. Counter 4/100
Epoch: 139/1000   Training Loss: 0.066540  Test Loss: 0.147071  Test MSE: 0.143719
Test MSE did not improve.. Counter 5/100
Epoch: 140/1000   Training Loss: 0.068760  Test Loss: 0.145035  Test MSE: 0.142397
Test MSE did not improve.. Counter 6/100
Epoch: 141/1000   Training Loss: 0.067950  Test Loss: 0.139100  Test MSE: 0.137497
Test MSE did not improve.. Counter 7/100
Epoch: 142/1000   Training Loss: 0.068626  Test Loss: 0.143982  Test MSE: 0.142235
Test MSE did not improve.. Counter 8/100
Epoch: 143/1000   Training Loss: 0.070161  Test Loss: 0.141372  Test MSE: 0.140242
Test MSE did not improve.. Counter 9/100
Epoch: 144/1000   Training Loss: 0.066254  Test Loss: 0.135809  Test MSE: 0.134159
Test MSE did not improve.. Counter 10/100
Epoch: 145/1000   Training Loss: 0.065407  Test Loss: 0.138542  Test MSE: 0.135630
Test MSE did not improve.. Counter 11/100
Epoch: 146/1000   Training Loss: 0.072216  Test Loss: 0.133907  Test MSE: 0.132106
Test MSE did not improve.. Counter 12/100
Epoch: 147/1000   Training Loss: 0.067208  Test Loss: 0.137574  Test MSE: 0.135420
Test MSE did not improve.. Counter 13/100
Epoch: 148/1000   Training Loss: 0.067694  Test Loss: 0.132531  Test MSE: 0.129897
Test MSE improved from 0.131922 -> 0.129897
Epoch: 149/1000   Training Loss: 0.068505  Test Loss: 0.139308  Test MSE: 0.138145
Test MSE did not improve.. Counter 1/100
Epoch: 150/1000   Training Loss: 0.067308  Test Loss: 0.125701  Test MSE: 0.124099
Test MSE improved from 0.129897 -> 0.124099
Epoch: 151/1000   Training Loss: 0.064989  Test Loss: 0.132520  Test MSE: 0.129192
Test MSE did not improve.. Counter 1/100
Epoch: 152/1000   Training Loss: 0.060906  Test Loss: 0.139969  Test MSE: 0.137825
Test MSE did not improve.. Counter 2/100
Epoch: 153/1000   Training Loss: 0.064576  Test Loss: 0.131078  Test MSE: 0.130244
Test MSE did not improve.. Counter 3/100
Epoch: 154/1000   Training Loss: 0.066972  Test Loss: 0.127106  Test MSE: 0.125969
Test MSE did not improve.. Counter 4/100
Epoch: 155/1000   Training Loss: 0.060598  Test Loss: 0.129261  Test MSE: 0.127761
Test MSE did not improve.. Counter 5/100
Epoch: 156/1000   Training Loss: 0.060265  Test Loss: 0.122527  Test MSE: 0.121023
Test MSE improved from 0.124099 -> 0.121023
Epoch: 157/1000   Training Loss: 0.059311  Test Loss: 0.135694  Test MSE: 0.134518
Test MSE did not improve.. Counter 1/100
Epoch: 158/1000   Training Loss: 0.059610  Test Loss: 0.132638  Test MSE: 0.131005
Test MSE did not improve.. Counter 2/100
Epoch: 159/1000   Training Loss: 0.058478  Test Loss: 0.126902  Test MSE: 0.125541
Test MSE did not improve.. Counter 3/100
Epoch: 160/1000   Training Loss: 0.059775  Test Loss: 0.122087  Test MSE: 0.121251
Test MSE did not improve.. Counter 4/100
Epoch: 161/1000   Training Loss: 0.063065  Test Loss: 0.131095  Test MSE: 0.129580
Test MSE did not improve.. Counter 5/100
Epoch: 162/1000   Training Loss: 0.058246  Test Loss: 0.130354  Test MSE: 0.128310
Test MSE did not improve.. Counter 6/100
Epoch: 163/1000   Training Loss: 0.053903  Test Loss: 0.126153  Test MSE: 0.123532
Test MSE did not improve.. Counter 7/100
Epoch: 164/1000   Training Loss: 0.055602  Test Loss: 0.137602  Test MSE: 0.134586
Test MSE did not improve.. Counter 8/100
Epoch: 165/1000   Training Loss: 0.058648  Test Loss: 0.127566  Test MSE: 0.125595
Test MSE did not improve.. Counter 9/100
Epoch: 166/1000   Training Loss: 0.057810  Test Loss: 0.128504  Test MSE: 0.126810
Test MSE did not improve.. Counter 10/100
Epoch: 167/1000   Training Loss: 0.055094  Test Loss: 0.130461  Test MSE: 0.128378
Test MSE did not improve.. Counter 11/100
Epoch: 168/1000   Training Loss: 0.056079  Test Loss: 0.122702  Test MSE: 0.121597
Test MSE did not improve.. Counter 12/100
Epoch: 169/1000   Training Loss: 0.054429  Test Loss: 0.125705  Test MSE: 0.123817
Test MSE did not improve.. Counter 13/100
Epoch: 170/1000   Training Loss: 0.054802  Test Loss: 0.129400  Test MSE: 0.126775
Test MSE did not improve.. Counter 14/100
Epoch: 171/1000   Training Loss: 0.057244  Test Loss: 0.122701  Test MSE: 0.120568
Test MSE improved from 0.121023 -> 0.120568
Epoch: 172/1000   Training Loss: 0.053785  Test Loss: 0.126630  Test MSE: 0.124246
Test MSE did not improve.. Counter 1/100
Epoch: 173/1000   Training Loss: 0.060024  Test Loss: 0.121687  Test MSE: 0.120044
Test MSE improved from 0.120568 -> 0.120044
Epoch: 174/1000   Training Loss: 0.055649  Test Loss: 0.121394  Test MSE: 0.119893
Test MSE improved from 0.120044 -> 0.119893
Epoch: 175/1000   Training Loss: 0.058536  Test Loss: 0.128541  Test MSE: 0.126470
Test MSE did not improve.. Counter 1/100
Epoch: 176/1000   Training Loss: 0.055927  Test Loss: 0.122721  Test MSE: 0.121755
Test MSE did not improve.. Counter 2/100
Epoch: 177/1000   Training Loss: 0.055222  Test Loss: 0.118712  Test MSE: 0.116734
Test MSE improved from 0.119893 -> 0.116734
Epoch: 178/1000   Training Loss: 0.056245  Test Loss: 0.123326  Test MSE: 0.121200
Test MSE did not improve.. Counter 1/100
Epoch: 179/1000   Training Loss: 0.053618  Test Loss: 0.121885  Test MSE: 0.119958
Test MSE did not improve.. Counter 2/100
Epoch: 180/1000   Training Loss: 0.053434  Test Loss: 0.125406  Test MSE: 0.122543
Test MSE did not improve.. Counter 3/100
Epoch: 181/1000   Training Loss: 0.052417  Test Loss: 0.122606  Test MSE: 0.119453
Test MSE did not improve.. Counter 4/100
Epoch: 182/1000   Training Loss: 0.050913  Test Loss: 0.125669  Test MSE: 0.123097
Test MSE did not improve.. Counter 5/100
Epoch: 183/1000   Training Loss: 0.051776  Test Loss: 0.120874  Test MSE: 0.118388
Test MSE did not improve.. Counter 6/100
Epoch: 184/1000   Training Loss: 0.052509  Test Loss: 0.117833  Test MSE: 0.116066
Test MSE improved from 0.116734 -> 0.116066
Epoch: 185/1000   Training Loss: 0.052256  Test Loss: 0.125311  Test MSE: 0.124133
Test MSE did not improve.. Counter 1/100
Epoch: 186/1000   Training Loss: 0.054590  Test Loss: 0.126579  Test MSE: 0.124781
Test MSE did not improve.. Counter 2/100
Epoch: 187/1000   Training Loss: 0.051577  Test Loss: 0.118124  Test MSE: 0.116589
Test MSE did not improve.. Counter 3/100
Epoch: 188/1000   Training Loss: 0.052839  Test Loss: 0.121488  Test MSE: 0.118840
Test MSE did not improve.. Counter 4/100
Epoch: 189/1000   Training Loss: 0.049658  Test Loss: 0.119763  Test MSE: 0.117955
Test MSE did not improve.. Counter 5/100
Epoch: 190/1000   Training Loss: 0.050566  Test Loss: 0.116852  Test MSE: 0.115582
Test MSE improved from 0.116066 -> 0.115582
Epoch: 191/1000   Training Loss: 0.050018  Test Loss: 0.118281  Test MSE: 0.117168
Test MSE did not improve.. Counter 1/100
Epoch: 192/1000   Training Loss: 0.049236  Test Loss: 0.118731  Test MSE: 0.117525
Test MSE did not improve.. Counter 2/100
Epoch: 193/1000   Training Loss: 0.047872  Test Loss: 0.112097  Test MSE: 0.110608
Test MSE improved from 0.115582 -> 0.110608
Epoch: 194/1000   Training Loss: 0.047436  Test Loss: 0.118147  Test MSE: 0.116309
Test MSE did not improve.. Counter 1/100
Epoch: 195/1000   Training Loss: 0.046134  Test Loss: 0.113662  Test MSE: 0.111440
Test MSE did not improve.. Counter 2/100
Epoch: 196/1000   Training Loss: 0.049860  Test Loss: 0.115688  Test MSE: 0.114219
Test MSE did not improve.. Counter 3/100
Epoch: 197/1000   Training Loss: 0.047980  Test Loss: 0.121465  Test MSE: 0.119815
Test MSE did not improve.. Counter 4/100
Epoch: 198/1000   Training Loss: 0.045447  Test Loss: 0.127123  Test MSE: 0.123696
Test MSE did not improve.. Counter 5/100
Epoch: 199/1000   Training Loss: 0.051032  Test Loss: 0.118253  Test MSE: 0.115411
Test MSE did not improve.. Counter 6/100
Epoch: 200/1000   Training Loss: 0.049645  Test Loss: 0.120406  Test MSE: 0.119228
Test MSE did not improve.. Counter 7/100
Epoch: 201/1000   Training Loss: 0.049917  Test Loss: 0.111302  Test MSE: 0.108428
Test MSE improved from 0.110608 -> 0.108428
Epoch: 202/1000   Training Loss: 0.048019  Test Loss: 0.112114  Test MSE: 0.110630
Test MSE did not improve.. Counter 1/100
Epoch: 203/1000   Training Loss: 0.048037  Test Loss: 0.114152  Test MSE: 0.112246
Test MSE did not improve.. Counter 2/100
Epoch: 204/1000   Training Loss: 0.047161  Test Loss: 0.113338  Test MSE: 0.111599
Test MSE did not improve.. Counter 3/100
Epoch: 205/1000   Training Loss: 0.050281  Test Loss: 0.121965  Test MSE: 0.119749
Test MSE did not improve.. Counter 4/100
Epoch: 206/1000   Training Loss: 0.053019  Test Loss: 0.118265  Test MSE: 0.116040
Test MSE did not improve.. Counter 5/100
Epoch: 207/1000   Training Loss: 0.047163  Test Loss: 0.113793  Test MSE: 0.112104
Test MSE did not improve.. Counter 6/100
Epoch: 208/1000   Training Loss: 0.048802  Test Loss: 0.117692  Test MSE: 0.115812
Test MSE did not improve.. Counter 7/100
Epoch: 209/1000   Training Loss: 0.048532  Test Loss: 0.118574  Test MSE: 0.116106
Test MSE did not improve.. Counter 8/100
Epoch: 210/1000   Training Loss: 0.046368  Test Loss: 0.116486  Test MSE: 0.113571
Test MSE did not improve.. Counter 9/100
Epoch: 211/1000   Training Loss: 0.045516  Test Loss: 0.114129  Test MSE: 0.111810
Test MSE did not improve.. Counter 10/100
Epoch: 212/1000   Training Loss: 0.044863  Test Loss: 0.114248  Test MSE: 0.110770
Test MSE did not improve.. Counter 11/100
Epoch: 213/1000   Training Loss: 0.046838  Test Loss: 0.117576  Test MSE: 0.114269
Test MSE did not improve.. Counter 12/100
Epoch: 214/1000   Training Loss: 0.045870  Test Loss: 0.114839  Test MSE: 0.112386
Test MSE did not improve.. Counter 13/100
Epoch: 215/1000   Training Loss: 0.043883  Test Loss: 0.118653  Test MSE: 0.117326
Test MSE did not improve.. Counter 14/100
Epoch: 216/1000   Training Loss: 0.044130  Test Loss: 0.122771  Test MSE: 0.119195
Test MSE did not improve.. Counter 15/100
Epoch: 217/1000   Training Loss: 0.045939  Test Loss: 0.118855  Test MSE: 0.117668
Test MSE did not improve.. Counter 16/100
Epoch: 218/1000   Training Loss: 0.045852  Test Loss: 0.118378  Test MSE: 0.114882
Test MSE did not improve.. Counter 17/100
Epoch: 219/1000   Training Loss: 0.046213  Test Loss: 0.123219  Test MSE: 0.121634
Test MSE did not improve.. Counter 18/100
Epoch: 220/1000   Training Loss: 0.044244  Test Loss: 0.116444  Test MSE: 0.114052
Test MSE did not improve.. Counter 19/100
Epoch: 221/1000   Training Loss: 0.042533  Test Loss: 0.108678  Test MSE: 0.107080
Test MSE improved from 0.108428 -> 0.107080
Epoch: 222/1000   Training Loss: 0.044210  Test Loss: 0.111669  Test MSE: 0.109988
Test MSE did not improve.. Counter 1/100
Epoch: 223/1000   Training Loss: 0.045100  Test Loss: 0.110833  Test MSE: 0.108132
Test MSE did not improve.. Counter 2/100
Epoch: 224/1000   Training Loss: 0.041513  Test Loss: 0.115325  Test MSE: 0.112254
Test MSE did not improve.. Counter 3/100
Epoch: 225/1000   Training Loss: 0.046072  Test Loss: 0.114450  Test MSE: 0.111152
Test MSE did not improve.. Counter 4/100
Epoch: 226/1000   Training Loss: 0.044786  Test Loss: 0.125903  Test MSE: 0.123397
Test MSE did not improve.. Counter 5/100
Epoch: 227/1000   Training Loss: 0.042068  Test Loss: 0.111236  Test MSE: 0.108344
Test MSE did not improve.. Counter 6/100
Epoch: 228/1000   Training Loss: 0.042305  Test Loss: 0.115914  Test MSE: 0.112901
Test MSE did not improve.. Counter 7/100
Epoch: 229/1000   Training Loss: 0.047679  Test Loss: 0.116549  Test MSE: 0.113765
Test MSE did not improve.. Counter 8/100
Epoch: 230/1000   Training Loss: 0.048622  Test Loss: 0.113918  Test MSE: 0.112261
Test MSE did not improve.. Counter 9/100
Epoch: 231/1000   Training Loss: 0.043676  Test Loss: 0.114726  Test MSE: 0.112755
Test MSE did not improve.. Counter 10/100
Epoch: 232/1000   Training Loss: 0.040806  Test Loss: 0.112476  Test MSE: 0.109737
Test MSE did not improve.. Counter 11/100
Epoch: 233/1000   Training Loss: 0.039339  Test Loss: 0.117585  Test MSE: 0.115345
Test MSE did not improve.. Counter 12/100
Epoch: 234/1000   Training Loss: 0.042095  Test Loss: 0.117424  Test MSE: 0.114533
Test MSE did not improve.. Counter 13/100
Epoch: 235/1000   Training Loss: 0.046546  Test Loss: 0.116192  Test MSE: 0.114359
Test MSE did not improve.. Counter 14/100
Epoch: 236/1000   Training Loss: 0.041398  Test Loss: 0.112313  Test MSE: 0.110092
Test MSE did not improve.. Counter 15/100
Epoch: 237/1000   Training Loss: 0.042628  Test Loss: 0.114319  Test MSE: 0.112894
Test MSE did not improve.. Counter 16/100
Epoch: 238/1000   Training Loss: 0.041766  Test Loss: 0.112950  Test MSE: 0.111126
Test MSE did not improve.. Counter 17/100
Epoch: 239/1000   Training Loss: 0.039425  Test Loss: 0.112659  Test MSE: 0.109503
Test MSE did not improve.. Counter 18/100
Epoch: 240/1000   Training Loss: 0.040846  Test Loss: 0.117832  Test MSE: 0.115231
Test MSE did not improve.. Counter 19/100
Epoch: 241/1000   Training Loss: 0.042808  Test Loss: 0.114669  Test MSE: 0.110619
Test MSE did not improve.. Counter 20/100
Epoch: 242/1000   Training Loss: 0.042103  Test Loss: 0.113081  Test MSE: 0.111237
Test MSE did not improve.. Counter 21/100
Epoch: 243/1000   Training Loss: 0.042473  Test Loss: 0.113240  Test MSE: 0.110136
Test MSE did not improve.. Counter 22/100
Epoch: 244/1000   Training Loss: 0.042453  Test Loss: 0.111144  Test MSE: 0.108774
Test MSE did not improve.. Counter 23/100
Epoch: 245/1000   Training Loss: 0.040428  Test Loss: 0.114249  Test MSE: 0.111877
Test MSE did not improve.. Counter 24/100
Epoch: 246/1000   Training Loss: 0.041748  Test Loss: 0.113351  Test MSE: 0.111451
Test MSE did not improve.. Counter 25/100
Epoch: 247/1000   Training Loss: 0.040448  Test Loss: 0.109812  Test MSE: 0.106241
Test MSE improved from 0.107080 -> 0.106241
Epoch: 248/1000   Training Loss: 0.040489  Test Loss: 0.107868  Test MSE: 0.106445
Test MSE did not improve.. Counter 1/100
Epoch: 249/1000   Training Loss: 0.042406  Test Loss: 0.114575  Test MSE: 0.113248
Test MSE did not improve.. Counter 2/100
Epoch: 250/1000   Training Loss: 0.040299  Test Loss: 0.110458  Test MSE: 0.108928
Test MSE did not improve.. Counter 3/100
Epoch: 251/1000   Training Loss: 0.038956  Test Loss: 0.110048  Test MSE: 0.108691
Test MSE did not improve.. Counter 4/100
Epoch: 252/1000   Training Loss: 0.039538  Test Loss: 0.104673  Test MSE: 0.103506
Test MSE improved from 0.106241 -> 0.103506
Epoch: 253/1000   Training Loss: 0.042995  Test Loss: 0.113751  Test MSE: 0.111727
Test MSE did not improve.. Counter 1/100
Epoch: 254/1000   Training Loss: 0.039461  Test Loss: 0.114689  Test MSE: 0.112260
Test MSE did not improve.. Counter 2/100
Epoch: 255/1000   Training Loss: 0.042537  Test Loss: 0.115744  Test MSE: 0.114210
Test MSE did not improve.. Counter 3/100
Epoch: 256/1000   Training Loss: 0.040852  Test Loss: 0.107936  Test MSE: 0.105859
Test MSE did not improve.. Counter 4/100
Epoch: 257/1000   Training Loss: 0.039212  Test Loss: 0.109858  Test MSE: 0.108278
Test MSE did not improve.. Counter 5/100
Epoch: 258/1000   Training Loss: 0.037629  Test Loss: 0.111631  Test MSE: 0.109342
Test MSE did not improve.. Counter 6/100
Epoch: 259/1000   Training Loss: 0.038943  Test Loss: 0.111704  Test MSE: 0.108934
Test MSE did not improve.. Counter 7/100
Epoch: 260/1000   Training Loss: 0.038962  Test Loss: 0.106564  Test MSE: 0.103651
Test MSE did not improve.. Counter 8/100
Epoch: 261/1000   Training Loss: 0.040786  Test Loss: 0.119081  Test MSE: 0.116080
Test MSE did not improve.. Counter 9/100
Epoch: 262/1000   Training Loss: 0.042489  Test Loss: 0.110099  Test MSE: 0.108794
Test MSE did not improve.. Counter 10/100
Epoch: 263/1000   Training Loss: 0.037886  Test Loss: 0.106409  Test MSE: 0.104394
Test MSE did not improve.. Counter 11/100
Epoch: 264/1000   Training Loss: 0.036936  Test Loss: 0.110717  Test MSE: 0.107588
Test MSE did not improve.. Counter 12/100
Epoch: 265/1000   Training Loss: 0.038847  Test Loss: 0.108432  Test MSE: 0.107185
Test MSE did not improve.. Counter 13/100
Epoch: 266/1000   Training Loss: 0.041051  Test Loss: 0.109621  Test MSE: 0.107413
Test MSE did not improve.. Counter 14/100
Epoch: 267/1000   Training Loss: 0.038449  Test Loss: 0.109821  Test MSE: 0.106958
Test MSE did not improve.. Counter 15/100
Epoch: 268/1000   Training Loss: 0.039203  Test Loss: 0.108802  Test MSE: 0.107154
Test MSE did not improve.. Counter 16/100
Epoch: 269/1000   Training Loss: 0.040556  Test Loss: 0.112688  Test MSE: 0.110707
Test MSE did not improve.. Counter 17/100
Epoch: 270/1000   Training Loss: 0.038392  Test Loss: 0.109809  Test MSE: 0.107397
Test MSE did not improve.. Counter 18/100
Epoch: 271/1000   Training Loss: 0.036972  Test Loss: 0.108666  Test MSE: 0.105949
Test MSE did not improve.. Counter 19/100
Epoch: 272/1000   Training Loss: 0.037494  Test Loss: 0.103268  Test MSE: 0.101458
Test MSE improved from 0.103506 -> 0.101458
Epoch: 273/1000   Training Loss: 0.038726  Test Loss: 0.109451  Test MSE: 0.107579
Test MSE did not improve.. Counter 1/100
Epoch: 274/1000   Training Loss: 0.039514  Test Loss: 0.110487  Test MSE: 0.109300
Test MSE did not improve.. Counter 2/100
Epoch: 275/1000   Training Loss: 0.037952  Test Loss: 0.112525  Test MSE: 0.110362
Test MSE did not improve.. Counter 3/100
Epoch: 276/1000   Training Loss: 0.037026  Test Loss: 0.109602  Test MSE: 0.107284
Test MSE did not improve.. Counter 4/100
Epoch: 277/1000   Training Loss: 0.037761  Test Loss: 0.114963  Test MSE: 0.112414
Test MSE did not improve.. Counter 5/100
Epoch: 278/1000   Training Loss: 0.040624  Test Loss: 0.113943  Test MSE: 0.111658
Test MSE did not improve.. Counter 6/100
Epoch: 279/1000   Training Loss: 0.040748  Test Loss: 0.107716  Test MSE: 0.105133
Test MSE did not improve.. Counter 7/100
Epoch: 280/1000   Training Loss: 0.036102  Test Loss: 0.105324  Test MSE: 0.103767
Test MSE did not improve.. Counter 8/100
Epoch: 281/1000   Training Loss: 0.036939  Test Loss: 0.104582  Test MSE: 0.102748
Test MSE did not improve.. Counter 9/100
Epoch: 282/1000   Training Loss: 0.036388  Test Loss: 0.104696  Test MSE: 0.103124
Test MSE did not improve.. Counter 10/100
Epoch: 283/1000   Training Loss: 0.036624  Test Loss: 0.108869  Test MSE: 0.106750
Test MSE did not improve.. Counter 11/100
Epoch: 284/1000   Training Loss: 0.038705  Test Loss: 0.102711  Test MSE: 0.102129
Test MSE did not improve.. Counter 12/100
Epoch: 285/1000   Training Loss: 0.035948  Test Loss: 0.108416  Test MSE: 0.105918
Test MSE did not improve.. Counter 13/100
Epoch: 286/1000   Training Loss: 0.035529  Test Loss: 0.107390  Test MSE: 0.106072
Test MSE did not improve.. Counter 14/100
Epoch: 287/1000   Training Loss: 0.036956  Test Loss: 0.111367  Test MSE: 0.107901
Test MSE did not improve.. Counter 15/100
Epoch: 288/1000   Training Loss: 0.034092  Test Loss: 0.116352  Test MSE: 0.113432
Test MSE did not improve.. Counter 16/100
Epoch: 289/1000   Training Loss: 0.035636  Test Loss: 0.108938  Test MSE: 0.107051
Test MSE did not improve.. Counter 17/100
Epoch: 290/1000   Training Loss: 0.036212  Test Loss: 0.114276  Test MSE: 0.113260
Test MSE did not improve.. Counter 18/100
Epoch: 291/1000   Training Loss: 0.037328  Test Loss: 0.108837  Test MSE: 0.106095
Test MSE did not improve.. Counter 19/100
Epoch: 292/1000   Training Loss: 0.039692  Test Loss: 0.109084  Test MSE: 0.107614
Test MSE did not improve.. Counter 20/100
Epoch: 293/1000   Training Loss: 0.037103  Test Loss: 0.108396  Test MSE: 0.107060
Test MSE did not improve.. Counter 21/100
Epoch: 294/1000   Training Loss: 0.037415  Test Loss: 0.108329  Test MSE: 0.106757
Test MSE did not improve.. Counter 22/100
Epoch: 295/1000   Training Loss: 0.036327  Test Loss: 0.105010  Test MSE: 0.103751
Test MSE did not improve.. Counter 23/100
Epoch: 296/1000   Training Loss: 0.037492  Test Loss: 0.107018  Test MSE: 0.105126
Test MSE did not improve.. Counter 24/100
Epoch: 297/1000   Training Loss: 0.036092  Test Loss: 0.111614  Test MSE: 0.109293
Test MSE did not improve.. Counter 25/100
Epoch: 298/1000   Training Loss: 0.035813  Test Loss: 0.109242  Test MSE: 0.105874
Test MSE did not improve.. Counter 26/100
Epoch: 299/1000   Training Loss: 0.036887  Test Loss: 0.106692  Test MSE: 0.105877
Test MSE did not improve.. Counter 27/100
Epoch: 300/1000   Training Loss: 0.035271  Test Loss: 0.111599  Test MSE: 0.108337
Test MSE did not improve.. Counter 28/100
Epoch: 301/1000   Training Loss: 0.035488  Test Loss: 0.110587  Test MSE: 0.108935
Test MSE did not improve.. Counter 29/100
Epoch: 302/1000   Training Loss: 0.036604  Test Loss: 0.106940  Test MSE: 0.104267
Test MSE did not improve.. Counter 30/100
Epoch: 303/1000   Training Loss: 0.036082  Test Loss: 0.101771  Test MSE: 0.100618
Test MSE improved from 0.101458 -> 0.100618
Epoch: 304/1000   Training Loss: 0.035325  Test Loss: 0.104147  Test MSE: 0.102218
Test MSE did not improve.. Counter 1/100
Epoch: 305/1000   Training Loss: 0.035380  Test Loss: 0.110650  Test MSE: 0.107135
Test MSE did not improve.. Counter 2/100
Epoch: 306/1000   Training Loss: 0.036043  Test Loss: 0.108615  Test MSE: 0.106079
Test MSE did not improve.. Counter 3/100
Epoch: 307/1000   Training Loss: 0.034905  Test Loss: 0.105172  Test MSE: 0.103893
Test MSE did not improve.. Counter 4/100
Epoch: 308/1000   Training Loss: 0.035038  Test Loss: 0.105789  Test MSE: 0.103849
Test MSE did not improve.. Counter 5/100
Epoch: 309/1000   Training Loss: 0.035628  Test Loss: 0.111856  Test MSE: 0.109664
Test MSE did not improve.. Counter 6/100
Epoch: 310/1000   Training Loss: 0.036720  Test Loss: 0.109658  Test MSE: 0.106146
Test MSE did not improve.. Counter 7/100
Epoch: 311/1000   Training Loss: 0.034961  Test Loss: 0.105435  Test MSE: 0.103366
Test MSE did not improve.. Counter 8/100
Epoch: 312/1000   Training Loss: 0.036385  Test Loss: 0.110787  Test MSE: 0.108791
Test MSE did not improve.. Counter 9/100
Epoch: 313/1000   Training Loss: 0.039004  Test Loss: 0.113861  Test MSE: 0.111323
Test MSE did not improve.. Counter 10/100
Epoch: 314/1000   Training Loss: 0.038695  Test Loss: 0.109020  Test MSE: 0.105332
Test MSE did not improve.. Counter 11/100
Epoch: 315/1000   Training Loss: 0.036364  Test Loss: 0.108525  Test MSE: 0.105965
Test MSE did not improve.. Counter 12/100
Epoch: 316/1000   Training Loss: 0.034979  Test Loss: 0.104694  Test MSE: 0.103331
Test MSE did not improve.. Counter 13/100
Epoch: 317/1000   Training Loss: 0.035432  Test Loss: 0.106792  Test MSE: 0.105086
Test MSE did not improve.. Counter 14/100
Epoch: 318/1000   Training Loss: 0.033756  Test Loss: 0.114736  Test MSE: 0.111318
Test MSE did not improve.. Counter 15/100
Epoch: 319/1000   Training Loss: 0.032972  Test Loss: 0.114404  Test MSE: 0.110632
Test MSE did not improve.. Counter 16/100
Epoch: 320/1000   Training Loss: 0.035020  Test Loss: 0.108125  Test MSE: 0.105805
Test MSE did not improve.. Counter 17/100
Epoch: 321/1000   Training Loss: 0.032900  Test Loss: 0.111451  Test MSE: 0.108685
Test MSE did not improve.. Counter 18/100
Epoch: 322/1000   Training Loss: 0.034774  Test Loss: 0.113872  Test MSE: 0.110773
Test MSE did not improve.. Counter 19/100
Epoch: 323/1000   Training Loss: 0.034353  Test Loss: 0.107880  Test MSE: 0.105448
Test MSE did not improve.. Counter 20/100
Epoch: 324/1000   Training Loss: 0.034765  Test Loss: 0.108952  Test MSE: 0.107807
Test MSE did not improve.. Counter 21/100
Epoch: 325/1000   Training Loss: 0.037448  Test Loss: 0.108080  Test MSE: 0.105393
Test MSE did not improve.. Counter 22/100
Epoch: 326/1000   Training Loss: 0.035373  Test Loss: 0.105432  Test MSE: 0.104076
Test MSE did not improve.. Counter 23/100
Epoch: 327/1000   Training Loss: 0.034232  Test Loss: 0.109128  Test MSE: 0.105713
Test MSE did not improve.. Counter 24/100
Epoch: 328/1000   Training Loss: 0.035316  Test Loss: 0.105609  Test MSE: 0.103363
Test MSE did not improve.. Counter 25/100
Epoch: 329/1000   Training Loss: 0.033619  Test Loss: 0.110408  Test MSE: 0.108634
Test MSE did not improve.. Counter 26/100
Epoch: 330/1000   Training Loss: 0.035080  Test Loss: 0.107836  Test MSE: 0.105295
Test MSE did not improve.. Counter 27/100
Epoch: 331/1000   Training Loss: 0.034822  Test Loss: 0.109257  Test MSE: 0.105777
Test MSE did not improve.. Counter 28/100
Epoch: 332/1000   Training Loss: 0.033158  Test Loss: 0.106003  Test MSE: 0.103114
Test MSE did not improve.. Counter 29/100
Epoch: 333/1000   Training Loss: 0.033848  Test Loss: 0.110101  Test MSE: 0.107197
Test MSE did not improve.. Counter 30/100
Epoch: 334/1000   Training Loss: 0.032549  Test Loss: 0.101985  Test MSE: 0.099318
Test MSE improved from 0.100618 -> 0.099318
Epoch: 335/1000   Training Loss: 0.032052  Test Loss: 0.105543  Test MSE: 0.102507
Test MSE did not improve.. Counter 1/100
Epoch: 336/1000   Training Loss: 0.032441  Test Loss: 0.107145  Test MSE: 0.104161
Test MSE did not improve.. Counter 2/100
Epoch: 337/1000   Training Loss: 0.033303  Test Loss: 0.107636  Test MSE: 0.104700
Test MSE did not improve.. Counter 3/100
Epoch: 338/1000   Training Loss: 0.034651  Test Loss: 0.108769  Test MSE: 0.105236
Test MSE did not improve.. Counter 4/100
Epoch: 339/1000   Training Loss: 0.036758  Test Loss: 0.110007  Test MSE: 0.106908
Test MSE did not improve.. Counter 5/100
Epoch: 340/1000   Training Loss: 0.032587  Test Loss: 0.107773  Test MSE: 0.105247
Test MSE did not improve.. Counter 6/100
Epoch: 341/1000   Training Loss: 0.035104  Test Loss: 0.110941  Test MSE: 0.108991
Test MSE did not improve.. Counter 7/100
Epoch: 342/1000   Training Loss: 0.034808  Test Loss: 0.111064  Test MSE: 0.107882
Test MSE did not improve.. Counter 8/100
Epoch: 343/1000   Training Loss: 0.033056  Test Loss: 0.103678  Test MSE: 0.101926
Test MSE did not improve.. Counter 9/100
Epoch: 344/1000   Training Loss: 0.034854  Test Loss: 0.101259  Test MSE: 0.098871
Test MSE improved from 0.099318 -> 0.098871
Epoch: 345/1000   Training Loss: 0.036735  Test Loss: 0.107669  Test MSE: 0.106620
Test MSE did not improve.. Counter 1/100
Epoch: 346/1000   Training Loss: 0.033486  Test Loss: 0.108849  Test MSE: 0.105965
Test MSE did not improve.. Counter 2/100
Epoch: 347/1000   Training Loss: 0.034072  Test Loss: 0.108905  Test MSE: 0.106848
Test MSE did not improve.. Counter 3/100
Epoch: 348/1000   Training Loss: 0.032533  Test Loss: 0.111005  Test MSE: 0.107562
Test MSE did not improve.. Counter 4/100
Epoch: 349/1000   Training Loss: 0.032010  Test Loss: 0.107108  Test MSE: 0.104375
Test MSE did not improve.. Counter 5/100
Epoch: 350/1000   Training Loss: 0.034105  Test Loss: 0.110675  Test MSE: 0.108406
Test MSE did not improve.. Counter 6/100
Epoch: 351/1000   Training Loss: 0.033993  Test Loss: 0.109595  Test MSE: 0.107606
Test MSE did not improve.. Counter 7/100
Epoch: 352/1000   Training Loss: 0.034258  Test Loss: 0.106976  Test MSE: 0.104228
Test MSE did not improve.. Counter 8/100
Epoch: 353/1000   Training Loss: 0.033027  Test Loss: 0.103159  Test MSE: 0.100924
Test MSE did not improve.. Counter 9/100
Epoch: 354/1000   Training Loss: 0.031831  Test Loss: 0.107010  Test MSE: 0.104734
Test MSE did not improve.. Counter 10/100
Epoch: 355/1000   Training Loss: 0.032578  Test Loss: 0.105606  Test MSE: 0.103253
Test MSE did not improve.. Counter 11/100
Epoch: 356/1000   Training Loss: 0.032101  Test Loss: 0.109781  Test MSE: 0.106195
Test MSE did not improve.. Counter 12/100
Epoch: 357/1000   Training Loss: 0.030883  Test Loss: 0.106519  Test MSE: 0.103698
Test MSE did not improve.. Counter 13/100
Epoch: 358/1000   Training Loss: 0.030103  Test Loss: 0.108418  Test MSE: 0.105132
Test MSE did not improve.. Counter 14/100
Epoch: 359/1000   Training Loss: 0.032394  Test Loss: 0.103408  Test MSE: 0.100456
Test MSE did not improve.. Counter 15/100
Epoch: 360/1000   Training Loss: 0.031898  Test Loss: 0.104972  Test MSE: 0.102312
Test MSE did not improve.. Counter 16/100
Epoch: 361/1000   Training Loss: 0.030507  Test Loss: 0.106054  Test MSE: 0.103615
Test MSE did not improve.. Counter 17/100
Epoch: 362/1000   Training Loss: 0.032951  Test Loss: 0.104320  Test MSE: 0.101291
Test MSE did not improve.. Counter 18/100
Epoch: 363/1000   Training Loss: 0.032093  Test Loss: 0.111619  Test MSE: 0.109247
Test MSE did not improve.. Counter 19/100
Epoch: 364/1000   Training Loss: 0.031740  Test Loss: 0.109595  Test MSE: 0.105922
Test MSE did not improve.. Counter 20/100
Epoch: 365/1000   Training Loss: 0.031192  Test Loss: 0.108719  Test MSE: 0.105278
Test MSE did not improve.. Counter 21/100
Epoch: 366/1000   Training Loss: 0.030512  Test Loss: 0.105767  Test MSE: 0.103257
Test MSE did not improve.. Counter 22/100
Epoch: 367/1000   Training Loss: 0.031019  Test Loss: 0.111272  Test MSE: 0.107369
Test MSE did not improve.. Counter 23/100
Epoch: 368/1000   Training Loss: 0.035417  Test Loss: 0.104199  Test MSE: 0.101407
Test MSE did not improve.. Counter 24/100
Epoch: 369/1000   Training Loss: 0.034126  Test Loss: 0.113532  Test MSE: 0.110918
Test MSE did not improve.. Counter 25/100
Epoch: 370/1000   Training Loss: 0.031304  Test Loss: 0.108751  Test MSE: 0.106773
Test MSE did not improve.. Counter 26/100
Epoch: 371/1000   Training Loss: 0.031040  Test Loss: 0.107145  Test MSE: 0.104231
Test MSE did not improve.. Counter 27/100
Epoch: 372/1000   Training Loss: 0.032087  Test Loss: 0.110582  Test MSE: 0.107979
Test MSE did not improve.. Counter 28/100
Epoch: 373/1000   Training Loss: 0.033204  Test Loss: 0.102613  Test MSE: 0.101537
Test MSE did not improve.. Counter 29/100
Epoch: 374/1000   Training Loss: 0.031659  Test Loss: 0.100385  Test MSE: 0.098965
Test MSE did not improve.. Counter 30/100
Epoch: 375/1000   Training Loss: 0.032440  Test Loss: 0.107282  Test MSE: 0.104714
Test MSE did not improve.. Counter 31/100
Epoch: 376/1000   Training Loss: 0.032866  Test Loss: 0.112010  Test MSE: 0.108767
Test MSE did not improve.. Counter 32/100
Epoch: 377/1000   Training Loss: 0.032681  Test Loss: 0.114945  Test MSE: 0.112396
Test MSE did not improve.. Counter 33/100
Epoch: 378/1000   Training Loss: 0.031496  Test Loss: 0.108850  Test MSE: 0.104416
Test MSE did not improve.. Counter 34/100
Epoch: 379/1000   Training Loss: 0.033413  Test Loss: 0.106954  Test MSE: 0.103675
Test MSE did not improve.. Counter 35/100
Epoch: 380/1000   Training Loss: 0.031071  Test Loss: 0.106316  Test MSE: 0.102815
Test MSE did not improve.. Counter 36/100
Epoch: 381/1000   Training Loss: 0.030836  Test Loss: 0.111979  Test MSE: 0.108490
Test MSE did not improve.. Counter 37/100
Epoch: 382/1000   Training Loss: 0.031354  Test Loss: 0.103624  Test MSE: 0.099788
Test MSE did not improve.. Counter 38/100
Epoch: 383/1000   Training Loss: 0.033549  Test Loss: 0.103821  Test MSE: 0.101564
Test MSE did not improve.. Counter 39/100
Epoch: 384/1000   Training Loss: 0.031274  Test Loss: 0.111974  Test MSE: 0.107680
Test MSE did not improve.. Counter 40/100
Epoch: 385/1000   Training Loss: 0.031865  Test Loss: 0.115316  Test MSE: 0.112518
Test MSE did not improve.. Counter 41/100
Epoch: 386/1000   Training Loss: 0.031103  Test Loss: 0.115563  Test MSE: 0.112155
Test MSE did not improve.. Counter 42/100
Epoch: 387/1000   Training Loss: 0.029648  Test Loss: 0.108564  Test MSE: 0.105017
Test MSE did not improve.. Counter 43/100
Epoch: 388/1000   Training Loss: 0.028823  Test Loss: 0.108701  Test MSE: 0.104876
Test MSE did not improve.. Counter 44/100
Epoch: 389/1000   Training Loss: 0.030934  Test Loss: 0.105832  Test MSE: 0.102857
Test MSE did not improve.. Counter 45/100
Epoch: 390/1000   Training Loss: 0.033753  Test Loss: 0.111214  Test MSE: 0.109166
Test MSE did not improve.. Counter 46/100
Epoch: 391/1000   Training Loss: 0.030418  Test Loss: 0.104581  Test MSE: 0.100226
Test MSE did not improve.. Counter 47/100
Epoch: 392/1000   Training Loss: 0.031164  Test Loss: 0.113088  Test MSE: 0.109853
Test MSE did not improve.. Counter 48/100
Epoch: 393/1000   Training Loss: 0.030411  Test Loss: 0.105973  Test MSE: 0.102602
Test MSE did not improve.. Counter 49/100
Epoch: 394/1000   Training Loss: 0.030267  Test Loss: 0.105556  Test MSE: 0.102660
Test MSE did not improve.. Counter 50/100
Epoch: 395/1000   Training Loss: 0.029516  Test Loss: 0.105657  Test MSE: 0.102211
Test MSE did not improve.. Counter 51/100
Epoch: 396/1000   Training Loss: 0.030470  Test Loss: 0.097798  Test MSE: 0.094889
Test MSE improved from 0.098871 -> 0.094889
Epoch: 397/1000   Training Loss: 0.028380  Test Loss: 0.100621  Test MSE: 0.097930
Test MSE did not improve.. Counter 1/100
Epoch: 398/1000   Training Loss: 0.030280  Test Loss: 0.105972  Test MSE: 0.102708
Test MSE did not improve.. Counter 2/100
Epoch: 399/1000   Training Loss: 0.030930  Test Loss: 0.102973  Test MSE: 0.099816
Test MSE did not improve.. Counter 3/100
Epoch: 400/1000   Training Loss: 0.032152  Test Loss: 0.111015  Test MSE: 0.108075
Test MSE did not improve.. Counter 4/100
Epoch: 401/1000   Training Loss: 0.032739  Test Loss: 0.110952  Test MSE: 0.106925
Test MSE did not improve.. Counter 5/100
Epoch: 402/1000   Training Loss: 0.032488  Test Loss: 0.106254  Test MSE: 0.103423
Test MSE did not improve.. Counter 6/100
Epoch: 403/1000   Training Loss: 0.030670  Test Loss: 0.111774  Test MSE: 0.108150
Test MSE did not improve.. Counter 7/100
Epoch: 404/1000   Training Loss: 0.029998  Test Loss: 0.100564  Test MSE: 0.098092
Test MSE did not improve.. Counter 8/100
Epoch: 405/1000   Training Loss: 0.028891  Test Loss: 0.105660  Test MSE: 0.102678
Test MSE did not improve.. Counter 9/100
Epoch: 406/1000   Training Loss: 0.030200  Test Loss: 0.110176  Test MSE: 0.105942
Test MSE did not improve.. Counter 10/100
Epoch: 407/1000   Training Loss: 0.031387  Test Loss: 0.101778  Test MSE: 0.100229
Test MSE did not improve.. Counter 11/100
Epoch: 408/1000   Training Loss: 0.030553  Test Loss: 0.101887  Test MSE: 0.098691
Test MSE did not improve.. Counter 12/100
Epoch: 409/1000   Training Loss: 0.030540  Test Loss: 0.101769  Test MSE: 0.099627
Test MSE did not improve.. Counter 13/100
Epoch: 410/1000   Training Loss: 0.029681  Test Loss: 0.105587  Test MSE: 0.102955
Test MSE did not improve.. Counter 14/100
Epoch: 411/1000   Training Loss: 0.030266  Test Loss: 0.106017  Test MSE: 0.103721
Test MSE did not improve.. Counter 15/100
Epoch: 412/1000   Training Loss: 0.029154  Test Loss: 0.103460  Test MSE: 0.102474
Test MSE did not improve.. Counter 16/100
Epoch: 413/1000   Training Loss: 0.029956  Test Loss: 0.105668  Test MSE: 0.103712
Test MSE did not improve.. Counter 17/100
Epoch: 414/1000   Training Loss: 0.030013  Test Loss: 0.109250  Test MSE: 0.106368
Test MSE did not improve.. Counter 18/100
Epoch: 415/1000   Training Loss: 0.031140  Test Loss: 0.110292  Test MSE: 0.105844
Test MSE did not improve.. Counter 19/100
Epoch: 416/1000   Training Loss: 0.034037  Test Loss: 0.104728  Test MSE: 0.103799
Test MSE did not improve.. Counter 20/100
Epoch: 417/1000   Training Loss: 0.034956  Test Loss: 0.102660  Test MSE: 0.099730
Test MSE did not improve.. Counter 21/100
Epoch: 418/1000   Training Loss: 0.037563  Test Loss: 0.104878  Test MSE: 0.101242
Test MSE did not improve.. Counter 22/100
Epoch: 419/1000   Training Loss: 0.030787  Test Loss: 0.104638  Test MSE: 0.100626
Test MSE did not improve.. Counter 23/100
Epoch: 420/1000   Training Loss: 0.031171  Test Loss: 0.104123  Test MSE: 0.101185
Test MSE did not improve.. Counter 24/100
Epoch: 421/1000   Training Loss: 0.031790  Test Loss: 0.111419  Test MSE: 0.107403
Test MSE did not improve.. Counter 25/100
Epoch: 422/1000   Training Loss: 0.029615  Test Loss: 0.108892  Test MSE: 0.105896
Test MSE did not improve.. Counter 26/100
Epoch: 423/1000   Training Loss: 0.029330  Test Loss: 0.103278  Test MSE: 0.100150
Test MSE did not improve.. Counter 27/100
Epoch: 424/1000   Training Loss: 0.029350  Test Loss: 0.106859  Test MSE: 0.104106
Test MSE did not improve.. Counter 28/100
Epoch: 425/1000   Training Loss: 0.029494  Test Loss: 0.110163  Test MSE: 0.106206
Test MSE did not improve.. Counter 29/100
Epoch: 426/1000   Training Loss: 0.029851  Test Loss: 0.103098  Test MSE: 0.099514
Test MSE did not improve.. Counter 30/100
Epoch: 427/1000   Training Loss: 0.027493  Test Loss: 0.108421  Test MSE: 0.105441
Test MSE did not improve.. Counter 31/100
Epoch: 428/1000   Training Loss: 0.029647  Test Loss: 0.106170  Test MSE: 0.102532
Test MSE did not improve.. Counter 32/100
Epoch: 429/1000   Training Loss: 0.029289  Test Loss: 0.104707  Test MSE: 0.102045
Test MSE did not improve.. Counter 33/100
Epoch: 430/1000   Training Loss: 0.031172  Test Loss: 0.102324  Test MSE: 0.098970
Test MSE did not improve.. Counter 34/100
Epoch: 431/1000   Training Loss: 0.030194  Test Loss: 0.105286  Test MSE: 0.101655
Test MSE did not improve.. Counter 35/100
Epoch: 432/1000   Training Loss: 0.030739  Test Loss: 0.103985  Test MSE: 0.101087
Test MSE did not improve.. Counter 36/100
Epoch: 433/1000   Training Loss: 0.033268  Test Loss: 0.105796  Test MSE: 0.102616
Test MSE did not improve.. Counter 37/100
Epoch: 434/1000   Training Loss: 0.030029  Test Loss: 0.100772  Test MSE: 0.097912
Test MSE did not improve.. Counter 38/100
Epoch: 435/1000   Training Loss: 0.029334  Test Loss: 0.100808  Test MSE: 0.097861
Test MSE did not improve.. Counter 39/100
Epoch: 436/1000   Training Loss: 0.030657  Test Loss: 0.104909  Test MSE: 0.101379
Test MSE did not improve.. Counter 40/100
Epoch: 437/1000   Training Loss: 0.030706  Test Loss: 0.101828  Test MSE: 0.098980
Test MSE did not improve.. Counter 41/100
Epoch: 438/1000   Training Loss: 0.031022  Test Loss: 0.108986  Test MSE: 0.105765
Test MSE did not improve.. Counter 42/100
Epoch: 439/1000   Training Loss: 0.030975  Test Loss: 0.097269  Test MSE: 0.094743
Test MSE improved from 0.094889 -> 0.094743
Epoch: 440/1000   Training Loss: 0.027389  Test Loss: 0.099124  Test MSE: 0.095598
Test MSE did not improve.. Counter 1/100
Epoch: 441/1000   Training Loss: 0.027580  Test Loss: 0.103106  Test MSE: 0.100771
Test MSE did not improve.. Counter 2/100
Epoch: 442/1000   Training Loss: 0.027756  Test Loss: 0.099963  Test MSE: 0.097151
Test MSE did not improve.. Counter 3/100
Epoch: 443/1000   Training Loss: 0.027509  Test Loss: 0.104455  Test MSE: 0.102637
Test MSE did not improve.. Counter 4/100
Epoch: 444/1000   Training Loss: 0.028027  Test Loss: 0.102622  Test MSE: 0.099609
Test MSE did not improve.. Counter 5/100
Epoch: 445/1000   Training Loss: 0.029215  Test Loss: 0.106857  Test MSE: 0.104037
Test MSE did not improve.. Counter 6/100
Epoch: 446/1000   Training Loss: 0.031059  Test Loss: 0.104726  Test MSE: 0.101061
Test MSE did not improve.. Counter 7/100
Epoch: 447/1000   Training Loss: 0.028781  Test Loss: 0.105993  Test MSE: 0.102479
Test MSE did not improve.. Counter 8/100
Epoch: 448/1000   Training Loss: 0.029653  Test Loss: 0.104896  Test MSE: 0.101323
Test MSE did not improve.. Counter 9/100
Epoch: 449/1000   Training Loss: 0.027888  Test Loss: 0.104434  Test MSE: 0.101253
Test MSE did not improve.. Counter 10/100
Epoch: 450/1000   Training Loss: 0.027702  Test Loss: 0.100818  Test MSE: 0.098436
Test MSE did not improve.. Counter 11/100
Epoch: 451/1000   Training Loss: 0.029141  Test Loss: 0.102277  Test MSE: 0.099329
Test MSE did not improve.. Counter 12/100
Epoch: 452/1000   Training Loss: 0.028851  Test Loss: 0.102935  Test MSE: 0.100132
Test MSE did not improve.. Counter 13/100
Epoch: 453/1000   Training Loss: 0.029063  Test Loss: 0.103933  Test MSE: 0.102018
Test MSE did not improve.. Counter 14/100
Epoch: 454/1000   Training Loss: 0.029021  Test Loss: 0.109925  Test MSE: 0.106218
Test MSE did not improve.. Counter 15/100
Epoch: 455/1000   Training Loss: 0.030261  Test Loss: 0.103259  Test MSE: 0.101471
Test MSE did not improve.. Counter 16/100
Epoch: 456/1000   Training Loss: 0.031073  Test Loss: 0.102507  Test MSE: 0.099871
Test MSE did not improve.. Counter 17/100
Epoch: 457/1000   Training Loss: 0.028347  Test Loss: 0.101632  Test MSE: 0.098113
Test MSE did not improve.. Counter 18/100
Epoch: 458/1000   Training Loss: 0.027461  Test Loss: 0.105410  Test MSE: 0.101686
Test MSE did not improve.. Counter 19/100
Epoch: 459/1000   Training Loss: 0.027574  Test Loss: 0.101974  Test MSE: 0.100340
Test MSE did not improve.. Counter 20/100
Epoch: 460/1000   Training Loss: 0.026819  Test Loss: 0.102879  Test MSE: 0.100175
Test MSE did not improve.. Counter 21/100
Epoch: 461/1000   Training Loss: 0.027924  Test Loss: 0.103038  Test MSE: 0.099778
Test MSE did not improve.. Counter 22/100
Epoch: 462/1000   Training Loss: 0.029139  Test Loss: 0.104083  Test MSE: 0.101079
Test MSE did not improve.. Counter 23/100
Epoch: 463/1000   Training Loss: 0.028452  Test Loss: 0.102551  Test MSE: 0.099689
Test MSE did not improve.. Counter 24/100
Epoch: 464/1000   Training Loss: 0.032945  Test Loss: 0.102439  Test MSE: 0.098276
Test MSE did not improve.. Counter 25/100
Epoch: 465/1000   Training Loss: 0.031533  Test Loss: 0.102462  Test MSE: 0.099726
Test MSE did not improve.. Counter 26/100
Epoch: 466/1000   Training Loss: 0.029901  Test Loss: 0.103611  Test MSE: 0.099949
Test MSE did not improve.. Counter 27/100
Epoch: 467/1000   Training Loss: 0.028319  Test Loss: 0.099029  Test MSE: 0.095935
Test MSE did not improve.. Counter 28/100
Epoch: 468/1000   Training Loss: 0.026687  Test Loss: 0.099409  Test MSE: 0.096406
Test MSE did not improve.. Counter 29/100
Epoch: 469/1000   Training Loss: 0.028251  Test Loss: 0.099498  Test MSE: 0.096118
Test MSE did not improve.. Counter 30/100
Epoch: 470/1000   Training Loss: 0.030366  Test Loss: 0.099798  Test MSE: 0.096861
Test MSE did not improve.. Counter 31/100
Epoch: 471/1000   Training Loss: 0.029087  Test Loss: 0.102233  Test MSE: 0.098479
Test MSE did not improve.. Counter 32/100
Epoch: 472/1000   Training Loss: 0.026660  Test Loss: 0.103039  Test MSE: 0.099593
Test MSE did not improve.. Counter 33/100
Epoch: 473/1000   Training Loss: 0.027321  Test Loss: 0.105854  Test MSE: 0.102894
Test MSE did not improve.. Counter 34/100
Epoch: 474/1000   Training Loss: 0.028442  Test Loss: 0.100157  Test MSE: 0.097970
Test MSE did not improve.. Counter 35/100
Epoch: 475/1000   Training Loss: 0.027564  Test Loss: 0.106305  Test MSE: 0.104278
Test MSE did not improve.. Counter 36/100
Epoch: 476/1000   Training Loss: 0.028179  Test Loss: 0.103565  Test MSE: 0.100621
Test MSE did not improve.. Counter 37/100
Epoch: 477/1000   Training Loss: 0.028957  Test Loss: 0.099966  Test MSE: 0.096580
Test MSE did not improve.. Counter 38/100
Epoch: 478/1000   Training Loss: 0.031059  Test Loss: 0.108008  Test MSE: 0.104656
Test MSE did not improve.. Counter 39/100
Epoch: 479/1000   Training Loss: 0.029147  Test Loss: 0.100955  Test MSE: 0.098838
Test MSE did not improve.. Counter 40/100
Epoch: 480/1000   Training Loss: 0.029195  Test Loss: 0.108209  Test MSE: 0.104931
Test MSE did not improve.. Counter 41/100
Epoch: 481/1000   Training Loss: 0.029117  Test Loss: 0.105897  Test MSE: 0.103686
Test MSE did not improve.. Counter 42/100
Epoch: 482/1000   Training Loss: 0.028248  Test Loss: 0.101719  Test MSE: 0.099223
Test MSE did not improve.. Counter 43/100
Epoch: 483/1000   Training Loss: 0.027848  Test Loss: 0.105152  Test MSE: 0.102602
Test MSE did not improve.. Counter 44/100
Epoch: 484/1000   Training Loss: 0.028847  Test Loss: 0.104085  Test MSE: 0.100428
Test MSE did not improve.. Counter 45/100
Epoch: 485/1000   Training Loss: 0.027520  Test Loss: 0.097075  Test MSE: 0.094567
Test MSE improved from 0.094743 -> 0.094567
Epoch: 486/1000   Training Loss: 0.028130  Test Loss: 0.105700  Test MSE: 0.102505
Test MSE did not improve.. Counter 1/100
Epoch: 487/1000   Training Loss: 0.030353  Test Loss: 0.104084  Test MSE: 0.100043
Test MSE did not improve.. Counter 2/100
Epoch: 488/1000   Training Loss: 0.028454  Test Loss: 0.104208  Test MSE: 0.100891
Test MSE did not improve.. Counter 3/100
Epoch: 489/1000   Training Loss: 0.029697  Test Loss: 0.108773  Test MSE: 0.104988
Test MSE did not improve.. Counter 4/100
Epoch: 490/1000   Training Loss: 0.029810  Test Loss: 0.096243  Test MSE: 0.093131
Test MSE improved from 0.094567 -> 0.093131
Epoch: 491/1000   Training Loss: 0.028432  Test Loss: 0.102392  Test MSE: 0.099619
Test MSE did not improve.. Counter 1/100
Epoch: 492/1000   Training Loss: 0.027306  Test Loss: 0.104599  Test MSE: 0.100744
Test MSE did not improve.. Counter 2/100
Epoch: 493/1000   Training Loss: 0.026944  Test Loss: 0.103619  Test MSE: 0.100155
Test MSE did not improve.. Counter 3/100
Epoch: 494/1000   Training Loss: 0.029242  Test Loss: 0.109699  Test MSE: 0.106565
Test MSE did not improve.. Counter 4/100
Epoch: 495/1000   Training Loss: 0.028049  Test Loss: 0.105848  Test MSE: 0.102735
Test MSE did not improve.. Counter 5/100
Epoch: 496/1000   Training Loss: 0.026803  Test Loss: 0.102805  Test MSE: 0.099505
Test MSE did not improve.. Counter 6/100
Epoch: 497/1000   Training Loss: 0.027055  Test Loss: 0.102628  Test MSE: 0.098623
Test MSE did not improve.. Counter 7/100
Epoch: 498/1000   Training Loss: 0.027850  Test Loss: 0.102848  Test MSE: 0.099625
Test MSE did not improve.. Counter 8/100
Epoch: 499/1000   Training Loss: 0.028236  Test Loss: 0.100208  Test MSE: 0.097550
Test MSE did not improve.. Counter 9/100
Epoch: 500/1000   Training Loss: 0.027385  Test Loss: 0.107297  Test MSE: 0.103414
Test MSE did not improve.. Counter 10/100
Epoch: 501/1000   Training Loss: 0.028246  Test Loss: 0.101368  Test MSE: 0.097526
Test MSE did not improve.. Counter 11/100
Epoch: 502/1000   Training Loss: 0.027464  Test Loss: 0.099261  Test MSE: 0.096358
Test MSE did not improve.. Counter 12/100
Epoch: 503/1000   Training Loss: 0.027037  Test Loss: 0.099550  Test MSE: 0.097227
Test MSE did not improve.. Counter 13/100
Epoch: 504/1000   Training Loss: 0.026859  Test Loss: 0.099523  Test MSE: 0.096746
Test MSE did not improve.. Counter 14/100
Epoch: 505/1000   Training Loss: 0.027118  Test Loss: 0.102987  Test MSE: 0.098818
Test MSE did not improve.. Counter 15/100
Epoch: 506/1000   Training Loss: 0.027322  Test Loss: 0.095292  Test MSE: 0.093044
Test MSE improved from 0.093131 -> 0.093044
Epoch: 507/1000   Training Loss: 0.027236  Test Loss: 0.101025  Test MSE: 0.098195
Test MSE did not improve.. Counter 1/100
Epoch: 508/1000   Training Loss: 0.028632  Test Loss: 0.104156  Test MSE: 0.101984
Test MSE did not improve.. Counter 2/100
Epoch: 509/1000   Training Loss: 0.028149  Test Loss: 0.100078  Test MSE: 0.097455
Test MSE did not improve.. Counter 3/100
Epoch: 510/1000   Training Loss: 0.025794  Test Loss: 0.109135  Test MSE: 0.104981
Test MSE did not improve.. Counter 4/100
Epoch: 511/1000   Training Loss: 0.026177  Test Loss: 0.097603  Test MSE: 0.094236
Test MSE did not improve.. Counter 5/100
Epoch: 512/1000   Training Loss: 0.026888  Test Loss: 0.105043  Test MSE: 0.101502
Test MSE did not improve.. Counter 6/100
Epoch: 513/1000   Training Loss: 0.027962  Test Loss: 0.101974  Test MSE: 0.097666
Test MSE did not improve.. Counter 7/100
Epoch: 514/1000   Training Loss: 0.027499  Test Loss: 0.105539  Test MSE: 0.101152
Test MSE did not improve.. Counter 8/100
Epoch: 515/1000   Training Loss: 0.026225  Test Loss: 0.100080  Test MSE: 0.097832
Test MSE did not improve.. Counter 9/100
Epoch: 516/1000   Training Loss: 0.028579  Test Loss: 0.108405  Test MSE: 0.104225
Test MSE did not improve.. Counter 10/100
Epoch: 517/1000   Training Loss: 0.028785  Test Loss: 0.101885  Test MSE: 0.100077
Test MSE did not improve.. Counter 11/100
Epoch: 518/1000   Training Loss: 0.028532  Test Loss: 0.105166  Test MSE: 0.102882
Test MSE did not improve.. Counter 12/100
Epoch: 519/1000   Training Loss: 0.029260  Test Loss: 0.104093  Test MSE: 0.100639
Test MSE did not improve.. Counter 13/100
Epoch: 520/1000   Training Loss: 0.029396  Test Loss: 0.100850  Test MSE: 0.098080
Test MSE did not improve.. Counter 14/100
Epoch: 521/1000   Training Loss: 0.028138  Test Loss: 0.101240  Test MSE: 0.097860
Test MSE did not improve.. Counter 15/100
Epoch: 522/1000   Training Loss: 0.025350  Test Loss: 0.097304  Test MSE: 0.093812
Test MSE did not improve.. Counter 16/100
Epoch: 523/1000   Training Loss: 0.025753  Test Loss: 0.102778  Test MSE: 0.099813
Test MSE did not improve.. Counter 17/100
Epoch: 524/1000   Training Loss: 0.027911Using backend: pytorch
  Test Loss: 0.104484  Test MSE: 0.101385
Test MSE did not improve.. Counter 18/100
Epoch: 525/1000   Training Loss: 0.026365  Test Loss: 0.097392  Test MSE: 0.094636
Test MSE did not improve.. Counter 19/100
Epoch: 526/1000   Training Loss: 0.026529  Test Loss: 0.101438  Test MSE: 0.098678
Test MSE did not improve.. Counter 20/100
Epoch: 527/1000   Training Loss: 0.026932  Test Loss: 0.097491  Test MSE: 0.094445
Test MSE did not improve.. Counter 21/100
Epoch: 528/1000   Training Loss: 0.026447  Test Loss: 0.095702  Test MSE: 0.093291
Test MSE did not improve.. Counter 22/100
Epoch: 529/1000   Training Loss: 0.025468  Test Loss: 0.097029  Test MSE: 0.094907
Test MSE did not improve.. Counter 23/100
Epoch: 530/1000   Training Loss: 0.026017  Test Loss: 0.095165  Test MSE: 0.091555
Test MSE improved from 0.093044 -> 0.091555
Epoch: 531/1000   Training Loss: 0.025659  Test Loss: 0.099822  Test MSE: 0.097165
Test MSE did not improve.. Counter 1/100
Epoch: 532/1000   Training Loss: 0.025359  Test Loss: 0.099679  Test MSE: 0.097544
Test MSE did not improve.. Counter 2/100
Epoch: 533/1000   Training Loss: 0.025972  Test Loss: 0.099428  Test MSE: 0.097346
Test MSE did not improve.. Counter 3/100
Epoch: 534/1000   Training Loss: 0.026965  Test Loss: 0.098887  Test MSE: 0.096007
Test MSE did not improve.. Counter 4/100
Epoch: 535/1000   Training Loss: 0.026231  Test Loss: 0.099392  Test MSE: 0.094988
Test MSE did not improve.. Counter 5/100
Epoch: 536/1000   Training Loss: 0.026069  Test Loss: 0.100328  Test MSE: 0.097428
Test MSE did not improve.. Counter 6/100
Epoch: 537/1000   Training Loss: 0.027576  Test Loss: 0.103212  Test MSE: 0.099251
Test MSE did not improve.. Counter 7/100
Epoch: 538/1000   Training Loss: 0.026802  Test Loss: 0.104504  Test MSE: 0.100359
Test MSE did not improve.. Counter 8/100
Epoch: 539/1000   Training Loss: 0.028391  Test Loss: 0.104060  Test MSE: 0.100360
Test MSE did not improve.. Counter 9/100
Epoch: 540/1000   Training Loss: 0.030173  Test Loss: 0.099402  Test MSE: 0.096317
Test MSE did not improve.. Counter 10/100
Epoch: 541/1000   Training Loss: 0.029583  Test Loss: 0.105953  Test MSE: 0.103817
Test MSE did not improve.. Counter 11/100
Epoch: 542/1000   Training Loss: 0.027755  Test Loss: 0.101995  Test MSE: 0.097885
Test MSE did not improve.. Counter 12/100
Epoch: 543/1000   Training Loss: 0.025475  Test Loss: 0.099540  Test MSE: 0.095762
Test MSE did not improve.. Counter 13/100
Epoch: 544/1000   Training Loss: 0.025363  Test Loss: 0.102919  Test MSE: 0.100375
Test MSE did not improve.. Counter 14/100
Epoch: 545/1000   Training Loss: 0.027874  Test Loss: 0.104521  Test MSE: 0.100755
Test MSE did not improve.. Counter 15/100
Epoch: 546/1000   Training Loss: 0.026725  Test Loss: 0.101208  Test MSE: 0.097959
Test MSE did not improve.. Counter 16/100
Epoch: 547/1000   Training Loss: 0.027362  Test Loss: 0.097334  Test MSE: 0.093054
Test MSE did not improve.. Counter 17/100
Epoch: 548/1000   Training Loss: 0.026853  Test Loss: 0.098028  Test MSE: 0.095144
Test MSE did not improve.. Counter 18/100
Epoch: 549/1000   Training Loss: 0.026490  Test Loss: 0.097669  Test MSE: 0.094536
Test MSE did not improve.. Counter 19/100
Epoch: 550/1000   Training Loss: 0.027023  Test Loss: 0.101212  Test MSE: 0.098773
Test MSE did not improve.. Counter 20/100
Epoch: 551/1000   Training Loss: 0.026663  Test Loss: 0.097588  Test MSE: 0.094206
Test MSE did not improve.. Counter 21/100
Epoch: 552/1000   Training Loss: 0.024344  Test Loss: 0.101331  Test MSE: 0.099560
Test MSE did not improve.. Counter 22/100
Epoch: 553/1000   Training Loss: 0.025406  Test Loss: 0.106721  Test MSE: 0.103946
Test MSE did not improve.. Counter 23/100
Epoch: 554/1000   Training Loss: 0.026088  Test Loss: 0.105000  Test MSE: 0.099616
Test MSE did not improve.. Counter 24/100
Epoch: 555/1000   Training Loss: 0.025865  Test Loss: 0.099345  Test MSE: 0.096191
Test MSE did not improve.. Counter 25/100
Epoch: 556/1000   Training Loss: 0.026558  Test Loss: 0.100165  Test MSE: 0.096931
Test MSE did not improve.. Counter 26/100
Epoch: 557/1000   Training Loss: 0.024133  Test Loss: 0.101514  Test MSE: 0.098915
Test MSE did not improve.. Counter 27/100
Epoch: 558/1000   Training Loss: 0.025853  Test Loss: 0.102836  Test MSE: 0.099015
Test MSE did not improve.. Counter 28/100
Epoch: 559/1000   Training Loss: 0.024875  Test Loss: 0.101645  Test MSE: 0.098413
Test MSE did not improve.. Counter 29/100
Epoch: 560/1000   Training Loss: 0.024507  Test Loss: 0.104933  Test MSE: 0.101008
Test MSE did not improve.. Counter 30/100
Epoch: 561/1000   Training Loss: 0.025081  Test Loss: 0.105508  Test MSE: 0.102541
Test MSE did not improve.. Counter 31/100
Epoch: 562/1000   Training Loss: 0.026975  Test Loss: 0.102821  Test MSE: 0.099057
Test MSE did not improve.. Counter 32/100
Epoch: 563/1000   Training Loss: 0.028486  Test Loss: 0.101972  Test MSE: 0.098099
Test MSE did not improve.. Counter 33/100
Epoch: 564/1000   Training Loss: 0.025505  Test Loss: 0.098361  Test MSE: 0.096031
Test MSE did not improve.. Counter 34/100
Epoch: 565/1000   Training Loss: 0.024140  Test Loss: 0.105788  Test MSE: 0.102039
Test MSE did not improve.. Counter 35/100
Epoch: 566/1000   Training Loss: 0.025265  Test Loss: 0.103737  Test MSE: 0.099258
Test MSE did not improve.. Counter 36/100
Epoch: 567/1000   Training Loss: 0.025026  Test Loss: 0.102110  Test MSE: 0.098831
Test MSE did not improve.. Counter 37/100
Epoch: 568/1000   Training Loss: 0.025997  Test Loss: 0.099910  Test MSE: 0.096003
Test MSE did not improve.. Counter 38/100
Epoch: 569/1000   Training Loss: 0.025759  Test Loss: 0.099729  Test MSE: 0.096685
Test MSE did not improve.. Counter 39/100
Epoch: 570/1000   Training Loss: 0.026568  Test Loss: 0.102135  Test MSE: 0.098608
Test MSE did not improve.. Counter 40/100
Epoch: 571/1000   Training Loss: 0.025933  Test Loss: 0.098515  Test MSE: 0.096765
Test MSE did not improve.. Counter 41/100
Epoch: 572/1000   Training Loss: 0.024672  Test Loss: 0.102012  Test MSE: 0.098571
Test MSE did not improve.. Counter 42/100
Epoch: 573/1000   Training Loss: 0.026350  Test Loss: 0.104137  Test MSE: 0.101383
Test MSE did not improve.. Counter 43/100
Epoch: 574/1000   Training Loss: 0.028303  Test Loss: 0.107621  Test MSE: 0.104041
Test MSE did not improve.. Counter 44/100
Epoch: 575/1000   Training Loss: 0.026446  Test Loss: 0.098224  Test MSE: 0.096269
Test MSE did not improve.. Counter 45/100
Epoch: 576/1000   Training Loss: 0.025335  Test Loss: 0.100304  Test MSE: 0.098582
Test MSE did not improve.. Counter 46/100
Epoch: 577/1000   Training Loss: 0.026390  Test Loss: 0.102457  Test MSE: 0.100697
Test MSE did not improve.. Counter 47/100
Epoch: 578/1000   Training Loss: 0.026887  Test Loss: 0.101994  Test MSE: 0.098776
Test MSE did not improve.. Counter 48/100
Epoch: 579/1000   Training Loss: 0.026764  Test Loss: 0.105366  Test MSE: 0.102558
Test MSE did not improve.. Counter 49/100
Epoch: 580/1000   Training Loss: 0.025006  Test Loss: 0.103554  Test MSE: 0.100983
Test MSE did not improve.. Counter 50/100
Epoch: 581/1000   Training Loss: 0.024252  Test Loss: 0.107620  Test MSE: 0.102490
Test MSE did not improve.. Counter 51/100
Epoch: 582/1000   Training Loss: 0.025183  Test Loss: 0.102199  Test MSE: 0.098046
Test MSE did not improve.. Counter 52/100
Epoch: 583/1000   Training Loss: 0.028018  Test Loss: 0.096090  Test MSE: 0.095267
Test MSE did not improve.. Counter 53/100
Epoch: 584/1000   Training Loss: 0.026731  Test Loss: 0.100807  Test MSE: 0.097281
Test MSE did not improve.. Counter 54/100
Epoch: 585/1000   Training Loss: 0.024485  Test Loss: 0.105668  Test MSE: 0.101078
Test MSE did not improve.. Counter 55/100
Epoch: 586/1000   Training Loss: 0.026425  Test Loss: 0.104090  Test MSE: 0.099866
Test MSE did not improve.. Counter 56/100
Epoch: 587/1000   Training Loss: 0.026127  Test Loss: 0.105823  Test MSE: 0.101075
Test MSE did not improve.. Counter 57/100
Epoch: 588/1000   Training Loss: 0.024684  Test Loss: 0.100262  Test MSE: 0.097252
Test MSE did not improve.. Counter 58/100
Epoch: 589/1000   Training Loss: 0.024006  Test Loss: 0.101900  Test MSE: 0.098873
Test MSE did not improve.. Counter 59/100
Epoch: 590/1000   Training Loss: 0.023974  Test Loss: 0.104430  Test MSE: 0.100419
Test MSE did not improve.. Counter 60/100
Epoch: 591/1000   Training Loss: 0.025203  Test Loss: 0.101696  Test MSE: 0.099031
Test MSE did not improve.. Counter 61/100
Epoch: 592/1000   Training Loss: 0.024666  Test Loss: 0.103493  Test MSE: 0.100380
Test MSE did not improve.. Counter 62/100
Epoch: 593/1000   Training Loss: 0.026303  Test Loss: 0.101547  Test MSE: 0.099318
Test MSE did not improve.. Counter 63/100
Epoch: 594/1000   Training Loss: 0.027457  Test Loss: 0.104645  Test MSE: 0.101317
Test MSE did not improve.. Counter 64/100
Epoch: 595/1000   Training Loss: 0.027218  Test Loss: 0.098687  Test MSE: 0.095222
Test MSE did not improve.. Counter 65/100
Epoch: 596/1000   Training Loss: 0.025188  Test Loss: 0.099633  Test MSE: 0.096526
Test MSE did not improve.. Counter 66/100
Epoch: 597/1000   Training Loss: 0.025945  Test Loss: 0.103684  Test MSE: 0.100239
Test MSE did not improve.. Counter 67/100
Epoch: 598/1000   Training Loss: 0.026071  Test Loss: 0.103717  Test MSE: 0.099865
Test MSE did not improve.. Counter 68/100
Epoch: 599/1000   Training Loss: 0.026752  Test Loss: 0.104422  Test MSE: 0.101387
Test MSE did not improve.. Counter 69/100
Epoch: 600/1000   Training Loss: 0.025750  Test Loss: 0.104213  Test MSE: 0.101374
Test MSE did not improve.. Counter 70/100
Epoch: 601/1000   Training Loss: 0.025268  Test Loss: 0.098940  Test MSE: 0.095566
Test MSE did not improve.. Counter 71/100
Epoch: 602/1000   Training Loss: 0.024671  Test Loss: 0.096740  Test MSE: 0.094521
Test MSE did not improve.. Counter 72/100
Epoch: 603/1000   Training Loss: 0.023643  Test Loss: 0.104850  Test MSE: 0.101074
Test MSE did not improve.. Counter 73/100
Epoch: 604/1000   Training Loss: 0.023883  Test Loss: 0.097870  Test MSE: 0.095509
Test MSE did not improve.. Counter 74/100
Epoch: 605/1000   Training Loss: 0.024202  Test Loss: 0.102706  Test MSE: 0.099188
Test MSE did not improve.. Counter 75/100
Epoch: 606/1000   Training Loss: 0.023557  Test Loss: 0.102039  Test MSE: 0.098748
Test MSE did not improve.. Counter 76/100
Epoch: 607/1000   Training Loss: 0.025548  Test Loss: 0.099153  Test MSE: 0.096016
Test MSE did not improve.. Counter 77/100
Epoch: 608/1000   Training Loss: 0.022888  Test Loss: 0.102531  Test MSE: 0.098796
Test MSE did not improve.. Counter 78/100
Epoch: 609/1000   Training Loss: 0.024449  Test Loss: 0.102161  Test MSE: 0.099038
Test MSE did not improve.. Counter 79/100
Epoch: 610/1000   Training Loss: 0.024305  Test Loss: 0.105802  Test MSE: 0.101568
Test MSE did not improve.. Counter 80/100
Epoch: 611/1000   Training Loss: 0.025250  Test Loss: 0.100267  Test MSE: 0.097598
Test MSE did not improve.. Counter 81/100
Epoch: 612/1000   Training Loss: 0.023930  Test Loss: 0.090808  Test MSE: 0.088563
Test MSE improved from 0.091555 -> 0.088563
Epoch: 613/1000   Training Loss: 0.027616  Test Loss: 0.100875  Test MSE: 0.097084
Test MSE did not improve.. Counter 1/100
Epoch: 614/1000   Training Loss: 0.026686  Test Loss: 0.103648  Test MSE: 0.100520
Test MSE did not improve.. Counter 2/100
Epoch: 615/1000   Training Loss: 0.026008  Test Loss: 0.099101  Test MSE: 0.095137
Test MSE did not improve.. Counter 3/100
Epoch: 616/1000   Training Loss: 0.024495  Test Loss: 0.099532  Test MSE: 0.096094
Test MSE did not improve.. Counter 4/100
Epoch: 617/1000   Training Loss: 0.023922  Test Loss: 0.102099  Test MSE: 0.098935
Test MSE did not improve.. Counter 5/100
Epoch: 618/1000   Training Loss: 0.025194  Test Loss: 0.099230  Test MSE: 0.095349
Test MSE did not improve.. Counter 6/100
Epoch: 619/1000   Training Loss: 0.024936  Test Loss: 0.094854  Test MSE: 0.093460
Test MSE did not improve.. Counter 7/100
Epoch: 620/1000   Training Loss: 0.023285  Test Loss: 0.098202  Test MSE: 0.095424
Test MSE did not improve.. Counter 8/100
Epoch: 621/1000   Training Loss: 0.022821  Test Loss: 0.100843  Test MSE: 0.097903
Test MSE did not improve.. Counter 9/100
Epoch: 622/1000   Training Loss: 0.023094  Test Loss: 0.105331  Test MSE: 0.099757
Test MSE did not improve.. Counter 10/100
Epoch: 623/1000   Training Loss: 0.024779  Test Loss: 0.102443  Test MSE: 0.099162
Test MSE did not improve.. Counter 11/100
Epoch: 624/1000   Training Loss: 0.023654  Test Loss: 0.096812  Test MSE: 0.094396
Test MSE did not improve.. Counter 12/100
Epoch: 625/1000   Training Loss: 0.024340  Test Loss: 0.106866  Test MSE: 0.102247
Test MSE did not improve.. Counter 13/100
Epoch: 626/1000   Training Loss: 0.026601  Test Loss: 0.105065  Test MSE: 0.100917
Test MSE did not improve.. Counter 14/100
Epoch: 627/1000   Training Loss: 0.026374  Test Loss: 0.102279  Test MSE: 0.100720
Test MSE did not improve.. Counter 15/100
Epoch: 628/1000   Training Loss: 0.028005  Test Loss: 0.101308  Test MSE: 0.098915
Test MSE did not improve.. Counter 16/100
Epoch: 629/1000   Training Loss: 0.026817  Test Loss: 0.107585  Test MSE: 0.103965
Test MSE did not improve.. Counter 17/100
Epoch: 630/1000   Training Loss: 0.026020  Test Loss: 0.100125  Test MSE: 0.097318
Test MSE did not improve.. Counter 18/100
Epoch: 631/1000   Training Loss: 0.025009  Test Loss: 0.106610  Test MSE: 0.103677
Test MSE did not improve.. Counter 19/100
Epoch: 632/1000   Training Loss: 0.024550  Test Loss: 0.102555  Test MSE: 0.099915
Test MSE did not improve.. Counter 20/100
Epoch: 633/1000   Training Loss: 0.024281  Test Loss: 0.102360  Test MSE: 0.100249
Test MSE did not improve.. Counter 21/100
Epoch: 634/1000   Training Loss: 0.024532  Test Loss: 0.101579  Test MSE: 0.099740
Test MSE did not improve.. Counter 22/100
Epoch: 635/1000   Training Loss: 0.023654  Test Loss: 0.097680  Test MSE: 0.094641
Test MSE did not improve.. Counter 23/100
Epoch: 636/1000   Training Loss: 0.022736  Test Loss: 0.100270  Test MSE: 0.097940
Test MSE did not improve.. Counter 24/100
Epoch: 637/1000   Training Loss: 0.023212  Test Loss: 0.099254  Test MSE: 0.096150
Test MSE did not improve.. Counter 25/100
Epoch: 638/1000   Training Loss: 0.023461  Test Loss: 0.098577  Test MSE: 0.095206
Test MSE did not improve.. Counter 26/100
Epoch: 639/1000   Training Loss: 0.024480  Test Loss: 0.102257  Test MSE: 0.099027
Test MSE did not improve.. Counter 27/100
Epoch: 640/1000   Training Loss: 0.026374  Test Loss: 0.107615  Test MSE: 0.104976
Test MSE did not improve.. Counter 28/100
Epoch: 641/1000   Training Loss: 0.024365  Test Loss: 0.096790  Test MSE: 0.093426
Test MSE did not improve.. Counter 29/100
Epoch: 642/1000   Training Loss: 0.024116  Test Loss: 0.102706  Test MSE: 0.099387
Test MSE did not improve.. Counter 30/100
Epoch: 643/1000   Training Loss: 0.023651  Test Loss: 0.097850  Test MSE: 0.094734
Test MSE did not improve.. Counter 31/100
Epoch: 644/1000   Training Loss: 0.023423  Test Loss: 0.098603  Test MSE: 0.095826
Test MSE did not improve.. Counter 32/100
Epoch: 645/1000   Training Loss: 0.024148  Test Loss: 0.101862  Test MSE: 0.098662
Test MSE did not improve.. Counter 33/100
Epoch: 646/1000   Training Loss: 0.024985  Test Loss: 0.099342  Test MSE: 0.096300
Test MSE did not improve.. Counter 34/100
Epoch: 647/1000   Training Loss: 0.024024  Test Loss: 0.103229  Test MSE: 0.098226
Test MSE did not improve.. Counter 35/100
Epoch: 648/1000   Training Loss: 0.025334  Test Loss: 0.100098  Test MSE: 0.096402
Test MSE did not improve.. Counter 36/100
Epoch: 649/1000   Training Loss: 0.026995  Test Loss: 0.102283  Test MSE: 0.099780
Test MSE did not improve.. Counter 37/100
Epoch: 650/1000   Training Loss: 0.024399  Test Loss: 0.098574  Test MSE: 0.096562
Test MSE did not improve.. Counter 38/100
Epoch: 651/1000   Training Loss: 0.024628  Test Loss: 0.106084  Test MSE: 0.103270
Test MSE did not improve.. Counter 39/100
Epoch: 652/1000   Training Loss: 0.027723  Test Loss: 0.098496  Test MSE: 0.095238
Test MSE did not improve.. Counter 40/100
Epoch: 653/1000   Training Loss: 0.025361  Test Loss: 0.100584  Test MSE: 0.097527
Test MSE did not improve.. Counter 41/100
Epoch: 654/1000   Training Loss: 0.025268  Test Loss: 0.096850  Test MSE: 0.093640
Test MSE did not improve.. Counter 42/100
Epoch: 655/1000   Training Loss: 0.024587  Test Loss: 0.105810  Test MSE: 0.100897
Test MSE did not improve.. Counter 43/100
Epoch: 656/1000   Training Loss: 0.023132  Test Loss: 0.101558  Test MSE: 0.097958
Test MSE did not improve.. Counter 44/100
Epoch: 657/1000   Training Loss: 0.024737  Test Loss: 0.100266  Test MSE: 0.097486
Test MSE did not improve.. Counter 45/100
Epoch: 658/1000   Training Loss: 0.024410  Test Loss: 0.103093  Test MSE: 0.099670
Test MSE did not improve.. Counter 46/100
Epoch: 659/1000   Training Loss: 0.024517  Test Loss: 0.100787  Test MSE: 0.098368
Test MSE did not improve.. Counter 47/100
Epoch: 660/1000   Training Loss: 0.024057  Test Loss: 0.099809  Test MSE: 0.096304
Test MSE did not improve.. Counter 48/100
Epoch: 661/1000   Training Loss: 0.023357  Test Loss: 0.099642  Test MSE: 0.097495
Test MSE did not improve.. Counter 49/100
Epoch: 662/1000   Training Loss: 0.024537  Test Loss: 0.106020  Test MSE: 0.102445
Test MSE did not improve.. Counter 50/100
Epoch: 663/1000   Training Loss: 0.023170  Test Loss: 0.097555  Test MSE: 0.092956
Test MSE did not improve.. Counter 51/100
Epoch: 664/1000   Training Loss: 0.021846  Test Loss: 0.100953  Test MSE: 0.097923
Test MSE did not improve.. Counter 52/100
Epoch: 665/1000   Training Loss: 0.022998  Test Loss: 0.103866  Test MSE: 0.102029
Test MSE did not improve.. Counter 53/100
Epoch: 666/1000   Training Loss: 0.024069  Test Loss: 0.098335  Test MSE: 0.095255
Test MSE did not improve.. Counter 54/100
Epoch: 667/1000   Training Loss: 0.023940  Test Loss: 0.107272  Test MSE: 0.103223
Test MSE did not improve.. Counter 55/100
Epoch: 668/1000   Training Loss: 0.021315  Test Loss: 0.101731  Test MSE: 0.097248
Test MSE did not improve.. Counter 56/100
Epoch: 669/1000   Training Loss: 0.025665  Test Loss: 0.107634  Test MSE: 0.105142
Test MSE did not improve.. Counter 57/100
Epoch: 670/1000   Training Loss: 0.024671  Test Loss: 0.095917  Test MSE: 0.092336
Test MSE did not improve.. Counter 58/100
Epoch: 671/1000   Training Loss: 0.022291  Test Loss: 0.101164  Test MSE: 0.098553
Test MSE did not improve.. Counter 59/100
Epoch: 672/1000   Training Loss: 0.022190  Test Loss: 0.103239  Test MSE: 0.098577
Test MSE did not improve.. Counter 60/100
Epoch: 673/1000   Training Loss: 0.022786  Test Loss: 0.099102  Test MSE: 0.096280
Test MSE did not improve.. Counter 61/100
Epoch: 674/1000   Training Loss: 0.023805  Test Loss: 0.096539  Test MSE: 0.093987
Test MSE did not improve.. Counter 62/100
Epoch: 675/1000   Training Loss: 0.025377  Test Loss: 0.102221  Test MSE: 0.099842
Test MSE did not improve.. Counter 63/100
Epoch: 676/1000   Training Loss: 0.026067  Test Loss: 0.097914  Test MSE: 0.095355
Test MSE did not improve.. Counter 64/100
Epoch: 677/1000   Training Loss: 0.024839  Test Loss: 0.106766  Test MSE: 0.103001
Test MSE did not improve.. Counter 65/100
Epoch: 678/1000   Training Loss: 0.024737  Test Loss: 0.098976  Test MSE: 0.096388
Test MSE did not improve.. Counter 66/100
Epoch: 679/1000   Training Loss: 0.022936  Test Loss: 0.102914  Test MSE: 0.100019
Test MSE did not improve.. Counter 67/100
Epoch: 680/1000   Training Loss: 0.024044  Test Loss: 0.099753  Test MSE: 0.096081
Test MSE did not improve.. Counter 68/100
Epoch: 681/1000   Training Loss: 0.025817  Test Loss: 0.096533  Test MSE: 0.094814
Test MSE did not improve.. Counter 69/100
Epoch: 682/1000   Training Loss: 0.023684  Test Loss: 0.102079  Test MSE: 0.099108
Test MSE did not improve.. Counter 70/100
Epoch: 683/1000   Training Loss: 0.022955  Test Loss: 0.101871  Test MSE: 0.098906
Test MSE did not improve.. Counter 71/100
Epoch: 684/1000   Training Loss: 0.022330  Test Loss: 0.099922  Test MSE: 0.096776
Test MSE did not improve.. Counter 72/100
Epoch: 685/1000   Training Loss: 0.021818  Test Loss: 0.107319  Test MSE: 0.102353
Test MSE did not improve.. Counter 73/100
Epoch: 686/1000   Training Loss: 0.023558  Test Loss: 0.099078  Test MSE: 0.095424
Test MSE did not improve.. Counter 74/100
Epoch: 687/1000   Training Loss: 0.022774  Test Loss: 0.100733  Test MSE: 0.097589
Test MSE did not improve.. Counter 75/100
Epoch: 688/1000   Training Loss: 0.023595  Test Loss: 0.096337  Test MSE: 0.093268
Test MSE did not improve.. Counter 76/100
Epoch: 689/1000   Training Loss: 0.023648  Test Loss: 0.104783  Test MSE: 0.101485
Test MSE did not improve.. Counter 77/100
Epoch: 690/1000   Training Loss: 0.023560  Test Loss: 0.097963  Test MSE: 0.096050
Test MSE did not improve.. Counter 78/100
Epoch: 691/1000   Training Loss: 0.023395  Test Loss: 0.098996  Test MSE: 0.095928
Test MSE did not improve.. Counter 79/100
Epoch: 692/1000   Training Loss: 0.023794  Test Loss: 0.094239  Test MSE: 0.091878
Test MSE did not improve.. Counter 80/100
Epoch: 693/1000   Training Loss: 0.025031  Test Loss: 0.097254  Test MSE: 0.094990
Test MSE did not improve.. Counter 81/100
Epoch: 694/1000   Training Loss: 0.023892  Test Loss: 0.099712  Test MSE: 0.097631
Test MSE did not improve.. Counter 82/100
Epoch: 695/1000   Training Loss: 0.023634  Test Loss: 0.100815  Test MSE: 0.097615
Test MSE did not improve.. Counter 83/100
Epoch: 696/1000   Training Loss: 0.024444  Test Loss: 0.099761  Test MSE: 0.097173
Test MSE did not improve.. Counter 84/100
Epoch: 697/1000   Training Loss: 0.025641  Test Loss: 0.096949  Test MSE: 0.093896
Test MSE did not improve.. Counter 85/100
Epoch: 698/1000   Training Loss: 0.025391  Test Loss: 0.097029  Test MSE: 0.095072
Test MSE did not improve.. Counter 86/100
Epoch: 699/1000   Training Loss: 0.024244  Test Loss: 0.096746  Test MSE: 0.093989
Test MSE did not improve.. Counter 87/100
Epoch: 700/1000   Training Loss: 0.024601  Test Loss: 0.098004  Test MSE: 0.096063
Test MSE did not improve.. Counter 88/100
Epoch: 701/1000   Training Loss: 0.024307  Test Loss: 0.095991  Test MSE: 0.092428
Test MSE did not improve.. Counter 89/100
Epoch: 702/1000   Training Loss: 0.025984  Test Loss: 0.092327  Test MSE: 0.089682
Test MSE did not improve.. Counter 90/100
Epoch: 703/1000   Training Loss: 0.023300  Test Loss: 0.104514  Test MSE: 0.100517
Test MSE did not improve.. Counter 91/100
Epoch: 704/1000   Training Loss: 0.022513  Test Loss: 0.101883  Test MSE: 0.096689
Test MSE did not improve.. Counter 92/100
Epoch: 705/1000   Training Loss: 0.022061  Test Loss: 0.095131  Test MSE: 0.092096
Test MSE did not improve.. Counter 93/100
Epoch: 706/1000   Training Loss: 0.021451  Test Loss: 0.099044  Test MSE: 0.095831
Test MSE did not improve.. Counter 94/100
Epoch: 707/1000   Training Loss: 0.022722  Test Loss: 0.095503  Test MSE: 0.092479
Test MSE did not improve.. Counter 95/100
Epoch: 708/1000   Training Loss: 0.022897  Test Loss: 0.101099  Test MSE: 0.097770
Test MSE did not improve.. Counter 96/100
Epoch: 709/1000   Training Loss: 0.023510  Test Loss: 0.097612  Test MSE: 0.094468
Test MSE did not improve.. Counter 97/100
Epoch: 710/1000   Training Loss: 0.021316  Test Loss: 0.097052  Test MSE: 0.094640
Test MSE did not improve.. Counter 98/100
Epoch: 711/1000   Training Loss: 0.021394  Test Loss: 0.097076  Test MSE: 0.094106
Test MSE did not improve.. Counter 99/100
Epoch: 712/1000   Training Loss: 0.022970  Test Loss: 0.105936  Test MSE: 0.100164
Test MSE did not improve.. Counter 100/100
Epoch: 713/1000   Training Loss: 0.024093  Test Loss: 0.101387  Test MSE: 0.098210
Test MSE did not improve.. Counter 101/100
Early Stopped ..
Saved loss curve to ./result/attentivefp-mmp_mu_opioid_receptor_loss.png
============== Regression Performance =================
* MSE : 0.088563
* RMSE: 0.297595
* R2  : 0.773395
* PCC : 0.881069
* Spearman: 0.875797
=======================================================
