nohup: ignoring input
Using backend: pytorch
{'MODEL': 'attentivefp-mmp', 'TARGET_NAME': 'thrombin', 'RANDOM_SEED': 42, 'BATCH_SIZE': 128, 'EARLY_STOPPING_PATIENCE': 100, 'WEIGHT_DECAY': 0.0001, 'DROP_OUT': 0.2, 'DEVICE': 'cuda:0'}
Epoch: 1/1000   Training Loss: 0.962947  Test Loss: 1.491408  Test MSE: 1.501932
Test MSE improved from inf -> 1.501932
Epoch: 2/1000   Training Loss: 0.767112  Test Loss: 0.699708  Test MSE: 0.728310
Test MSE improved from 1.501932 -> 0.728310
Epoch: 3/1000   Training Loss: 0.724229  Test Loss: 0.645246  Test MSE: 0.671292
Test MSE improved from 0.728310 -> 0.671292
Epoch: 4/1000   Training Loss: 0.707457  Test Loss: 0.645649  Test MSE: 0.671510
Test MSE did not improve.. Counter 1/100
Epoch: 5/1000   Training Loss: 0.693944  Test Loss: 0.647442  Test MSE: 0.671959
Test MSE did not improve.. Counter 2/100
Epoch: 6/1000   Training Loss: 0.690004  Test Loss: 0.644288  Test MSE: 0.669348
Test MSE improved from 0.671292 -> 0.669348
Epoch: 7/1000   Training Loss: 0.693711  Test Loss: 0.654942  Test MSE: 0.679023
Test MSE did not improve.. Counter 1/100
Epoch: 8/1000   Training Loss: 0.695901  Test Loss: 0.645193  Test MSE: 0.669016
Test MSE improved from 0.669348 -> 0.669016
Epoch: 9/1000   Training Loss: 0.682782  Test Loss: 0.634149  Test MSE: 0.659639
Test MSE improved from 0.669016 -> 0.659639
Epoch: 10/1000   Training Loss: 0.667225  Test Loss: 0.641434  Test MSE: 0.665969
Test MSE did not improve.. Counter 1/100
Epoch: 11/1000   Training Loss: 0.661445  Test Loss: 0.630032  Test MSE: 0.654050
Test MSE improved from 0.659639 -> 0.654050
Epoch: 12/1000   Training Loss: 0.644476  Test Loss: 0.641173  Test MSE: 0.663339
Test MSE did not improve.. Counter 1/100
Epoch: 13/1000   Training Loss: 0.648753  Test Loss: 0.627591  Test MSE: 0.649924
Test MSE improved from 0.654050 -> 0.649924
Epoch: 14/1000   Training Loss: 0.618635  Test Loss: 0.625641  Test MSE: 0.650732
Test MSE did not improve.. Counter 1/100
Epoch: 15/1000   Training Loss: 0.598403  Test Loss: 0.628920  Test MSE: 0.657398
Test MSE did not improve.. Counter 2/100
Epoch: 16/1000   Training Loss: 0.590700  Test Loss: 0.590160  Test MSE: 0.618619
Test MSE improved from 0.649924 -> 0.618619
Epoch: 17/1000   Training Loss: 0.588393  Test Loss: 0.656907  Test MSE: 0.677950
Test MSE did not improve.. Counter 1/100
Epoch: 18/1000   Training Loss: 0.566090  Test Loss: 0.591855  Test MSE: 0.619423
Test MSE did not improve.. Counter 2/100
Epoch: 19/1000   Training Loss: 0.555757  Test Loss: 0.598504  Test MSE: 0.624823
Test MSE did not improve.. Counter 3/100
Epoch: 20/1000   Training Loss: 0.551479  Test Loss: 0.609404  Test MSE: 0.639166
Test MSE did not improve.. Counter 4/100
Epoch: 21/1000   Training Loss: 0.527934  Test Loss: 0.622569  Test MSE: 0.652805
Test MSE did not improve.. Counter 5/100
Epoch: 22/1000   Training Loss: 0.532845  Test Loss: 0.633429  Test MSE: 0.664362
Test MSE did not improve.. Counter 6/100
Epoch: 23/1000   Training Loss: 0.515779  Test Loss: 0.619267  Test MSE: 0.651304
Test MSE did not improve.. Counter 7/100
Epoch: 24/1000   Training Loss: 0.507826  Test Loss: 0.599969  Test MSE: 0.622997
Test MSE did not improve.. Counter 8/100
Epoch: 25/1000   Training Loss: 0.508900  Test Loss: 0.594121  Test MSE: 0.625631
Test MSE did not improve.. Counter 9/100
Epoch: 26/1000   Training Loss: 0.495015  Test Loss: 0.558120  Test MSE: 0.587488
Test MSE improved from 0.618619 -> 0.587488
Epoch: 27/1000   Training Loss: 0.501352  Test Loss: 0.570042  Test MSE: 0.595818
Test MSE did not improve.. Counter 1/100
Epoch: 28/1000   Training Loss: 0.476924  Test Loss: 0.528121  Test MSE: 0.551624
Test MSE improved from 0.587488 -> 0.551624
Epoch: 29/1000   Training Loss: 0.470886  Test Loss: 0.511240  Test MSE: 0.534449
Test MSE improved from 0.551624 -> 0.534449
Epoch: 30/1000   Training Loss: 0.460803  Test Loss: 0.500466  Test MSE: 0.525808
Test MSE improved from 0.534449 -> 0.525808
Epoch: 31/1000   Training Loss: 0.445682  Test Loss: 0.512006  Test MSE: 0.537764
Test MSE did not improve.. Counter 1/100
Epoch: 32/1000   Training Loss: 0.444365  Test Loss: 0.497696  Test MSE: 0.521259
Test MSE improved from 0.525808 -> 0.521259
Epoch: 33/1000   Training Loss: 0.430313  Test Loss: 0.501437  Test MSE: 0.524077
Test MSE did not improve.. Counter 1/100
Epoch: 34/1000   Training Loss: 0.429847  Test Loss: 0.476493  Test MSE: 0.502370
Test MSE improved from 0.521259 -> 0.502370
Epoch: 35/1000   Training Loss: 0.424626  Test Loss: 0.475141  Test MSE: 0.497589
Test MSE improved from 0.502370 -> 0.497589
Epoch: 36/1000   Training Loss: 0.422275  Test Loss: 0.469831  Test MSE: 0.493127
Test MSE improved from 0.497589 -> 0.493127
Epoch: 37/1000   Training Loss: 0.410489  Test Loss: 0.489634  Test MSE: 0.509277
Test MSE did not improve.. Counter 1/100
Epoch: 38/1000   Training Loss: 0.403941  Test Loss: 0.470351  Test MSE: 0.490170
Test MSE improved from 0.493127 -> 0.490170
Epoch: 39/1000   Training Loss: 0.394472  Test Loss: 0.453758  Test MSE: 0.472125
Test MSE improved from 0.490170 -> 0.472125
Epoch: 40/1000   Training Loss: 0.384460  Test Loss: 0.457849  Test MSE: 0.480691
Test MSE did not improve.. Counter 1/100
Epoch: 41/1000   Training Loss: 0.386193  Test Loss: 0.459870  Test MSE: 0.477394
Test MSE did not improve.. Counter 2/100
Epoch: 42/1000   Training Loss: 0.372347  Test Loss: 0.447260  Test MSE: 0.467942
Test MSE improved from 0.472125 -> 0.467942
Epoch: 43/1000   Training Loss: 0.369852  Test Loss: 0.429316  Test MSE: 0.449523
Test MSE improved from 0.467942 -> 0.449523
Epoch: 44/1000   Training Loss: 0.370896  Test Loss: 0.419397  Test MSE: 0.438278
Test MSE improved from 0.449523 -> 0.438278
Epoch: 45/1000   Training Loss: 0.364408  Test Loss: 0.438678  Test MSE: 0.458594
Test MSE did not improve.. Counter 1/100
Epoch: 46/1000   Training Loss: 0.343505  Test Loss: 0.423203  Test MSE: 0.440246
Test MSE did not improve.. Counter 2/100
Epoch: 47/1000   Training Loss: 0.345266  Test Loss: 0.406658  Test MSE: 0.425288
Test MSE improved from 0.438278 -> 0.425288
Epoch: 48/1000   Training Loss: 0.342983  Test Loss: 0.418648  Test MSE: 0.436350
Test MSE did not improve.. Counter 1/100
Epoch: 49/1000   Training Loss: 0.332312  Test Loss: 0.427163  Test MSE: 0.443690
Test MSE did not improve.. Counter 2/100
Epoch: 50/1000   Training Loss: 0.331745  Test Loss: 0.401116  Test MSE: 0.420985
Test MSE improved from 0.425288 -> 0.420985
Epoch: 51/1000   Training Loss: 0.326134  Test Loss: 0.422528  Test MSE: 0.439374
Test MSE did not improve.. Counter 1/100
Epoch: 52/1000   Training Loss: 0.322008  Test Loss: 0.407746  Test MSE: 0.426863
Test MSE did not improve.. Counter 2/100
Epoch: 53/1000   Training Loss: 0.324784  Test Loss: 0.403473  Test MSE: 0.419797
Test MSE improved from 0.420985 -> 0.419797
Epoch: 54/1000   Training Loss: 0.309466  Test Loss: 0.411173  Test MSE: 0.427090
Test MSE did not improve.. Counter 1/100
Epoch: 55/1000   Training Loss: 0.308499  Test Loss: 0.428909  Test MSE: 0.444926
Test MSE did not improve.. Counter 2/100
Epoch: 56/1000   Training Loss: 0.305185  Test Loss: 0.411315  Test MSE: 0.427222
Test MSE did not improve.. Counter 3/100
Epoch: 57/1000   Training Loss: 0.299425  Test Loss: 0.436977  Test MSE: 0.451212
Test MSE did not improve.. Counter 4/100
Epoch: 58/1000   Training Loss: 0.300265  Test Loss: 0.387937  Test MSE: 0.403592
Test MSE improved from 0.419797 -> 0.403592
Epoch: 59/1000   Training Loss: 0.283641  Test Loss: 0.379077  Test MSE: 0.394016
Test MSE improved from 0.403592 -> 0.394016
Epoch: 60/1000   Training Loss: 0.278768  Test Loss: 0.432901  Test MSE: 0.446994
Test MSE did not improve.. Counter 1/100
Epoch: 61/1000   Training Loss: 0.283098  Test Loss: 0.380295  Test MSE: 0.396349
Test MSE did not improve.. Counter 2/100
Epoch: 62/1000   Training Loss: 0.273830  Test Loss: 0.365474  Test MSE: 0.379658
Test MSE improved from 0.394016 -> 0.379658
Epoch: 63/1000   Training Loss: 0.267008  Test Loss: 0.372481  Test MSE: 0.388246
Test MSE did not improve.. Counter 1/100
Epoch: 64/1000   Training Loss: 0.272581  Test Loss: 0.357072  Test MSE: 0.370213
Test MSE improved from 0.379658 -> 0.370213
Epoch: 65/1000   Training Loss: 0.263900  Test Loss: 0.365995  Test MSE: 0.381724
Test MSE did not improve.. Counter 1/100
Epoch: 66/1000   Training Loss: 0.266370  Test Loss: 0.369550  Test MSE: 0.385489
Test MSE did not improve.. Counter 2/100
Epoch: 67/1000   Training Loss: 0.251777  Test Loss: 0.371839  Test MSE: 0.387866
Test MSE did not improve.. Counter 3/100
Epoch: 68/1000   Training Loss: 0.249425  Test Loss: 0.357569  Test MSE: 0.371715
Test MSE did not improve.. Counter 4/100
Epoch: 69/1000   Training Loss: 0.253976  Test Loss: 0.385332  Test MSE: 0.402568
Test MSE did not improve.. Counter 5/100
Epoch: 70/1000   Training Loss: 0.271904  Test Loss: 0.363199  Test MSE: 0.382360
Test MSE did not improve.. Counter 6/100
Epoch: 71/1000   Training Loss: 0.257461  Test Loss: 0.389265  Test MSE: 0.406661
Test MSE did not improve.. Counter 7/100
Epoch: 72/1000   Training Loss: 0.245693  Test Loss: 0.372722  Test MSE: 0.387725
Test MSE did not improve.. Counter 8/100
Epoch: 73/1000   Training Loss: 0.232183  Test Loss: 0.358648  Test MSE: 0.372265
Test MSE did not improve.. Counter 9/100
Epoch: 74/1000   Training Loss: 0.230850  Test Loss: 0.353044  Test MSE: 0.366800
Test MSE improved from 0.370213 -> 0.366800
Epoch: 75/1000   Training Loss: 0.224370  Test Loss: 0.353660  Test MSE: 0.367390
Test MSE did not improve.. Counter 1/100
Epoch: 76/1000   Training Loss: 0.222409  Test Loss: 0.353612  Test MSE: 0.366609
Test MSE improved from 0.366800 -> 0.366609
Epoch: 77/1000   Training Loss: 0.216505  Test Loss: 0.331302  Test MSE: 0.343896
Test MSE improved from 0.366609 -> 0.343896
Epoch: 78/1000   Training Loss: 0.218651  Test Loss: 0.353082  Test MSE: 0.363576
Test MSE did not improve.. Counter 1/100
Epoch: 79/1000   Training Loss: 0.210991  Test Loss: 0.348183  Test MSE: 0.358699
Test MSE did not improve.. Counter 2/100
Epoch: 80/1000   Training Loss: 0.210665  Test Loss: 0.306355  Test MSE: 0.316644
Test MSE improved from 0.343896 -> 0.316644
Epoch: 81/1000   Training Loss: 0.203130  Test Loss: 0.323460  Test MSE: 0.333105
Test MSE did not improve.. Counter 1/100
Epoch: 82/1000   Training Loss: 0.205422  Test Loss: 0.324293  Test MSE: 0.332055
Test MSE did not improve.. Counter 2/100
Epoch: 83/1000   Training Loss: 0.188338  Test Loss: 0.325918  Test MSE: 0.330317
Test MSE did not improve.. Counter 3/100
Epoch: 84/1000   Training Loss: 0.195361  Test Loss: 0.323756  Test MSE: 0.328057
Test MSE did not improve.. Counter 4/100
Epoch: 85/1000   Training Loss: 0.195887  Test Loss: 0.330575  Test MSE: 0.334555
Test MSE did not improve.. Counter 5/100
Epoch: 86/1000   Training Loss: 0.189551  Test Loss: 0.330039  Test MSE: 0.335272
Test MSE did not improve.. Counter 6/100
Epoch: 87/1000   Training Loss: 0.191630  Test Loss: 0.332517  Test MSE: 0.336485
Test MSE did not improve.. Counter 7/100
Epoch: 88/1000   Training Loss: 0.187933  Test Loss: 0.326495  Test MSE: 0.332260
Test MSE did not improve.. Counter 8/100
Epoch: 89/1000   Training Loss: 0.181972  Test Loss: 0.359044  Test MSE: 0.367196
Test MSE did not improve.. Counter 9/100
Epoch: 90/1000   Training Loss: 0.186943  Test Loss: 0.339138  Test MSE: 0.346853
Test MSE did not improve.. Counter 10/100
Epoch: 91/1000   Training Loss: 0.181658  Test Loss: 0.296676  Test MSE: 0.306579
Test MSE improved from 0.316644 -> 0.306579
Epoch: 92/1000   Training Loss: 0.170852  Test Loss: 0.366337  Test MSE: 0.378372
Test MSE did not improve.. Counter 1/100
Epoch: 93/1000   Training Loss: 0.173004  Test Loss: 0.307038  Test MSE: 0.317073
Test MSE did not improve.. Counter 2/100
Epoch: 94/1000   Training Loss: 0.178435  Test Loss: 0.356842  Test MSE: 0.364898
Test MSE did not improve.. Counter 3/100
Epoch: 95/1000   Training Loss: 0.171019  Test Loss: 0.329940  Test MSE: 0.341211
Test MSE did not improve.. Counter 4/100
Epoch: 96/1000   Training Loss: 0.163820  Test Loss: 0.361967  Test MSE: 0.373343
Test MSE did not improve.. Counter 5/100
Epoch: 97/1000   Training Loss: 0.169989  Test Loss: 0.344400  Test MSE: 0.354559
Test MSE did not improve.. Counter 6/100
Epoch: 98/1000   Training Loss: 0.164730  Test Loss: 0.311647  Test MSE: 0.322096
Test MSE did not improve.. Counter 7/100
Epoch: 99/1000   Training Loss: 0.160976  Test Loss: 0.276590  Test MSE: 0.285826
Test MSE improved from 0.306579 -> 0.285826
Epoch: 100/1000   Training Loss: 0.155440  Test Loss: 0.298852  Test MSE: 0.307266
Test MSE did not improve.. Counter 1/100
Epoch: 101/1000   Training Loss: 0.147789  Test Loss: 0.338244  Test MSE: 0.350169
Test MSE did not improve.. Counter 2/100
Epoch: 102/1000   Training Loss: 0.146709  Test Loss: 0.313537  Test MSE: 0.320903
Test MSE did not improve.. Counter 3/100
Epoch: 103/1000   Training Loss: 0.142225  Test Loss: 0.306327  Test MSE: 0.313864
Test MSE did not improve.. Counter 4/100
Epoch: 104/1000   Training Loss: 0.138997  Test Loss: 0.315924  Test MSE: 0.326332
Test MSE did not improve.. Counter 5/100
Epoch: 105/1000   Training Loss: 0.143260  Test Loss: 0.295007  Test MSE: 0.304406
Test MSE did not improve.. Counter 6/100
Epoch: 106/1000   Training Loss: 0.133368  Test Loss: 0.268074  Test MSE: 0.276402
Test MSE improved from 0.285826 -> 0.276402
Epoch: 107/1000   Training Loss: 0.126777  Test Loss: 0.300733  Test MSE: 0.309143
Test MSE did not improve.. Counter 1/100
Epoch: 108/1000   Training Loss: 0.131248  Test Loss: 0.278087  Test MSE: 0.287409
Test MSE did not improve.. Counter 2/100
Epoch: 109/1000   Training Loss: 0.132938  Test Loss: 0.297824  Test MSE: 0.308378
Test MSE did not improve.. Counter 3/100
Epoch: 110/1000   Training Loss: 0.137671  Test Loss: 0.330436  Test MSE: 0.341132
Test MSE did not improve.. Counter 4/100
Epoch: 111/1000   Training Loss: 0.129860  Test Loss: 0.282987  Test MSE: 0.292187
Test MSE did not improve.. Counter 5/100
Epoch: 112/1000   Training Loss: 0.124704  Test Loss: 0.279969  Test MSE: 0.290898
Test MSE did not improve.. Counter 6/100
Epoch: 113/1000   Training Loss: 0.121961  Test Loss: 0.267465  Test MSE: 0.278719
Test MSE did not improve.. Counter 7/100
Epoch: 114/1000   Training Loss: 0.129831  Test Loss: 0.283495  Test MSE: 0.292183
Test MSE did not improve.. Counter 8/100
Epoch: 115/1000   Training Loss: 0.123830  Test Loss: 0.258165  Test MSE: 0.268281
Test MSE improved from 0.276402 -> 0.268281
Epoch: 116/1000   Training Loss: 0.123178  Test Loss: 0.279196  Test MSE: 0.291034
Test MSE did not improve.. Counter 1/100
Epoch: 117/1000   Training Loss: 0.131434  Test Loss: 0.256885  Test MSE: 0.264591
Test MSE improved from 0.268281 -> 0.264591
Epoch: 118/1000   Training Loss: 0.120659  Test Loss: 0.244966  Test MSE: 0.254514
Test MSE improved from 0.264591 -> 0.254514
Epoch: 119/1000   Training Loss: 0.119867  Test Loss: 0.251902  Test MSE: 0.258883
Test MSE did not improve.. Counter 1/100
Epoch: 120/1000   Training Loss: 0.118733  Test Loss: 0.266804  Test MSE: 0.275406
Test MSE did not improve.. Counter 2/100
Epoch: 121/1000   Training Loss: 0.124356  Test Loss: 0.253128  Test MSE: 0.258852
Test MSE did not improve.. Counter 3/100
Epoch: 122/1000   Training Loss: 0.121711  Test Loss: 0.247011  Test MSE: 0.256701
Test MSE did not improve.. Counter 4/100
Epoch: 123/1000   Training Loss: 0.123966  Test Loss: 0.233806  Test MSE: 0.242242
Test MSE improved from 0.254514 -> 0.242242
Epoch: 124/1000   Training Loss: 0.112574  Test Loss: 0.234324  Test MSE: 0.243594
Test MSE did not improve.. Counter 1/100
Epoch: 125/1000   Training Loss: 0.117376  Test Loss: 0.237354  Test MSE: 0.246526
Test MSE did not improve.. Counter 2/100
Epoch: 126/1000   Training Loss: 0.111268  Test Loss: 0.253293  Test MSE: 0.260652
Test MSE did not improve.. Counter 3/100
Epoch: 127/1000   Training Loss: 0.106987  Test Loss: 0.236001  Test MSE: 0.243425
Test MSE did not improve.. Counter 4/100
Epoch: 128/1000   Training Loss: 0.110316  Test Loss: 0.253205  Test MSE: 0.264278
Test MSE did not improve.. Counter 5/100
Epoch: 129/1000   Training Loss: 0.108101  Test Loss: 0.250679  Test MSE: 0.257135
Test MSE did not improve.. Counter 6/100
Epoch: 130/1000   Training Loss: 0.101810  Test Loss: 0.238270  Test MSE: 0.246840
Test MSE did not improve.. Counter 7/100
Epoch: 131/1000   Training Loss: 0.108933  Test Loss: 0.260451  Test MSE: 0.269888
Test MSE did not improve.. Counter 8/100
Epoch: 132/1000   Training Loss: 0.108594  Test Loss: 0.241381  Test MSE: 0.251252
Test MSE did not improve.. Counter 9/100
Epoch: 133/1000   Training Loss: 0.105731  Test Loss: 0.235352  Test MSE: 0.244490
Test MSE did not improve.. Counter 10/100
Epoch: 134/1000   Training Loss: 0.101549  Test Loss: 0.257527  Test MSE: 0.267814
Test MSE did not improve.. Counter 11/100
Epoch: 135/1000   Training Loss: 0.101805  Test Loss: 0.225292  Test MSE: 0.232172
Test MSE improved from 0.242242 -> 0.232172
Epoch: 136/1000   Training Loss: 0.099513  Test Loss: 0.244695  Test MSE: 0.251700
Test MSE did not improve.. Counter 1/100
Epoch: 137/1000   Training Loss: 0.101333  Test Loss: 0.225974  Test MSE: 0.234158
Test MSE did not improve.. Counter 2/100
Epoch: 138/1000   Training Loss: 0.098223  Test Loss: 0.243184  Test MSE: 0.252120
Test MSE did not improve.. Counter 3/100
Epoch: 139/1000   Training Loss: 0.096758  Test Loss: 0.251645  Test MSE: 0.257476
Test MSE did not improve.. Counter 4/100
Epoch: 140/1000   Training Loss: 0.100441  Test Loss: 0.257959  Test MSE: 0.265740
Test MSE did not improve.. Counter 5/100
Epoch: 141/1000   Training Loss: 0.099139  Test Loss: 0.239438  Test MSE: 0.248410
Test MSE did not improve.. Counter 6/100
Epoch: 142/1000   Training Loss: 0.102644  Test Loss: 0.253719  Test MSE: 0.263234
Test MSE did not improve.. Counter 7/100
Epoch: 143/1000   Training Loss: 0.102740  Test Loss: 0.237349  Test MSE: 0.248326
Test MSE did not improve.. Counter 8/100
Epoch: 144/1000   Training Loss: 0.093272  Test Loss: 0.217665  Test MSE: 0.225523
Test MSE improved from 0.232172 -> 0.225523
Epoch: 145/1000   Training Loss: 0.092818  Test Loss: 0.247851  Test MSE: 0.257260
Test MSE did not improve.. Counter 1/100
Epoch: 146/1000   Training Loss: 0.094733  Test Loss: 0.237010  Test MSE: 0.246213
Test MSE did not improve.. Counter 2/100
Epoch: 147/1000   Training Loss: 0.092398  Test Loss: 0.235479  Test MSE: 0.245414
Test MSE did not improve.. Counter 3/100
Epoch: 148/1000   Training Loss: 0.095288  Test Loss: 0.268708  Test MSE: 0.280665
Test MSE did not improve.. Counter 4/100
Epoch: 149/1000   Training Loss: 0.094593  Test Loss: 0.232237  Test MSE: 0.241014
Test MSE did not improve.. Counter 5/100
Epoch: 150/1000   Training Loss: 0.091957  Test Loss: 0.249519  Test MSE: 0.259161
Test MSE did not improve.. Counter 6/100
Epoch: 151/1000   Training Loss: 0.089030  Test Loss: 0.254836  Test MSE: 0.263952
Test MSE did not improve.. Counter 7/100
Epoch: 152/1000   Training Loss: 0.080625  Test Loss: 0.233166  Test MSE: 0.241602
Test MSE did not improve.. Counter 8/100
Epoch: 153/1000   Training Loss: 0.084852  Test Loss: 0.250969  Test MSE: 0.261052
Test MSE did not improve.. Counter 9/100
Epoch: 154/1000   Training Loss: 0.085499  Test Loss: 0.261059  Test MSE: 0.273183
Test MSE did not improve.. Counter 10/100
Epoch: 155/1000   Training Loss: 0.084330  Test Loss: 0.219913  Test MSE: 0.229422
Test MSE did not improve.. Counter 11/100
Epoch: 156/1000   Training Loss: 0.086787  Test Loss: 0.224425  Test MSE: 0.232238
Test MSE did not improve.. Counter 12/100
Epoch: 157/1000   Training Loss: 0.089033  Test Loss: 0.234239  Test MSE: 0.243769
Test MSE did not improve.. Counter 13/100
Epoch: 158/1000   Training Loss: 0.087358  Test Loss: 0.223855  Test MSE: 0.232321
Test MSE did not improve.. Counter 14/100
Epoch: 159/1000   Training Loss: 0.087485  Test Loss: 0.229732  Test MSE: 0.239185
Test MSE did not improve.. Counter 15/100
Epoch: 160/1000   Training Loss: 0.083590  Test Loss: 0.225799  Test MSE: 0.232499
Test MSE did not improve.. Counter 16/100
Epoch: 161/1000   Training Loss: 0.083065  Test Loss: 0.213345  Test MSE: 0.220933
Test MSE improved from 0.225523 -> 0.220933
Epoch: 162/1000   Training Loss: 0.083869  Test Loss: 0.228571  Test MSE: 0.237948
Test MSE did not improve.. Counter 1/100
Epoch: 163/1000   Training Loss: 0.087114  Test Loss: 0.212134  Test MSE: 0.222098
Test MSE did not improve.. Counter 2/100
Epoch: 164/1000   Training Loss: 0.082690  Test Loss: 0.220472  Test MSE: 0.229236
Test MSE did not improve.. Counter 3/100
Epoch: 165/1000   Training Loss: 0.081335  Test Loss: 0.242753  Test MSE: 0.252107
Test MSE did not improve.. Counter 4/100
Epoch: 166/1000   Training Loss: 0.082996  Test Loss: 0.236017  Test MSE: 0.245507
Test MSE did not improve.. Counter 5/100
Epoch: 167/1000   Training Loss: 0.088780  Test Loss: 0.219485  Test MSE: 0.230220
Test MSE did not improve.. Counter 6/100
Epoch: 168/1000   Training Loss: 0.082970  Test Loss: 0.248316  Test MSE: 0.258249
Test MSE did not improve.. Counter 7/100
Epoch: 169/1000   Training Loss: 0.089949  Test Loss: 0.232271  Test MSE: 0.239904
Test MSE did not improve.. Counter 8/100
Epoch: 170/1000   Training Loss: 0.081566  Test Loss: 0.218448  Test MSE: 0.228210
Test MSE did not improve.. Counter 9/100
Epoch: 171/1000   Training Loss: 0.083670  Test Loss: 0.231594  Test MSE: 0.241213
Test MSE did not improve.. Counter 10/100
Epoch: 172/1000   Training Loss: 0.083551  Test Loss: 0.230021  Test MSE: 0.240455
Test MSE did not improve.. Counter 11/100
Epoch: 173/1000   Training Loss: 0.079294  Test Loss: 0.248196  Test MSE: 0.259949
Test MSE did not improve.. Counter 12/100
Epoch: 174/1000   Training Loss: 0.079988  Test Loss: 0.243463  Test MSE: 0.253572
Test MSE did not improve.. Counter 13/100
Epoch: 175/1000   Training Loss: 0.079040  Test Loss: 0.225335  Test MSE: 0.233281
Test MSE did not improve.. Counter 14/100
Epoch: 176/1000   Training Loss: 0.078765  Test Loss: 0.226712  Test MSE: 0.238914
Test MSE did not improve.. Counter 15/100
Epoch: 177/1000   Training Loss: 0.076340  Test Loss: 0.225814  Test MSE: 0.236217
Test MSE did not improve.. Counter 16/100
Epoch: 178/1000   Training Loss: 0.073045  Test Loss: 0.221933  Test MSE: 0.229299
Test MSE did not improve.. Counter 17/100
Epoch: 179/1000   Training Loss: 0.074356  Test Loss: 0.227589  Test MSE: 0.236445
Test MSE did not improve.. Counter 18/100
Epoch: 180/1000   Training Loss: 0.072556  Test Loss: 0.233996  Test MSE: 0.245087
Test MSE did not improve.. Counter 19/100
Epoch: 181/1000   Training Loss: 0.067556  Test Loss: 0.225295  Test MSE: 0.237614
Test MSE did not improve.. Counter 20/100
Epoch: 182/1000   Training Loss: 0.071154  Test Loss: 0.219197  Test MSE: 0.228835
Test MSE did not improve.. Counter 21/100
Epoch: 183/1000   Training Loss: 0.065203  Test Loss: 0.220035  Test MSE: 0.231688
Test MSE did not improve.. Counter 22/100
Epoch: 184/1000   Training Loss: 0.068371  Test Loss: 0.221718  Test MSE: 0.233519
Test MSE did not improve.. Counter 23/100
Epoch: 185/1000   Training Loss: 0.075909  Test Loss: 0.238790  Test MSE: 0.251211
Test MSE did not improve.. Counter 24/100
Epoch: 186/1000   Training Loss: 0.071756  Test Loss: 0.220924  Test MSE: 0.233863
Test MSE did not improve.. Counter 25/100
Epoch: 187/1000   Training Loss: 0.069122  Test Loss: 0.219566  Test MSE: 0.230457
Test MSE did not improve.. Counter 26/100
Epoch: 188/1000   Training Loss: 0.066940  Test Loss: 0.220158  Test MSE: 0.230742
Test MSE did not improve.. Counter 27/100
Epoch: 189/1000   Training Loss: 0.065430  Test Loss: 0.217368  Test MSE: 0.228359
Test MSE did not improve.. Counter 28/100
Epoch: 190/1000   Training Loss: 0.065067  Test Loss: 0.231500  Test MSE: 0.243161
Test MSE did not improve.. Counter 29/100
Epoch: 191/1000   Training Loss: 0.065105  Test Loss: 0.227131  Test MSE: 0.237916
Test MSE did not improve.. Counter 30/100
Epoch: 192/1000   Training Loss: 0.071511  Test Loss: 0.262529  Test MSE: 0.277422
Test MSE did not improve.. Counter 31/100
Epoch: 193/1000   Training Loss: 0.066462  Test Loss: 0.237604  Test MSE: 0.250481
Test MSE did not improve.. Counter 32/100
Epoch: 194/1000   Training Loss: 0.069323  Test Loss: 0.217466  Test MSE: 0.227510
Test MSE did not improve.. Counter 33/100
Epoch: 195/1000   Training Loss: 0.064150  Test Loss: 0.217459  Test MSE: 0.229968
Test MSE did not improve.. Counter 34/100
Epoch: 196/1000   Training Loss: 0.062314  Test Loss: 0.235362  Test MSE: 0.247592
Test MSE did not improve.. Counter 35/100
Epoch: 197/1000   Training Loss: 0.068942  Test Loss: 0.227390  Test MSE: 0.238396
Test MSE did not improve.. Counter 36/100
Epoch: 198/1000   Training Loss: 0.067627  Test Loss: 0.226959  Test MSE: 0.235530
Test MSE did not improve.. Counter 37/100
Epoch: 199/1000   Training Loss: 0.068048  Test Loss: 0.212357  Test MSE: 0.225258
Test MSE did not improve.. Counter 38/100
Epoch: 200/1000   Training Loss: 0.066241  Test Loss: 0.209922  Test MSE: 0.219726
Test MSE improved from 0.220933 -> 0.219726
Epoch: 201/1000   Training Loss: 0.066905  Test Loss: 0.254579  Test MSE: 0.265343
Test MSE did not improve.. Counter 1/100
Epoch: 202/1000   Training Loss: 0.070747  Test Loss: 0.237848  Test MSE: 0.249381
Test MSE did not improve.. Counter 2/100
Epoch: 203/1000   Training Loss: 0.072675  Test Loss: 0.264147  Test MSE: 0.277195
Test MSE did not improve.. Counter 3/100
Epoch: 204/1000   Training Loss: 0.068590  Test Loss: 0.221338  Test MSE: 0.233178
Test MSE did not improve.. Counter 4/100
Epoch: 205/1000   Training Loss: 0.067923  Test Loss: 0.209733  Test MSE: 0.222146
Test MSE did not improve.. Counter 5/100
Epoch: 206/1000   Training Loss: 0.062199  Test Loss: 0.216884  Test MSE: 0.227560
Test MSE did not improve.. Counter 6/100
Epoch: 207/1000   Training Loss: 0.065311  Test Loss: 0.251269  Test MSE: 0.262668
Test MSE did not improve.. Counter 7/100
Epoch: 208/1000   Training Loss: 0.064877  Test Loss: 0.202248  Test MSE: 0.212901
Test MSE improved from 0.219726 -> 0.212901
Epoch: 209/1000   Training Loss: 0.059154  Test Loss: 0.213809  Test MSE: 0.226185
Test MSE did not improve.. Counter 1/100
Epoch: 210/1000   Training Loss: 0.063759  Test Loss: 0.229302  Test MSE: 0.240272
Test MSE did not improve.. Counter 2/100
Epoch: 211/1000   Training Loss: 0.069991  Test Loss: 0.245547  Test MSE: 0.256816
Test MSE did not improve.. Counter 3/100
Epoch: 212/1000   Training Loss: 0.069545  Test Loss: 0.212465  Test MSE: 0.223304
Test MSE did not improve.. Counter 4/100
Epoch: 213/1000   Training Loss: 0.064498  Test Loss: 0.215112  Test MSE: 0.227128
Test MSE did not improve.. Counter 5/100
Epoch: 214/1000   Training Loss: 0.058941  Test Loss: 0.217121  Test MSE: 0.228708
Test MSE did not improve.. Counter 6/100
Epoch: 215/1000   Training Loss: 0.057880  Test Loss: 0.223811  Test MSE: 0.234033
Test MSE did not improve.. Counter 7/100
Epoch: 216/1000   Training Loss: 0.059710  Test Loss: 0.243023  Test MSE: 0.253037
Test MSE did not improve.. Counter 8/100
Epoch: 217/1000   Training Loss: 0.059919  Test Loss: 0.224319  Test MSE: 0.235862
Test MSE did not improve.. Counter 9/100
Epoch: 218/1000   Training Loss: 0.056718  Test Loss: 0.214529  Test MSE: 0.224873
Test MSE did not improve.. Counter 10/100
Epoch: 219/1000   Training Loss: 0.058811  Test Loss: 0.241991  Test MSE: 0.251804
Test MSE did not improve.. Counter 11/100
Epoch: 220/1000   Training Loss: 0.062368  Test Loss: 0.253221  Test MSE: 0.265417
Test MSE did not improve.. Counter 12/100
Epoch: 221/1000   Training Loss: 0.061451  Test Loss: 0.220729  Test MSE: 0.230025
Test MSE did not improve.. Counter 13/100
Epoch: 222/1000   Training Loss: 0.062795  Test Loss: 0.231142  Test MSE: 0.243549
Test MSE did not improve.. Counter 14/100
Epoch: 223/1000   Training Loss: 0.059747  Test Loss: 0.214689  Test MSE: 0.225363
Test MSE did not improve.. Counter 15/100
Epoch: 224/1000   Training Loss: 0.060132  Test Loss: 0.249563  Test MSE: 0.261972
Test MSE did not improve.. Counter 16/100
Epoch: 225/1000   Training Loss: 0.061977  Test Loss: 0.209777  Test MSE: 0.218201
Test MSE did not improve.. Counter 17/100
Epoch: 226/1000   Training Loss: 0.070394  Test Loss: 0.226696  Test MSE: 0.238669
Test MSE did not improve.. Counter 18/100
Epoch: 227/1000   Training Loss: 0.065356  Test Loss: 0.208173  Test MSE: 0.218858
Test MSE did not improve.. Counter 19/100
Epoch: 228/1000   Training Loss: 0.059417  Test Loss: 0.217167  Test MSE: 0.226887
Test MSE did not improve.. Counter 20/100
Epoch: 229/1000   Training Loss: 0.059944  Test Loss: 0.197012  Test MSE: 0.205742
Test MSE improved from 0.212901 -> 0.205742
Epoch: 230/1000   Training Loss: 0.059618  Test Loss: 0.220517  Test MSE: 0.230777
Test MSE did not improve.. Counter 1/100
Epoch: 231/1000   Training Loss: 0.056798  Test Loss: 0.211928  Test MSE: 0.222074
Test MSE did not improve.. Counter 2/100
Epoch: 232/1000   Training Loss: 0.052017  Test Loss: 0.213212  Test MSE: 0.223777
Test MSE did not improve.. Counter 3/100
Epoch: 233/1000   Training Loss: 0.053307  Test Loss: 0.207419  Test MSE: 0.217650
Test MSE did not improve.. Counter 4/100
Epoch: 234/1000   Training Loss: 0.056933  Test Loss: 0.220715  Test MSE: 0.230909
Test MSE did not improve.. Counter 5/100
Epoch: 235/1000   Training Loss: 0.058593  Test Loss: 0.214022  Test MSE: 0.223674
Test MSE did not improve.. Counter 6/100
Epoch: 236/1000   Training Loss: 0.058662  Test Loss: 0.228661  Test MSE: 0.237941
Test MSE did not improve.. Counter 7/100
Epoch: 237/1000   Training Loss: 0.057830  Test Loss: 0.221035  Test MSE: 0.232252
Test MSE did not improve.. Counter 8/100
Epoch: 238/1000   Training Loss: 0.058935  Test Loss: 0.222856  Test MSE: 0.234208
Test MSE did not improve.. Counter 9/100
Epoch: 239/1000   Training Loss: 0.057861  Test Loss: 0.206284  Test MSE: 0.217369
Test MSE did not improve.. Counter 10/100
Epoch: 240/1000   Training Loss: 0.057197  Test Loss: 0.222440  Test MSE: 0.233681
Test MSE did not improve.. Counter 11/100
Epoch: 241/1000   Training Loss: 0.058725  Test Loss: 0.190416  Test MSE: 0.199010
Test MSE improved from 0.205742 -> 0.199010
Epoch: 242/1000   Training Loss: 0.054993  Test Loss: 0.203068  Test MSE: 0.213190
Test MSE did not improve.. Counter 1/100
Epoch: 243/1000   Training Loss: 0.056882  Test Loss: 0.211669  Test MSE: 0.222022
Test MSE did not improve.. Counter 2/100
Epoch: 244/1000   Training Loss: 0.055335  Test Loss: 0.201225  Test MSE: 0.210954
Test MSE did not improve.. Counter 3/100
Epoch: 245/1000   Training Loss: 0.058274  Test Loss: 0.207159  Test MSE: 0.219088
Test MSE did not improve.. Counter 4/100
Epoch: 246/1000   Training Loss: 0.059056  Test Loss: 0.196560  Test MSE: 0.207419
Test MSE did not improve.. Counter 5/100
Epoch: 247/1000   Training Loss: 0.056518  Test Loss: 0.210129  Test MSE: 0.221565
Test MSE did not improve.. Counter 6/100
Epoch: 248/1000   Training Loss: 0.056432  Test Loss: 0.212814  Test MSE: 0.223310
Test MSE did not improve.. Counter 7/100
Epoch: 249/1000   Training Loss: 0.058296  Test Loss: 0.201314  Test MSE: 0.211968
Test MSE did not improve.. Counter 8/100
Epoch: 250/1000   Training Loss: 0.054948  Test Loss: 0.194485  Test MSE: 0.203627
Test MSE did not improve.. Counter 9/100
Epoch: 251/1000   Training Loss: 0.057353  Test Loss: 0.202133  Test MSE: 0.212618
Test MSE did not improve.. Counter 10/100
Epoch: 252/1000   Training Loss: 0.052895  Test Loss: 0.194067  Test MSE: 0.204329
Test MSE did not improve.. Counter 11/100
Epoch: 253/1000   Training Loss: 0.053778  Test Loss: 0.193660  Test MSE: 0.204273
Test MSE did not improve.. Counter 12/100
Epoch: 254/1000   Training Loss: 0.054337  Test Loss: 0.206281  Test MSE: 0.217419
Test MSE did not improve.. Counter 13/100
Epoch: 255/1000   Training Loss: 0.054161  Test Loss: 0.197095  Test MSE: 0.208421
Test MSE did not improve.. Counter 14/100
Epoch: 256/1000   Training Loss: 0.062237  Test Loss: 0.200628  Test MSE: 0.211495
Test MSE did not improve.. Counter 15/100
Epoch: 257/1000   Training Loss: 0.058482  Test Loss: 0.212747  Test MSE: 0.224292
Test MSE did not improve.. Counter 16/100
Epoch: 258/1000   Training Loss: 0.059073  Test Loss: 0.194935  Test MSE: 0.205333
Test MSE did not improve.. Counter 17/100
Epoch: 259/1000   Training Loss: 0.059587  Test Loss: 0.193815  Test MSE: 0.203002
Test MSE did not improve.. Counter 18/100
Epoch: 260/1000   Training Loss: 0.055349  Test Loss: 0.203378  Test MSE: 0.214873
Test MSE did not improve.. Counter 19/100
Epoch: 261/1000   Training Loss: 0.053037  Test Loss: 0.187190  Test MSE: 0.196120
Test MSE improved from 0.199010 -> 0.196120
Epoch: 262/1000   Training Loss: 0.051816  Test Loss: 0.197611  Test MSE: 0.206167
Test MSE did not improve.. Counter 1/100
Epoch: 263/1000   Training Loss: 0.052770  Test Loss: 0.196272  Test MSE: 0.205530
Test MSE did not improve.. Counter 2/100
Epoch: 264/1000   Training Loss: 0.053093  Test Loss: 0.203752  Test MSE: 0.214698
Test MSE did not improve.. Counter 3/100
Epoch: 265/1000   Training Loss: 0.048889  Test Loss: 0.190620  Test MSE: 0.200321
Test MSE did not improve.. Counter 4/100
Epoch: 266/1000   Training Loss: 0.054738  Test Loss: 0.195808  Test MSE: 0.207021
Test MSE did not improve.. Counter 5/100
Epoch: 267/1000   Training Loss: 0.046786  Test Loss: 0.197219  Test MSE: 0.209514
Test MSE did not improve.. Counter 6/100
Epoch: 268/1000   Training Loss: 0.050901  Test Loss: 0.193401  Test MSE: 0.203259
Test MSE did not improve.. Counter 7/100
Epoch: 269/1000   Training Loss: 0.049815  Test Loss: 0.208460  Test MSE: 0.220334
Test MSE did not improve.. Counter 8/100
Epoch: 270/1000   Training Loss: 0.055983  Test Loss: 0.191185  Test MSE: 0.201214
Test MSE did not improve.. Counter 9/100
Epoch: 271/1000   Training Loss: 0.052741  Test Loss: 0.211543  Test MSE: 0.224169
Test MSE did not improve.. Counter 10/100
Epoch: 272/1000   Training Loss: 0.049353  Test Loss: 0.195954  Test MSE: 0.207951
Test MSE did not improve.. Counter 11/100
Epoch: 273/1000   Training Loss: 0.048390  Test Loss: 0.205614  Test MSE: 0.217860
Test MSE did not improve.. Counter 12/100
Epoch: 274/1000   Training Loss: 0.047176  Test Loss: 0.193740  Test MSE: 0.205410
Test MSE did not improve.. Counter 13/100
Epoch: 275/1000   Training Loss: 0.047264  Test Loss: 0.192852  Test MSE: 0.204012
Test MSE did not improve.. Counter 14/100
Epoch: 276/1000   Training Loss: 0.048899  Test Loss: 0.196227  Test MSE: 0.207743
Test MSE did not improve.. Counter 15/100
Epoch: 277/1000   Training Loss: 0.047493  Test Loss: 0.189262  Test MSE: 0.199025
Test MSE did not improve.. Counter 16/100
Epoch: 278/1000   Training Loss: 0.055121  Test Loss: 0.208425  Test MSE: 0.220176
Test MSE did not improve.. Counter 17/100
Epoch: 279/1000   Training Loss: 0.053940  Test Loss: 0.186185  Test MSE: 0.195268
Test MSE improved from 0.196120 -> 0.195268
Epoch: 280/1000   Training Loss: 0.052061  Test Loss: 0.197422  Test MSE: 0.208616
Test MSE did not improve.. Counter 1/100
Epoch: 281/1000   Training Loss: 0.048117  Test Loss: 0.176190  Test MSE: 0.185531
Test MSE improved from 0.195268 -> 0.185531
Epoch: 282/1000   Training Loss: 0.049799  Test Loss: 0.210475  Test MSE: 0.222135
Test MSE did not improve.. Counter 1/100
Epoch: 283/1000   Training Loss: 0.047345  Test Loss: 0.190638  Test MSE: 0.200134
Test MSE did not improve.. Counter 2/100
Epoch: 284/1000   Training Loss: 0.046337  Test Loss: 0.199515  Test MSE: 0.209918
Test MSE did not improve.. Counter 3/100
Epoch: 285/1000   Training Loss: 0.048898  Test Loss: 0.201996  Test MSE: 0.212376
Test MSE did not improve.. Counter 4/100
Epoch: 286/1000   Training Loss: 0.054073  Test Loss: 0.189622  Test MSE: 0.199773
Test MSE did not improve.. Counter 5/100
Epoch: 287/1000   Training Loss: 0.048682  Test Loss: 0.207968  Test MSE: 0.218430
Test MSE did not improve.. Counter 6/100
Epoch: 288/1000   Training Loss: 0.047315  Test Loss: 0.198731  Test MSE: 0.210250
Test MSE did not improve.. Counter 7/100
Epoch: 289/1000   Training Loss: 0.051385  Test Loss: 0.227167  Test MSE: 0.238982
Test MSE did not improve.. Counter 8/100
Epoch: 290/1000   Training Loss: 0.051882  Test Loss: 0.208213  Test MSE: 0.219835
Test MSE did not improve.. Counter 9/100
Epoch: 291/1000   Training Loss: 0.050009  Test Loss: 0.203434  Test MSE: 0.214432
Test MSE did not improve.. Counter 10/100
Epoch: 292/1000   Training Loss: 0.045979  Test Loss: 0.202981  Test MSE: 0.215149
Test MSE did not improve.. Counter 11/100
Epoch: 293/1000   Training Loss: 0.050186  Test Loss: 0.206394  Test MSE: 0.218758
Test MSE did not improve.. Counter 12/100
Epoch: 294/1000   Training Loss: 0.046427  Test Loss: 0.208681  Test MSE: 0.220575
Test MSE did not improve.. Counter 13/100
Epoch: 295/1000   Training Loss: 0.050955  Test Loss: 0.212517  Test MSE: 0.224283
Test MSE did not improve.. Counter 14/100
Epoch: 296/1000   Training Loss: 0.048494  Test Loss: 0.202016  Test MSE: 0.214157
Test MSE did not improve.. Counter 15/100
Epoch: 297/1000   Training Loss: 0.048557  Test Loss: 0.197433  Test MSE: 0.208572
Test MSE did not improve.. Counter 16/100
Epoch: 298/1000   Training Loss: 0.048704  Test Loss: 0.194316  Test MSE: 0.204070
Test MSE did not improve.. Counter 17/100
Epoch: 299/1000   Training Loss: 0.049210  Test Loss: 0.196908  Test MSE: 0.206826
Test MSE did not improve.. Counter 18/100
Epoch: 300/1000   Training Loss: 0.045505  Test Loss: 0.200250  Test MSE: 0.211416
Test MSE did not improve.. Counter 19/100
Epoch: 301/1000   Training Loss: 0.043391  Test Loss: 0.207563  Test MSE: 0.220875
Test MSE did not improve.. Counter 20/100
Epoch: 302/1000   Training Loss: 0.042833  Test Loss: 0.193763  Test MSE: 0.205280
Test MSE did not improve.. Counter 21/100
Epoch: 303/1000   Training Loss: 0.051380  Test Loss: 0.199568  Test MSE: 0.208881
Test MSE did not improve.. Counter 22/100
Epoch: 304/1000   Training Loss: 0.052552  Test Loss: 0.199682  Test MSE: 0.210162
Test MSE did not improve.. Counter 23/100
Epoch: 305/1000   Training Loss: 0.047364  Test Loss: 0.203583  Test MSE: 0.215070
Test MSE did not improve.. Counter 24/100
Epoch: 306/1000   Training Loss: 0.046037  Test Loss: 0.203186  Test MSE: 0.213858
Test MSE did not improve.. Counter 25/100
Epoch: 307/1000   Training Loss: 0.048211  Test Loss: 0.214236  Test MSE: 0.225411
Test MSE did not improve.. Counter 26/100
Epoch: 308/1000   Training Loss: 0.048990  Test Loss: 0.201825  Test MSE: 0.211106
Test MSE did not improve.. Counter 27/100
Epoch: 309/1000   Training Loss: 0.046491  Test Loss: 0.204906  Test MSE: 0.216927
Test MSE did not improve.. Counter 28/100
Epoch: 310/1000   Training Loss: 0.045664  Test Loss: 0.191739  Test MSE: 0.202347
Test MSE did not improve.. Counter 29/100
Epoch: 311/1000   Training Loss: 0.045025  Test Loss: 0.196333  Test MSE: 0.205623
Test MSE did not improve.. Counter 30/100
Epoch: 312/1000   Training Loss: 0.045416  Test Loss: 0.193753  Test MSE: 0.204908
Test MSE did not improve.. Counter 31/100
Epoch: 313/1000   Training Loss: 0.046944  Test Loss: 0.183387  Test MSE: 0.193868
Test MSE did not improve.. Counter 32/100
Epoch: 314/1000   Training Loss: 0.044350  Test Loss: 0.193865  Test MSE: 0.204951
Test MSE did not improve.. Counter 33/100
Epoch: 315/1000   Training Loss: 0.044217  Test Loss: 0.185259  Test MSE: 0.195323
Test MSE did not improve.. Counter 34/100
Epoch: 316/1000   Training Loss: 0.046065  Test Loss: 0.206288  Test MSE: 0.215742
Test MSE did not improve.. Counter 35/100
Epoch: 317/1000   Training Loss: 0.045128  Test Loss: 0.199621  Test MSE: 0.211041
Test MSE did not improve.. Counter 36/100
Epoch: 318/1000   Training Loss: 0.043412  Test Loss: 0.187560  Test MSE: 0.196560
Test MSE did not improve.. Counter 37/100
Epoch: 319/1000   Training Loss: 0.043739  Test Loss: 0.201381  Test MSE: 0.212904
Test MSE did not improve.. Counter 38/100
Epoch: 320/1000   Training Loss: 0.041577  Test Loss: 0.178318  Test MSE: 0.188418
Test MSE did not improve.. Counter 39/100
Epoch: 321/1000   Training Loss: 0.045190  Test Loss: 0.196601  Test MSE: 0.206069
Test MSE did not improve.. Counter 40/100
Epoch: 322/1000   Training Loss: 0.044843  Test Loss: 0.181505  Test MSE: 0.191792
Test MSE did not improve.. Counter 41/100
Epoch: 323/1000   Training Loss: 0.042479  Test Loss: 0.183278  Test MSE: 0.194103
Test MSE did not improve.. Counter 42/100
Epoch: 324/1000   Training Loss: 0.043300  Test Loss: 0.182915  Test MSE: 0.192997
Test MSE did not improve.. Counter 43/100
Epoch: 325/1000   Training Loss: 0.041269  Test Loss: 0.202773  Test MSE: 0.214146
Test MSE did not improve.. Counter 44/100
Epoch: 326/1000   Training Loss: 0.043898  Test Loss: 0.208657  Test MSE: 0.218357
Test MSE did not improve.. Counter 45/100
Epoch: 327/1000   Training Loss: 0.047036  Test Loss: 0.212002  Test MSE: 0.223368
Test MSE did not improve.. Counter 46/100
Epoch: 328/1000   Training Loss: 0.044289  Test Loss: 0.190605  Test MSE: 0.201686
Test MSE did not improve.. Counter 47/100
Epoch: 329/1000   Training Loss: 0.047508  Test Loss: 0.195253  Test MSE: 0.205416
Test MSE did not improve.. Counter 48/100
Epoch: 330/1000   Training Loss: 0.048241  Test Loss: 0.217819  Test MSE: 0.230642
Test MSE did not improve.. Counter 49/100
Epoch: 331/1000   Training Loss: 0.049127  Test Loss: 0.201093  Test MSE: 0.213160
Test MSE did not improve.. Counter 50/100
Epoch: 332/1000   Training Loss: 0.047527  Test Loss: 0.196029  Test MSE: 0.207637
Test MSE did not improve.. Counter 51/100
Epoch: 333/1000   Training Loss: 0.041795  Test Loss: 0.176082  Test MSE: 0.186599
Test MSE did not improve.. Counter 52/100
Epoch: 334/1000   Training Loss: 0.046396  Test Loss: 0.199891  Test MSE: 0.211965
Test MSE did not improve.. Counter 53/100
Epoch: 335/1000   Training Loss: 0.049285  Test Loss: 0.197359  Test MSE: 0.208494
Test MSE did not improve.. Counter 54/100
Epoch: 336/1000   Training Loss: 0.045888  Test Loss: 0.193537  Test MSE: 0.204918
Test MSE did not improve.. Counter 55/100
Epoch: 337/1000   Training Loss: 0.042437  Test Loss: 0.205061  Test MSE: 0.217918
Test MSE did not improve.. Counter 56/100
Epoch: 338/1000   Training Loss: 0.040173  Test Loss: 0.192128  Test MSE: 0.203464
Test MSE did not improve.. Counter 57/100
Epoch: 339/1000   Training Loss: 0.043106  Test Loss: 0.178950  Test MSE: 0.189312
Test MSE did not improve.. Counter 58/100
Epoch: 340/1000   Training Loss: 0.044201  Test Loss: 0.200978  Test MSE: 0.213781
Test MSE did not improve.. Counter 59/100
Epoch: 341/1000   Training Loss: 0.039472  Test Loss: 0.204200  Test MSE: 0.215860
Test MSE did not improve.. Counter 60/100
Epoch: 342/1000   Training Loss: 0.043542  Test Loss: 0.193609  Test MSE: 0.204767
Test MSE did not improve.. Counter 61/100
Epoch: 343/1000   Training Loss: 0.043558  Test Loss: 0.196308  Test MSE: 0.207148
Test MSE did not improve.. Counter 62/100
Epoch: 344/1000   Training Loss: 0.045298  Test Loss: 0.196295  Test MSE: 0.208579
Test MSE did not improve.. Counter 63/100
Epoch: 345/1000   Training Loss: 0.042652  Test Loss: 0.178195  Test MSE: 0.187377
Test MSE did not improve.. Counter 64/100
Epoch: 346/1000   Training Loss: 0.041639  Test Loss: 0.194768  Test MSE: 0.205093
Test MSE did not improve.. Counter 65/100
Epoch: 347/1000   Training Loss: 0.041962  Test Loss: 0.202134  Test MSE: 0.215131
Test MSE did not improve.. Counter 66/100
Epoch: 348/1000   Training Loss: 0.042344  Test Loss: 0.184736  Test MSE: 0.195890
Test MSE did not improve.. Counter 67/100
Epoch: 349/1000   Training Loss: 0.044918  Test Loss: 0.194239  Test MSE: 0.205447
Test MSE did not improve.. Counter 68/100
Epoch: 350/1000   Training Loss: 0.042476  Test Loss: 0.200788  Test MSE: 0.212317
Test MSE did not improve.. Counter 69/100
Epoch: 351/1000   Training Loss: 0.042687  Test Loss: 0.201709  Test MSE: 0.214144
Test MSE did not improve.. Counter 70/100
Epoch: 352/1000   Training Loss: 0.043998  Test Loss: 0.190379  Test MSE: 0.201030
Test MSE did not improve.. Counter 71/100
Epoch: 353/1000   Training Loss: 0.047412  Test Loss: 0.175128  Test MSE: 0.184902
Test MSE improved from 0.185531 -> 0.184902
Epoch: 354/1000   Training Loss: 0.048098  Test Loss: 0.183741  Test MSE: 0.194478
Test MSE did not improve.. Counter 1/100
Epoch: 355/1000   Training Loss: 0.043836  Test Loss: 0.195816  Test MSE: 0.207445
Test MSE did not improve.. Counter 2/100
Epoch: 356/1000   Training Loss: 0.041288  Test Loss: 0.195159  Test MSE: 0.206140
Test MSE did not improve.. Counter 3/100
Epoch: 357/1000   Training Loss: 0.040847  Test Loss: 0.195185  Test MSE: 0.207500
Test MSE did not improve.. Counter 4/100
Epoch: 358/1000   Training Loss: 0.038049  Test Loss: 0.180861  Test MSE: 0.191496
Test MSE did not improve.. Counter 5/100
Epoch: 359/1000   Training Loss: 0.037039  Test Loss: 0.184534  Test MSE: 0.195069
Test MSE did not improve.. Counter 6/100
Epoch: 360/1000   Training Loss: 0.038467  Test Loss: 0.182307  Test MSE: 0.192650
Test MSE did not improve.. Counter 7/100
Epoch: 361/1000   Training Loss: 0.038139  Test Loss: 0.183278  Test MSE: 0.194077
Test MSE did not improve.. Counter 8/100
Epoch: 362/1000   Training Loss: 0.040845  Test Loss: 0.193019  Test MSE: 0.204568
Test MSE did not improve.. Counter 9/100
Epoch: 363/1000   Training Loss: 0.044748  Test Loss: 0.192541  Test MSE: 0.203539
Test MSE did not improve.. Counter 10/100
Epoch: 364/1000   Training Loss: 0.040388  Test Loss: 0.179758  Test MSE: 0.191076
Test MSE did not improve.. Counter 11/100
Epoch: 365/1000   Training Loss: 0.039220  Test Loss: 0.186316  Test MSE: 0.197683
Test MSE did not improve.. Counter 12/100
Epoch: 366/1000   Training Loss: 0.039092  Test Loss: 0.190723  Test MSE: 0.202054
Test MSE did not improve.. Counter 13/100
Epoch: 367/1000   Training Loss: 0.039052  Test Loss: 0.188369  Test MSE: 0.199584
Test MSE did not improve.. Counter 14/100
Epoch: 368/1000   Training Loss: 0.037492  Test Loss: 0.194858  Test MSE: 0.206741
Test MSE did not improve.. Counter 15/100
Epoch: 369/1000   Training Loss: 0.038369  Test Loss: 0.188707  Test MSE: 0.198762
Test MSE did not improve.. Counter 16/100
Epoch: 370/1000   Training Loss: 0.040805  Test Loss: 0.186857  Test MSE: 0.197244
Test MSE did not improve.. Counter 17/100
Epoch: 371/1000   Training Loss: 0.040148  Test Loss: 0.182729  Test MSE: 0.193859
Test MSE did not improve.. Counter 18/100
Epoch: 372/1000   Training Loss: 0.039571  Test Loss: 0.190372  Test MSE: 0.201722
Test MSE did not improve.. Counter 19/100
Epoch: 373/1000   Training Loss: 0.043829  Test Loss: 0.180438  Test MSE: 0.191414
Test MSE did not improve.. Counter 20/100
Epoch: 374/1000   Training Loss: 0.041179  Test Loss: 0.203023  Test MSE: 0.215595
Test MSE did not improve.. Counter 21/100
Epoch: 375/1000   Training Loss: 0.044438  Test Loss: 0.183899  Test MSE: 0.195483
Test MSE did not improve.. Counter 22/100
Epoch: 376/1000   Training Loss: 0.045830  Test Loss: 0.175729  Test MSE: 0.185330
Test MSE did not improve.. Counter 23/100
Epoch: 377/1000   Training Loss: 0.044304  Test Loss: 0.189630  Test MSE: 0.201263
Test MSE did not improve.. Counter 24/100
Epoch: 378/1000   Training Loss: 0.038046  Test Loss: 0.173470  Test MSE: 0.183550
Test MSE improved from 0.184902 -> 0.183550
Epoch: 379/1000   Training Loss: 0.037416  Test Loss: 0.177748  Test MSE: 0.187233
Test MSE did not improve.. Counter 1/100
Epoch: 380/1000   Training Loss: 0.036630  Test Loss: 0.181377  Test MSE: 0.191421
Test MSE did not improve.. Counter 2/100
Epoch: 381/1000   Training Loss: 0.039580  Test Loss: 0.180024  Test MSE: 0.190662
Test MSE did not improve.. Counter 3/100
Epoch: 382/1000   Training Loss: 0.038896  Test Loss: 0.188679  Test MSE: 0.200461
Test MSE did not improve.. Counter 4/100
Epoch: 383/1000   Training Loss: 0.038167  Test Loss: 0.186627  Test MSE: 0.196898
Test MSE did not improve.. Counter 5/100
Epoch: 384/1000   Training Loss: 0.038960  Test Loss: 0.181296  Test MSE: 0.192284
Test MSE did not improve.. Counter 6/100
Epoch: 385/1000   Training Loss: 0.039591  Test Loss: 0.181850  Test MSE: 0.193444
Test MSE did not improve.. Counter 7/100
Epoch: 386/1000   Training Loss: 0.038961  Test Loss: 0.173967  Test MSE: 0.183920
Test MSE did not improve.. Counter 8/100
Epoch: 387/1000   Training Loss: 0.036503  Test Loss: 0.184401  Test MSE: 0.195810
Test MSE did not improve.. Counter 9/100
Epoch: 388/1000   Training Loss: 0.037543  Test Loss: 0.170022  Test MSE: 0.179982
Test MSE improved from 0.183550 -> 0.179982
Epoch: 389/1000   Training Loss: 0.036706  Test Loss: 0.191825  Test MSE: 0.203519
Test MSE did not improve.. Counter 1/100
Epoch: 390/1000   Training Loss: 0.041889  Test Loss: 0.182179  Test MSE: 0.192828
Test MSE did not improve.. Counter 2/100
Epoch: 391/1000   Training Loss: 0.041343  Test Loss: 0.170999  Test MSE: 0.180465
Test MSE did not improve.. Counter 3/100
Epoch: 392/1000   Training Loss: 0.041182  Test Loss: 0.178759  Test MSE: 0.189065
Test MSE did not improve.. Counter 4/100
Epoch: 393/1000   Training Loss: 0.039935  Test Loss: 0.198916  Test MSE: 0.210454
Test MSE did not improve.. Counter 5/100
Epoch: 394/1000   Training Loss: 0.039372  Test Loss: 0.197679  Test MSE: 0.209211
Test MSE did not improve.. Counter 6/100
Epoch: 395/1000   Training Loss: 0.042117  Test Loss: 0.188017  Test MSE: 0.199355
Test MSE did not improve.. Counter 7/100
Epoch: 396/1000   Training Loss: 0.040617  Test Loss: 0.178101  Test MSE: 0.187631
Test MSE did not improve.. Counter 8/100
Epoch: 397/1000   Training Loss: 0.039394  Test Loss: 0.209882  Test MSE: 0.223164
Test MSE did not improve.. Counter 9/100
Epoch: 398/1000   Training Loss: 0.035883  Test Loss: 0.195735  Test MSE: 0.207465
Test MSE did not improve.. Counter 10/100
Epoch: 399/1000   Training Loss: 0.035854  Test Loss: 0.170871  Test MSE: 0.180758
Test MSE did not improve.. Counter 11/100
Epoch: 400/1000   Training Loss: 0.038070  Test Loss: 0.190852  Test MSE: 0.201231
Test MSE did not improve.. Counter 12/100
Epoch: 401/1000   Training Loss: 0.036786  Test Loss: 0.183989  Test MSE: 0.194897
Test MSE did not improve.. Counter 13/100
Epoch: 402/1000   Training Loss: 0.038379  Test Loss: 0.168152  Test MSE: 0.178654
Test MSE improved from 0.179982 -> 0.178654
Epoch: 403/1000   Training Loss: 0.038592  Test Loss: 0.190522  Test MSE: 0.201744
Test MSE did not improve.. Counter 1/100
Epoch: 404/1000   Training Loss: 0.036636  Test Loss: 0.190733  Test MSE: 0.201097
Test MSE did not improve.. Counter 2/100
Epoch: 405/1000   Training Loss: 0.036497  Test Loss: 0.182772  Test MSE: 0.193645
Test MSE did not improve.. Counter 3/100
Epoch: 406/1000   Training Loss: 0.037864  Test Loss: 0.192072  Test MSE: 0.203197
Test MSE did not improve.. Counter 4/100
Epoch: 407/1000   Training Loss: 0.039609  Test Loss: 0.174974  Test MSE: 0.184383
Test MSE did not improve.. Counter 5/100
Epoch: 408/1000   Training Loss: 0.037002  Test Loss: 0.189227  Test MSE: 0.200111
Test MSE did not improve.. Counter 6/100
Epoch: 409/1000   Training Loss: 0.039082  Test Loss: 0.196383  Test MSE: 0.207840
Test MSE did not improve.. Counter 7/100
Epoch: 410/1000   Training Loss: 0.042358  Test Loss: 0.193942  Test MSE: 0.204834
Test MSE did not improve.. Counter 8/100
Epoch: 411/1000   Training Loss: 0.037763  Test Loss: 0.189414  Test MSE: 0.200272
Test MSE did not improve.. Counter 9/100
Epoch: 412/1000   Training Loss: 0.035941  Test Loss: 0.170463  Test MSE: 0.179864
Test MSE did not improve.. Counter 10/100
Epoch: 413/1000   Training Loss: 0.037255  Test Loss: 0.197029  Test MSE: 0.207806
Test MSE did not improve.. Counter 11/100
Epoch: 414/1000   Training Loss: 0.037500  Test Loss: 0.186245  Test MSE: 0.196673
Test MSE did not improve.. Counter 12/100
Epoch: 415/1000   Training Loss: 0.037489  Test Loss: 0.173277  Test MSE: 0.181376
Test MSE did not improve.. Counter 13/100
Epoch: 416/1000   Training Loss: 0.039515  Test Loss: 0.179230  Test MSE: 0.189239
Test MSE did not improve.. Counter 14/100
Epoch: 417/1000   Training Loss: 0.037299  Test Loss: 0.187212  Test MSE: 0.197952
Test MSE did not improve.. Counter 15/100
Epoch: 418/1000   Training Loss: 0.038134  Test Loss: 0.178888  Test MSE: 0.188547
Test MSE did not improve.. Counter 16/100
Epoch: 419/1000   Training Loss: 0.038793  Test Loss: 0.187248  Test MSE: 0.198455
Test MSE did not improve.. Counter 17/100
Epoch: 420/1000   Training Loss: 0.040093  Test Loss: 0.180435  Test MSE: 0.190311
Test MSE did not improve.. Counter 18/100
Epoch: 421/1000   Training Loss: 0.037909  Test Loss: 0.186571  Test MSE: 0.197419
Test MSE did not improve.. Counter 19/100
Epoch: 422/1000   Training Loss: 0.034743  Test Loss: 0.182484  Test MSE: 0.191908
Test MSE did not improve.. Counter 20/100
Epoch: 423/1000   Training Loss: 0.037180  Test Loss: 0.176428  Test MSE: 0.186196
Test MSE did not improve.. Counter 21/100
Epoch: 424/1000   Training Loss: 0.036137  Test Loss: 0.190603  Test MSE: 0.202640
Test MSE did not improve.. Counter 22/100
Epoch: 425/1000   Training Loss: 0.038748  Test Loss: 0.182801  Test MSE: 0.194146
Test MSE did not improve.. Counter 23/100
Epoch: 426/1000   Training Loss: 0.039078  Test Loss: 0.188179  Test MSE: 0.199783
Test MSE did not improve.. Counter 24/100
Epoch: 427/1000   Training Loss: 0.039849  Test Loss: 0.177080  Test MSE: 0.187377
Test MSE did not improve.. Counter 25/100
Epoch: 428/1000   Training Loss: 0.034745  Test Loss: 0.193880  Test MSE: 0.205047
Test MSE did not improve.. Counter 26/100
Epoch: 429/1000   Training Loss: 0.035171  Test Loss: 0.185287  Test MSE: 0.196123
Test MSE did not improve.. Counter 27/100
Epoch: 430/1000   Training Loss: 0.034178  Test Loss: 0.172388  Test MSE: 0.183171
Test MSE did not improve.. Counter 28/100
Epoch: 431/1000   Training Loss: 0.036656  Test Loss: 0.182104  Test MSE: 0.192609
Test MSE did not improve.. Counter 29/100
Epoch: 432/1000   Training Loss: 0.039619  Test Loss: 0.186440  Test MSE: 0.196354
Test MSE did not improve.. Counter 30/100
Epoch: 433/1000   Training Loss: 0.040548  Test Loss: 0.176325  Test MSE: 0.186046
Test MSE did not improve.. Counter 31/100
Epoch: 434/1000   Training Loss: 0.038280  Test Loss: 0.201405  Test MSE: 0.213486
Test MSE did not improve.. Counter 32/100
Epoch: 435/1000   Training Loss: 0.039965  Test Loss: 0.205719  Test MSE: 0.217193
Test MSE did not improve.. Counter 33/100
Epoch: 436/1000   Training Loss: 0.041254  Test Loss: 0.179044  Test MSE: 0.189028
Test MSE did not improve.. Counter 34/100
Epoch: 437/1000   Training Loss: 0.038542  Test Loss: 0.177035  Test MSE: 0.186615
Test MSE did not improve.. Counter 35/100
Epoch: 438/1000   Training Loss: 0.037336  Test Loss: 0.195080  Test MSE: 0.206493
Test MSE did not improve.. Counter 36/100
Epoch: 439/1000   Training Loss: 0.035837  Test Loss: 0.168063  Test MSE: 0.177873
Test MSE improved from 0.178654 -> 0.177873
Epoch: 440/1000   Training Loss: 0.036229  Test Loss: 0.184571  Test MSE: 0.195322
Test MSE did not improve.. Counter 1/100
Epoch: 441/1000   Training Loss: 0.038702  Test Loss: 0.186100  Test MSE: 0.197245
Test MSE did not improve.. Counter 2/100
Epoch: 442/1000   Training Loss: 0.037791  Test Loss: 0.177470  Test MSE: 0.188893
Test MSE did not improve.. Counter 3/100
Epoch: 443/1000   Training Loss: 0.036988  Test Loss: 0.177951  Test MSE: 0.187526
Test MSE did not improve.. Counter 4/100
Epoch: 444/1000   Training Loss: 0.036283  Test Loss: 0.185593  Test MSE: 0.196587
Test MSE did not improve.. Counter 5/100
Epoch: 445/1000   Training Loss: 0.037606  Test Loss: 0.161564  Test MSE: 0.171850
Test MSE improved from 0.177873 -> 0.171850
Epoch: 446/1000   Training Loss: 0.039096  Test Loss: 0.189810  Test MSE: 0.200414
Test MSE did not improve.. Counter 1/100
Epoch: 447/1000   Training Loss: 0.045041  Test Loss: 0.185061  Test MSE: 0.196748
Test MSE did not improve.. Counter 2/100
Epoch: 448/1000   Training Loss: 0.038138  Test Loss: 0.181948  Test MSE: 0.192761
Test MSE did not improve.. Counter 3/100
Epoch: 449/1000   Training Loss: 0.037045  Test Loss: 0.193780  Test MSE: 0.203988
Test MSE did not improve.. Counter 4/100
Epoch: 450/1000   Training Loss: 0.037385  Test Loss: 0.183015  Test MSE: 0.193706
Test MSE did not improve.. Counter 5/100
Epoch: 451/1000   Training Loss: 0.037725  Test Loss: 0.200088  Test MSE: 0.210624
Test MSE did not improve.. Counter 6/100
Epoch: 452/1000   Training Loss: 0.040164  Test Loss: 0.193918  Test MSE: 0.204961
Test MSE did not improve.. Counter 7/100
Epoch: 453/1000   Training Loss: 0.038014  Test Loss: 0.187014  Test MSE: 0.197912
Test MSE did not improve.. Counter 8/100
Epoch: 454/1000   Training Loss: 0.033623  Test Loss: 0.189152  Test MSE: 0.199907
Test MSE did not improve.. Counter 9/100
Epoch: 455/1000   Training Loss: 0.036876  Test Loss: 0.179482  Test MSE: 0.189863
Test MSE did not improve.. Counter 10/100
Epoch: 456/1000   Training Loss: 0.031950  Test Loss: 0.183823  Test MSE: 0.194976
Test MSE did not improve.. Counter 11/100
Epoch: 457/1000   Training Loss: 0.035125  Test Loss: 0.184762  Test MSE: 0.196298
Test MSE did not improve.. Counter 12/100
Epoch: 458/1000   Training Loss: 0.033867  Test Loss: 0.176564  Test MSE: 0.186627
Test MSE did not improve.. Counter 13/100
Epoch: 459/1000   Training Loss: 0.037436  Test Loss: 0.177089  Test MSE: 0.188319
Test MSE did not improve.. Counter 14/100
Epoch: 460/1000   Training Loss: 0.035461  Test Loss: 0.173136  Test MSE: 0.184212
Test MSE did not improve.. Counter 15/100
Epoch: 461/1000   Training Loss: 0.033052  Test Loss: 0.173058  Test MSE: 0.182961
Test MSE did not improve.. Counter 16/100
Epoch: 462/1000   Training Loss: 0.034247  Test Loss: 0.180283  Test MSE: 0.190258
Test MSE did not improve.. Counter 17/100
Epoch: 463/1000   Training Loss: 0.033416  Test Loss: 0.179410  Test MSE: 0.189588
Test MSE did not improve.. Counter 18/100
Epoch: 464/1000   Training Loss: 0.033195  Test Loss: 0.179997  Test MSE: 0.189857
Test MSE did not improve.. Counter 19/100
Epoch: 465/1000   Training Loss: 0.034489  Test Loss: 0.184416  Test MSE: 0.195200
Test MSE did not improve.. Counter 20/100
Epoch: 466/1000   Training Loss: 0.036318  Test Loss: 0.183910  Test MSE: 0.193861
Test MSE did not improve.. Counter 21/100
Epoch: 467/1000   Training Loss: 0.034980  Test Loss: 0.182876  Test MSE: 0.193850
Test MSE did not improve.. Counter 22/100
Epoch: 468/1000   Training Loss: 0.036443  Test Loss: 0.187148  Test MSE: 0.196477
Test MSE did not improve.. Counter 23/100
Epoch: 469/1000   Training Loss: 0.036569  Test Loss: 0.186570  Test MSE: 0.196576
Test MSE did not improve.. Counter 24/100
Epoch: 470/1000   Training Loss: 0.034435  Test Loss: 0.175566  Test MSE: 0.185512
Test MSE did not improve.. Counter 25/100
Epoch: 471/1000   Training Loss: 0.034925  Test Loss: 0.175612  Test MSE: 0.185811
Test MSE did not improve.. Counter 26/100
Epoch: 472/1000   Training Loss: 0.033602  Test Loss: 0.186683  Test MSE: 0.197014
Test MSE did not improve.. Counter 27/100
Epoch: 473/1000   Training Loss: 0.036486  Test Loss: 0.191594  Test MSE: 0.203463
Test MSE did not improve.. Counter 28/100
Epoch: 474/1000   Training Loss: 0.034274  Test Loss: 0.179521  Test MSE: 0.189765
Test MSE did not improve.. Counter 29/100
Epoch: 475/1000   Training Loss: 0.035522  Test Loss: 0.193752  Test MSE: 0.204098
Test MSE did not improve.. Counter 30/100
Epoch: 476/1000   Training Loss: 0.035829  Test Loss: 0.191512  Test MSE: 0.201863
Test MSE did not improve.. Counter 31/100
Epoch: 477/1000   Training Loss: 0.037333  Test Loss: 0.187746  Test MSE: 0.197161
Test MSE did not improve.. Counter 32/100
Epoch: 478/1000   Training Loss: 0.042183  Test Loss: 0.179422  Test MSE: 0.188055
Test MSE did not improve.. Counter 33/100
Epoch: 479/1000   Training Loss: 0.037317  Test Loss: 0.192724  Test MSE: 0.203184
Test MSE did not improve.. Counter 34/100
Epoch: 480/1000   Training Loss: 0.035963  Test Loss: 0.184721  Test MSE: 0.195588
Test MSE did not improve.. Counter 35/100
Epoch: 481/1000   Training Loss: 0.037922  Test Loss: 0.176959  Test MSE: 0.186425
Test MSE did not improve.. Counter 36/100
Epoch: 482/1000   Training Loss: 0.038413  Test Loss: 0.177526  Test MSE: 0.187976
Test MSE did not improve.. Counter 37/100
Epoch: 483/1000   Training Loss: 0.038884  Test Loss: 0.198772  Test MSE: 0.210464
Test MSE did not improve.. Counter 38/100
Epoch: 484/1000   Training Loss: 0.033979  Test Loss: 0.181241  Test MSE: 0.191465
Test MSE did not improve.. Counter 39/100
Epoch: 485/1000   Training Loss: 0.036747  Test Loss: 0.195164  Test MSE: 0.204437
Test MSE did not improve.. Counter 40/100
Epoch: 486/1000   Training Loss: 0.038862  Test Loss: 0.191589  Test MSE: 0.202839
Test MSE did not improve.. Counter 41/100
Epoch: 487/1000   Training Loss: 0.034045  Test Loss: 0.175427  Test MSE: 0.185376
Test MSE did not improve.. Counter 42/100
Epoch: 488/1000   Training Loss: 0.032268  Test Loss: 0.172728  Test MSE: 0.183546
Test MSE did not improve.. Counter 43/100
Epoch: 489/1000   Training Loss: 0.035150  Test Loss: 0.185496  Test MSE: 0.196897
Test MSE did not improve.. Counter 44/100
Epoch: 490/1000   Training Loss: 0.038611  Test Loss: 0.187921  Test MSE: 0.196977
Test MSE did not improve.. Counter 45/100
Epoch: 491/1000   Training Loss: 0.033489  Test Loss: 0.181844  Test MSE: 0.192059
Test MSE did not improve.. Counter 46/100
Epoch: 492/1000   Training Loss: 0.033814  Test Loss: 0.181846  Test MSE: 0.191307
Test MSE did not improve.. Counter 47/100
Epoch: 493/1000   Training Loss: 0.033255  Test Loss: 0.181881  Test MSE: 0.192765
Test MSE did not improve.. Counter 48/100
Epoch: 494/1000   Training Loss: 0.033129  Test Loss: 0.175218  Test MSE: 0.184943
Test MSE did not improve.. Counter 49/100
Epoch: 495/1000   Training Loss: 0.034400  Test Loss: 0.189752  Test MSE: 0.201679
Test MSE did not improve.. Counter 50/100
Epoch: 496/1000   Training Loss: 0.031850  Test Loss: 0.171547  Test MSE: 0.181255
Test MSE did not improve.. Counter 51/100
Epoch: 497/1000   Training Loss: 0.038716  Test Loss: 0.196055  Test MSE: 0.206636
Test MSE did not improve.. Counter 52/100
Epoch: 498/1000   Training Loss: 0.035383  Test Loss: 0.175441  Test MSE: 0.186035
Test MSE did not improve.. Counter 53/100
Epoch: 499/1000   Training Loss: 0.034011  Test Loss: 0.183528  Test MSE: 0.194403
Test MSE did not improve.. Counter 54/100
Epoch: 500/1000   Training Loss: 0.033333  Test Loss: 0.185905  Test MSE: 0.195271
Test MSE did not improve.. Counter 55/100
Epoch: 501/1000   Training Loss: 0.033893  Test Loss: 0.170347  Test MSE: 0.179738
Test MSE did not improve.. Counter 56/100
Epoch: 502/1000   Training Loss: 0.032376  Test Loss: 0.176219  Test MSE: 0.187103
Test MSE did not improve.. Counter 57/100
Epoch: 503/1000   Training Loss: 0.035408  Test Loss: 0.194781  Test MSE: 0.207734
Test MSE did not improve.. Counter 58/100
Epoch: 504/1000   Training Loss: 0.036827  Test Loss: 0.189960  Test MSE: 0.200979
Test MSE did not improve.. Counter 59/100
Epoch: 505/1000   Training Loss: 0.033838  Test Loss: 0.185424  Test MSE: 0.197306
Test MSE did not improve.. Counter 60/100
Epoch: 506/1000   Training Loss: 0.035023  Test Loss: 0.176235  Test MSE: 0.186993
Test MSE did not improve.. Counter 61/100
Epoch: 507/1000   Training Loss: 0.033743  Test Loss: 0.175412  Test MSE: 0.186319
Test MSE did not improve.. Counter 62/100
Epoch: 508/1000   Training Loss: 0.037691  Test Loss: 0.188076  Test MSE: 0.199544
Test MSE did not improve.. Counter 63/100
Epoch: 509/1000   Training Loss: 0.032695  Test Loss: 0.176257  Test MSE: 0.184934
Test MSE did not improve.. Counter 64/100
Epoch: 510/1000   Training Loss: 0.033129  Test Loss: 0.188031  Test MSE: 0.198817
Test MSE did not improve.. Counter 65/100
Epoch: 511/1000   Training Loss: 0.033873  Test Loss: 0.180833  Test MSE: 0.191269
Test MSE did not improve.. Counter 66/100
Epoch: 512/1000   Training Loss: 0.033725  Test Loss: 0.177728  Test MSE: 0.188181
Test MSE did not improve.. Counter 67/100
Epoch: 513/1000   Training Loss: 0.033399  Test Loss: 0.179104  Test MSE: 0.189483
Test MSE did not improve.. Counter 68/100
Epoch: 514/1000   Training Loss: 0.034496  Test Loss: 0.178467  Test MSE: 0.189069
Test MSE did not improve.. Counter 69/100
Epoch: 515/1000   Training Loss: 0.031879  Test Loss: 0.190417  Test MSE: 0.202370
Test MSE did not improve.. Counter 70/100
Epoch: 516/1000   Training Loss: 0.032054  Test Loss: 0.187517  Test MSE: 0.199505
Test MSE did not improve.. Counter 71/100
Epoch: 517/1000   Training Loss: 0.031846  Test Loss: 0.173600  Test MSE: 0.184138
Test MSE did not improve.. Counter 72/100
Epoch: 518/1000   Training Loss: 0.035828  Test Loss: 0.186450  Test MSE: 0.197368
Test MSE did not improve.. Counter 73/100
Epoch: 519/1000   Training Loss: 0.036414  Test Loss: 0.190885  Test MSE: 0.202569
Test MSE did not improve.. Counter 74/100
Epoch: 520/1000   Training Loss: 0.032132  Test Loss: 0.181236  Test MSE: 0.192401
Test MSE did not improve.. Counter 75/100
Epoch: 521/1000   Training Loss: 0.033295  Test Loss: 0.181101  Test MSE: 0.191278
Test MSE did not improve.. Counter 76/100
Epoch: 522/1000   Training Loss: 0.034985  Test Loss: 0.185626  Test MSE: 0.197105
Test MSE did not improve.. Counter 77/100
Epoch: 523/1000   Training Loss: 0.036721  Test Loss: 0.189559  Test MSE: 0.201378
Test MSE did not improve.. Counter 78/100
Epoch: 524/1000   Training Loss: 0.037486  Test Loss: 0.180581  Test MSE: 0.190690
Test MSE did not improve.. Counter 79/100
Epoch: 525/1000   Training Loss: 0.030889  Test Loss: 0.195183  Test MSE: 0.205217
Test MSE did not improve.. Counter 80/100
Epoch: 526/1000   Training Loss: 0.032065  Test Loss: 0.186873  Test MSE: 0.197016
Test MSE did not improve.. Counter 81/100
Epoch: 527/1000   Training Loss: 0.033828  Test Loss: 0.189344  Test MSE: 0.200238
Test MSE did not improve.. Counter 82/100
Epoch: 528/1000   Training Loss: 0.033837  Test Loss: 0.182673  Test MSE: 0.191170
Test MSE did not improve.. Counter 83/100
Epoch: 529/1000   Training Loss: 0.033354  Test Loss: 0.187636  Test MSE: 0.198874
Test MSE did not improve.. Counter 84/100
Epoch: 530/1000   Training Loss: 0.032569  Test Loss: 0.185261  Test MSE: 0.196863
Test MSE did not improve.. Counter 85/100
Epoch: 531/1000   Training Loss: 0.036987  Test Loss: 0.191134  Test MSE: 0.201425
Test MSE did not improve.. Counter 86/100
Epoch: 532/1000   Training Loss: 0.036333  Test Loss: 0.191998  Test MSE: 0.203291
Test MSE did not improve.. Counter 87/100
Epoch: 533/1000   Training Loss: 0.033963  Test Loss: 0.182421  Test MSE: 0.194060
Test MSE did not improve.. Counter 88/100
Epoch: 534/1000   Training Loss: 0.033034  Test Loss: 0.195592  Test MSE: 0.207545
Test MSE did not improve.. Counter 89/100
Epoch: 535/1000   Training Loss: 0.035120  Test Loss: 0.188519  Test MSE: 0.200423
Test MSE did not improve.. Counter 90/100
Epoch: 536/1000   Training Loss: 0.033850  Test Loss: 0.188172  Test MSE: 0.200163
Test MSE did not improve.. Counter 91/100
Epoch: 537/1000   Training Loss: 0.032375  Test Loss: 0.183847  Test MSE: 0.194769
Test MSE did not improve.. Counter 92/100
Epoch: 538/1000   Training Loss: 0.031794  Test Loss: 0.187884  Test MSE: 0.199341
Test MSE did not improve.. Counter 93/100
Epoch: 539/1000   Training Loss: 0.032412  Test Loss: 0.173071  Test MSE: 0.183143
Test MSE did not improve.. Counter 94/100
Epoch: 540/1000   Training Loss: 0.032595  Test Loss: 0.187080  Test MSE: 0.196809
Test MSE did not improve.. Counter 95/100
Epoch: 541/1000   Training Loss: 0.031215  Test Loss: 0.173750  Test MSE: 0.184176
Test MSE did not improve.. Counter 96/100
Epoch: 542/1000   Training Loss: 0.030397  Test Loss: 0.176397  Test MSE: 0.187697
Test MSE did not improve.. Counter 97/100
Epoch: 543/1000   Training Loss: 0.030447  Test Loss: 0.190209  Test MSE: 0.201317
Test MSE did not improve.. Counter 98/100
Epoch: 544/1000   Training Loss: 0.034078  Test Loss: 0.180862  Test MSE: 0.190866
Test MSE did not improve.. Counter 99/100
Epoch: 545/1000   Training Loss: 0.031865  Test Loss: 0.177625  Test MSE: 0.187402
Test MSE did not improve.. Counter 100/100
Epoch: 546/1000   Training Loss: 0.030823  Test Loss: 0.184906  Test MSE: 0.195510
Test MSE did not improve.. Counter 101/100
Early Stopped ..
Saved loss curve to ./result/attentivefp-mmp_thrombin_loss.png
============== Regression Performance =================
* MSE : 0.171850
* RMSE: 0.414548
* R2  : 0.744752
* PCC : 0.864406
* Spearman: 0.825741
=======================================================
