nohup: ignoring input
Using backend: pytorch
{'MODEL': 'attentivefp-mmp', 'TARGET_NAME': 'melanocortin_receptor_4', 'RANDOM_SEED': 42, 'BATCH_SIZE': 128, 'EARLY_STOPPING_PATIENCE': 100, 'WEIGHT_DECAY': 0.0001, 'DROP_OUT': 0.2, 'DEVICE': 'cuda:0'}
Epoch: 1/1000   Training Loss: 0.595959  Test Loss: 0.392559  Test MSE: 0.410007
Test MSE improved from inf -> 0.410007
Epoch: 2/1000   Training Loss: 0.383736  Test Loss: 0.310889  Test MSE: 0.326820
Test MSE improved from 0.410007 -> 0.326820
Epoch: 3/1000   Training Loss: 0.372467  Test Loss: 0.320219  Test MSE: 0.336001
Test MSE did not improve.. Counter 1/100
Epoch: 4/1000   Training Loss: 0.360465  Test Loss: 0.306411  Test MSE: 0.322720
Test MSE improved from 0.326820 -> 0.322720
Epoch: 5/1000   Training Loss: 0.347071  Test Loss: 0.299154  Test MSE: 0.311362
Test MSE improved from 0.322720 -> 0.311362
Epoch: 6/1000   Training Loss: 0.332068  Test Loss: 0.303423  Test MSE: 0.315090
Test MSE did not improve.. Counter 1/100
Epoch: 7/1000   Training Loss: 0.321806  Test Loss: 0.293104  Test MSE: 0.302430
Test MSE improved from 0.311362 -> 0.302430
Epoch: 8/1000   Training Loss: 0.316545  Test Loss: 0.295491  Test MSE: 0.308121
Test MSE did not improve.. Counter 1/100
Epoch: 9/1000   Training Loss: 0.309246  Test Loss: 0.270993  Test MSE: 0.282482
Test MSE improved from 0.302430 -> 0.282482
Epoch: 10/1000   Training Loss: 0.311825  Test Loss: 0.276490  Test MSE: 0.286127
Test MSE did not improve.. Counter 1/100
Epoch: 11/1000   Training Loss: 0.297408  Test Loss: 0.271026  Test MSE: 0.280035
Test MSE improved from 0.282482 -> 0.280035
Epoch: 12/1000   Training Loss: 0.301654  Test Loss: 0.267599  Test MSE: 0.277925
Test MSE improved from 0.280035 -> 0.277925
Epoch: 13/1000   Training Loss: 0.287831  Test Loss: 0.257218  Test MSE: 0.268991
Test MSE improved from 0.277925 -> 0.268991
Epoch: 14/1000   Training Loss: 0.280668  Test Loss: 0.253200  Test MSE: 0.263588
Test MSE improved from 0.268991 -> 0.263588
Epoch: 15/1000   Training Loss: 0.273858  Test Loss: 0.254431  Test MSE: 0.264335
Test MSE did not improve.. Counter 1/100
Epoch: 16/1000   Training Loss: 0.266900  Test Loss: 0.248382  Test MSE: 0.258456
Test MSE improved from 0.263588 -> 0.258456
Epoch: 17/1000   Training Loss: 0.259350  Test Loss: 0.236481  Test MSE: 0.245966
Test MSE improved from 0.258456 -> 0.245966
Epoch: 18/1000   Training Loss: 0.259264  Test Loss: 0.246996  Test MSE: 0.255242
Test MSE did not improve.. Counter 1/100
Epoch: 19/1000   Training Loss: 0.256375  Test Loss: 0.242838  Test MSE: 0.252536
Test MSE did not improve.. Counter 2/100
Epoch: 20/1000   Training Loss: 0.246547  Test Loss: 0.233101  Test MSE: 0.241025
Test MSE improved from 0.245966 -> 0.241025
Epoch: 21/1000   Training Loss: 0.245041  Test Loss: 0.221328  Test MSE: 0.229298
Test MSE improved from 0.241025 -> 0.229298
Epoch: 22/1000   Training Loss: 0.247840  Test Loss: 0.231590  Test MSE: 0.238490
Test MSE did not improve.. Counter 1/100
Epoch: 23/1000   Training Loss: 0.240198  Test Loss: 0.226376  Test MSE: 0.234434
Test MSE did not improve.. Counter 2/100
Epoch: 24/1000   Training Loss: 0.229425  Test Loss: 0.225435  Test MSE: 0.233489
Test MSE did not improve.. Counter 3/100
Epoch: 25/1000   Training Loss: 0.231834  Test Loss: 0.223416  Test MSE: 0.229630
Test MSE did not improve.. Counter 4/100
Epoch: 26/1000   Training Loss: 0.224818  Test Loss: 0.215304  Test MSE: 0.223550
Test MSE improved from 0.229298 -> 0.223550
Epoch: 27/1000   Training Loss: 0.219722  Test Loss: 0.199750  Test MSE: 0.205179
Test MSE improved from 0.223550 -> 0.205179
Epoch: 28/1000   Training Loss: 0.215989  Test Loss: 0.208972  Test MSE: 0.215460
Test MSE did not improve.. Counter 1/100
Epoch: 29/1000   Training Loss: 0.211067  Test Loss: 0.220796  Test MSE: 0.226854
Test MSE did not improve.. Counter 2/100
Epoch: 30/1000   Training Loss: 0.206892  Test Loss: 0.201200  Test MSE: 0.207478
Test MSE did not improve.. Counter 3/100
Epoch: 31/1000   Training Loss: 0.200696  Test Loss: 0.184764  Test MSE: 0.191432
Test MSE improved from 0.205179 -> 0.191432
Epoch: 32/1000   Training Loss: 0.197379  Test Loss: 0.189701  Test MSE: 0.193668
Test MSE did not improve.. Counter 1/100
Epoch: 33/1000   Training Loss: 0.192922  Test Loss: 0.220498  Test MSE: 0.227312
Test MSE did not improve.. Counter 2/100
Epoch: 34/1000   Training Loss: 0.194709  Test Loss: 0.199764  Test MSE: 0.207665
Test MSE did not improve.. Counter 3/100
Epoch: 35/1000   Training Loss: 0.189690  Test Loss: 0.203351  Test MSE: 0.207877
Test MSE did not improve.. Counter 4/100
Epoch: 36/1000   Training Loss: 0.186318  Test Loss: 0.217497  Test MSE: 0.220935
Test MSE did not improve.. Counter 5/100
Epoch: 37/1000   Training Loss: 0.189462  Test Loss: 0.208174  Test MSE: 0.213459
Test MSE did not improve.. Counter 6/100
Epoch: 38/1000   Training Loss: 0.180261  Test Loss: 0.191164  Test MSE: 0.193847
Test MSE did not improve.. Counter 7/100
Epoch: 39/1000   Training Loss: 0.180456  Test Loss: 0.209679  Test MSE: 0.215259
Test MSE did not improve.. Counter 8/100
Epoch: 40/1000   Training Loss: 0.177800  Test Loss: 0.199876  Test MSE: 0.203887
Test MSE did not improve.. Counter 9/100
Epoch: 41/1000   Training Loss: 0.174023  Test Loss: 0.182117  Test MSE: 0.187036
Test MSE improved from 0.191432 -> 0.187036
Epoch: 42/1000   Training Loss: 0.175480  Test Loss: 0.206814  Test MSE: 0.210924
Test MSE did not improve.. Counter 1/100
Epoch: 43/1000   Training Loss: 0.173176  Test Loss: 0.193211  Test MSE: 0.194699
Test MSE did not improve.. Counter 2/100
Epoch: 44/1000   Training Loss: 0.163599  Test Loss: 0.175876  Test MSE: 0.179043
Test MSE improved from 0.187036 -> 0.179043
Epoch: 45/1000   Training Loss: 0.164361  Test Loss: 0.185484  Test MSE: 0.189346
Test MSE did not improve.. Counter 1/100
Epoch: 46/1000   Training Loss: 0.159771  Test Loss: 0.182499  Test MSE: 0.183982
Test MSE did not improve.. Counter 2/100
Epoch: 47/1000   Training Loss: 0.156280  Test Loss: 0.161943  Test MSE: 0.162634
Test MSE improved from 0.179043 -> 0.162634
Epoch: 48/1000   Training Loss: 0.156433  Test Loss: 0.165201  Test MSE: 0.164437
Test MSE did not improve.. Counter 1/100
Epoch: 49/1000   Training Loss: 0.147060  Test Loss: 0.162352  Test MSE: 0.163105
Test MSE did not improve.. Counter 2/100
Epoch: 50/1000   Training Loss: 0.145412  Test Loss: 0.159677  Test MSE: 0.160971
Test MSE improved from 0.162634 -> 0.160971
Epoch: 51/1000   Training Loss: 0.147774  Test Loss: 0.164174  Test MSE: 0.165944
Test MSE did not improve.. Counter 1/100
Epoch: 52/1000   Training Loss: 0.144554  Test Loss: 0.168491  Test MSE: 0.166910
Test MSE did not improve.. Counter 2/100
Epoch: 53/1000   Training Loss: 0.143184  Test Loss: 0.149719  Test MSE: 0.149446
Test MSE improved from 0.160971 -> 0.149446
Epoch: 54/1000   Training Loss: 0.139610  Test Loss: 0.154658  Test MSE: 0.153821
Test MSE did not improve.. Counter 1/100
Epoch: 55/1000   Training Loss: 0.138132  Test Loss: 0.158731  Test MSE: 0.154795
Test MSE did not improve.. Counter 2/100
Epoch: 56/1000   Training Loss: 0.134263  Test Loss: 0.160244  Test MSE: 0.158964
Test MSE did not improve.. Counter 3/100
Epoch: 57/1000   Training Loss: 0.133990  Test Loss: 0.165576  Test MSE: 0.163875
Test MSE did not improve.. Counter 4/100
Epoch: 58/1000   Training Loss: 0.134567  Test Loss: 0.154122  Test MSE: 0.151511
Test MSE did not improve.. Counter 5/100
Epoch: 59/1000   Training Loss: 0.127945  Test Loss: 0.159204  Test MSE: 0.156579
Test MSE did not improve.. Counter 6/100
Epoch: 60/1000   Training Loss: 0.125803  Test Loss: 0.163953  Test MSE: 0.162538
Test MSE did not improve.. Counter 7/100
Epoch: 61/1000   Training Loss: 0.125985  Test Loss: 0.161732  Test MSE: 0.160081
Test MSE did not improve.. Counter 8/100
Epoch: 62/1000   Training Loss: 0.127106  Test Loss: 0.162770  Test MSE: 0.159555
Test MSE did not improve.. Counter 9/100
Epoch: 63/1000   Training Loss: 0.126413  Test Loss: 0.145619  Test MSE: 0.145059
Test MSE improved from 0.149446 -> 0.145059
Epoch: 64/1000   Training Loss: 0.127132  Test Loss: 0.136501  Test MSE: 0.136194
Test MSE improved from 0.145059 -> 0.136194
Epoch: 65/1000   Training Loss: 0.125676  Test Loss: 0.134011  Test MSE: 0.133513
Test MSE improved from 0.136194 -> 0.133513
Epoch: 66/1000   Training Loss: 0.116900  Test Loss: 0.132358  Test MSE: 0.132558
Test MSE improved from 0.133513 -> 0.132558
Epoch: 67/1000   Training Loss: 0.118984  Test Loss: 0.143632  Test MSE: 0.140949
Test MSE did not improve.. Counter 1/100
Epoch: 68/1000   Training Loss: 0.119899  Test Loss: 0.122980  Test MSE: 0.123064
Test MSE improved from 0.132558 -> 0.123064
Epoch: 69/1000   Training Loss: 0.115752  Test Loss: 0.129187  Test MSE: 0.127719
Test MSE did not improve.. Counter 1/100
Epoch: 70/1000   Training Loss: 0.110901  Test Loss: 0.115606  Test MSE: 0.114397
Test MSE improved from 0.123064 -> 0.114397
Epoch: 71/1000   Training Loss: 0.108746  Test Loss: 0.117112  Test MSE: 0.114642
Test MSE did not improve.. Counter 1/100
Epoch: 72/1000   Training Loss: 0.108671  Test Loss: 0.121411  Test MSE: 0.119922
Test MSE did not improve.. Counter 2/100
Epoch: 73/1000   Training Loss: 0.103703  Test Loss: 0.114334  Test MSE: 0.112737
Test MSE improved from 0.114397 -> 0.112737
Epoch: 74/1000   Training Loss: 0.102153  Test Loss: 0.115807  Test MSE: 0.111912
Test MSE improved from 0.112737 -> 0.111912
Epoch: 75/1000   Training Loss: 0.100920  Test Loss: 0.112034  Test MSE: 0.109960
Test MSE improved from 0.111912 -> 0.109960
Epoch: 76/1000   Training Loss: 0.103277  Test Loss: 0.110392  Test MSE: 0.108557
Test MSE improved from 0.109960 -> 0.108557
Epoch: 77/1000   Training Loss: 0.101776  Test Loss: 0.114656  Test MSE: 0.112610
Test MSE did not improve.. Counter 1/100
Epoch: 78/1000   Training Loss: 0.100156  Test Loss: 0.111582  Test MSE: 0.109307
Test MSE did not improve.. Counter 2/100
Epoch: 79/1000   Training Loss: 0.097333  Test Loss: 0.118344  Test MSE: 0.114520
Test MSE did not improve.. Counter 3/100
Epoch: 80/1000   Training Loss: 0.096533  Test Loss: 0.107622  Test MSE: 0.103468
Test MSE improved from 0.108557 -> 0.103468
Epoch: 81/1000   Training Loss: 0.094944  Test Loss: 0.114805  Test MSE: 0.109298
Test MSE did not improve.. Counter 1/100
Epoch: 82/1000   Training Loss: 0.093860  Test Loss: 0.102385  Test MSE: 0.102070
Test MSE improved from 0.103468 -> 0.102070
Epoch: 83/1000   Training Loss: 0.094859  Test Loss: 0.110937  Test MSE: 0.108777
Test MSE did not improve.. Counter 1/100
Epoch: 84/1000   Training Loss: 0.091201  Test Loss: 0.099904  Test MSE: 0.097446
Test MSE improved from 0.102070 -> 0.097446
Epoch: 85/1000   Training Loss: 0.090217  Test Loss: 0.103250  Test MSE: 0.101493
Test MSE did not improve.. Counter 1/100
Epoch: 86/1000   Training Loss: 0.091109  Test Loss: 0.097338  Test MSE: 0.095489
Test MSE improved from 0.097446 -> 0.095489
Epoch: 87/1000   Training Loss: 0.085659  Test Loss: 0.100590  Test MSE: 0.097302
Test MSE did not improve.. Counter 1/100
Epoch: 88/1000   Training Loss: 0.084731  Test Loss: 0.102685  Test MSE: 0.100648
Test MSE did not improve.. Counter 2/100
Epoch: 89/1000   Training Loss: 0.087493  Test Loss: 0.098172  Test MSE: 0.097117
Test MSE did not improve.. Counter 3/100
Epoch: 90/1000   Training Loss: 0.083739  Test Loss: 0.093083  Test MSE: 0.093343
Test MSE improved from 0.095489 -> 0.093343
Epoch: 91/1000   Training Loss: 0.087108  Test Loss: 0.097886  Test MSE: 0.096797
Test MSE did not improve.. Counter 1/100
Epoch: 92/1000   Training Loss: 0.084262  Test Loss: 0.091608  Test MSE: 0.089878
Test MSE improved from 0.093343 -> 0.089878
Epoch: 93/1000   Training Loss: 0.081189  Test Loss: 0.091607  Test MSE: 0.090148
Test MSE did not improve.. Counter 1/100
Epoch: 94/1000   Training Loss: 0.080107  Test Loss: 0.089401  Test MSE: 0.089717
Test MSE improved from 0.089878 -> 0.089717
Epoch: 95/1000   Training Loss: 0.078298  Test Loss: 0.088576  Test MSE: 0.085585
Test MSE improved from 0.089717 -> 0.085585
Epoch: 96/1000   Training Loss: 0.081096  Test Loss: 0.090575  Test MSE: 0.087454
Test MSE did not improve.. Counter 1/100
Epoch: 97/1000   Training Loss: 0.081054  Test Loss: 0.090380  Test MSE: 0.087326
Test MSE did not improve.. Counter 2/100
Epoch: 98/1000   Training Loss: 0.084504  Test Loss: 0.091020  Test MSE: 0.089684
Test MSE did not improve.. Counter 3/100
Epoch: 99/1000   Training Loss: 0.078842  Test Loss: 0.089206  Test MSE: 0.088961
Test MSE did not improve.. Counter 4/100
Epoch: 100/1000   Training Loss: 0.077841  Test Loss: 0.098898  Test MSE: 0.095140
Test MSE did not improve.. Counter 5/100
Epoch: 101/1000   Training Loss: 0.075356  Test Loss: 0.085206  Test MSE: 0.083290
Test MSE improved from 0.085585 -> 0.083290
Epoch: 102/1000   Training Loss: 0.074646  Test Loss: 0.084530  Test MSE: 0.083856
Test MSE did not improve.. Counter 1/100
Epoch: 103/1000   Training Loss: 0.073839  Test Loss: 0.082463  Test MSE: 0.082595
Test MSE improved from 0.083290 -> 0.082595
Epoch: 104/1000   Training Loss: 0.072748  Test Loss: 0.081051  Test MSE: 0.081122
Test MSE improved from 0.082595 -> 0.081122
Epoch: 105/1000   Training Loss: 0.072077  Test Loss: 0.080426  Test MSE: 0.078601
Test MSE improved from 0.081122 -> 0.078601
Epoch: 106/1000   Training Loss: 0.070415  Test Loss: 0.078592  Test MSE: 0.077483
Test MSE improved from 0.078601 -> 0.077483
Epoch: 107/1000   Training Loss: 0.068027  Test Loss: 0.092970  Test MSE: 0.091334
Test MSE did not improve.. Counter 1/100
Epoch: 108/1000   Training Loss: 0.073271  Test Loss: 0.083577  Test MSE: 0.083154
Test MSE did not improve.. Counter 2/100
Epoch: 109/1000   Training Loss: 0.071416  Test Loss: 0.084261  Test MSE: 0.083205
Test MSE did not improve.. Counter 3/100
Epoch: 110/1000   Training Loss: 0.067645  Test Loss: 0.079947  Test MSE: 0.079996
Test MSE did not improve.. Counter 4/100
Epoch: 111/1000   Training Loss: 0.068685  Test Loss: 0.078984  Test MSE: 0.078098
Test MSE did not improve.. Counter 5/100
Epoch: 112/1000   Training Loss: 0.070508  Test Loss: 0.081326  Test MSE: 0.080348
Test MSE did not improve.. Counter 6/100
Epoch: 113/1000   Training Loss: 0.069313  Test Loss: 0.077164  Test MSE: 0.077051
Test MSE improved from 0.077483 -> 0.077051
Epoch: 114/1000   Training Loss: 0.068656  Test Loss: 0.074525  Test MSE: 0.074633
Test MSE improved from 0.077051 -> 0.074633
Epoch: 115/1000   Training Loss: 0.068785  Test Loss: 0.082465  Test MSE: 0.080877
Test MSE did not improve.. Counter 1/100
Epoch: 116/1000   Training Loss: 0.070308  Test Loss: 0.088356  Test MSE: 0.089199
Test MSE did not improve.. Counter 2/100
Epoch: 117/1000   Training Loss: 0.066124  Test Loss: 0.079496  Test MSE: 0.079993
Test MSE did not improve.. Counter 3/100
Epoch: 118/1000   Training Loss: 0.066205  Test Loss: 0.084123  Test MSE: 0.084137
Test MSE did not improve.. Counter 4/100
Epoch: 119/1000   Training Loss: 0.066042  Test Loss: 0.072909  Test MSE: 0.073882
Test MSE improved from 0.074633 -> 0.073882
Epoch: 120/1000   Training Loss: 0.062325  Test Loss: 0.086795  Test MSE: 0.087124
Test MSE did not improve.. Counter 1/100
Epoch: 121/1000   Training Loss: 0.061997  Test Loss: 0.068909  Test MSE: 0.069205
Test MSE improved from 0.073882 -> 0.069205
Epoch: 122/1000   Training Loss: 0.062294  Test Loss: 0.073883  Test MSE: 0.074860
Test MSE did not improve.. Counter 1/100
Epoch: 123/1000   Training Loss: 0.062840  Test Loss: 0.070467  Test MSE: 0.070589
Test MSE did not improve.. Counter 2/100
Epoch: 124/1000   Training Loss: 0.064259  Test Loss: 0.074512  Test MSE: 0.075306
Test MSE did not improve.. Counter 3/100
Epoch: 125/1000   Training Loss: 0.063140  Test Loss: 0.070267  Test MSE: 0.070599
Test MSE did not improve.. Counter 4/100
Epoch: 126/1000   Training Loss: 0.060468  Test Loss: 0.077299  Test MSE: 0.075436
Test MSE did not improve.. Counter 5/100
Epoch: 127/1000   Training Loss: 0.059842  Test Loss: 0.067366  Test MSE: 0.068423
Test MSE improved from 0.069205 -> 0.068423
Epoch: 128/1000   Training Loss: 0.062351  Test Loss: 0.078794  Test MSE: 0.079960
Test MSE did not improve.. Counter 1/100
Epoch: 129/1000   Training Loss: 0.060354  Test Loss: 0.071940  Test MSE: 0.072537
Test MSE did not improve.. Counter 2/100
Epoch: 130/1000   Training Loss: 0.057935  Test Loss: 0.066250  Test MSE: 0.066694
Test MSE improved from 0.068423 -> 0.066694
Epoch: 131/1000   Training Loss: 0.058439  Test Loss: 0.067841  Test MSE: 0.068721
Test MSE did not improve.. Counter 1/100
Epoch: 132/1000   Training Loss: 0.059354  Test Loss: 0.066533  Test MSE: 0.066451
Test MSE improved from 0.066694 -> 0.066451
Epoch: 133/1000   Training Loss: 0.057725  Test Loss: 0.067661  Test MSE: 0.069646
Test MSE did not improve.. Counter 1/100
Epoch: 134/1000   Training Loss: 0.058664  Test Loss: 0.066609  Test MSE: 0.066572
Test MSE did not improve.. Counter 2/100
Epoch: 135/1000   Training Loss: 0.057467  Test Loss: 0.073152  Test MSE: 0.072439
Test MSE did not improve.. Counter 3/100
Epoch: 136/1000   Training Loss: 0.056029  Test Loss: 0.071675  Test MSE: 0.072831
Test MSE did not improve.. Counter 4/100
Epoch: 137/1000   Training Loss: 0.055217  Test Loss: 0.072216  Test MSE: 0.072916
Test MSE did not improve.. Counter 5/100
Epoch: 138/1000   Training Loss: 0.058954  Test Loss: 0.069917  Test MSE: 0.071926
Test MSE did not improve.. Counter 6/100
Epoch: 139/1000   Training Loss: 0.057926  Test Loss: 0.067577  Test MSE: 0.067886
Test MSE did not improve.. Counter 7/100
Epoch: 140/1000   Training Loss: 0.057470  Test Loss: 0.069250  Test MSE: 0.070358
Test MSE did not improve.. Counter 8/100
Epoch: 141/1000   Training Loss: 0.053860  Test Loss: 0.064439  Test MSE: 0.064959
Test MSE improved from 0.066451 -> 0.064959
Epoch: 142/1000   Training Loss: 0.056191  Test Loss: 0.067427  Test MSE: 0.067646
Test MSE did not improve.. Counter 1/100
Epoch: 143/1000   Training Loss: 0.052643  Test Loss: 0.065773  Test MSE: 0.064967
Test MSE did not improve.. Counter 2/100
Epoch: 144/1000   Training Loss: 0.054653  Test Loss: 0.063513  Test MSE: 0.064565
Test MSE improved from 0.064959 -> 0.064565
Epoch: 145/1000   Training Loss: 0.057291  Test Loss: 0.069817  Test MSE: 0.072066
Test MSE did not improve.. Counter 1/100
Epoch: 146/1000   Training Loss: 0.053769  Test Loss: 0.063202  Test MSE: 0.063929
Test MSE improved from 0.064565 -> 0.063929
Epoch: 147/1000   Training Loss: 0.053011  Test Loss: 0.066077  Test MSE: 0.067498
Test MSE did not improve.. Counter 1/100
Epoch: 148/1000   Training Loss: 0.051544  Test Loss: 0.064612  Test MSE: 0.065894
Test MSE did not improve.. Counter 2/100
Epoch: 149/1000   Training Loss: 0.052700  Test Loss: 0.063372  Test MSE: 0.065215
Test MSE did not improve.. Counter 3/100
Epoch: 150/1000   Training Loss: 0.053984  Test Loss: 0.064542  Test MSE: 0.066321
Test MSE did not improve.. Counter 4/100
Epoch: 151/1000   Training Loss: 0.053271  Test Loss: 0.060705  Test MSE: 0.062393
Test MSE improved from 0.063929 -> 0.062393
Epoch: 152/1000   Training Loss: 0.053922  Test Loss: 0.065275  Test MSE: 0.066088
Test MSE did not improve.. Counter 1/100
Epoch: 153/1000   Training Loss: 0.052633  Test Loss: 0.063149  Test MSE: 0.064303
Test MSE did not improve.. Counter 2/100
Epoch: 154/1000   Training Loss: 0.052472  Test Loss: 0.065019  Test MSE: 0.068055
Test MSE did not improve.. Counter 3/100
Epoch: 155/1000   Training Loss: 0.051180  Test Loss: 0.060633  Test MSE: 0.061835
Test MSE improved from 0.062393 -> 0.061835
Epoch: 156/1000   Training Loss: 0.052009  Test Loss: 0.062420  Test MSE: 0.062884
Test MSE did not improve.. Counter 1/100
Epoch: 157/1000   Training Loss: 0.052315  Test Loss: 0.062116  Test MSE: 0.063449
Test MSE did not improve.. Counter 2/100
Epoch: 158/1000   Training Loss: 0.051269  Test Loss: 0.061271  Test MSE: 0.063016
Test MSE did not improve.. Counter 3/100
Epoch: 159/1000   Training Loss: 0.049916  Test Loss: 0.065746  Test MSE: 0.066252
Test MSE did not improve.. Counter 4/100
Epoch: 160/1000   Training Loss: 0.050260  Test Loss: 0.063834  Test MSE: 0.065352
Test MSE did not improve.. Counter 5/100
Epoch: 161/1000   Training Loss: 0.050788  Test Loss: 0.062969  Test MSE: 0.063108
Test MSE did not improve.. Counter 6/100
Epoch: 162/1000   Training Loss: 0.049253  Test Loss: 0.060112  Test MSE: 0.060183
Test MSE improved from 0.061835 -> 0.060183
Epoch: 163/1000   Training Loss: 0.047967  Test Loss: 0.056817  Test MSE: 0.057778
Test MSE improved from 0.060183 -> 0.057778
Epoch: 164/1000   Training Loss: 0.048487  Test Loss: 0.062553  Test MSE: 0.062815
Test MSE did not improve.. Counter 1/100
Epoch: 165/1000   Training Loss: 0.049545  Test Loss: 0.058838  Test MSE: 0.060783
Test MSE did not improve.. Counter 2/100
Epoch: 166/1000   Training Loss: 0.048733  Test Loss: 0.061644  Test MSE: 0.061969
Test MSE did not improve.. Counter 3/100
Epoch: 167/1000   Training Loss: 0.047437  Test Loss: 0.055607  Test MSE: 0.056997
Test MSE improved from 0.057778 -> 0.056997
Epoch: 168/1000   Training Loss: 0.048291  Test Loss: 0.058856  Test MSE: 0.058790
Test MSE did not improve.. Counter 1/100
Epoch: 169/1000   Training Loss: 0.048988  Test Loss: 0.061594  Test MSE: 0.062811
Test MSE did not improve.. Counter 2/100
Epoch: 170/1000   Training Loss: 0.047418  Test Loss: 0.057834  Test MSE: 0.059095
Test MSE did not improve.. Counter 3/100
Epoch: 171/1000   Training Loss: 0.047360  Test Loss: 0.058002  Test MSE: 0.059939
Test MSE did not improve.. Counter 4/100
Epoch: 172/1000   Training Loss: 0.047387  Test Loss: 0.059858  Test MSE: 0.061396
Test MSE did not improve.. Counter 5/100
Epoch: 173/1000   Training Loss: 0.047904  Test Loss: 0.057037  Test MSE: 0.057027
Test MSE did not improve.. Counter 6/100
Epoch: 174/1000   Training Loss: 0.047332  Test Loss: 0.057690  Test MSE: 0.059147
Test MSE did not improve.. Counter 7/100
Epoch: 175/1000   Training Loss: 0.046722  Test Loss: 0.056558  Test MSE: 0.058977
Test MSE did not improve.. Counter 8/100
Epoch: 176/1000   Training Loss: 0.045773  Test Loss: 0.058506  Test MSE: 0.058781
Test MSE did not improve.. Counter 9/100
Epoch: 177/1000   Training Loss: 0.045761  Test Loss: 0.065368  Test MSE: 0.065791
Test MSE did not improve.. Counter 10/100
Epoch: 178/1000   Training Loss: 0.044953  Test Loss: 0.055209  Test MSE: 0.055841
Test MSE improved from 0.056997 -> 0.055841
Epoch: 179/1000   Training Loss: 0.046148  Test Loss: 0.059718  Test MSE: 0.060419
Test MSE did not improve.. Counter 1/100
Epoch: 180/1000   Training Loss: 0.048375  Test Loss: 0.056205  Test MSE: 0.056898
Test MSE did not improve.. Counter 2/100
Epoch: 181/1000   Training Loss: 0.045719  Test Loss: 0.055954  Test MSE: 0.056916
Test MSE did not improve.. Counter 3/100
Epoch: 182/1000   Training Loss: 0.046374  Test Loss: 0.058950  Test MSE: 0.060088
Test MSE did not improve.. Counter 4/100
Epoch: 183/1000   Training Loss: 0.046765  Test Loss: 0.057601  Test MSE: 0.058996
Test MSE did not improve.. Counter 5/100
Epoch: 184/1000   Training Loss: 0.046448  Test Loss: 0.066130  Test MSE: 0.067042
Test MSE did not improve.. Counter 6/100
Epoch: 185/1000   Training Loss: 0.048230  Test Loss: 0.057382  Test MSE: 0.058844
Test MSE did not improve.. Counter 7/100
Epoch: 186/1000   Training Loss: 0.045600  Test Loss: 0.062259  Test MSE: 0.064993
Test MSE did not improve.. Counter 8/100
Epoch: 187/1000   Training Loss: 0.047910  Test Loss: 0.064227  Test MSE: 0.065232
Test MSE did not improve.. Counter 9/100
Epoch: 188/1000   Training Loss: 0.045399  Test Loss: 0.062506  Test MSE: 0.063452
Test MSE did not improve.. Counter 10/100
Epoch: 189/1000   Training Loss: 0.046274  Test Loss: 0.066158  Test MSE: 0.066379
Test MSE did not improve.. Counter 11/100
Epoch: 190/1000   Training Loss: 0.049748  Test Loss: 0.063842  Test MSE: 0.065277
Test MSE did not improve.. Counter 12/100
Epoch: 191/1000   Training Loss: 0.047690  Test Loss: 0.063844  Test MSE: 0.065397
Test MSE did not improve.. Counter 13/100
Epoch: 192/1000   Training Loss: 0.047626  Test Loss: 0.057188  Test MSE: 0.058457
Test MSE did not improve.. Counter 14/100
Epoch: 193/1000   Training Loss: 0.046118  Test Loss: 0.056590  Test MSE: 0.058168
Test MSE did not improve.. Counter 15/100
Epoch: 194/1000   Training Loss: 0.044402  Test Loss: 0.056220  Test MSE: 0.057387
Test MSE did not improve.. Counter 16/100
Epoch: 195/1000   Training Loss: 0.043714  Test Loss: 0.055313  Test MSE: 0.056714
Test MSE did not improve.. Counter 17/100
Epoch: 196/1000   Training Loss: 0.041822  Test Loss: 0.059640  Test MSE: 0.060339
Test MSE did not improve.. Counter 18/100
Epoch: 197/1000   Training Loss: 0.043324  Test Loss: 0.056476  Test MSE: 0.057465
Test MSE did not improve.. Counter 19/100
Epoch: 198/1000   Training Loss: 0.042495  Test Loss: 0.055624  Test MSE: 0.056470
Test MSE did not improve.. Counter 20/100
Epoch: 199/1000   Training Loss: 0.041446  Test Loss: 0.057789  Test MSE: 0.057690
Test MSE did not improve.. Counter 21/100
Epoch: 200/1000   Training Loss: 0.042057  Test Loss: 0.058664  Test MSE: 0.058964
Test MSE did not improve.. Counter 22/100
Epoch: 201/1000   Training Loss: 0.042189  Test Loss: 0.059504  Test MSE: 0.059974
Test MSE did not improve.. Counter 23/100
Epoch: 202/1000   Training Loss: 0.044341  Test Loss: 0.062396  Test MSE: 0.063119
Test MSE did not improve.. Counter 24/100
Epoch: 203/1000   Training Loss: 0.044214  Test Loss: 0.059287  Test MSE: 0.060791
Test MSE did not improve.. Counter 25/100
Epoch: 204/1000   Training Loss: 0.043455  Test Loss: 0.063509  Test MSE: 0.064485
Test MSE did not improve.. Counter 26/100
Epoch: 205/1000   Training Loss: 0.045736  Test Loss: 0.055451  Test MSE: 0.055744
Test MSE improved from 0.055841 -> 0.055744
Epoch: 206/1000   Training Loss: 0.041955  Test Loss: 0.055587  Test MSE: 0.056090
Test MSE did not improve.. Counter 1/100
Epoch: 207/1000   Training Loss: 0.041956  Test Loss: 0.051959  Test MSE: 0.052558
Test MSE improved from 0.055744 -> 0.052558
Epoch: 208/1000   Training Loss: 0.041253  Test Loss: 0.054379  Test MSE: 0.055233
Test MSE did not improve.. Counter 1/100
Epoch: 209/1000   Training Loss: 0.040897  Test Loss: 0.054666  Test MSE: 0.055582
Test MSE did not improve.. Counter 2/100
Epoch: 210/1000   Training Loss: 0.041165  Test Loss: 0.057983  Test MSE: 0.057481
Test MSE did not improve.. Counter 3/100
Epoch: 211/1000   Training Loss: 0.039492  Test Loss: 0.052084  Test MSE: 0.051664
Test MSE improved from 0.052558 -> 0.051664
Epoch: 212/1000   Training Loss: 0.041287  Test Loss: 0.052290  Test MSE: 0.052288
Test MSE did not improve.. Counter 1/100
Epoch: 213/1000   Training Loss: 0.040506  Test Loss: 0.052580  Test MSE: 0.053417
Test MSE did not improve.. Counter 2/100
Epoch: 214/1000   Training Loss: 0.038903  Test Loss: 0.055553  Test MSE: 0.056644
Test MSE did not improve.. Counter 3/100
Epoch: 215/1000   Training Loss: 0.039398  Test Loss: 0.054069  Test MSE: 0.053288
Test MSE did not improve.. Counter 4/100
Epoch: 216/1000   Training Loss: 0.040647  Test Loss: 0.053464  Test MSE: 0.054431
Test MSE did not improve.. Counter 5/100
Epoch: 217/1000   Training Loss: 0.040208  Test Loss: 0.055574  Test MSE: 0.055752
Test MSE did not improve.. Counter 6/100
Epoch: 218/1000   Training Loss: 0.039928  Test Loss: 0.054404  Test MSE: 0.055229
Test MSE did not improve.. Counter 7/100
Epoch: 219/1000   Training Loss: 0.042402  Test Loss: 0.050785  Test MSE: 0.052032
Test MSE did not improve.. Counter 8/100
Epoch: 220/1000   Training Loss: 0.040690  Test Loss: 0.060651  Test MSE: 0.060856
Test MSE did not improve.. Counter 9/100
Epoch: 221/1000   Training Loss: 0.040751  Test Loss: 0.052714  Test MSE: 0.052751
Test MSE did not improve.. Counter 10/100
Epoch: 222/1000   Training Loss: 0.039625  Test Loss: 0.054551  Test MSE: 0.054585
Test MSE did not improve.. Counter 11/100
Epoch: 223/1000   Training Loss: 0.039747  Test Loss: 0.054500  Test MSE: 0.056275
Test MSE did not improve.. Counter 12/100
Epoch: 224/1000   Training Loss: 0.038541  Test Loss: 0.054497  Test MSE: 0.054967
Test MSE did not improve.. Counter 13/100
Epoch: 225/1000   Training Loss: 0.039640  Test Loss: 0.054209  Test MSE: 0.054180
Test MSE did not improve.. Counter 14/100
Epoch: 226/1000   Training Loss: 0.037468  Test Loss: 0.052952  Test MSE: 0.052231
Test MSE did not improve.. Counter 15/100
Epoch: 227/1000   Training Loss: 0.039197  Test Loss: 0.054729  Test MSE: 0.055004
Test MSE did not improve.. Counter 16/100
Epoch: 228/1000   Training Loss: 0.039330  Test Loss: 0.049131  Test MSE: 0.048911
Test MSE improved from 0.051664 -> 0.048911
Epoch: 229/1000   Training Loss: 0.039408  Test Loss: 0.057063  Test MSE: 0.058039
Test MSE did not improve.. Counter 1/100
Epoch: 230/1000   Training Loss: 0.040696  Test Loss: 0.056078  Test MSE: 0.055253
Test MSE did not improve.. Counter 2/100
Epoch: 231/1000   Training Loss: 0.039559  Test Loss: 0.057230  Test MSE: 0.057427
Test MSE did not improve.. Counter 3/100
Epoch: 232/1000   Training Loss: 0.040609  Test Loss: 0.050629  Test MSE: 0.051460
Test MSE did not improve.. Counter 4/100
Epoch: 233/1000   Training Loss: 0.038049  Test Loss: 0.055915  Test MSE: 0.057500
Test MSE did not improve.. Counter 5/100
Epoch: 234/1000   Training Loss: 0.038082  Test Loss: 0.052716  Test MSE: 0.053125
Test MSE did not improve.. Counter 6/100
Epoch: 235/1000   Training Loss: 0.038198  Test Loss: 0.052780  Test MSE: 0.053652
Test MSE did not improve.. Counter 7/100
Epoch: 236/1000   Training Loss: 0.036803  Test Loss: 0.051626  Test MSE: 0.052736
Test MSE did not improve.. Counter 8/100
Epoch: 237/1000   Training Loss: 0.038200  Test Loss: 0.050230  Test MSE: 0.050543
Test MSE did not improve.. Counter 9/100
Epoch: 238/1000   Training Loss: 0.036648  Test Loss: 0.048441  Test MSE: 0.048028
Test MSE improved from 0.048911 -> 0.048028
Epoch: 239/1000   Training Loss: 0.038111  Test Loss: 0.046489  Test MSE: 0.046421
Test MSE improved from 0.048028 -> 0.046421
Epoch: 240/1000   Training Loss: 0.038264  Test Loss: 0.052965  Test MSE: 0.052924
Test MSE did not improve.. Counter 1/100
Epoch: 241/1000   Training Loss: 0.036087  Test Loss: 0.050334  Test MSE: 0.050660
Test MSE did not improve.. Counter 2/100
Epoch: 242/1000   Training Loss: 0.034641  Test Loss: 0.050632  Test MSE: 0.049829
Test MSE did not improve.. Counter 3/100
Epoch: 243/1000   Training Loss: 0.036369  Test Loss: 0.048152  Test MSE: 0.048860
Test MSE did not improve.. Counter 4/100
Epoch: 244/1000   Training Loss: 0.034935  Test Loss: 0.048616  Test MSE: 0.048765
Test MSE did not improve.. Counter 5/100
Epoch: 245/1000   Training Loss: 0.034718  Test Loss: 0.052350  Test MSE: 0.053188
Test MSE did not improve.. Counter 6/100
Epoch: 246/1000   Training Loss: 0.038020  Test Loss: 0.047538  Test MSE: 0.048398
Test MSE did not improve.. Counter 7/100
Epoch: 247/1000   Training Loss: 0.036256  Test Loss: 0.051199  Test MSE: 0.051865
Test MSE did not improve.. Counter 8/100
Epoch: 248/1000   Training Loss: 0.035115  Test Loss: 0.046131  Test MSE: 0.046848
Test MSE did not improve.. Counter 9/100
Epoch: 249/1000   Training Loss: 0.036178  Test Loss: 0.046532  Test MSE: 0.047179
Test MSE did not improve.. Counter 10/100
Epoch: 250/1000   Training Loss: 0.034194  Test Loss: 0.050353  Test MSE: 0.050966
Test MSE did not improve.. Counter 11/100
Epoch: 251/1000   Training Loss: 0.035135  Test Loss: 0.050309  Test MSE: 0.051062
Test MSE did not improve.. Counter 12/100
Epoch: 252/1000   Training Loss: 0.036446  Test Loss: 0.050591  Test MSE: 0.051680
Test MSE did not improve.. Counter 13/100
Epoch: 253/1000   Training Loss: 0.035836  Test Loss: 0.052084  Test MSE: 0.051762
Test MSE did not improve.. Counter 14/100
Epoch: 254/1000   Training Loss: 0.036723  Test Loss: 0.044910  Test MSE: 0.045567
Test MSE improved from 0.046421 -> 0.045567
Epoch: 255/1000   Training Loss: 0.035666  Test Loss: 0.047474  Test MSE: 0.047475
Test MSE did not improve.. Counter 1/100
Epoch: 256/1000   Training Loss: 0.036029  Test Loss: 0.050198  Test MSE: 0.051167
Test MSE did not improve.. Counter 2/100
Epoch: 257/1000   Training Loss: 0.036271  Test Loss: 0.045532  Test MSE: 0.046363
Test MSE did not improve.. Counter 3/100
Epoch: 258/1000   Training Loss: 0.036308  Test Loss: 0.049256  Test MSE: 0.048805
Test MSE did not improve.. Counter 4/100
Epoch: 259/1000   Training Loss: 0.034635  Test Loss: 0.053669  Test MSE: 0.053684
Test MSE did not improve.. Counter 5/100
Epoch: 260/1000   Training Loss: 0.036101  Test Loss: 0.050138  Test MSE: 0.050050
Test MSE did not improve.. Counter 6/100
Epoch: 261/1000   Training Loss: 0.036023  Test Loss: 0.045508  Test MSE: 0.045818
Test MSE did not improve.. Counter 7/100
Epoch: 262/1000   Training Loss: 0.034368  Test Loss: 0.048886  Test MSE: 0.047595
Test MSE did not improve.. Counter 8/100
Epoch: 263/1000   Training Loss: 0.034833  Test Loss: 0.050723  Test MSE: 0.050726
Test MSE did not improve.. Counter 9/100
Epoch: 264/1000   Training Loss: 0.036847  Test Loss: 0.046696  Test MSE: 0.046250
Test MSE did not improve.. Counter 10/100
Epoch: 265/1000   Training Loss: 0.033882  Test Loss: 0.048091  Test MSE: 0.048682
Test MSE did not improve.. Counter 11/100
Epoch: 266/1000   Training Loss: 0.034603  Test Loss: 0.051865  Test MSE: 0.052442
Test MSE did not improve.. Counter 12/100
Epoch: 267/1000   Training Loss: 0.036031  Test Loss: 0.050467  Test MSE: 0.051708
Test MSE did not improve.. Counter 13/100
Epoch: 268/1000   Training Loss: 0.034990  Test Loss: 0.047773  Test MSE: 0.048237
Test MSE did not improve.. Counter 14/100
Epoch: 269/1000   Training Loss: 0.034682  Test Loss: 0.049021  Test MSE: 0.050063
Test MSE did not improve.. Counter 15/100
Epoch: 270/1000   Training Loss: 0.034785  Test Loss: 0.050539  Test MSE: 0.050484
Test MSE did not improve.. Counter 16/100
Epoch: 271/1000   Training Loss: 0.035252  Test Loss: 0.048053  Test MSE: 0.048443
Test MSE did not improve.. Counter 17/100
Epoch: 272/1000   Training Loss: 0.033843  Test Loss: 0.051032  Test MSE: 0.050951
Test MSE did not improve.. Counter 18/100
Epoch: 273/1000   Training Loss: 0.034452  Test Loss: 0.050399  Test MSE: 0.050556
Test MSE did not improve.. Counter 19/100
Epoch: 274/1000   Training Loss: 0.033455  Test Loss: 0.047509  Test MSE: 0.047566
Test MSE did not improve.. Counter 20/100
Epoch: 275/1000   Training Loss: 0.033878  Test Loss: 0.048100  Test MSE: 0.048688
Test MSE did not improve.. Counter 21/100
Epoch: 276/1000   Training Loss: 0.035428  Test Loss: 0.049385  Test MSE: 0.050388
Test MSE did not improve.. Counter 22/100
Epoch: 277/1000   Training Loss: 0.034462  Test Loss: 0.047324  Test MSE: 0.048081
Test MSE did not improve.. Counter 23/100
Epoch: 278/1000   Training Loss: 0.033862  Test Loss: 0.048445  Test MSE: 0.049549
Test MSE did not improve.. Counter 24/100
Epoch: 279/1000   Training Loss: 0.034317  Test Loss: 0.048920  Test MSE: 0.049793
Test MSE did not improve.. Counter 25/100
Epoch: 280/1000   Training Loss: 0.037213  Test Loss: 0.045808  Test MSE: 0.046228
Test MSE did not improve.. Counter 26/100
Epoch: 281/1000   Training Loss: 0.034192  Test Loss: 0.050321  Test MSE: 0.050741
Test MSE did not improve.. Counter 27/100
Epoch: 282/1000   Training Loss: 0.033578  Test Loss: 0.048574  Test MSE: 0.049324
Test MSE did not improve.. Counter 28/100
Epoch: 283/1000   Training Loss: 0.033755  Test Loss: 0.049664  Test MSE: 0.049907
Test MSE did not improve.. Counter 29/100
Epoch: 284/1000   Training Loss: 0.034597  Test Loss: 0.049359  Test MSE: 0.050080
Test MSE did not improve.. Counter 30/100
Epoch: 285/1000   Training Loss: 0.034927  Test Loss: 0.045136  Test MSE: 0.045483
Test MSE improved from 0.045567 -> 0.045483
Epoch: 286/1000   Training Loss: 0.033423  Test Loss: 0.048998  Test MSE: 0.049360
Test MSE did not improve.. Counter 1/100
Epoch: 287/1000   Training Loss: 0.033375  Test Loss: 0.050179  Test MSE: 0.049909
Test MSE did not improve.. Counter 2/100
Epoch: 288/1000   Training Loss: 0.032533  Test Loss: 0.053674  Test MSE: 0.052572
Test MSE did not improve.. Counter 3/100
Epoch: 289/1000   Training Loss: 0.033505  Test Loss: 0.050085  Test MSE: 0.049872
Test MSE did not improve.. Counter 4/100
Epoch: 290/1000   Training Loss: 0.033025  Test Loss: 0.045849  Test MSE: 0.045438
Test MSE improved from 0.045483 -> 0.045438
Epoch: 291/1000   Training Loss: 0.033726  Test Loss: 0.051375  Test MSE: 0.051218
Test MSE did not improve.. Counter 1/100
Epoch: 292/1000   Training Loss: 0.035205  Test Loss: 0.052920  Test MSE: 0.053832
Test MSE did not improve.. Counter 2/100
Epoch: 293/1000   Training Loss: 0.034910  Test Loss: 0.052694  Test MSE: 0.053269
Test MSE did not improve.. Counter 3/100
Epoch: 294/1000   Training Loss: 0.033303  Test Loss: 0.048170  Test MSE: 0.049559
Test MSE did not improve.. Counter 4/100
Epoch: 295/1000   Training Loss: 0.031420  Test Loss: 0.050628  Test MSE: 0.050490
Test MSE did not improve.. Counter 5/100
Epoch: 296/1000   Training Loss: 0.032117  Test Loss: 0.052182  Test MSE: 0.052597
Test MSE did not improve.. Counter 6/100
Epoch: 297/1000   Training Loss: 0.032071  Test Loss: 0.052319  Test MSE: 0.051969
Test MSE did not improve.. Counter 7/100
Epoch: 298/1000   Training Loss: 0.033157  Test Loss: 0.046607  Test MSE: 0.046060
Test MSE did not improve.. Counter 8/100
Epoch: 299/1000   Training Loss: 0.031705  Test Loss: 0.051975  Test MSE: 0.051584
Test MSE did not improve.. Counter 9/100
Epoch: 300/1000   Training Loss: 0.032225  Test Loss: 0.046604  Test MSE: 0.047015
Test MSE did not improve.. Counter 10/100
Epoch: 301/1000   Training Loss: 0.033300  Test Loss: 0.048235  Test MSE: 0.049558
Test MSE did not improve.. Counter 11/100
Epoch: 302/1000   Training Loss: 0.033462  Test Loss: 0.051289  Test MSE: 0.051472
Test MSE did not improve.. Counter 12/100
Epoch: 303/1000   Training Loss: 0.033035  Test Loss: 0.046992  Test MSE: 0.047054
Test MSE did not improve.. Counter 13/100
Epoch: 304/1000   Training Loss: 0.033717  Test Loss: 0.048751  Test MSE: 0.047918
Test MSE did not improve.. Counter 14/100
Epoch: 305/1000   Training Loss: 0.033096  Test Loss: 0.046508  Test MSE: 0.046182
Test MSE did not improve.. Counter 15/100
Epoch: 306/1000   Training Loss: 0.031906  Test Loss: 0.048633  Test MSE: 0.049005
Test MSE did not improve.. Counter 16/100
Epoch: 307/1000   Training Loss: 0.030467  Test Loss: 0.049401  Test MSE: 0.049912
Test MSE did not improve.. Counter 17/100
Epoch: 308/1000   Training Loss: 0.030515  Test Loss: 0.046822  Test MSE: 0.047181
Test MSE did not improve.. Counter 18/100
Epoch: 309/1000   Training Loss: 0.032111  Test Loss: 0.047786  Test MSE: 0.048372
Test MSE did not improve.. Counter 19/100
Epoch: 310/1000   Training Loss: 0.030724  Test Loss: 0.045774  Test MSE: 0.045660
Test MSE did not improve.. Counter 20/100
Epoch: 311/1000   Training Loss: 0.033254  Test Loss: 0.046349  Test MSE: 0.046137
Test MSE did not improve.. Counter 21/100
Epoch: 312/1000   Training Loss: 0.030239  Test Loss: 0.042361  Test MSE: 0.042512
Test MSE improved from 0.045438 -> 0.042512
Epoch: 313/1000   Training Loss: 0.030623  Test Loss: 0.047435  Test MSE: 0.046505
Test MSE did not improve.. Counter 1/100
Epoch: 314/1000   Training Loss: 0.030725  Test Loss: 0.048153  Test MSE: 0.047185
Test MSE did not improve.. Counter 2/100
Epoch: 315/1000   Training Loss: 0.030517  Test Loss: 0.049754  Test MSE: 0.050064
Test MSE did not improve.. Counter 3/100
Epoch: 316/1000   Training Loss: 0.031324  Test Loss: 0.044372  Test MSE: 0.045502
Test MSE did not improve.. Counter 4/100
Epoch: 317/1000   Training Loss: 0.031403  Test Loss: 0.047337  Test MSE: 0.047904
Test MSE did not improve.. Counter 5/100
Epoch: 318/1000   Training Loss: 0.030425  Test Loss: 0.045168  Test MSE: 0.045444
Test MSE did not improve.. Counter 6/100
Epoch: 319/1000   Training Loss: 0.029559  Test Loss: 0.048460  Test MSE: 0.048436
Test MSE did not improve.. Counter 7/100
Epoch: 320/1000   Training Loss: 0.031596  Test Loss: 0.044885  Test MSE: 0.045758
Test MSE did not improve.. Counter 8/100
Epoch: 321/1000   Training Loss: 0.032227  Test Loss: 0.047090  Test MSE: 0.047188
Test MSE did not improve.. Counter 9/100
Epoch: 322/1000   Training Loss: 0.029290  Test Loss: 0.047017  Test MSE: 0.048043
Test MSE did not improve.. Counter 10/100
Epoch: 323/1000   Training Loss: 0.032025  Test Loss: 0.051215  Test MSE: 0.051772
Test MSE did not improve.. Counter 11/100
Epoch: 324/1000   Training Loss: 0.031571  Test Loss: 0.046939  Test MSE: 0.046790
Test MSE did not improve.. Counter 12/100
Epoch: 325/1000   Training Loss: 0.030080  Test Loss: 0.047106  Test MSE: 0.047786
Test MSE did not improve.. Counter 13/100
Epoch: 326/1000   Training Loss: 0.030910  Test Loss: 0.050501  Test MSE: 0.049948
Test MSE did not improve.. Counter 14/100
Epoch: 327/1000   Training Loss: 0.031545  Test Loss: 0.046817  Test MSE: 0.046210
Test MSE did not improve.. Counter 15/100
Epoch: 328/1000   Training Loss: 0.030728  Test Loss: 0.050862  Test MSE: 0.048959
Test MSE did not improve.. Counter 16/100
Epoch: 329/1000   Training Loss: 0.029744  Test Loss: 0.045826  Test MSE: 0.046005
Test MSE did not improve.. Counter 17/100
Epoch: 330/1000   Training Loss: 0.030083  Test Loss: 0.049708  Test MSE: 0.050334
Test MSE did not improve.. Counter 18/100
Epoch: 331/1000   Training Loss: 0.029556  Test Loss: 0.043072  Test MSE: 0.043071
Test MSE did not improve.. Counter 19/100
Epoch: 332/1000   Training Loss: 0.031712  Test Loss: 0.048781  Test MSE: 0.048551
Test MSE did not improve.. Counter 20/100
Epoch: 333/1000   Training Loss: 0.030640  Test Loss: 0.047039  Test MSE: 0.047229
Test MSE did not improve.. Counter 21/100
Epoch: 334/1000   Training Loss: 0.031103  Test Loss: 0.047580  Test MSE: 0.047450
Test MSE did not improve.. Counter 22/100
Epoch: 335/1000   Training Loss: 0.029030  Test Loss: 0.049296  Test MSE: 0.047941
Test MSE did not improve.. Counter 23/100
Epoch: 336/1000   Training Loss: 0.030599  Test Loss: 0.047051  Test MSE: 0.047009
Test MSE did not improve.. Counter 24/100
Epoch: 337/1000   Training Loss: 0.031084  Test Loss: 0.048179  Test MSE: 0.048494
Test MSE did not improve.. Counter 25/100
Epoch: 338/1000   Training Loss: 0.029395  Test Loss: 0.046499  Test MSE: 0.045969
Test MSE did not improve.. Counter 26/100
Epoch: 339/1000   Training Loss: 0.028612  Test Loss: 0.048550  Test MSE: 0.048600
Test MSE did not improve.. Counter 27/100
Epoch: 340/1000   Training Loss: 0.029247  Test Loss: 0.050174  Test MSE: 0.048946
Test MSE did not improve.. Counter 28/100
Epoch: 341/1000   Training Loss: 0.029713  Test Loss: 0.046611  Test MSE: 0.047287
Test MSE did not improve.. Counter 29/100
Epoch: 342/1000   Training Loss: 0.030641  Test Loss: 0.047584  Test MSE: 0.046976
Test MSE did not improve.. Counter 30/100
Epoch: 343/1000   Training Loss: 0.032444  Test Loss: 0.046930  Test MSE: 0.046463
Test MSE did not improve.. Counter 31/100
Epoch: 344/1000   Training Loss: 0.029196  Test Loss: 0.047034  Test MSE: 0.047415
Test MSE did not improve.. Counter 32/100
Epoch: 345/1000   Training Loss: 0.028404  Test Loss: 0.048319  Test MSE: 0.048570
Test MSE did not improve.. Counter 33/100
Epoch: 346/1000   Training Loss: 0.029988  Test Loss: 0.047603  Test MSE: 0.047975
Test MSE did not improve.. Counter 34/100
Epoch: 347/1000   Training Loss: 0.029104  Test Loss: 0.047919  Test MSE: 0.048039
Test MSE did not improve.. Counter 35/100
Epoch: 348/1000   Training Loss: 0.030559  Test Loss: 0.044726  Test MSE: 0.043381
Test MSE did not improve.. Counter 36/100
Epoch: 349/1000   Training Loss: 0.029471  Test Loss: 0.047903  Test MSE: 0.047372
Test MSE did not improve.. Counter 37/100
Epoch: 350/1000   Training Loss: 0.027885  Test Loss: 0.044140  Test MSE: 0.044517
Test MSE did not improve.. Counter 38/100
Epoch: 351/1000   Training Loss: 0.028305  Test Loss: 0.046422  Test MSE: 0.046240
Test MSE did not improve.. Counter 39/100
Epoch: 352/1000   Training Loss: 0.026783  Test Loss: 0.047175  Test MSE: 0.047253
Test MSE did not improve.. Counter 40/100
Epoch: 353/1000   Training Loss: 0.027494  Test Loss: 0.046297  Test MSE: 0.046397
Test MSE did not improve.. Counter 41/100
Epoch: 354/1000   Training Loss: 0.030456  Test Loss: 0.051302  Test MSE: 0.052441
Test MSE did not improve.. Counter 42/100
Epoch: 355/1000   Training Loss: 0.029523  Test Loss: 0.047577  Test MSE: 0.048004
Test MSE did not improve.. Counter 43/100
Epoch: 356/1000   Training Loss: 0.027356  Test Loss: 0.044854  Test MSE: 0.044486
Test MSE did not improve.. Counter 44/100
Epoch: 357/1000   Training Loss: 0.027456  Test Loss: 0.049071  Test MSE: 0.048261
Test MSE did not improve.. Counter 45/100
Epoch: 358/1000   Training Loss: 0.028539  Test Loss: 0.046700  Test MSE: 0.046683
Test MSE did not improve.. Counter 46/100
Epoch: 359/1000   Training Loss: 0.028415  Test Loss: 0.047812  Test MSE: 0.047700
Test MSE did not improve.. Counter 47/100
Epoch: 360/1000   Training Loss: 0.028385  Test Loss: 0.045750  Test MSE: 0.045783
Test MSE did not improve.. Counter 48/100
Epoch: 361/1000   Training Loss: 0.029642  Test Loss: 0.047179  Test MSE: 0.047226
Test MSE did not improve.. Counter 49/100
Epoch: 362/1000   Training Loss: 0.027570  Test Loss: 0.052199  Test MSE: 0.051328
Test MSE did not improve.. Counter 50/100
Epoch: 363/1000   Training Loss: 0.027480  Test Loss: 0.047934  Test MSE: 0.047345
Test MSE did not improve.. Counter 51/100
Epoch: 364/1000   Training Loss: 0.029606  Test Loss: 0.047955  Test MSE: 0.048295
Test MSE did not improve.. Counter 52/100
Epoch: 365/1000   Training Loss: 0.030568  Test Loss: 0.047002  Test MSE: 0.046823
Test MSE did not improve.. Counter 53/100
Epoch: 366/1000   Training Loss: 0.026350  Test Loss: 0.047125  Test MSE: 0.046090
Test MSE did not improve.. Counter 54/100
Epoch: 367/1000   Training Loss: 0.027408  Test Loss: 0.046527  Test MSE: 0.047276
Test MSE did not improve.. Counter 55/100
Epoch: 368/1000   Training Loss: 0.025700  Test Loss: 0.046534  Test MSE: 0.047345
Test MSE did not improve.. Counter 56/100
Epoch: 369/1000   Training Loss: 0.027091  Test Loss: 0.047656  Test MSE: 0.047286
Test MSE did not improve.. Counter 57/100
Epoch: 370/1000   Training Loss: 0.027262  Test Loss: 0.048405  Test MSE: 0.049132
Test MSE did not improve.. Counter 58/100
Epoch: 371/1000   Training Loss: 0.027132  Test Loss: 0.051880  Test MSE: 0.052657
Test MSE did not improve.. Counter 59/100
Epoch: 372/1000   Training Loss: 0.027313  Test Loss: 0.046928  Test MSE: 0.048079
Test MSE did not improve.. Counter 60/100
Epoch: 373/1000   Training Loss: 0.027205  Test Loss: 0.050759  Test MSE: 0.051034
Test MSE did not improve.. Counter 61/100
Epoch: 374/1000   Training Loss: 0.028580  Test Loss: 0.047580  Test MSE: 0.047808
Test MSE did not improve.. Counter 62/100
Epoch: 375/1000   Training Loss: 0.027340  Test Loss: 0.051364  Test MSE: 0.051719
Test MSE did not improve.. Counter 63/100
Epoch: 376/1000   Training Loss: 0.028684  Test Loss: 0.046429  Test MSE: 0.046702
Test MSE did not improve.. Counter 64/100
Epoch: 377/1000   Training Loss: 0.027985  Test Loss: 0.041963  Test MSE: 0.041984
Test MSE improved from 0.042512 -> 0.041984
Epoch: 378/1000   Training Loss: 0.026111  Test Loss: 0.045114  Test MSE: 0.045472
Test MSE did not improve.. Counter 1/100
Epoch: 379/1000   Training Loss: 0.028161  Test Loss: 0.044509  Test MSE: 0.045378
Test MSE did not improve.. Counter 2/100
Epoch: 380/1000   Training Loss: 0.026832  Test Loss: 0.046513  Test MSE: 0.047326
Test MSE did not improve.. Counter 3/100
Epoch: 381/1000   Training Loss: 0.026956  Test Loss: 0.041523  Test MSE: 0.042425
Test MSE did not improve.. Counter 4/100
Epoch: 382/1000   Training Loss: 0.026541  Test Loss: 0.044472  Test MSE: 0.045418
Test MSE did not improve.. Counter 5/100
Epoch: 383/1000   Training Loss: 0.027987  Test Loss: 0.049197  Test MSE: 0.048823
Test MSE did not improve.. Counter 6/100
Epoch: 384/1000   Training Loss: 0.029370  Test Loss: 0.050349  Test MSE: 0.049381
Test MSE did not improve.. Counter 7/100
Epoch: 385/1000   Training Loss: 0.028469  Test Loss: 0.047283  Test MSE: 0.046457
Test MSE did not improve.. Counter 8/100
Epoch: 386/1000   Training Loss: 0.028149  Test Loss: 0.050536  Test MSE: 0.050976
Test MSE did not improve.. Counter 9/100
Epoch: 387/1000   Training Loss: 0.027569  Test Loss: 0.047095  Test MSE: 0.046638
Test MSE did not improve.. Counter 10/100
Epoch: 388/1000   Training Loss: 0.026338  Test Loss: 0.043987  Test MSE: 0.043695
Test MSE did not improve.. Counter 11/100
Epoch: 389/1000   Training Loss: 0.025971  Test Loss: 0.044153  Test MSE: 0.044005
Test MSE did not improve.. Counter 12/100
Epoch: 390/1000   Training Loss: 0.025995  Test Loss: 0.046226  Test MSE: 0.045464
Test MSE did not improve.. Counter 13/100
Epoch: 391/1000   Training Loss: 0.024240  Test Loss: 0.044479  Test MSE: 0.044622
Test MSE did not improve.. Counter 14/100
Epoch: 392/1000   Training Loss: 0.024813  Test Loss: 0.048249  Test MSE: 0.047381
Test MSE did not improve.. Counter 15/100
Epoch: 393/1000   Training Loss: 0.026308  Test Loss: 0.047508  Test MSE: 0.048104
Test MSE did not improve.. Counter 16/100
Epoch: 394/1000   Training Loss: 0.026022  Test Loss: 0.047066  Test MSE: 0.047151
Test MSE did not improve.. Counter 17/100
Epoch: 395/1000   Training Loss: 0.025215  Test Loss: 0.048291  Test MSE: 0.048098
Test MSE did not improve.. Counter 18/100
Epoch: 396/1000   Training Loss: 0.026360  Test Loss: 0.045318  Test MSE: 0.046229
Test MSE did not improve.. Counter 19/100
Epoch: 397/1000   Training Loss: 0.025460  Test Loss: 0.049811  Test MSE: 0.049226
Test MSE did not improve.. Counter 20/100
Epoch: 398/1000   Training Loss: 0.026352  Test Loss: 0.045492  Test MSE: 0.045324
Test MSE did not improve.. Counter 21/100
Epoch: 399/1000   Training Loss: 0.025539  Test Loss: 0.047460  Test MSE: 0.046878
Test MSE did not improve.. Counter 22/100
Epoch: 400/1000   Training Loss: 0.027345  Test Loss: 0.050289  Test MSE: 0.049394
Test MSE did not improve.. Counter 23/100
Epoch: 401/1000   Training Loss: 0.025392  Test Loss: 0.046578  Test MSE: 0.046422
Test MSE did not improve.. Counter 24/100
Epoch: 402/1000   Training Loss: 0.027135  Test Loss: 0.047238  Test MSE: 0.045788
Test MSE did not improve.. Counter 25/100
Epoch: 403/1000   Training Loss: 0.027327  Test Loss: 0.049445  Test MSE: 0.048914
Test MSE did not improve.. Counter 26/100
Epoch: 404/1000   Training Loss: 0.027290  Test Loss: 0.051090  Test MSE: 0.051545
Test MSE did not improve.. Counter 27/100
Epoch: 405/1000   Training Loss: 0.028780  Test Loss: 0.050885  Test MSE: 0.052149
Test MSE did not improve.. Counter 28/100
Epoch: 406/1000   Training Loss: 0.027881  Test Loss: 0.050027  Test MSE: 0.049249
Test MSE did not improve.. Counter 29/100
Epoch: 407/1000   Training Loss: 0.026458  Test Loss: 0.049900  Test MSE: 0.049218
Test MSE did not improve.. Counter 30/100
Epoch: 408/1000   Training Loss: 0.024720  Test Loss: 0.044273  Test MSE: 0.044327
Test MSE did not improve.. Counter 31/100
Epoch: 409/1000   Training Loss: 0.025467  Test Loss: 0.046628  Test MSE: 0.046109
Test MSE did not improve.. Counter 32/100
Epoch: 410/1000   Training Loss: 0.025438  Test Loss: 0.044538  Test MSE: 0.043838
Test MSE did not improve.. Counter 33/100
Epoch: 411/1000   Training Loss: 0.024579  Test Loss: 0.053687  Test MSE: 0.051095
Test MSE did not improve.. Counter 34/100
Epoch: 412/1000   Training Loss: 0.026048  Test Loss: 0.046914  Test MSE: 0.045396
Test MSE did not improve.. Counter 35/100
Epoch: 413/1000   Training Loss: 0.025828  Test Loss: 0.047157  Test MSE: 0.046716
Test MSE did not improve.. Counter 36/100
Epoch: 414/1000   Training Loss: 0.026489  Test Loss: 0.049994  Test MSE: 0.048674
Test MSE did not improve.. Counter 37/100
Epoch: 415/1000   Training Loss: 0.026251  Test Loss: 0.052029  Test MSE: 0.051499
Test MSE did not improve.. Counter 38/100
Epoch: 416/1000   Training Loss: 0.025972  Test Loss: 0.047127  Test MSE: 0.046304
Test MSE did not improve.. Counter 39/100
Epoch: 417/1000   Training Loss: 0.026834  Test Loss: 0.051697  Test MSE: 0.051565
Test MSE did not improve.. Counter 40/100
Epoch: 418/1000   Training Loss: 0.024638  Test Loss: 0.045869  Test MSE: 0.045298
Test MSE did not improve.. Counter 41/100
Epoch: 419/1000   Training Loss: 0.024948  Test Loss: 0.048282  Test MSE: 0.049108
Test MSE did not improve.. Counter 42/100
Epoch: 420/1000   Training Loss: 0.024822  Test Loss: 0.047604  Test MSE: 0.047987
Test MSE did not improve.. Counter 43/100
Epoch: 421/1000   Training Loss: 0.025340  Test Loss: 0.050904  Test MSE: 0.050728
Test MSE did not improve.. Counter 44/100
Epoch: 422/1000   Training Loss: 0.028980  Test Loss: 0.048524  Test MSE: 0.048868
Test MSE did not improve.. Counter 45/100
Epoch: 423/1000   Training Loss: 0.026644  Test Loss: 0.045285  Test MSE: 0.046285
Test MSE did not improve.. Counter 46/100
Epoch: 424/1000   Training Loss: 0.023952  Test Loss: 0.043974  Test MSE: 0.043914
Test MSE did not improve.. Counter 47/100
Epoch: 425/1000   Training Loss: 0.025306  Test Loss: 0.047180  Test MSE: 0.046411
Test MSE did not improve.. Counter 48/100
Epoch: 426/1000   Training Loss: 0.024313  Test Loss: 0.046627  Test MSE: 0.047160
Test MSE did not improve.. Counter 49/100
Epoch: 427/1000   Training Loss: 0.024381  Test Loss: 0.053293  Test MSE: 0.052205
Test MSE did not improve.. Counter 50/100
Epoch: 428/1000   Training Loss: 0.023805  Test Loss: 0.045917  Test MSE: 0.046265
Test MSE did not improve.. Counter 51/100
Epoch: 429/1000   Training Loss: 0.025617  Test Loss: 0.047211  Test MSE: 0.046929
Test MSE did not improve.. Counter 52/100
Epoch: 430/1000   Training Loss: 0.026336  Test Loss: 0.050151  Test MSE: 0.048854
Test MSE did not improve.. Counter 53/100
Epoch: 431/1000   Training Loss: 0.024280  Test Loss: 0.045556  Test MSE: 0.043723
Test MSE did not improve.. Counter 54/100
Epoch: 432/1000   Training Loss: 0.025656  Test Loss: 0.049127  Test MSE: 0.048420
Test MSE did not improve.. Counter 55/100
Epoch: 433/1000   Training Loss: 0.025471  Test Loss: 0.048046  Test MSE: 0.047605
Test MSE did not improve.. Counter 56/100
Epoch: 434/1000   Training Loss: 0.024362  Test Loss: 0.047950  Test MSE: 0.047938
Test MSE did not improve.. Counter 57/100
Epoch: 435/1000   Training Loss: 0.022991  Test Loss: 0.045792  Test MSE: 0.045261
Test MSE did not improve.. Counter 58/100
Epoch: 436/1000   Training Loss: 0.023268  Test Loss: 0.043548  Test MSE: 0.043247
Test MSE did not improve.. Counter 59/100
Epoch: 437/1000   Training Loss: 0.024005  Test Loss: 0.048218  Test MSE: 0.047700
Test MSE did not improve.. Counter 60/100
Epoch: 438/1000   Training Loss: 0.026818  Test Loss: 0.051285  Test MSE: 0.050385
Test MSE did not improve.. Counter 61/100
Epoch: 439/1000   Training Loss: 0.028003  Test Loss: 0.051210  Test MSE: 0.050269
Test MSE did not improve.. Counter 62/100
Epoch: 440/1000   Training Loss: 0.027004  Test Loss: 0.047947  Test MSE: 0.046903
Test MSE did not improve.. Counter 63/100
Epoch: 441/1000   Training Loss: 0.025373  Test Loss: 0.053140  Test MSE: 0.052721
Test MSE did not improve.. Counter 64/100
Epoch: 442/1000   Training Loss: 0.024797  Test Loss: 0.044509  Test MSE: 0.044791
Test MSE did not improve.. Counter 65/100
Epoch: 443/1000   Training Loss: 0.025958  Test Loss: 0.044465  Test MSE: 0.044639
Test MSE did not improve.. Counter 66/100
Epoch: 444/1000   Training Loss: 0.026085  Test Loss: 0.047745  Test MSE: 0.047295
Test MSE did not improve.. Counter 67/100
Epoch: 445/1000   Training Loss: 0.026190  Test Loss: 0.043482  Test MSE: 0.042990
Test MSE did not improve.. Counter 68/100
Epoch: 446/1000   Training Loss: 0.024662  Test Loss: 0.044166  Test MSE: 0.044330
Test MSE did not improve.. Counter 69/100
Epoch: 447/1000   Training Loss: 0.025169  Test Loss: 0.046217  Test MSE: 0.046240
Test MSE did not improve.. Counter 70/100
Epoch: 448/1000   Training Loss: 0.023365  Test Loss: 0.045469  Test MSE: 0.045892
Test MSE did not improve.. Counter 71/100
Epoch: 449/1000   Training Loss: 0.025037  Test Loss: 0.050660  Test MSE: 0.049290
Test MSE did not improve.. Counter 72/100
Epoch: 450/1000   Training Loss: 0.024654  Test Loss: 0.045043  Test MSE: 0.046180
Test MSE did not improve.. Counter 73/100
Epoch: 451/1000   Training Loss: 0.026040  Test Loss: 0.048455  Test MSE: 0.048426
Test MSE did not improve.. Counter 74/100
Epoch: 452/1000   Training Loss: 0.025354  Test Loss: 0.045709  Test MSE: 0.045227
Test MSE did not improve.. Counter 75/100
Epoch: 453/1000   Training Loss: 0.026224  Test Loss: 0.049165  Test MSE: 0.048691
Test MSE did not improve.. Counter 76/100
Epoch: 454/1000   Training Loss: 0.026011  Test Loss: 0.044418  Test MSE: 0.045006
Test MSE did not improve.. Counter 77/100
Epoch: 455/1000   Training Loss: 0.025369  Test Loss: 0.045078  Test MSE: 0.044688
Test MSE did not improve.. Counter 78/100
Epoch: 456/1000   Training Loss: 0.024827  Test Loss: 0.046677  Test MSE: 0.046955
Test MSE did not improve.. Counter 79/100
Epoch: 457/1000   Training Loss: 0.024696  Test Loss: 0.043411  Test MSE: 0.043832
Test MSE did not improve.. Counter 80/100
Epoch: 458/1000   Training Loss: 0.025931  Test Loss: 0.050380  Test MSE: 0.049941
Test MSE did not improve.. Counter 81/100
Epoch: 459/1000   Training Loss: 0.024698  Test Loss: 0.042702  Test MSE: 0.043062
Test MSE did not improve.. Counter 82/100
Epoch: 460/1000   Training Loss: 0.024798  Test Loss: 0.045059  Test MSE: 0.044973
Test MSE did not improve.. Counter 83/100
Epoch: 461/1000   Training Loss: 0.022621  Test Loss: 0.051433  Test MSE: 0.049838
Test MSE did not improve.. Counter 84/100
Epoch: 462/1000   Training Loss: 0.023709  Test Loss: 0.048127  Test MSE: 0.048373
Test MSE did not improve.. Counter 85/100
Epoch: 463/1000   Training Loss: 0.024574  Test Loss: 0.046486  Test MSE: 0.045543
Test MSE did not improve.. Counter 86/100
Epoch: 464/1000   Training Loss: 0.024093  Test Loss: 0.047447  Test MSE: 0.047142
Test MSE did not improve.. Counter 87/100
Epoch: 465/1000   Training Loss: 0.023419  Test Loss: 0.050177  Test MSE: 0.048539
Test MSE did not improve.. Counter 88/100
Epoch: 466/1000   Training Loss: 0.026572  Test Loss: 0.046225  Test MSE: 0.045698
Test MSE did not improve.. Counter 89/100
Epoch: 467/1000   Training Loss: 0.025938  Test Loss: 0.049056  Test MSE: 0.048638
Test MSE did not improve.. Counter 90/100
Epoch: 468/1000   Training Loss: 0.024193  Test Loss: 0.047510  Test MSE: 0.047788
Test MSE did not improve.. Counter 91/100
Epoch: 469/1000   Training Loss: 0.024087  Test Loss: 0.046159  Test MSE: 0.045729
Test MSE did not improve.. Counter 92/100
Epoch: 470/1000   Training Loss: 0.025972  Test Loss: 0.044659  Test MSE: 0.044987
Test MSE did not improve.. Counter 93/100
Epoch: 471/1000   Training Loss: 0.024965  Test Loss: 0.047932  Test MSE: 0.047408
Test MSE did not improve.. Counter 94/100
Epoch: 472/1000   Training Loss: 0.023070  Test Loss: 0.050277  Test MSE: 0.048231
Test MSE did not improve.. Counter 95/100
Epoch: 473/1000   Training Loss: 0.022168  Test Loss: 0.046567  Test MSE: 0.045806
Test MSE did not improve.. Counter 96/100
Epoch: 474/1000   Training Loss: 0.023116  Test Loss: 0.049585  Test MSE: 0.049586
Test MSE did not improve.. Counter 97/100
Epoch: 475/1000   Training Loss: 0.024879  Test Loss: 0.047301  Test MSE: 0.047243
Test MSE did not improve.. Counter 98/100
Epoch: 476/1000   Training Loss: 0.023722  Test Loss: 0.042195  Test MSE: 0.043117
Test MSE did not improve.. Counter 99/100
Epoch: 477/1000   Training Loss: 0.025977  Test Loss: 0.050870  Test MSE: 0.050345
Test MSE did not improve.. Counter 100/100
Epoch: 478/1000   Training Loss: 0.024393  Test Loss: 0.045828  Test MSE: 0.046971
Test MSE did not improve.. Counter 101/100
Early Stopped ..
Saved loss curve to ./result/attentivefp-mmp_melanocortin_receptor_4_loss.png
============== Regression Performance =================
* MSE : 0.041984
* RMSE: 0.204901
* R2  : 0.875656
* PCC : 0.936899
* Spearman: 0.921689
=======================================================
