nohup: ignoring input
Using backend: pytorch
{'MODEL': 'attention-snn', 'TARGET_NAME': 'mu_opioid_receptor', 'RANDOM_SEED': 42, 'BATCH_SIZE': 128, 'EARLY_STOPPING_PATIENCE': 100, 'WEIGHT_DECAY': 0.0001, 'DROP_OUT': 0.2, 'DEVICE': 'cuda:0'}
Epoch: 1/1000   Training Loss: 0.490490  Test Loss: 0.360436  Test MSE: 0.359423
Test MSE improved from inf -> 0.359423
Epoch: 2/1000   Training Loss: 0.425214  Test Loss: 0.338064  Test MSE: 0.337126
Test MSE improved from 0.359423 -> 0.337126
Epoch: 3/1000   Training Loss: 0.383463  Test Loss: 0.319642  Test MSE: 0.319434
Test MSE improved from 0.337126 -> 0.319434
Epoch: 4/1000   Training Loss: 0.357059  Test Loss: 0.312445  Test MSE: 0.312443
Test MSE improved from 0.319434 -> 0.312443
Epoch: 5/1000   Training Loss: 0.330297  Test Loss: 0.300350  Test MSE: 0.300556
Test MSE improved from 0.312443 -> 0.300556
Epoch: 6/1000   Training Loss: 0.309711  Test Loss: 0.277230  Test MSE: 0.277288
Test MSE improved from 0.300556 -> 0.277288
Epoch: 7/1000   Training Loss: 0.278291  Test Loss: 0.272052  Test MSE: 0.270355
Test MSE improved from 0.277288 -> 0.270355
Epoch: 8/1000   Training Loss: 0.259934  Test Loss: 0.257675  Test MSE: 0.255715
Test MSE improved from 0.270355 -> 0.255715
Epoch: 9/1000   Training Loss: 0.246837  Test Loss: 0.230900  Test MSE: 0.229962
Test MSE improved from 0.255715 -> 0.229962
Epoch: 10/1000   Training Loss: 0.229198  Test Loss: 0.220140  Test MSE: 0.219611
Test MSE improved from 0.229962 -> 0.219611
Epoch: 11/1000   Training Loss: 0.222659  Test Loss: 0.228036  Test MSE: 0.223963
Test MSE did not improve.. Counter 1/100
Epoch: 12/1000   Training Loss: 0.210787  Test Loss: 0.210503  Test MSE: 0.209045
Test MSE improved from 0.219611 -> 0.209045
Epoch: 13/1000   Training Loss: 0.195943  Test Loss: 0.200962  Test MSE: 0.200374
Test MSE improved from 0.209045 -> 0.200374
Epoch: 14/1000   Training Loss: 0.192468  Test Loss: 0.198324  Test MSE: 0.196965
Test MSE improved from 0.200374 -> 0.196965
Epoch: 15/1000   Training Loss: 0.188908  Test Loss: 0.205752  Test MSE: 0.201140
Test MSE did not improve.. Counter 1/100
Epoch: 16/1000   Training Loss: 0.174960  Test Loss: 0.180310  Test MSE: 0.177978
Test MSE improved from 0.196965 -> 0.177978
Epoch: 17/1000   Training Loss: 0.171182  Test Loss: 0.181604  Test MSE: 0.179064
Test MSE did not improve.. Counter 1/100
Epoch: 18/1000   Training Loss: 0.168007  Test Loss: 0.176707  Test MSE: 0.174190
Test MSE improved from 0.177978 -> 0.174190
Epoch: 19/1000   Training Loss: 0.158597  Test Loss: 0.181147  Test MSE: 0.178946
Test MSE did not improve.. Counter 1/100
Epoch: 20/1000   Training Loss: 0.155790  Test Loss: 0.169354  Test MSE: 0.166418
Test MSE improved from 0.174190 -> 0.166418
Epoch: 21/1000   Training Loss: 0.147333  Test Loss: 0.160218  Test MSE: 0.157896
Test MSE improved from 0.166418 -> 0.157896
Epoch: 22/1000   Training Loss: 0.148166  Test Loss: 0.172648  Test MSE: 0.169516
Test MSE did not improve.. Counter 1/100
Epoch: 23/1000   Training Loss: 0.144343  Test Loss: 0.154730  Test MSE: 0.152403
Test MSE improved from 0.157896 -> 0.152403
Epoch: 24/1000   Training Loss: 0.145736  Test Loss: 0.154105  Test MSE: 0.151435
Test MSE improved from 0.152403 -> 0.151435
Epoch: 25/1000   Training Loss: 0.132196  Test Loss: 0.153244  Test MSE: 0.151006
Test MSE improved from 0.151435 -> 0.151006
Epoch: 26/1000   Training Loss: 0.126090  Test Loss: 0.156947  Test MSE: 0.154935
Test MSE did not improve.. Counter 1/100
Epoch: 27/1000   Training Loss: 0.122293  Test Loss: 0.146700  Test MSE: 0.144047
Test MSE improved from 0.151006 -> 0.144047
Epoch: 28/1000   Training Loss: 0.119428  Test Loss: 0.142569  Test MSE: 0.140718
Test MSE improved from 0.144047 -> 0.140718
Epoch: 29/1000   Training Loss: 0.116791  Test Loss: 0.140837  Test MSE: 0.139088
Test MSE improved from 0.140718 -> 0.139088
Epoch: 30/1000   Training Loss: 0.114490  Test Loss: 0.139256  Test MSE: 0.136920
Test MSE improved from 0.139088 -> 0.136920
Epoch: 31/1000   Training Loss: 0.111478  Test Loss: 0.142482  Test MSE: 0.140458
Test MSE did not improve.. Counter 1/100
Epoch: 32/1000   Training Loss: 0.112177  Test Loss: 0.133959  Test MSE: 0.132429
Test MSE improved from 0.136920 -> 0.132429
Epoch: 33/1000   Training Loss: 0.108157  Test Loss: 0.137525  Test MSE: 0.135795
Test MSE did not improve.. Counter 1/100
Epoch: 34/1000   Training Loss: 0.106982  Test Loss: 0.134981  Test MSE: 0.132855
Test MSE did not improve.. Counter 2/100
Epoch: 35/1000   Training Loss: 0.116793  Test Loss: 0.152944  Test MSE: 0.147950
Test MSE did not improve.. Counter 3/100
Epoch: 36/1000   Training Loss: 0.106091  Test Loss: 0.137349  Test MSE: 0.134593
Test MSE did not improve.. Counter 4/100
Epoch: 37/1000   Training Loss: 0.103837  Test Loss: 0.132975  Test MSE: 0.130440
Test MSE improved from 0.132429 -> 0.130440
Epoch: 38/1000   Training Loss: 0.099117  Test Loss: 0.128083  Test MSE: 0.125874
Test MSE improved from 0.130440 -> 0.125874
Epoch: 39/1000   Training Loss: 0.098920  Test Loss: 0.129264  Test MSE: 0.128518
Test MSE did not improve.. Counter 1/100
Epoch: 40/1000   Training Loss: 0.092570  Test Loss: 0.129293  Test MSE: 0.127903
Test MSE did not improve.. Counter 2/100
Epoch: 41/1000   Training Loss: 0.095463  Test Loss: 0.124895  Test MSE: 0.122831
Test MSE improved from 0.125874 -> 0.122831
Epoch: 42/1000   Training Loss: 0.090349  Test Loss: 0.123619  Test MSE: 0.121989
Test MSE improved from 0.122831 -> 0.121989
Epoch: 43/1000   Training Loss: 0.087884  Test Loss: 0.123446  Test MSE: 0.121565
Test MSE improved from 0.121989 -> 0.121565
Epoch: 44/1000   Training Loss: 0.088142  Test Loss: 0.124787  Test MSE: 0.122860
Test MSE did not improve.. Counter 1/100
Epoch: 45/1000   Training Loss: 0.085457  Test Loss: 0.119547  Test MSE: 0.117784
Test MSE improved from 0.121565 -> 0.117784
Epoch: 46/1000   Training Loss: 0.092872  Test Loss: 0.122295  Test MSE: 0.120844
Test MSE did not improve.. Counter 1/100
Epoch: 47/1000   Training Loss: 0.087114  Test Loss: 0.123181  Test MSE: 0.121323
Test MSE did not improve.. Counter 2/100
Epoch: 48/1000   Training Loss: 0.090115  Test Loss: 0.118543  Test MSE: 0.116699
Test MSE improved from 0.117784 -> 0.116699
Epoch: 49/1000   Training Loss: 0.083600  Test Loss: 0.121019  Test MSE: 0.118856
Test MSE did not improve.. Counter 1/100
Epoch: 50/1000   Training Loss: 0.082047  Test Loss: 0.117684  Test MSE: 0.115198
Test MSE improved from 0.116699 -> 0.115198
Epoch: 51/1000   Training Loss: 0.085139  Test Loss: 0.119040  Test MSE: 0.117659
Test MSE did not improve.. Counter 1/100
Epoch: 52/1000   Training Loss: 0.080170  Test Loss: 0.116110  Test MSE: 0.113945
Test MSE improved from 0.115198 -> 0.113945
Epoch: 53/1000   Training Loss: 0.077201  Test Loss: 0.115102  Test MSE: 0.112967
Test MSE improved from 0.113945 -> 0.112967
Epoch: 54/1000   Training Loss: 0.076509  Test Loss: 0.115618  Test MSE: 0.114169
Test MSE did not improve.. Counter 1/100
Epoch: 55/1000   Training Loss: 0.077080  Test Loss: 0.106441  Test MSE: 0.104725
Test MSE improved from 0.112967 -> 0.104725
Epoch: 56/1000   Training Loss: 0.075806  Test Loss: 0.106215  Test MSE: 0.104926
Test MSE did not improve.. Counter 1/100
Epoch: 57/1000   Training Loss: 0.077621  Test Loss: 0.115368  Test MSE: 0.112430
Test MSE did not improve.. Counter 2/100
Epoch: 58/1000   Training Loss: 0.078991  Test Loss: 0.122112  Test MSE: 0.121028
Test MSE did not improve.. Counter 3/100
Epoch: 59/1000   Training Loss: 0.077420  Test Loss: 0.109844  Test MSE: 0.108575
Test MSE did not improve.. Counter 4/100
Epoch: 60/1000   Training Loss: 0.074550  Test Loss: 0.105030  Test MSE: 0.103029
Test MSE improved from 0.104725 -> 0.103029
Epoch: 61/1000   Training Loss: 0.073322  Test Loss: 0.110240  Test MSE: 0.108016
Test MSE did not improve.. Counter 1/100
Epoch: 62/1000   Training Loss: 0.073720  Test Loss: 0.100680  Test MSE: 0.099262
Test MSE improved from 0.103029 -> 0.099262
Epoch: 63/1000   Training Loss: 0.070209  Test Loss: 0.103463  Test MSE: 0.102677
Test MSE did not improve.. Counter 1/100
Epoch: 64/1000   Training Loss: 0.073523  Test Loss: 0.106137  Test MSE: 0.104866
Test MSE did not improve.. Counter 2/100
Epoch: 65/1000   Training Loss: 0.071773  Test Loss: 0.105430  Test MSE: 0.104012
Test MSE did not improve.. Counter 3/100
Epoch: 66/1000   Training Loss: 0.067764  Test Loss: 0.100753  Test MSE: 0.099524
Test MSE did not improve.. Counter 4/100
Epoch: 67/1000   Training Loss: 0.067369  Test Loss: 0.105400  Test MSE: 0.104746
Test MSE did not improve.. Counter 5/100
Epoch: 68/1000   Training Loss: 0.068276  Test Loss: 0.105428  Test MSE: 0.103840
Test MSE did not improve.. Counter 6/100
Epoch: 69/1000   Training Loss: 0.068741  Test Loss: 0.104188  Test MSE: 0.102059
Test MSE did not improve.. Counter 7/100
Epoch: 70/1000   Training Loss: 0.068689  Test Loss: 0.101287  Test MSE: 0.099419
Test MSE did not improve.. Counter 8/100
Epoch: 71/1000   Training Loss: 0.067396  Test Loss: 0.104611  Test MSE: 0.102355
Test MSE did not improve.. Counter 9/100
Epoch: 72/1000   Training Loss: 0.065886  Test Loss: 0.102195  Test MSE: 0.101198
Test MSE did not improve.. Counter 10/100
Epoch: 73/1000   Training Loss: 0.064315  Test Loss: 0.101863  Test MSE: 0.100583
Epoch    73: reducing learning rate of group 0 to 2.5000e-04.
Test MSE did not improve.. Counter 11/100
Epoch: 74/1000   Training Loss: 0.061307  Test Loss: 0.098810  Test MSE: 0.097493
Test MSE improved from 0.099262 -> 0.097493
Epoch: 75/1000   Training Loss: 0.058396  Test Loss: 0.099473  Test MSE: 0.098075
Test MSE did not improve.. Counter 1/100
Epoch: 76/1000   Training Loss: 0.058137  Test Loss: 0.095326  Test MSE: 0.094242
Test MSE improved from 0.097493 -> 0.094242
Epoch: 77/1000   Training Loss: 0.054449  Test Loss: 0.098865  Test MSE: 0.097548
Test MSE did not improve.. Counter 1/100
Epoch: 78/1000   Training Loss: 0.055148  Test Loss: 0.096431  Test MSE: 0.095443
Test MSE did not improve.. Counter 2/100
Epoch: 79/1000   Training Loss: 0.054642  Test Loss: 0.096527  Test MSE: 0.095083
Test MSE did not improve.. Counter 3/100
Epoch: 80/1000   Training Loss: 0.052228  Test Loss: 0.096551  Test MSE: 0.095398
Test MSE did not improve.. Counter 4/100
Epoch: 81/1000   Training Loss: 0.050946  Test Loss: 0.093119  Test MSE: 0.091893
Test MSE improved from 0.094242 -> 0.091893
Epoch: 82/1000   Training Loss: 0.051635  Test Loss: 0.093979  Test MSE: 0.092897
Test MSE did not improve.. Counter 1/100
Epoch: 83/1000   Training Loss: 0.053716  Test Loss: 0.097155  Test MSE: 0.096591
Test MSE did not improve.. Counter 2/100
Epoch: 84/1000   Training Loss: 0.052004  Test Loss: 0.093938  Test MSE: 0.092609
Test MSE did not improve.. Counter 3/100
Epoch: 85/1000   Training Loss: 0.054031  Test Loss: 0.093262  Test MSE: 0.092287
Test MSE did not improve.. Counter 4/100
Epoch: 86/1000   Training Loss: 0.051265  Test Loss: 0.098801  Test MSE: 0.097734
Test MSE did not improve.. Counter 5/100
Epoch: 87/1000   Training Loss: 0.049468  Test Loss: 0.093452  Test MSE: 0.092610
Test MSE did not improve.. Counter 6/100
Epoch: 88/1000   Training Loss: 0.051156  Test Loss: 0.095044  Test MSE: 0.093924
Test MSE did not improve.. Counter 7/100
Epoch: 89/1000   Training Loss: 0.050702  Test Loss: 0.090058  Test MSE: 0.088966
Test MSE improved from 0.091893 -> 0.088966
Epoch: 90/1000   Training Loss: 0.050121  Test Loss: 0.093676  Test MSE: 0.092134
Test MSE did not improve.. Counter 1/100
Epoch: 91/1000   Training Loss: 0.049745  Test Loss: 0.096586  Test MSE: 0.094900
Test MSE did not improve.. Counter 2/100
Epoch: 92/1000   Training Loss: 0.051843  Test Loss: 0.094745  Test MSE: 0.094001
Test MSE did not improve.. Counter 3/100
Epoch: 93/1000   Training Loss: 0.051578  Test Loss: 0.090579  Test MSE: 0.089704
Test MSE did not improve.. Counter 4/100
Epoch: 94/1000   Training Loss: 0.054183  Test Loss: 0.091962  Test MSE: 0.090406
Test MSE did not improve.. Counter 5/100
Epoch: 95/1000   Training Loss: 0.052448  Test Loss: 0.090899  Test MSE: 0.090173
Test MSE did not improve.. Counter 6/100
Epoch: 96/1000   Training Loss: 0.050501  Test Loss: 0.089789  Test MSE: 0.088717
Test MSE improved from 0.088966 -> 0.088717
Epoch: 97/1000   Training Loss: 0.049965  Test Loss: 0.086410  Test MSE: 0.085388
Test MSE improved from 0.088717 -> 0.085388
Epoch: 98/1000   Training Loss: 0.049296  Test Loss: 0.090562  Test MSE: 0.089633
Test MSE did not improve.. Counter 1/100
Epoch: 99/1000   Training Loss: 0.051463  Test Loss: 0.090966  Test MSE: 0.089897
Test MSE did not improve.. Counter 2/100
Epoch: 100/1000   Training Loss: 0.047613  Test Loss: 0.092244  Test MSE: 0.091038
Test MSE did not improve.. Counter 3/100
Epoch: 101/1000   Training Loss: 0.048864  Test Loss: 0.090166  Test MSE: 0.088649
Test MSE did not improve.. Counter 4/100
Epoch: 102/1000   Training Loss: 0.047310  Test Loss: 0.088429  Test MSE: 0.087141
Test MSE did not improve.. Counter 5/100
Epoch: 103/1000   Training Loss: 0.047279  Test Loss: 0.090316  Test MSE: 0.089400
Test MSE did not improve.. Counter 6/100
Epoch: 104/1000   Training Loss: 0.047922  Test Loss: 0.088604  Test MSE: 0.087192
Test MSE did not improve.. Counter 7/100
Epoch: 105/1000   Training Loss: 0.045724  Test Loss: 0.088118  Test MSE: 0.086815
Test MSE did not improve.. Counter 8/100
Epoch: 106/1000   Training Loss: 0.046118  Test Loss: 0.089440  Test MSE: 0.088405
Test MSE did not improve.. Counter 9/100
Epoch: 107/1000   Training Loss: 0.046888  Test Loss: 0.086329  Test MSE: 0.085428
Test MSE did not improve.. Counter 10/100
Epoch: 108/1000   Training Loss: 0.045789  Test Loss: 0.088754  Test MSE: 0.087829
Epoch   108: reducing learning rate of group 0 to 1.2500e-04.
Test MSE did not improve.. Counter 11/100
Epoch: 109/1000   Training Loss: 0.043819  Test Loss: 0.087023  Test MSE: 0.086174
Test MSE did not improve.. Counter 12/100
Epoch: 110/1000   Training Loss: 0.041700  Test Loss: 0.084249  Test MSE: 0.083395
Test MSE improved from 0.085388 -> 0.083395
Epoch: 111/1000   Training Loss: 0.042312  Test Loss: 0.084067  Test MSE: 0.082972
Test MSE improved from 0.083395 -> 0.082972
Epoch: 112/1000   Training Loss: 0.040221  Test Loss: 0.084401  Test MSE: 0.083933
Test MSE did not improve.. Counter 1/100
Epoch: 113/1000   Training Loss: 0.040077  Test Loss: 0.082847  Test MSE: 0.082007
Test MSE improved from 0.082972 -> 0.082007
Epoch: 114/1000   Training Loss: 0.040948  Test Loss: 0.082128  Test MSE: 0.081355
Test MSE improved from 0.082007 -> 0.081355
Epoch: 115/1000   Training Loss: 0.039862  Test Loss: 0.081231  Test MSE: 0.080448
Test MSE improved from 0.081355 -> 0.080448
Epoch: 116/1000   Training Loss: 0.039004  Test Loss: 0.081359  Test MSE: 0.080725
Test MSE did not improve.. Counter 1/100
Epoch: 117/1000   Training Loss: 0.038896  Test Loss: 0.082508  Test MSE: 0.081844
Test MSE did not improve.. Counter 2/100
Epoch: 118/1000   Training Loss: 0.039607  Test Loss: 0.083069  Test MSE: 0.082425
Test MSE did not improve.. Counter 3/100
Epoch: 119/1000   Training Loss: 0.040596  Test Loss: 0.082669  Test MSE: 0.081583
Test MSE did not improve.. Counter 4/100
Epoch: 120/1000   Training Loss: 0.038726  Test Loss: 0.082583  Test MSE: 0.081794
Test MSE did not improve.. Counter 5/100
Epoch: 121/1000   Training Loss: 0.038102  Test Loss: 0.081338  Test MSE: 0.080607
Test MSE did not improve.. Counter 6/100
Epoch: 122/1000   Training Loss: 0.038755  Test Loss: 0.083140  Test MSE: 0.082094
Test MSE did not improve.. Counter 7/100
Epoch: 123/1000   Training Loss: 0.039334  Test Loss: 0.080761  Test MSE: 0.079922
Test MSE improved from 0.080448 -> 0.079922
Epoch: 124/1000   Training Loss: 0.039116  Test Loss: 0.079971  Test MSE: 0.079082
Test MSE improved from 0.079922 -> 0.079082
Epoch: 125/1000   Training Loss: 0.038177  Test Loss: 0.082301  Test MSE: 0.081648
Test MSE did not improve.. Counter 1/100
Epoch: 126/1000   Training Loss: 0.036848  Test Loss: 0.079932  Test MSE: 0.079224
Test MSE did not improve.. Counter 2/100
Epoch: 127/1000   Training Loss: 0.038464  Test Loss: 0.080583  Test MSE: 0.079977
Test MSE did not improve.. Counter 3/100
Epoch: 128/1000   Training Loss: 0.038696  Test Loss: 0.080646  Test MSE: 0.079922
Test MSE did not improve.. Counter 4/100
Epoch: 129/1000   Training Loss: 0.036903  Test Loss: 0.080755  Test MSE: 0.079803
Test MSE did not improve.. Counter 5/100
Epoch: 130/1000   Training Loss: 0.038989  Test Loss: 0.080440  Test MSE: 0.079741
Test MSE did not improve.. Counter 6/100
Epoch: 131/1000   Training Loss: 0.038340  Test Loss: 0.078610  Test MSE: 0.077535
Test MSE improved from 0.079082 -> 0.077535
Epoch: 132/1000   Training Loss: 0.037220  Test Loss: 0.079568  Test MSE: 0.078255
Test MSE did not improve.. Counter 1/100
Epoch: 133/1000   Training Loss: 0.037161  Test Loss: 0.077926  Test MSE: 0.076898
Test MSE improved from 0.077535 -> 0.076898
Epoch: 134/1000   Training Loss: 0.036997  Test Loss: 0.080063  Test MSE: 0.079176
Test MSE did not improve.. Counter 1/100
Epoch: 135/1000   Training Loss: 0.036369  Test Loss: 0.078898  Test MSE: 0.078019
Test MSE did not improve.. Counter 2/100
Epoch: 136/1000   Training Loss: 0.036920  Test Loss: 0.080027  Test MSE: 0.079288
Test MSE did not improve.. Counter 3/100
Epoch: 137/1000   Training Loss: 0.037675  Test Loss: 0.079540  Test MSE: 0.078491
Test MSE did not improve.. Counter 4/100
Epoch: 138/1000   Training Loss: 0.036443  Test Loss: 0.079750  Test MSE: 0.078765
Test MSE did not improve.. Counter 5/100
Epoch: 139/1000   Training Loss: 0.036764  Test Loss: 0.079390  Test MSE: 0.078439
Test MSE did not improve.. Counter 6/100
Epoch: 140/1000   Training Loss: 0.035580  Test Loss: 0.079357  Test MSE: 0.078112
Test MSE did not improve.. Counter 7/100
Epoch: 141/1000   Training Loss: 0.036476  Test Loss: 0.079925  Test MSE: 0.078963
Test MSE did not improve.. Counter 8/100
Epoch: 142/1000   Training Loss: 0.035026  Test Loss: 0.078370  Test MSE: 0.077374
Test MSE did not improve.. Counter 9/100
Epoch: 143/1000   Training Loss: 0.035436  Test Loss: 0.078706  Test MSE: 0.077920
Test MSE did not improve.. Counter 10/100
Epoch: 144/1000   Training Loss: 0.035980  Test Loss: 0.075490  Test MSE: 0.074625
Test MSE improved from 0.076898 -> 0.074625
Epoch: 145/1000   Training Loss: 0.036802  Test Loss: 0.078668  Test MSE: 0.077364
Test MSE did not improve.. Counter 1/100
Epoch: 146/1000   Training Loss: 0.035406  Test Loss: 0.080123  Test MSE: 0.078874
Test MSE did not improve.. Counter 2/100
Epoch: 147/1000   Training Loss: 0.035734  Test Loss: 0.078362  Test MSE: 0.077164
Test MSE did not improve.. Counter 3/100
Epoch: 148/1000   Training Loss: 0.034910  Test Loss: 0.078912  Test MSE: 0.078149
Test MSE did not improve.. Counter 4/100
Epoch: 149/1000   Training Loss: 0.034479  Test Loss: 0.078086  Test MSE: 0.077088
Test MSE did not improve.. Counter 5/100
Epoch: 150/1000   Training Loss: 0.034697  Test Loss: 0.076400  Test MSE: 0.075271
Test MSE did not improve.. Counter 6/100
Epoch: 151/1000   Training Loss: 0.033643  Test Loss: 0.076877  Test MSE: 0.075768
Test MSE did not improve.. Counter 7/100
Epoch: 152/1000   Training Loss: 0.033202  Test Loss: 0.078096  Test MSE: 0.076981
Test MSE did not improve.. Counter 8/100
Epoch: 153/1000   Training Loss: 0.035073  Test Loss: 0.076162  Test MSE: 0.075343
Test MSE did not improve.. Counter 9/100
Epoch: 154/1000   Training Loss: 0.036548  Test Loss: 0.076978  Test MSE: 0.076130
Test MSE did not improve.. Counter 10/100
Epoch: 155/1000   Training Loss: 0.034233  Test Loss: 0.077302  Test MSE: 0.076301
Epoch   155: reducing learning rate of group 0 to 6.2500e-05.
Test MSE did not improve.. Counter 11/100
Epoch: 156/1000   Training Loss: 0.034361  Test Loss: 0.077975  Test MSE: 0.076988
Test MSE did not improve.. Counter 12/100
Epoch: 157/1000   Training Loss: 0.032392  Test Loss: 0.079047  Test MSE: 0.078079
Test MSE did not improve.. Counter 13/100
Epoch: 158/1000   Training Loss: 0.031155  Test Loss: 0.076519  Test MSE: 0.075604
Test MSE did not improve.. Counter 14/100
Epoch: 159/1000   Training Loss: 0.030735  Test Loss: 0.077086  Test MSE: 0.076298
Test MSE did not improve.. Counter 15/100
Epoch: 160/1000   Training Loss: 0.032656  Test Loss: 0.076007  Test MSE: 0.075335
Test MSE did not improve.. Counter 16/100
Epoch: 161/1000   Training Loss: 0.031415  Test Loss: 0.075087  Test MSE: 0.074239
Test MSE improved from 0.074625 -> 0.074239
Epoch: 162/1000   Training Loss: 0.031477  Test Loss: 0.075142  Test MSE: 0.074233
Test MSE improved from 0.074239 -> 0.074233
Epoch: 163/1000   Training Loss: 0.030919  Test Loss: 0.076534  Test MSE: 0.075560
Test MSE did not improve.. Counter 1/100
Epoch: 164/1000   Training Loss: 0.030560  Test Loss: 0.076808  Test MSE: 0.075904
Test MSE did not improve.. Counter 2/100
Epoch: 165/1000   Training Loss: 0.030914  Test Loss: 0.074056  Test MSE: 0.073193
Test MSE improved from 0.074233 -> 0.073193
Epoch: 166/1000   Training Loss: 0.029802  Test Loss: 0.076558  Test MSE: 0.075659
Test MSE did not improve.. Counter 1/100
Epoch: 167/1000   Training Loss: 0.031057  Test Loss: 0.077179  Test MSE: 0.076492
Test MSE did not improve.. Counter 2/100
Epoch: 168/1000   Training Loss: 0.030761  Test Loss: 0.078496  Test MSE: 0.077634
Test MSE did not improve.. Counter 3/100
Epoch: 169/1000   Training Loss: 0.031131  Test Loss: 0.076650  Test MSE: 0.075891
Test MSE did not improve.. Counter 4/100
Epoch: 170/1000   Training Loss: 0.030433  Test Loss: 0.074077  Test MSE: 0.073277
Test MSE did not improve.. Counter 5/100
Epoch: 171/1000   Training Loss: 0.030571  Test Loss: 0.075965  Test MSE: 0.075076
Test MSE did not improve.. Counter 6/100
Epoch: 172/1000   Training Loss: 0.030498  Test Loss: 0.074631  Test MSE: 0.073672
Test MSE did not improve.. Counter 7/100
Epoch: 173/1000   Training Loss: 0.030644  Test Loss: 0.074817  Test MSE: 0.073855
Test MSE did not improve.. Counter 8/100
Epoch: 174/1000   Training Loss: 0.030238  Test Loss: 0.072567  Test MSE: 0.071680
Test MSE improved from 0.073193 -> 0.071680
Epoch: 175/1000   Training Loss: 0.030824  Test Loss: 0.074949  Test MSE: 0.074003
Test MSE did not improve.. Counter 1/100
Epoch: 176/1000   Training Loss: 0.030491  Test Loss: 0.073414  Test MSE: 0.072596
Test MSE did not improve.. Counter 2/100
Epoch: 177/1000   Training Loss: 0.030961  Test Loss: 0.074304  Test MSE: 0.073252
Test MSE did not improve.. Counter 3/100
Epoch: 178/1000   Training Loss: 0.031027  Test Loss: 0.075193  Test MSE: 0.074321
Test MSE did not improve.. Counter 4/100
Epoch: 179/1000   Training Loss: 0.030358  Test Loss: 0.073414  Test MSE: 0.072472
Test MSE did not improve.. Counter 5/100
Epoch: 180/1000   Training Loss: 0.031104  Test Loss: 0.075581  Test MSE: 0.074530
Test MSE did not improve.. Counter 6/100
Epoch: 181/1000   Training Loss: 0.029682  Test Loss: 0.072459  Test MSE: 0.071533
Test MSE improved from 0.071680 -> 0.071533
Epoch: 182/1000   Training Loss: 0.030133  Test Loss: 0.073433  Test MSE: 0.072326
Test MSE did not improve.. Counter 1/100
Epoch: 183/1000   Training Loss: 0.030450  Test Loss: 0.075412  Test MSE: 0.074804
Test MSE did not improve.. Counter 2/100
Epoch: 184/1000   Training Loss: 0.030076  Test Loss: 0.073630  Test MSE: 0.072872
Test MSE did not improve.. Counter 3/100
Epoch: 185/1000   Training Loss: 0.029563  Test Loss: 0.072990  Test MSE: 0.072285
Test MSE did not improve.. Counter 4/100
Epoch: 186/1000   Training Loss: 0.029166  Test Loss: 0.073187  Test MSE: 0.072351
Test MSE did not improve.. Counter 5/100
Epoch: 187/1000   Training Loss: 0.030040  Test Loss: 0.072570  Test MSE: 0.071658
Test MSE did not improve.. Counter 6/100
Epoch: 188/1000   Training Loss: 0.029024  Test Loss: 0.073771  Test MSE: 0.072829
Test MSE did not improve.. Counter 7/100
Epoch: 189/1000   Training Loss: 0.029634  Test Loss: 0.073888  Test MSE: 0.073137
Test MSE did not improve.. Counter 8/100
Epoch: 190/1000   Training Loss: 0.029538  Test Loss: 0.072236  Test MSE: 0.071349
Test MSE improved from 0.071533 -> 0.071349
Epoch: 191/1000   Training Loss: 0.029365  Test Loss: 0.073734  Test MSE: 0.072496
Test MSE did not improve.. Counter 1/100
Epoch: 192/1000   Training Loss: 0.028619  Test Loss: 0.074308  Test MSE: 0.073490
Test MSE did not improve.. Counter 2/100
Epoch: 193/1000   Training Loss: 0.028373  Test Loss: 0.074109  Test MSE: 0.073396
Test MSE did not improve.. Counter 3/100
Epoch: 194/1000   Training Loss: 0.029517  Test Loss: 0.076067  Test MSE: 0.075196
Test MSE did not improve.. Counter 4/100
Epoch: 195/1000   Training Loss: 0.028470  Test Loss: 0.075174  Test MSE: 0.073916
Test MSE did not improve.. Counter 5/100
Epoch: 196/1000   Training Loss: 0.029069  Test Loss: 0.074207  Test MSE: 0.073523
Test MSE did not improve.. Counter 6/100
Epoch: 197/1000   Training Loss: 0.029077  Test Loss: 0.075374  Test MSE: 0.074426
Test MSE did not improve.. Counter 7/100
Epoch: 198/1000   Training Loss: 0.029248  Test Loss: 0.073270  Test MSE: 0.072361
Test MSE did not improve.. Counter 8/100
Epoch: 199/1000   Training Loss: 0.028927  Test Loss: 0.074220  Test MSE: 0.073311
Test MSE did not improve.. Counter 9/100
Epoch: 200/1000   Training Loss: 0.028054  Test Loss: 0.074128  Test MSE: 0.073088
Test MSE did not improve.. Counter 10/100
Epoch: 201/1000   Training Loss: 0.028545  Test Loss: 0.073188  Test MSE: 0.072257
Epoch   201: reducing learning rate of group 0 to 3.1250e-05.
Test MSE did not improve.. Counter 11/100
Epoch: 202/1000   Training Loss: 0.028007  Test Loss: 0.072479  Test MSE: 0.071611
Test MSE did not improve.. Counter 12/100
Epoch: 203/1000   Training Loss: 0.028654  Test Loss: 0.072295  Test MSE: 0.071422
Test MSE did not improve.. Counter 13/100
Epoch: 204/1000   Training Loss: 0.028311  Test Loss: 0.071639  Test MSE: 0.070608
Test MSE improved from 0.071349 -> 0.070608
Epoch: 205/1000   Training Loss: 0.027536  Test Loss: 0.073206  Test MSE: 0.072219
Test MSE did not improve.. Counter 1/100
Epoch: 206/1000   Training Loss: 0.027280  Test Loss: 0.072717  Test MSE: 0.071770
Test MSE did not improve.. Counter 2/100
Epoch: 207/1000   Training Loss: 0.028119  Test Loss: 0.073602  Test MSE: 0.072533
Test MSE did not improve.. Counter 3/100
Epoch: 208/1000   Training Loss: 0.028023  Test Loss: 0.074004  Test MSE: 0.073167
Test MSE did not improve.. Counter 4/100
Epoch: 209/1000   Training Loss: 0.026091  Test Loss: 0.073488  Test MSE: 0.072643
Test MSE did not improve.. Counter 5/100
Epoch: 210/1000   Training Loss: 0.026761  Test Loss: 0.074322  Test MSE: 0.073487
Test MSE did not improve.. Counter 6/100
Epoch: 211/1000   Training Loss: 0.026941  Test Loss: 0.072018  Test MSE: 0.071180
Test MSE did not improve.. Counter 7/100
Epoch: 212/1000   Training Loss: 0.027446  Test Loss: 0.072725  Test MSE: 0.071854
Test MSE did not improve.. Counter 8/100
Epoch: 213/1000   Training Loss: 0.027011  Test Loss: 0.073035  Test MSE: 0.072163
Test MSE did not improve.. Counter 9/100
Epoch: 214/1000   Training Loss: 0.026525  Test Loss: 0.073069  Test MSE: 0.072267
Test MSE did not improve.. Counter 10/100
Epoch: 215/1000   Training Loss: 0.027018  Test Loss: 0.072301  Test MSE: 0.071453
Epoch   215: reducing learning rate of group 0 to 1.5625e-05.
Test MSE did not improve.. Counter 11/100
Epoch: 216/1000   Training Loss: 0.025714  Test Loss: 0.072923  Test MSE: 0.072138
Test MSE did not improve.. Counter 12/100
Epoch: 217/1000   Training Loss: 0.027131  Test Loss: 0.073943  Test MSE: 0.073157
Test MSE did not improve.. Counter 13/100
Epoch: 218/1000   Training Loss: 0.026662  Test Loss: 0.072422  Test MSE: 0.071603
Test MSE did not improve.. Counter 14/100
Epoch: 219/1000   Training Loss: 0.025651  Test Loss: 0.072295  Test MSE: 0.071441
Test MSE did not improve.. Counter 15/100
Epoch: 220/1000   Training Loss: 0.026976  Test Loss: 0.072648  Test MSE: 0.071766
Test MSE did not improve.. Counter 16/100
Epoch: 221/1000   Training Loss: 0.026586  Test Loss: 0.073058  Test MSE: 0.072221
Test MSE did not improve.. Counter 17/100
Epoch: 222/1000   Training Loss: 0.026181  Test Loss: 0.071543  Test MSE: 0.070641
Test MSE did not improve.. Counter 18/100
Epoch: 223/1000   Training Loss: 0.026148  Test Loss: 0.073041  Test MSE: 0.072185
Test MSE did not improve.. Counter 19/100
Epoch: 224/1000   Training Loss: 0.027561  Test Loss: 0.072219  Test MSE: 0.071438
Test MSE did not improve.. Counter 20/100
Epoch: 225/1000   Training Loss: 0.026315  Test Loss: 0.072609  Test MSE: 0.071825
Test MSE did not improve.. Counter 21/100
Epoch: 226/1000   Training Loss: 0.026455  Test Loss: 0.072392  Test MSE: 0.071614
Epoch   226: reducing learning rate of group 0 to 7.8125e-06.
Test MSE did not improve.. Counter 22/100
Epoch: 227/1000   Training Loss: 0.026949  Test Loss: 0.073148  Test MSE: 0.072412
Test MSE did not improve.. Counter 23/100
Epoch: 228/1000   Training Loss: 0.026233  Test Loss: 0.072837  Test MSE: 0.072069
Test MSE did not improve.. Counter 24/100
Epoch: 229/1000   Training Loss: 0.025881  Test Loss: 0.072974  Test MSE: 0.072192
Test MSE did not improve.. Counter 25/100
Epoch: 230/1000   Training Loss: 0.026702  Test Loss: 0.072870  Test MSE: 0.072033
Test MSE did not improve.. Counter 26/100
Epoch: 231/1000   Training Loss: 0.024647  Test Loss: 0.073193  Test MSE: 0.072379
Test MSE did not improve.. Counter 27/100
Epoch: 232/1000   Training Loss: 0.025430  Test Loss: 0.072448  Test MSE: 0.071627
Test MSE did not improve.. Counter 28/100
Epoch: 233/1000   Training Loss: 0.026662  Test Loss: 0.072817  Test MSE: 0.071986
Test MSE did not improve.. Counter 29/100
Epoch: 234/1000   Training Loss: 0.026345  Test Loss: 0.072560  Test MSE: 0.071782
Test MSE did not improve.. Counter 30/100
Epoch: 235/1000   Training Loss: 0.025476  Test Loss: 0.072504  Test MSE: 0.071693
Test MSE did not improve.. Counter 31/100
Epoch: 236/1000   Training Loss: 0.026278  Test Loss: 0.072568  Test MSE: 0.071751
Test MSE did not improve.. Counter 32/100
Epoch: 237/1000   Training Loss: 0.025370  Test Loss: 0.072259  Test MSE: 0.071472
Epoch   237: reducing learning rate of group 0 to 3.9063e-06.
Test MSE did not improve.. Counter 33/100
Epoch: 238/1000   Training Loss: 0.025136  Test Loss: 0.071825  Test MSE: 0.071032
Test MSE did not improve.. Counter 34/100
Epoch: 239/1000   Training Loss: 0.026187  Test Loss: 0.072386  Test MSE: 0.071619
Test MSE did not improve.. Counter 35/100
Epoch: 240/1000   Training Loss: 0.026106  Test Loss: 0.071913  Test MSE: 0.071121
Test MSE did not improve.. Counter 36/100
Epoch: 241/1000   Training Loss: 0.025732  Test Loss: 0.072423  Test MSE: 0.071567
Test MSE did not improve.. Counter 37/100
Epoch: 242/1000   Training Loss: 0.026275  Test Loss: 0.072802  Test MSE: 0.072000
Test MSE did not improve.. Counter 38/100
Epoch: 243/1000   Training Loss: 0.025050  Test Loss: 0.072269  Test MSE: 0.071420
Test MSE did not improve.. Counter 39/100
Epoch: 244/1000   Training Loss: 0.025306  Test Loss: 0.072360  Test MSE: 0.071550
Test MSE did not improve.. Counter 40/100
Epoch: 245/1000   Training Loss: 0.025709  Test Loss: 0.072185  Test MSE: 0.071411
Test MSE did not improve.. Counter 41/100
Epoch: 246/1000   Training Loss: 0.025796  Test Loss: 0.072659  Test MSE: 0.071883
Test MSE did not improve.. Counter 42/100
Epoch: 247/1000   Training Loss: 0.026373  Test Loss: 0.072183  Test MSE: 0.071383
Test MSE did not improve.. Counter 43/100
Epoch: 248/1000   Training Loss: 0.026234  Test Loss: 0.072438  Test MSE: 0.071615
Epoch   248: reducing learning rate of group 0 to 1.9531e-06.
Test MSE did not improve.. Counter 44/100
Epoch: 249/1000   Training Loss: 0.024672  Test Loss: 0.072265  Test MSE: 0.071446
Test MSE did not improve.. Counter 45/100
Epoch: 250/1000   Training Loss: 0.026173  Test Loss: 0.071991  Test MSE: 0.071156
Test MSE did not improve.. Counter 46/100
Epoch: 251/1000   Training Loss: 0.025121  Test Loss: 0.072197  Test MSE: 0.071389
Test MSE did not improve.. Counter 47/100
Epoch: 252/1000   Training Loss: 0.025498  Test Loss: 0.072431  Test MSE: 0.071616
Test MSE did not improve.. Counter 48/100
Epoch: 253/1000   Training Loss: 0.024055  Test Loss: 0.072116  Test MSE: 0.071292
Test MSE did not improve.. Counter 49/100
Epoch: 254/1000   Training Loss: 0.025984  Test Loss: 0.071972  Test MSE: 0.071159
Test MSE did not improve.. Counter 50/100
Epoch: 255/1000   Training Loss: 0.025873  Test Loss: 0.071925  Test MSE: 0.071101
Test MSE did not improve.. Counter 51/100
Epoch: 256/1000   Training Loss: 0.025865  Test Loss: 0.072154  Test MSE: 0.071358
Test MSE did not improve.. Counter 52/100
Epoch: 257/1000   Training Loss: 0.024684  Test Loss: 0.071983  Test MSE: 0.071162
Test MSE did not improve.. Counter 53/100
Epoch: 258/1000   Training Loss: 0.025672  Test Loss: 0.071875  Test MSE: 0.071058
Test MSE did not improve.. Counter 54/100
Epoch: 259/1000   Training Loss: 0.025643  Test Loss: 0.071923  Test MSE: 0.071098
Epoch   259: reducing learning rate of group 0 to 9.7656e-07.
Test MSE did not improve.. Counter 55/100
Epoch: 260/1000   Training Loss: 0.026297  Test Loss: 0.071908  Test MSE: 0.071111
Test MSE did not improve.. Counter 56/100
Epoch: 261/1000   Training Loss: 0.025182  Test Loss: 0.071731  Test MSE: 0.070921
Test MSE did not improve.. Counter 57/100
Epoch: 262/1000   Training Loss: 0.025873  Test Loss: 0.071886  Test MSE: 0.071055
Test MSE did not improve.. Counter 58/100
Epoch: 263/1000   Training Loss: 0.024745  Test Loss: 0.071872  Test MSE: 0.071043
Test MSE did not improve.. Counter 59/100
Epoch: 264/1000   Training Loss: 0.025728  Test Loss: 0.071698  Test MSE: 0.070852
Test MSE did not improve.. Counter 60/100
Epoch: 265/1000   Training Loss: 0.024941  Test Loss: 0.072082  Test MSE: 0.071249
Test MSE did not improve.. Counter 61/100
Epoch: 266/1000   Training Loss: 0.025286  Test Loss: 0.072065  Test MSE: 0.071230
Test MSE did not improve.. Counter 62/100
Epoch: 267/1000   Training Loss: 0.025661  Test Loss: 0.072084  Test MSE: 0.071259
Test MSE did not improve.. Counter 63/100
Epoch: 268/1000   Training Loss: 0.025650  Test Loss: 0.071698  Test MSE: 0.070853
Test MSE did not improve.. Counter 64/100
Epoch: 269/1000   Training Loss: 0.025070  Test Loss: 0.072190  Test MSE: 0.071388
Test MSE did not improve.. Counter 65/100
Epoch: 270/1000   Training Loss: 0.025075  Test Loss: 0.071850  Test MSE: 0.071024
Epoch   270: reducing learning rate of group 0 to 4.8828e-07.
Test MSE did not improve.. Counter 66/100
Epoch: 271/1000   Training Loss: 0.025555  Test Loss: 0.072037  Test MSE: 0.071234
Test MSE did not improve.. Counter 67/100
Epoch: 272/1000   Training Loss: 0.025499  Test Loss: 0.072189  Test MSE: 0.071385
Test MSE did not improve.. Counter 68/100
Epoch: 273/1000   Training Loss: 0.025813  Test Loss: 0.071556  Test MSE: 0.070702
Test MSE did not improve.. Counter 69/100
Epoch: 274/1000   Training Loss: 0.024502  Test Loss: 0.071594  Test MSE: 0.070780
Test MSE did not improve.. Counter 70/100
Epoch: 275/1000   Training Loss: 0.025044  Test Loss: 0.072142  Test MSE: 0.071334
Test MSE did not improve.. Counter 71/100
Epoch: 276/1000   Training Loss: 0.025106  Test Loss: 0.071953  Test MSE: 0.071121
Test MSE did not improve.. Counter 72/100
Epoch: 277/1000   Training Loss: 0.026260  Test Loss: 0.071858  Test MSE: 0.071044
Test MSE did not improve.. Counter 73/100
Epoch: 278/1000   Training Loss: 0.025509  Test Loss: 0.071717  Test MSE: 0.070897
Test MSE did not improve.. Counter 74/100
Epoch: 279/1000   Training Loss: 0.025114  Test Loss: 0.072053  Test MSE: 0.071227
Test MSE did not improve.. Counter 75/100
Epoch: 280/1000   Training Loss: 0.025929  Test Loss: 0.071809  Test MSE: 0.070976
Test MSE did not improve.. Counter 76/100
Epoch: 281/1000   Training Loss: 0.025471  Test Loss: 0.071841  Test MSE: 0.071048
Epoch   281: reducing learning rate of group 0 to 2.4414e-07.
Test MSE did not improve.. Counter 77/100
Epoch: 282/1000   Training Loss: 0.025444  Test Loss: 0.071922  Test MSE: 0.071083
Test MSE did not improve.. Counter 78/100
Epoch: 283/1000   Training Loss: 0.025527  Test Loss: 0.071506  Test MSE: 0.070683
Test MSE did not improve.. Counter 79/100
Epoch: 284/1000   Training Loss: 0.024153  Test Loss: 0.071783  Test MSE: 0.070949
Test MSE did not improve.. Counter 80/100
Epoch: 285/1000   Training Loss: 0.026524  Test Loss: 0.071786  Test MSE: 0.070981
Test MSE did not improve.. Counter 81/100
Epoch: 286/1000   Training Loss: 0.026145  Test Loss: 0.071462  Test MSE: 0.070614
Test MSE did not improve.. Counter 82/100
Epoch: 287/1000   Training Loss: 0.025860  Test Loss: 0.071989  Test MSE: 0.071185
Test MSE did not improve.. Counter 83/100
Epoch: 288/1000   Training Loss: 0.025197  Test Loss: 0.071714  Test MSE: 0.070898
Test MSE did not improve.. Counter 84/100
Epoch: 289/1000   Training Loss: 0.025495  Test Loss: 0.072033  Test MSE: 0.071216
Test MSE did not improve.. Counter 85/100
Epoch: 290/1000   Training Loss: 0.025294  Test Loss: 0.071922  Test MSE: 0.071095
Test MSE did not improve.. Counter 86/100
Epoch: 291/1000   Training Loss: 0.025336  Test Loss: 0.071882  Test MSE: 0.071095
Test MSE did not improve.. Counter 87/100
Epoch: 292/1000   Training Loss: 0.024881  Test Loss: 0.072036  Test MSE: 0.071257
Epoch   292: reducing learning rate of group 0 to 1.2207e-07.
Test MSE did not improve.. Counter 88/100
Epoch: 293/1000   Training Loss: 0.026711  Test Loss: 0.072368  Test MSE: 0.071583
Test MSE did not improve.. Counter 89/100
Epoch: 294/1000   Training Loss: 0.025956  Test Loss: 0.071910  Test MSE: 0.071115
Test MSE did not improve.. Counter 90/100
Epoch: 295/1000   Training Loss: 0.025130  Test Loss: 0.071925  Test MSE: 0.071106
Test MSE did not improve.. Counter 91/100
Epoch: 296/1000   Training Loss: 0.024964  Test Loss: 0.072109  Test MSE: 0.071332
Test MSE did not improve.. Counter 92/100
Epoch: 297/1000   Training Loss: 0.025043  Test Loss: 0.072261  Test MSE: 0.071476
Test MSE did not improve.. Counter 93/100
Epoch: 298/1000   Training Loss: 0.025543  Test Loss: 0.072122  Test MSE: 0.071317
Test MSE did not improve.. Counter 94/100
Epoch: 299/1000   Training Loss: 0.024789  Test Loss: 0.072129  Test MSE: 0.071349
Test MSE did not improve.. Counter 95/100
Epoch: 300/1000   Training Loss: 0.025760  Test Loss: 0.071920  Test MSE: 0.071101
Test MSE did not improve.. Counter 96/100
Epoch: 301/1000   Training Loss: 0.026039  Test Loss: 0.072292  Test MSE: 0.071495
Test MSE did not improve.. Counter 97/100
Epoch: 302/1000   Training Loss: 0.025468  Test Loss: 0.072344  Test MSE: 0.071561
Test MSE did not improve.. Counter 98/100
Epoch: 303/1000   Training Loss: 0.025151  Test Loss: 0.072162  Test MSE: 0.071357
Epoch   303: reducing learning rate of group 0 to 6.1035e-08.
Test MSE did not improve.. Counter 99/100
Epoch: 304/1000   Training Loss: 0.025107  Test Loss: 0.071842  Test MSE: 0.071038
Test MSE did not improve.. Counter 100/100
Epoch: 305/1000   Training Loss: 0.025099  Test Loss: 0.071918  Test MSE: 0.071112
Test MSE did not improve.. Counter 101/100
Early Stopped ..
Saved loss curve to ./result/attention-snn_mu_opioid_receptor_loss.png
============== Regression Performance =================
* MSE : 0.070608
* RMSE: 0.265722
* R2  : 0.819334
* PCC : 0.907355
* Spearman: 0.896249
=======================================================
