nohup: ignoring input
Using backend: pytorch
{'MODEL': 'attention-snn', 'TARGET_NAME': 'thrombin', 'RANDOM_SEED': 42, 'BATCH_SIZE': 128, 'EARLY_STOPPING_PATIENCE': 100, 'WEIGHT_DECAY': 0.0001, 'DROP_OUT': 0.2, 'DEVICE': 'cuda:0'}
Epoch: 1/1000   Training Loss: 0.776457  Test Loss: 0.611191  Test MSE: 0.634289
Test MSE improved from inf -> 0.634289
Epoch: 2/1000   Training Loss: 0.675608  Test Loss: 0.551618  Test MSE: 0.571318
Test MSE improved from 0.634289 -> 0.571318
Epoch: 3/1000   Training Loss: 0.631514  Test Loss: 0.549604  Test MSE: 0.570076
Test MSE improved from 0.571318 -> 0.570076
Epoch: 4/1000   Training Loss: 0.574493  Test Loss: 0.535570  Test MSE: 0.559286
Test MSE improved from 0.570076 -> 0.559286
Epoch: 5/1000   Training Loss: 0.521710  Test Loss: 0.498851  Test MSE: 0.525815
Test MSE improved from 0.559286 -> 0.525815
Epoch: 6/1000   Training Loss: 0.493389  Test Loss: 0.466423  Test MSE: 0.491608
Test MSE improved from 0.525815 -> 0.491608
Epoch: 7/1000   Training Loss: 0.461544  Test Loss: 0.460080  Test MSE: 0.475037
Test MSE improved from 0.491608 -> 0.475037
Epoch: 8/1000   Training Loss: 0.417237  Test Loss: 0.429868  Test MSE: 0.451868
Test MSE improved from 0.475037 -> 0.451868
Epoch: 9/1000   Training Loss: 0.421934  Test Loss: 0.435468  Test MSE: 0.458279
Test MSE did not improve.. Counter 1/100
Epoch: 10/1000   Training Loss: 0.377630  Test Loss: 0.386667  Test MSE: 0.402863
Test MSE improved from 0.451868 -> 0.402863
Epoch: 11/1000   Training Loss: 0.362362  Test Loss: 0.382727  Test MSE: 0.399691
Test MSE improved from 0.402863 -> 0.399691
Epoch: 12/1000   Training Loss: 0.346160  Test Loss: 0.375849  Test MSE: 0.392320
Test MSE improved from 0.399691 -> 0.392320
Epoch: 13/1000   Training Loss: 0.325316  Test Loss: 0.368768  Test MSE: 0.385169
Test MSE improved from 0.392320 -> 0.385169
Epoch: 14/1000   Training Loss: 0.320659  Test Loss: 0.351635  Test MSE: 0.366670
Test MSE improved from 0.385169 -> 0.366670
Epoch: 15/1000   Training Loss: 0.314080  Test Loss: 0.340045  Test MSE: 0.356961
Test MSE improved from 0.366670 -> 0.356961
Epoch: 16/1000   Training Loss: 0.286098  Test Loss: 0.337761  Test MSE: 0.354308
Test MSE improved from 0.356961 -> 0.354308
Epoch: 17/1000   Training Loss: 0.284759  Test Loss: 0.326293  Test MSE: 0.344271
Test MSE improved from 0.354308 -> 0.344271
Epoch: 18/1000   Training Loss: 0.272497  Test Loss: 0.333526  Test MSE: 0.349211
Test MSE did not improve.. Counter 1/100
Epoch: 19/1000   Training Loss: 0.267750  Test Loss: 0.317660  Test MSE: 0.333844
Test MSE improved from 0.344271 -> 0.333844
Epoch: 20/1000   Training Loss: 0.245553  Test Loss: 0.308825  Test MSE: 0.324958
Test MSE improved from 0.333844 -> 0.324958
Epoch: 21/1000   Training Loss: 0.238506  Test Loss: 0.321486  Test MSE: 0.335243
Test MSE did not improve.. Counter 1/100
Epoch: 22/1000   Training Loss: 0.236649  Test Loss: 0.293991  Test MSE: 0.308080
Test MSE improved from 0.324958 -> 0.308080
Epoch: 23/1000   Training Loss: 0.226265  Test Loss: 0.294198  Test MSE: 0.309918
Test MSE did not improve.. Counter 1/100
Epoch: 24/1000   Training Loss: 0.222297  Test Loss: 0.288001  Test MSE: 0.302507
Test MSE improved from 0.308080 -> 0.302507
Epoch: 25/1000   Training Loss: 0.212771  Test Loss: 0.289611  Test MSE: 0.304043
Test MSE did not improve.. Counter 1/100
Epoch: 26/1000   Training Loss: 0.205877  Test Loss: 0.269561  Test MSE: 0.282976
Test MSE improved from 0.302507 -> 0.282976
Epoch: 27/1000   Training Loss: 0.197409  Test Loss: 0.289213  Test MSE: 0.301855
Test MSE did not improve.. Counter 1/100
Epoch: 28/1000   Training Loss: 0.197824  Test Loss: 0.267777  Test MSE: 0.281819
Test MSE improved from 0.282976 -> 0.281819
Epoch: 29/1000   Training Loss: 0.190812  Test Loss: 0.262566  Test MSE: 0.275459
Test MSE improved from 0.281819 -> 0.275459
Epoch: 30/1000   Training Loss: 0.191752  Test Loss: 0.253115  Test MSE: 0.265391
Test MSE improved from 0.275459 -> 0.265391
Epoch: 31/1000   Training Loss: 0.179951  Test Loss: 0.249072  Test MSE: 0.260490
Test MSE improved from 0.265391 -> 0.260490
Epoch: 32/1000   Training Loss: 0.168302  Test Loss: 0.241325  Test MSE: 0.254451
Test MSE improved from 0.260490 -> 0.254451
Epoch: 33/1000   Training Loss: 0.176536  Test Loss: 0.245804  Test MSE: 0.256742
Test MSE did not improve.. Counter 1/100
Epoch: 34/1000   Training Loss: 0.166132  Test Loss: 0.246452  Test MSE: 0.257234
Test MSE did not improve.. Counter 2/100
Epoch: 35/1000   Training Loss: 0.165179  Test Loss: 0.238601  Test MSE: 0.250073
Test MSE improved from 0.254451 -> 0.250073
Epoch: 36/1000   Training Loss: 0.158873  Test Loss: 0.248977  Test MSE: 0.256745
Test MSE did not improve.. Counter 1/100
Epoch: 37/1000   Training Loss: 0.160738  Test Loss: 0.235479  Test MSE: 0.248699
Test MSE improved from 0.250073 -> 0.248699
Epoch: 38/1000   Training Loss: 0.157789  Test Loss: 0.234266  Test MSE: 0.245103
Test MSE improved from 0.248699 -> 0.245103
Epoch: 39/1000   Training Loss: 0.153092  Test Loss: 0.229767  Test MSE: 0.241223
Test MSE improved from 0.245103 -> 0.241223
Epoch: 40/1000   Training Loss: 0.144368  Test Loss: 0.235004  Test MSE: 0.244368
Test MSE did not improve.. Counter 1/100
Epoch: 41/1000   Training Loss: 0.145089  Test Loss: 0.231956  Test MSE: 0.243269
Test MSE did not improve.. Counter 2/100
Epoch: 42/1000   Training Loss: 0.147628  Test Loss: 0.231067  Test MSE: 0.240602
Test MSE improved from 0.241223 -> 0.240602
Epoch: 43/1000   Training Loss: 0.148906  Test Loss: 0.226903  Test MSE: 0.238756
Test MSE improved from 0.240602 -> 0.238756
Epoch: 44/1000   Training Loss: 0.138487  Test Loss: 0.217733  Test MSE: 0.227612
Test MSE improved from 0.238756 -> 0.227612
Epoch: 45/1000   Training Loss: 0.136056  Test Loss: 0.223924  Test MSE: 0.231692
Test MSE did not improve.. Counter 1/100
Epoch: 46/1000   Training Loss: 0.130592  Test Loss: 0.223164  Test MSE: 0.228657
Test MSE did not improve.. Counter 2/100
Epoch: 47/1000   Training Loss: 0.136898  Test Loss: 0.211449  Test MSE: 0.219430
Test MSE improved from 0.227612 -> 0.219430
Epoch: 48/1000   Training Loss: 0.131037  Test Loss: 0.228523  Test MSE: 0.240318
Test MSE did not improve.. Counter 1/100
Epoch: 49/1000   Training Loss: 0.134367  Test Loss: 0.204385  Test MSE: 0.215213
Test MSE improved from 0.219430 -> 0.215213
Epoch: 50/1000   Training Loss: 0.127682  Test Loss: 0.201926  Test MSE: 0.208353
Test MSE improved from 0.215213 -> 0.208353
Epoch: 51/1000   Training Loss: 0.131686  Test Loss: 0.208916  Test MSE: 0.217465
Test MSE did not improve.. Counter 1/100
Epoch: 52/1000   Training Loss: 0.119687  Test Loss: 0.201769  Test MSE: 0.209738
Test MSE did not improve.. Counter 2/100
Epoch: 53/1000   Training Loss: 0.114592  Test Loss: 0.205059  Test MSE: 0.212882
Test MSE did not improve.. Counter 3/100
Epoch: 54/1000   Training Loss: 0.125154  Test Loss: 0.214357  Test MSE: 0.223847
Test MSE did not improve.. Counter 4/100
Epoch: 55/1000   Training Loss: 0.119355  Test Loss: 0.194734  Test MSE: 0.203002
Test MSE improved from 0.208353 -> 0.203002
Epoch: 56/1000   Training Loss: 0.115631  Test Loss: 0.207819  Test MSE: 0.216127
Test MSE did not improve.. Counter 1/100
Epoch: 57/1000   Training Loss: 0.123846  Test Loss: 0.218701  Test MSE: 0.226867
Test MSE did not improve.. Counter 2/100
Epoch: 58/1000   Training Loss: 0.123181  Test Loss: 0.201802  Test MSE: 0.211337
Test MSE did not improve.. Counter 3/100
Epoch: 59/1000   Training Loss: 0.120790  Test Loss: 0.199737  Test MSE: 0.208082
Test MSE did not improve.. Counter 4/100
Epoch: 60/1000   Training Loss: 0.116000  Test Loss: 0.202869  Test MSE: 0.212611
Test MSE did not improve.. Counter 5/100
Epoch: 61/1000   Training Loss: 0.107146  Test Loss: 0.200983  Test MSE: 0.208450
Test MSE did not improve.. Counter 6/100
Epoch: 62/1000   Training Loss: 0.117041  Test Loss: 0.208572  Test MSE: 0.214732
Test MSE did not improve.. Counter 7/100
Epoch: 63/1000   Training Loss: 0.118431  Test Loss: 0.191694  Test MSE: 0.200221
Test MSE improved from 0.203002 -> 0.200221
Epoch: 64/1000   Training Loss: 0.112628  Test Loss: 0.210465  Test MSE: 0.221822
Test MSE did not improve.. Counter 1/100
Epoch: 65/1000   Training Loss: 0.106962  Test Loss: 0.194465  Test MSE: 0.201408
Test MSE did not improve.. Counter 2/100
Epoch: 66/1000   Training Loss: 0.107505  Test Loss: 0.205995  Test MSE: 0.214674
Test MSE did not improve.. Counter 3/100
Epoch: 67/1000   Training Loss: 0.104795  Test Loss: 0.191924  Test MSE: 0.199223
Test MSE improved from 0.200221 -> 0.199223
Epoch: 68/1000   Training Loss: 0.103689  Test Loss: 0.204467  Test MSE: 0.214706
Test MSE did not improve.. Counter 1/100
Epoch: 69/1000   Training Loss: 0.102858  Test Loss: 0.188948  Test MSE: 0.195061
Test MSE improved from 0.199223 -> 0.195061
Epoch: 70/1000   Training Loss: 0.121628  Test Loss: 0.194377  Test MSE: 0.203658
Test MSE did not improve.. Counter 1/100
Epoch: 71/1000   Training Loss: 0.102311  Test Loss: 0.178674  Test MSE: 0.187283
Test MSE improved from 0.195061 -> 0.187283
Epoch: 72/1000   Training Loss: 0.101763  Test Loss: 0.179603  Test MSE: 0.188903
Test MSE did not improve.. Counter 1/100
Epoch: 73/1000   Training Loss: 0.094559  Test Loss: 0.187461  Test MSE: 0.192949
Test MSE did not improve.. Counter 2/100
Epoch: 74/1000   Training Loss: 0.094470  Test Loss: 0.179206  Test MSE: 0.189231
Test MSE did not improve.. Counter 3/100
Epoch: 75/1000   Training Loss: 0.090875  Test Loss: 0.198999  Test MSE: 0.210243
Test MSE did not improve.. Counter 4/100
Epoch: 76/1000   Training Loss: 0.102608  Test Loss: 0.184966  Test MSE: 0.191940
Test MSE did not improve.. Counter 5/100
Epoch: 77/1000   Training Loss: 0.098149  Test Loss: 0.200801  Test MSE: 0.212082
Test MSE did not improve.. Counter 6/100
Epoch: 78/1000   Training Loss: 0.095090  Test Loss: 0.187455  Test MSE: 0.192364
Test MSE did not improve.. Counter 7/100
Epoch: 79/1000   Training Loss: 0.092652  Test Loss: 0.185201  Test MSE: 0.192783
Test MSE did not improve.. Counter 8/100
Epoch: 80/1000   Training Loss: 0.087595  Test Loss: 0.173737  Test MSE: 0.182800
Test MSE improved from 0.187283 -> 0.182800
Epoch: 81/1000   Training Loss: 0.082148  Test Loss: 0.177616  Test MSE: 0.187370
Test MSE did not improve.. Counter 1/100
Epoch: 82/1000   Training Loss: 0.085754  Test Loss: 0.177615  Test MSE: 0.184847
Test MSE did not improve.. Counter 2/100
Epoch: 83/1000   Training Loss: 0.090729  Test Loss: 0.166925  Test MSE: 0.173154
Test MSE improved from 0.182800 -> 0.173154
Epoch: 84/1000   Training Loss: 0.089267  Test Loss: 0.191460  Test MSE: 0.200730
Test MSE did not improve.. Counter 1/100
Epoch: 85/1000   Training Loss: 0.089476  Test Loss: 0.173197  Test MSE: 0.182878
Test MSE did not improve.. Counter 2/100
Epoch: 86/1000   Training Loss: 0.089357  Test Loss: 0.174271  Test MSE: 0.182152
Test MSE did not improve.. Counter 3/100
Epoch: 87/1000   Training Loss: 0.098244  Test Loss: 0.185593  Test MSE: 0.195400
Test MSE did not improve.. Counter 4/100
Epoch: 88/1000   Training Loss: 0.093688  Test Loss: 0.173706  Test MSE: 0.179867
Test MSE did not improve.. Counter 5/100
Epoch: 89/1000   Training Loss: 0.089319  Test Loss: 0.174086  Test MSE: 0.182475
Test MSE did not improve.. Counter 6/100
Epoch: 90/1000   Training Loss: 0.085964  Test Loss: 0.176007  Test MSE: 0.185794
Test MSE did not improve.. Counter 7/100
Epoch: 91/1000   Training Loss: 0.083340  Test Loss: 0.177827  Test MSE: 0.185656
Test MSE did not improve.. Counter 8/100
Epoch: 92/1000   Training Loss: 0.077903  Test Loss: 0.168483  Test MSE: 0.177642
Test MSE did not improve.. Counter 9/100
Epoch: 93/1000   Training Loss: 0.081005  Test Loss: 0.182800  Test MSE: 0.190884
Test MSE did not improve.. Counter 10/100
Epoch: 94/1000   Training Loss: 0.075500  Test Loss: 0.168123  Test MSE: 0.176852
Epoch    94: reducing learning rate of group 0 to 2.5000e-04.
Test MSE did not improve.. Counter 11/100
Epoch: 95/1000   Training Loss: 0.067668  Test Loss: 0.161898  Test MSE: 0.170200
Test MSE improved from 0.173154 -> 0.170200
Epoch: 96/1000   Training Loss: 0.067657  Test Loss: 0.158028  Test MSE: 0.165284
Test MSE improved from 0.170200 -> 0.165284
Epoch: 97/1000   Training Loss: 0.068388  Test Loss: 0.158758  Test MSE: 0.167446
Test MSE did not improve.. Counter 1/100
Epoch: 98/1000   Training Loss: 0.065782  Test Loss: 0.156502  Test MSE: 0.164789
Test MSE improved from 0.165284 -> 0.164789
Epoch: 99/1000   Training Loss: 0.060642  Test Loss: 0.153439  Test MSE: 0.162033
Test MSE improved from 0.164789 -> 0.162033
Epoch: 100/1000   Training Loss: 0.060048  Test Loss: 0.156996  Test MSE: 0.165345
Test MSE did not improve.. Counter 1/100
Epoch: 101/1000   Training Loss: 0.063748  Test Loss: 0.156373  Test MSE: 0.163670
Test MSE did not improve.. Counter 2/100
Epoch: 102/1000   Training Loss: 0.059609  Test Loss: 0.154384  Test MSE: 0.163453
Test MSE did not improve.. Counter 3/100
Epoch: 103/1000   Training Loss: 0.061050  Test Loss: 0.163497  Test MSE: 0.170891
Test MSE did not improve.. Counter 4/100
Epoch: 104/1000   Training Loss: 0.060945  Test Loss: 0.151804  Test MSE: 0.159990
Test MSE improved from 0.162033 -> 0.159990
Epoch: 105/1000   Training Loss: 0.061110  Test Loss: 0.152925  Test MSE: 0.161057
Test MSE did not improve.. Counter 1/100
Epoch: 106/1000   Training Loss: 0.062476  Test Loss: 0.167975  Test MSE: 0.176128
Test MSE did not improve.. Counter 2/100
Epoch: 107/1000   Training Loss: 0.069017  Test Loss: 0.156201  Test MSE: 0.164895
Test MSE did not improve.. Counter 3/100
Epoch: 108/1000   Training Loss: 0.062473  Test Loss: 0.155831  Test MSE: 0.163361
Test MSE did not improve.. Counter 4/100
Epoch: 109/1000   Training Loss: 0.061911  Test Loss: 0.154588  Test MSE: 0.162686
Test MSE did not improve.. Counter 5/100
Epoch: 110/1000   Training Loss: 0.056523  Test Loss: 0.151593  Test MSE: 0.159298
Test MSE improved from 0.159990 -> 0.159298
Epoch: 111/1000   Training Loss: 0.056531  Test Loss: 0.151638  Test MSE: 0.159741
Test MSE did not improve.. Counter 1/100
Epoch: 112/1000   Training Loss: 0.054021  Test Loss: 0.151562  Test MSE: 0.160211
Test MSE did not improve.. Counter 2/100
Epoch: 113/1000   Training Loss: 0.056019  Test Loss: 0.153244  Test MSE: 0.162099
Test MSE did not improve.. Counter 3/100
Epoch: 114/1000   Training Loss: 0.051660  Test Loss: 0.155478  Test MSE: 0.164220
Test MSE did not improve.. Counter 4/100
Epoch: 115/1000   Training Loss: 0.051387  Test Loss: 0.151670  Test MSE: 0.159227
Test MSE improved from 0.159298 -> 0.159227
Epoch: 116/1000   Training Loss: 0.052576  Test Loss: 0.149214  Test MSE: 0.157571
Test MSE improved from 0.159227 -> 0.157571
Epoch: 117/1000   Training Loss: 0.053451  Test Loss: 0.148754  Test MSE: 0.156130
Test MSE improved from 0.157571 -> 0.156130
Epoch: 118/1000   Training Loss: 0.051628  Test Loss: 0.144370  Test MSE: 0.151948
Test MSE improved from 0.156130 -> 0.151948
Epoch: 119/1000   Training Loss: 0.051652  Test Loss: 0.150919  Test MSE: 0.158998
Test MSE did not improve.. Counter 1/100
Epoch: 120/1000   Training Loss: 0.050044  Test Loss: 0.146405  Test MSE: 0.154439
Test MSE did not improve.. Counter 2/100
Epoch: 121/1000   Training Loss: 0.051884  Test Loss: 0.145732  Test MSE: 0.152116
Test MSE did not improve.. Counter 3/100
Epoch: 122/1000   Training Loss: 0.054931  Test Loss: 0.152446  Test MSE: 0.160185
Test MSE did not improve.. Counter 4/100
Epoch: 123/1000   Training Loss: 0.053186  Test Loss: 0.143038  Test MSE: 0.150687
Test MSE improved from 0.151948 -> 0.150687
Epoch: 124/1000   Training Loss: 0.052450  Test Loss: 0.143877  Test MSE: 0.151089
Test MSE did not improve.. Counter 1/100
Epoch: 125/1000   Training Loss: 0.049618  Test Loss: 0.149425  Test MSE: 0.157147
Test MSE did not improve.. Counter 2/100
Epoch: 126/1000   Training Loss: 0.047078  Test Loss: 0.140746  Test MSE: 0.148380
Test MSE improved from 0.150687 -> 0.148380
Epoch: 127/1000   Training Loss: 0.047083  Test Loss: 0.143225  Test MSE: 0.149840
Test MSE did not improve.. Counter 1/100
Epoch: 128/1000   Training Loss: 0.048994  Test Loss: 0.145471  Test MSE: 0.153039
Test MSE did not improve.. Counter 2/100
Epoch: 129/1000   Training Loss: 0.046254  Test Loss: 0.138822  Test MSE: 0.146467
Test MSE improved from 0.148380 -> 0.146467
Epoch: 130/1000   Training Loss: 0.047743  Test Loss: 0.146972  Test MSE: 0.154064
Test MSE did not improve.. Counter 1/100
Epoch: 131/1000   Training Loss: 0.046337  Test Loss: 0.144754  Test MSE: 0.152229
Test MSE did not improve.. Counter 2/100
Epoch: 132/1000   Training Loss: 0.044875  Test Loss: 0.145370  Test MSE: 0.152519
Test MSE did not improve.. Counter 3/100
Epoch: 133/1000   Training Loss: 0.050739  Test Loss: 0.143169  Test MSE: 0.150648
Test MSE did not improve.. Counter 4/100
Epoch: 134/1000   Training Loss: 0.046759  Test Loss: 0.144038  Test MSE: 0.151694
Test MSE did not improve.. Counter 5/100
Epoch: 135/1000   Training Loss: 0.046248  Test Loss: 0.141123  Test MSE: 0.148841
Test MSE did not improve.. Counter 6/100
Epoch: 136/1000   Training Loss: 0.046489  Test Loss: 0.143833  Test MSE: 0.151920
Test MSE did not improve.. Counter 7/100
Epoch: 137/1000   Training Loss: 0.045612  Test Loss: 0.141024  Test MSE: 0.148920
Test MSE did not improve.. Counter 8/100
Epoch: 138/1000   Training Loss: 0.047466  Test Loss: 0.144256  Test MSE: 0.150955
Test MSE did not improve.. Counter 9/100
Epoch: 139/1000   Training Loss: 0.045004  Test Loss: 0.146600  Test MSE: 0.153767
Test MSE did not improve.. Counter 10/100
Epoch: 140/1000   Training Loss: 0.042813  Test Loss: 0.144361  Test MSE: 0.150991
Epoch   140: reducing learning rate of group 0 to 1.2500e-04.
Test MSE did not improve.. Counter 11/100
Epoch: 141/1000   Training Loss: 0.041159  Test Loss: 0.141010  Test MSE: 0.148359
Test MSE did not improve.. Counter 12/100
Epoch: 142/1000   Training Loss: 0.039294  Test Loss: 0.140178  Test MSE: 0.146874
Test MSE did not improve.. Counter 13/100
Epoch: 143/1000   Training Loss: 0.041283  Test Loss: 0.138919  Test MSE: 0.145535
Test MSE improved from 0.146467 -> 0.145535
Epoch: 144/1000   Training Loss: 0.038852  Test Loss: 0.134880  Test MSE: 0.141888
Test MSE improved from 0.145535 -> 0.141888
Epoch: 145/1000   Training Loss: 0.040137  Test Loss: 0.134944  Test MSE: 0.142286
Test MSE did not improve.. Counter 1/100
Epoch: 146/1000   Training Loss: 0.038526  Test Loss: 0.136526  Test MSE: 0.143539
Test MSE did not improve.. Counter 2/100
Epoch: 147/1000   Training Loss: 0.039445  Test Loss: 0.133839  Test MSE: 0.141013
Test MSE improved from 0.141888 -> 0.141013
Epoch: 148/1000   Training Loss: 0.037974  Test Loss: 0.134843  Test MSE: 0.141701
Test MSE did not improve.. Counter 1/100
Epoch: 149/1000   Training Loss: 0.039964  Test Loss: 0.137379  Test MSE: 0.145047
Test MSE did not improve.. Counter 2/100
Epoch: 150/1000   Training Loss: 0.036026  Test Loss: 0.133418  Test MSE: 0.140640
Test MSE improved from 0.141013 -> 0.140640
Epoch: 151/1000   Training Loss: 0.037459  Test Loss: 0.134723  Test MSE: 0.141380
Test MSE did not improve.. Counter 1/100
Epoch: 152/1000   Training Loss: 0.038176  Test Loss: 0.136356  Test MSE: 0.143701
Test MSE did not improve.. Counter 2/100
Epoch: 153/1000   Training Loss: 0.038676  Test Loss: 0.135491  Test MSE: 0.142962
Test MSE did not improve.. Counter 3/100
Epoch: 154/1000   Training Loss: 0.038274  Test Loss: 0.133251  Test MSE: 0.140721
Test MSE did not improve.. Counter 4/100
Epoch: 155/1000   Training Loss: 0.036267  Test Loss: 0.134027  Test MSE: 0.141232
Test MSE did not improve.. Counter 5/100
Epoch: 156/1000   Training Loss: 0.038060  Test Loss: 0.134127  Test MSE: 0.141497
Test MSE did not improve.. Counter 6/100
Epoch: 157/1000   Training Loss: 0.036512  Test Loss: 0.133493  Test MSE: 0.140581
Test MSE improved from 0.140640 -> 0.140581
Epoch: 158/1000   Training Loss: 0.036995  Test Loss: 0.134323  Test MSE: 0.141649
Test MSE did not improve.. Counter 1/100
Epoch: 159/1000   Training Loss: 0.038234  Test Loss: 0.135053  Test MSE: 0.141632
Test MSE did not improve.. Counter 2/100
Epoch: 160/1000   Training Loss: 0.036427  Test Loss: 0.133162  Test MSE: 0.140332
Test MSE improved from 0.140581 -> 0.140332
Epoch: 161/1000   Training Loss: 0.037303  Test Loss: 0.137770  Test MSE: 0.144568
Test MSE did not improve.. Counter 1/100
Epoch: 162/1000   Training Loss: 0.040796  Test Loss: 0.135916  Test MSE: 0.142476
Test MSE did not improve.. Counter 2/100
Epoch: 163/1000   Training Loss: 0.037465  Test Loss: 0.133442  Test MSE: 0.140130
Test MSE improved from 0.140332 -> 0.140130
Epoch: 164/1000   Training Loss: 0.036529  Test Loss: 0.132773  Test MSE: 0.140356
Test MSE did not improve.. Counter 1/100
Epoch: 165/1000   Training Loss: 0.037692  Test Loss: 0.135430  Test MSE: 0.142591
Test MSE did not improve.. Counter 2/100
Epoch: 166/1000   Training Loss: 0.035681  Test Loss: 0.135065  Test MSE: 0.142066
Test MSE did not improve.. Counter 3/100
Epoch: 167/1000   Training Loss: 0.037091  Test Loss: 0.133432  Test MSE: 0.140650
Test MSE did not improve.. Counter 4/100
Epoch: 168/1000   Training Loss: 0.038088  Test Loss: 0.144529  Test MSE: 0.152287
Test MSE did not improve.. Counter 5/100
Epoch: 169/1000   Training Loss: 0.041434  Test Loss: 0.127429  Test MSE: 0.134339
Test MSE improved from 0.140130 -> 0.134339
Epoch: 170/1000   Training Loss: 0.037733  Test Loss: 0.144274  Test MSE: 0.151857
Test MSE did not improve.. Counter 1/100
Epoch: 171/1000   Training Loss: 0.038863  Test Loss: 0.130611  Test MSE: 0.137257
Test MSE did not improve.. Counter 2/100
Epoch: 172/1000   Training Loss: 0.036443  Test Loss: 0.135945  Test MSE: 0.142880
Test MSE did not improve.. Counter 3/100
Epoch: 173/1000   Training Loss: 0.035133  Test Loss: 0.135326  Test MSE: 0.142685
Test MSE did not improve.. Counter 4/100
Epoch: 174/1000   Training Loss: 0.034317  Test Loss: 0.134538  Test MSE: 0.141533
Test MSE did not improve.. Counter 5/100
Epoch: 175/1000   Training Loss: 0.035887  Test Loss: 0.133592  Test MSE: 0.140982
Test MSE did not improve.. Counter 6/100
Epoch: 176/1000   Training Loss: 0.035118  Test Loss: 0.132471  Test MSE: 0.139541
Test MSE did not improve.. Counter 7/100
Epoch: 177/1000   Training Loss: 0.034619  Test Loss: 0.133785  Test MSE: 0.140667
Test MSE did not improve.. Counter 8/100
Epoch: 178/1000   Training Loss: 0.034447  Test Loss: 0.134524  Test MSE: 0.141056
Test MSE did not improve.. Counter 9/100
Epoch: 179/1000   Training Loss: 0.034626  Test Loss: 0.133136  Test MSE: 0.139759
Test MSE did not improve.. Counter 10/100
Epoch: 180/1000   Training Loss: 0.036120  Test Loss: 0.133128  Test MSE: 0.140431
Epoch   180: reducing learning rate of group 0 to 6.2500e-05.
Test MSE did not improve.. Counter 11/100
Epoch: 181/1000   Training Loss: 0.032930  Test Loss: 0.132788  Test MSE: 0.139950
Test MSE did not improve.. Counter 12/100
Epoch: 182/1000   Training Loss: 0.031674  Test Loss: 0.131400  Test MSE: 0.138604
Test MSE did not improve.. Counter 13/100
Epoch: 183/1000   Training Loss: 0.031487  Test Loss: 0.130370  Test MSE: 0.137633
Test MSE did not improve.. Counter 14/100
Epoch: 184/1000   Training Loss: 0.031757  Test Loss: 0.130481  Test MSE: 0.137471
Test MSE did not improve.. Counter 15/100
Epoch: 185/1000   Training Loss: 0.032256  Test Loss: 0.130533  Test MSE: 0.137747
Test MSE did not improve.. Counter 16/100
Epoch: 186/1000   Training Loss: 0.031664  Test Loss: 0.130093  Test MSE: 0.137218
Test MSE did not improve.. Counter 17/100
Epoch: 187/1000   Training Loss: 0.030852  Test Loss: 0.128682  Test MSE: 0.135636
Test MSE did not improve.. Counter 18/100
Epoch: 188/1000   Training Loss: 0.031079  Test Loss: 0.128853  Test MSE: 0.135661
Test MSE did not improve.. Counter 19/100
Epoch: 189/1000   Training Loss: 0.032499  Test Loss: 0.129132  Test MSE: 0.136242
Test MSE did not improve.. Counter 20/100
Epoch: 190/1000   Training Loss: 0.032178  Test Loss: 0.127796  Test MSE: 0.134599
Test MSE did not improve.. Counter 21/100
Epoch: 191/1000   Training Loss: 0.030830  Test Loss: 0.127663  Test MSE: 0.134541
Epoch   191: reducing learning rate of group 0 to 3.1250e-05.
Test MSE did not improve.. Counter 22/100
Epoch: 192/1000   Training Loss: 0.028945  Test Loss: 0.128222  Test MSE: 0.135115
Test MSE did not improve.. Counter 23/100
Epoch: 193/1000   Training Loss: 0.029755  Test Loss: 0.128905  Test MSE: 0.135814
Test MSE did not improve.. Counter 24/100
Epoch: 194/1000   Training Loss: 0.029796  Test Loss: 0.127900  Test MSE: 0.134676
Test MSE did not improve.. Counter 25/100
Epoch: 195/1000   Training Loss: 0.028260  Test Loss: 0.127581  Test MSE: 0.134386
Test MSE did not improve.. Counter 26/100
Epoch: 196/1000   Training Loss: 0.029724  Test Loss: 0.127196  Test MSE: 0.134117
Test MSE improved from 0.134339 -> 0.134117
Epoch: 197/1000   Training Loss: 0.028546  Test Loss: 0.128179  Test MSE: 0.134862
Test MSE did not improve.. Counter 1/100
Epoch: 198/1000   Training Loss: 0.030727  Test Loss: 0.127496  Test MSE: 0.134055
Test MSE improved from 0.134117 -> 0.134055
Epoch: 199/1000   Training Loss: 0.029246  Test Loss: 0.126710  Test MSE: 0.133609
Test MSE improved from 0.134055 -> 0.133609
Epoch: 200/1000   Training Loss: 0.029717  Test Loss: 0.126408  Test MSE: 0.133477
Test MSE improved from 0.133609 -> 0.133477
Epoch: 201/1000   Training Loss: 0.029486  Test Loss: 0.126758  Test MSE: 0.133895
Test MSE did not improve.. Counter 1/100
Epoch: 202/1000   Training Loss: 0.030616  Test Loss: 0.126034  Test MSE: 0.132765
Test MSE improved from 0.133477 -> 0.132765
Epoch: 203/1000   Training Loss: 0.029357  Test Loss: 0.125437  Test MSE: 0.132353
Test MSE improved from 0.132765 -> 0.132353
Epoch: 204/1000   Training Loss: 0.029600  Test Loss: 0.125338  Test MSE: 0.132284
Test MSE improved from 0.132353 -> 0.132284
Epoch: 205/1000   Training Loss: 0.027223  Test Loss: 0.126183  Test MSE: 0.133067
Test MSE did not improve.. Counter 1/100
Epoch: 206/1000   Training Loss: 0.029349  Test Loss: 0.125369  Test MSE: 0.132295
Test MSE did not improve.. Counter 2/100
Epoch: 207/1000   Training Loss: 0.028895  Test Loss: 0.126071  Test MSE: 0.132800
Test MSE did not improve.. Counter 3/100
Epoch: 208/1000   Training Loss: 0.030095  Test Loss: 0.126984  Test MSE: 0.134025
Test MSE did not improve.. Counter 4/100
Epoch: 209/1000   Training Loss: 0.028598  Test Loss: 0.126648  Test MSE: 0.133586
Test MSE did not improve.. Counter 5/100
Epoch: 210/1000   Training Loss: 0.028750  Test Loss: 0.126295  Test MSE: 0.133353
Test MSE did not improve.. Counter 6/100
Epoch: 211/1000   Training Loss: 0.029594  Test Loss: 0.126557  Test MSE: 0.133359
Test MSE did not improve.. Counter 7/100
Epoch: 212/1000   Training Loss: 0.028746  Test Loss: 0.126289  Test MSE: 0.133326
Test MSE did not improve.. Counter 8/100
Epoch: 213/1000   Training Loss: 0.029875  Test Loss: 0.126070  Test MSE: 0.132953
Test MSE did not improve.. Counter 9/100
Epoch: 214/1000   Training Loss: 0.029153  Test Loss: 0.126163  Test MSE: 0.133175
Test MSE did not improve.. Counter 10/100
Epoch: 215/1000   Training Loss: 0.027762  Test Loss: 0.125780  Test MSE: 0.132329
Epoch   215: reducing learning rate of group 0 to 1.5625e-05.
Test MSE did not improve.. Counter 11/100
Epoch: 216/1000   Training Loss: 0.029807  Test Loss: 0.126053  Test MSE: 0.132605
Test MSE did not improve.. Counter 12/100
Epoch: 217/1000   Training Loss: 0.028082  Test Loss: 0.126039  Test MSE: 0.132785
Test MSE did not improve.. Counter 13/100
Epoch: 218/1000   Training Loss: 0.028239  Test Loss: 0.126150  Test MSE: 0.132882
Test MSE did not improve.. Counter 14/100
Epoch: 219/1000   Training Loss: 0.028471  Test Loss: 0.126131  Test MSE: 0.132832
Test MSE did not improve.. Counter 15/100
Epoch: 220/1000   Training Loss: 0.028755  Test Loss: 0.126150  Test MSE: 0.132959
Test MSE did not improve.. Counter 16/100
Epoch: 221/1000   Training Loss: 0.029162  Test Loss: 0.125412  Test MSE: 0.132144
Test MSE improved from 0.132284 -> 0.132144
Epoch: 222/1000   Training Loss: 0.028105  Test Loss: 0.125624  Test MSE: 0.132483
Test MSE did not improve.. Counter 1/100
Epoch: 223/1000   Training Loss: 0.028085  Test Loss: 0.125285  Test MSE: 0.132039
Test MSE improved from 0.132144 -> 0.132039
Epoch: 224/1000   Training Loss: 0.027268  Test Loss: 0.125514  Test MSE: 0.132176
Test MSE did not improve.. Counter 1/100
Epoch: 225/1000   Training Loss: 0.028452  Test Loss: 0.125269  Test MSE: 0.131935
Test MSE improved from 0.132039 -> 0.131935
Epoch: 226/1000   Training Loss: 0.028031  Test Loss: 0.124869  Test MSE: 0.131517
Test MSE improved from 0.131935 -> 0.131517
Epoch: 227/1000   Training Loss: 0.027842  Test Loss: 0.125019  Test MSE: 0.131889
Test MSE did not improve.. Counter 1/100
Epoch: 228/1000   Training Loss: 0.027786  Test Loss: 0.125043  Test MSE: 0.132026
Test MSE did not improve.. Counter 2/100
Epoch: 229/1000   Training Loss: 0.027592  Test Loss: 0.125023  Test MSE: 0.131841
Test MSE did not improve.. Counter 3/100
Epoch: 230/1000   Training Loss: 0.027362  Test Loss: 0.124978  Test MSE: 0.131826
Test MSE did not improve.. Counter 4/100
Epoch: 231/1000   Training Loss: 0.028564  Test Loss: 0.125228  Test MSE: 0.131936
Test MSE did not improve.. Counter 5/100
Epoch: 232/1000   Training Loss: 0.027291  Test Loss: 0.125248  Test MSE: 0.131755
Test MSE did not improve.. Counter 6/100
Epoch: 233/1000   Training Loss: 0.027546  Test Loss: 0.124896  Test MSE: 0.131656
Test MSE did not improve.. Counter 7/100
Epoch: 234/1000   Training Loss: 0.027315  Test Loss: 0.124639  Test MSE: 0.131393
Test MSE improved from 0.131517 -> 0.131393
Epoch: 235/1000   Training Loss: 0.028060  Test Loss: 0.125090  Test MSE: 0.132009
Test MSE did not improve.. Counter 1/100
Epoch: 236/1000   Training Loss: 0.027604  Test Loss: 0.124164  Test MSE: 0.130981
Test MSE improved from 0.131393 -> 0.130981
Epoch: 237/1000   Training Loss: 0.026596  Test Loss: 0.124541  Test MSE: 0.131271
Test MSE did not improve.. Counter 1/100
Epoch: 238/1000   Training Loss: 0.027628  Test Loss: 0.124648  Test MSE: 0.131353
Test MSE did not improve.. Counter 2/100
Epoch: 239/1000   Training Loss: 0.027995  Test Loss: 0.124503  Test MSE: 0.131201
Test MSE did not improve.. Counter 3/100
Epoch: 240/1000   Training Loss: 0.027624  Test Loss: 0.124305  Test MSE: 0.130993
Test MSE did not improve.. Counter 4/100
Epoch: 241/1000   Training Loss: 0.028345  Test Loss: 0.123801  Test MSE: 0.130534
Test MSE improved from 0.130981 -> 0.130534
Epoch: 242/1000   Training Loss: 0.027423  Test Loss: 0.124014  Test MSE: 0.130854
Test MSE did not improve.. Counter 1/100
Epoch: 243/1000   Training Loss: 0.027867  Test Loss: 0.124799  Test MSE: 0.131535
Test MSE did not improve.. Counter 2/100
Epoch: 244/1000   Training Loss: 0.026424  Test Loss: 0.124793  Test MSE: 0.131553
Test MSE did not improve.. Counter 3/100
Epoch: 245/1000   Training Loss: 0.027278  Test Loss: 0.124519  Test MSE: 0.131283
Test MSE did not improve.. Counter 4/100
Epoch: 246/1000   Training Loss: 0.028412  Test Loss: 0.123544  Test MSE: 0.130369
Test MSE improved from 0.130534 -> 0.130369
Epoch: 247/1000   Training Loss: 0.028160  Test Loss: 0.123690  Test MSE: 0.130641
Test MSE did not improve.. Counter 1/100
Epoch: 248/1000   Training Loss: 0.027140  Test Loss: 0.123357  Test MSE: 0.130323
Test MSE improved from 0.130369 -> 0.130323
Epoch: 249/1000   Training Loss: 0.027076  Test Loss: 0.124337  Test MSE: 0.131269
Test MSE did not improve.. Counter 1/100
Epoch: 250/1000   Training Loss: 0.027921  Test Loss: 0.125047  Test MSE: 0.132101
Test MSE did not improve.. Counter 2/100
Epoch: 251/1000   Training Loss: 0.027970  Test Loss: 0.123878  Test MSE: 0.130819
Test MSE did not improve.. Counter 3/100
Epoch: 252/1000   Training Loss: 0.026732  Test Loss: 0.124070  Test MSE: 0.131116
Test MSE did not improve.. Counter 4/100
Epoch: 253/1000   Training Loss: 0.026977  Test Loss: 0.123433  Test MSE: 0.130319
Test MSE improved from 0.130323 -> 0.130319
Epoch: 254/1000   Training Loss: 0.027432  Test Loss: 0.123947  Test MSE: 0.130814
Test MSE did not improve.. Counter 1/100
Epoch: 255/1000   Training Loss: 0.027127  Test Loss: 0.124028  Test MSE: 0.130861
Test MSE did not improve.. Counter 2/100
Epoch: 256/1000   Training Loss: 0.027535  Test Loss: 0.123816  Test MSE: 0.130706
Test MSE did not improve.. Counter 3/100
Epoch: 257/1000   Training Loss: 0.026657  Test Loss: 0.123952  Test MSE: 0.130866
Test MSE did not improve.. Counter 4/100
Epoch: 258/1000   Training Loss: 0.027922  Test Loss: 0.124759  Test MSE: 0.131725
Test MSE did not improve.. Counter 5/100
Epoch: 259/1000   Training Loss: 0.028555  Test Loss: 0.124559  Test MSE: 0.131507
Epoch   259: reducing learning rate of group 0 to 7.8125e-06.
Test MSE did not improve.. Counter 6/100
Epoch: 260/1000   Training Loss: 0.028082  Test Loss: 0.124081  Test MSE: 0.130999
Test MSE did not improve.. Counter 7/100
Epoch: 261/1000   Training Loss: 0.025801  Test Loss: 0.124006  Test MSE: 0.130750
Test MSE did not improve.. Counter 8/100
Epoch: 262/1000   Training Loss: 0.026550  Test Loss: 0.124002  Test MSE: 0.130825
Test MSE did not improve.. Counter 9/100
Epoch: 263/1000   Training Loss: 0.026274  Test Loss: 0.124341  Test MSE: 0.131146
Test MSE did not improve.. Counter 10/100
Epoch: 264/1000   Training Loss: 0.026855  Test Loss: 0.123887  Test MSE: 0.130708
Test MSE did not improve.. Counter 11/100
Epoch: 265/1000   Training Loss: 0.025700  Test Loss: 0.123446  Test MSE: 0.130314
Test MSE improved from 0.130319 -> 0.130314
Epoch: 266/1000   Training Loss: 0.026918  Test Loss: 0.123550  Test MSE: 0.130415
Test MSE did not improve.. Counter 1/100
Epoch: 267/1000   Training Loss: 0.025820  Test Loss: 0.124107  Test MSE: 0.130922
Test MSE did not improve.. Counter 2/100
Epoch: 268/1000   Training Loss: 0.027502  Test Loss: 0.124205  Test MSE: 0.131056
Test MSE did not improve.. Counter 3/100
Epoch: 269/1000   Training Loss: 0.027272  Test Loss: 0.123724  Test MSE: 0.130532
Test MSE did not improve.. Counter 4/100
Epoch: 270/1000   Training Loss: 0.026387  Test Loss: 0.123900  Test MSE: 0.130734
Epoch   270: reducing learning rate of group 0 to 3.9063e-06.
Test MSE did not improve.. Counter 5/100
Epoch: 271/1000   Training Loss: 0.026118  Test Loss: 0.124240  Test MSE: 0.131066
Test MSE did not improve.. Counter 6/100
Epoch: 272/1000   Training Loss: 0.026713  Test Loss: 0.123619  Test MSE: 0.130396
Test MSE did not improve.. Counter 7/100
Epoch: 273/1000   Training Loss: 0.025621  Test Loss: 0.123680  Test MSE: 0.130489
Test MSE did not improve.. Counter 8/100
Epoch: 274/1000   Training Loss: 0.026570  Test Loss: 0.123832  Test MSE: 0.130663
Test MSE did not improve.. Counter 9/100
Epoch: 275/1000   Training Loss: 0.026817  Test Loss: 0.123554  Test MSE: 0.130340
Test MSE did not improve.. Counter 10/100
Epoch: 276/1000   Training Loss: 0.025503  Test Loss: 0.123489  Test MSE: 0.130240
Test MSE improved from 0.130314 -> 0.130240
Epoch: 277/1000   Training Loss: 0.026658  Test Loss: 0.123609  Test MSE: 0.130373
Test MSE did not improve.. Counter 1/100
Epoch: 278/1000   Training Loss: 0.026501  Test Loss: 0.123852  Test MSE: 0.130637
Test MSE did not improve.. Counter 2/100
Epoch: 279/1000   Training Loss: 0.026495  Test Loss: 0.123522  Test MSE: 0.130335
Test MSE did not improve.. Counter 3/100
Epoch: 280/1000   Training Loss: 0.025959  Test Loss: 0.123435  Test MSE: 0.130251
Test MSE did not improve.. Counter 4/100
Epoch: 281/1000   Training Loss: 0.026668  Test Loss: 0.123853  Test MSE: 0.130726
Test MSE did not improve.. Counter 5/100
Epoch: 282/1000   Training Loss: 0.027364  Test Loss: 0.123669  Test MSE: 0.130556
Test MSE did not improve.. Counter 6/100
Epoch: 283/1000   Training Loss: 0.026656  Test Loss: 0.123273  Test MSE: 0.130217
Test MSE improved from 0.130240 -> 0.130217
Epoch: 284/1000   Training Loss: 0.026056  Test Loss: 0.123210  Test MSE: 0.130152
Test MSE improved from 0.130217 -> 0.130152
Epoch: 285/1000   Training Loss: 0.026982  Test Loss: 0.123343  Test MSE: 0.130234
Test MSE did not improve.. Counter 1/100
Epoch: 286/1000   Training Loss: 0.025348  Test Loss: 0.123742  Test MSE: 0.130667
Test MSE did not improve.. Counter 2/100
Epoch: 287/1000   Training Loss: 0.025804  Test Loss: 0.123700  Test MSE: 0.130647
Test MSE did not improve.. Counter 3/100
Epoch: 288/1000   Training Loss: 0.027534  Test Loss: 0.123481  Test MSE: 0.130424
Test MSE did not improve.. Counter 4/100
Epoch: 289/1000   Training Loss: 0.027223  Test Loss: 0.123265  Test MSE: 0.130203
Test MSE did not improve.. Counter 5/100
Epoch: 290/1000   Training Loss: 0.025865  Test Loss: 0.123392  Test MSE: 0.130268
Test MSE did not improve.. Counter 6/100
Epoch: 291/1000   Training Loss: 0.026533  Test Loss: 0.123678  Test MSE: 0.130511
Test MSE did not improve.. Counter 7/100
Epoch: 292/1000   Training Loss: 0.026470  Test Loss: 0.123176  Test MSE: 0.130070
Test MSE improved from 0.130152 -> 0.130070
Epoch: 293/1000   Training Loss: 0.025281  Test Loss: 0.123547  Test MSE: 0.130404
Test MSE did not improve.. Counter 1/100
Epoch: 294/1000   Training Loss: 0.025873  Test Loss: 0.123336  Test MSE: 0.130156
Test MSE did not improve.. Counter 2/100
Epoch: 295/1000   Training Loss: 0.026530  Test Loss: 0.123654  Test MSE: 0.130516
Test MSE did not improve.. Counter 3/100
Epoch: 296/1000   Training Loss: 0.025991  Test Loss: 0.123488  Test MSE: 0.130343
Test MSE did not improve.. Counter 4/100
Epoch: 297/1000   Training Loss: 0.026523  Test Loss: 0.123916  Test MSE: 0.130743
Test MSE did not improve.. Counter 5/100
Epoch: 298/1000   Training Loss: 0.026383  Test Loss: 0.123635  Test MSE: 0.130425
Test MSE did not improve.. Counter 6/100
Epoch: 299/1000   Training Loss: 0.026010  Test Loss: 0.123348  Test MSE: 0.130139
Test MSE did not improve.. Counter 7/100
Epoch: 300/1000   Training Loss: 0.025462  Test Loss: 0.123575  Test MSE: 0.130370
Test MSE did not improve.. Counter 8/100
Epoch: 301/1000   Training Loss: 0.026539  Test Loss: 0.123661  Test MSE: 0.130478
Test MSE did not improve.. Counter 9/100
Epoch: 302/1000   Training Loss: 0.027333  Test Loss: 0.123761  Test MSE: 0.130563
Test MSE did not improve.. Counter 10/100
Epoch: 303/1000   Training Loss: 0.026164  Test Loss: 0.123705  Test MSE: 0.130515
Epoch   303: reducing learning rate of group 0 to 1.9531e-06.
Test MSE did not improve.. Counter 11/100
Epoch: 304/1000   Training Loss: 0.026161  Test Loss: 0.123690  Test MSE: 0.130495
Test MSE did not improve.. Counter 12/100
Epoch: 305/1000   Training Loss: 0.025582  Test Loss: 0.123532  Test MSE: 0.130372
Test MSE did not improve.. Counter 13/100
Epoch: 306/1000   Training Loss: 0.026739  Test Loss: 0.123610  Test MSE: 0.130414
Test MSE did not improve.. Counter 14/100
Epoch: 307/1000   Training Loss: 0.026822  Test Loss: 0.123696  Test MSE: 0.130479
Test MSE did not improve.. Counter 15/100
Epoch: 308/1000   Training Loss: 0.026077  Test Loss: 0.123992  Test MSE: 0.130809
Test MSE did not improve.. Counter 16/100
Epoch: 309/1000   Training Loss: 0.026362  Test Loss: 0.123791  Test MSE: 0.130576
Test MSE did not improve.. Counter 17/100
Epoch: 310/1000   Training Loss: 0.025382  Test Loss: 0.124022  Test MSE: 0.130915
Test MSE did not improve.. Counter 18/100
Epoch: 311/1000   Training Loss: 0.027564  Test Loss: 0.123969  Test MSE: 0.130858
Test MSE did not improve.. Counter 19/100
Epoch: 312/1000   Training Loss: 0.026840  Test Loss: 0.124176  Test MSE: 0.131067
Test MSE did not improve.. Counter 20/100
Epoch: 313/1000   Training Loss: 0.024879  Test Loss: 0.123928  Test MSE: 0.130811
Test MSE did not improve.. Counter 21/100
Epoch: 314/1000   Training Loss: 0.026377  Test Loss: 0.123530  Test MSE: 0.130382
Epoch   314: reducing learning rate of group 0 to 9.7656e-07.
Test MSE did not improve.. Counter 22/100
Epoch: 315/1000   Training Loss: 0.026675  Test Loss: 0.123905  Test MSE: 0.130763
Test MSE did not improve.. Counter 23/100
Epoch: 316/1000   Training Loss: 0.025652  Test Loss: 0.123883  Test MSE: 0.130749
Test MSE did not improve.. Counter 24/100
Epoch: 317/1000   Training Loss: 0.026109  Test Loss: 0.123860  Test MSE: 0.130720
Test MSE did not improve.. Counter 25/100
Epoch: 318/1000   Training Loss: 0.027201  Test Loss: 0.123620  Test MSE: 0.130500
Test MSE did not improve.. Counter 26/100
Epoch: 319/1000   Training Loss: 0.026238  Test Loss: 0.123445  Test MSE: 0.130285
Test MSE did not improve.. Counter 27/100
Epoch: 320/1000   Training Loss: 0.025965  Test Loss: 0.123518  Test MSE: 0.130355
Test MSE did not improve.. Counter 28/100
Epoch: 321/1000   Training Loss: 0.025309  Test Loss: 0.123459  Test MSE: 0.130331
Test MSE did not improve.. Counter 29/100
Epoch: 322/1000   Training Loss: 0.026864  Test Loss: 0.123494  Test MSE: 0.130330
Test MSE did not improve.. Counter 30/100
Epoch: 323/1000   Training Loss: 0.024483  Test Loss: 0.123774  Test MSE: 0.130654
Test MSE did not improve.. Counter 31/100
Epoch: 324/1000   Training Loss: 0.027190  Test Loss: 0.124306  Test MSE: 0.131182
Test MSE did not improve.. Counter 32/100
Epoch: 325/1000   Training Loss: 0.026497  Test Loss: 0.123796  Test MSE: 0.130684
Epoch   325: reducing learning rate of group 0 to 4.8828e-07.
Test MSE did not improve.. Counter 33/100
Epoch: 326/1000   Training Loss: 0.026530  Test Loss: 0.123911  Test MSE: 0.130793
Test MSE did not improve.. Counter 34/100
Epoch: 327/1000   Training Loss: 0.025929  Test Loss: 0.124000  Test MSE: 0.130917
Test MSE did not improve.. Counter 35/100
Epoch: 328/1000   Training Loss: 0.025214  Test Loss: 0.123831  Test MSE: 0.130728
Test MSE did not improve.. Counter 36/100
Epoch: 329/1000   Training Loss: 0.026033  Test Loss: 0.123759  Test MSE: 0.130657
Test MSE did not improve.. Counter 37/100
Epoch: 330/1000   Training Loss: 0.026217  Test Loss: 0.123733  Test MSE: 0.130642
Test MSE did not improve.. Counter 38/100
Epoch: 331/1000   Training Loss: 0.026585  Test Loss: 0.123624  Test MSE: 0.130526
Test MSE did not improve.. Counter 39/100
Epoch: 332/1000   Training Loss: 0.026333  Test Loss: 0.123484  Test MSE: 0.130360
Test MSE did not improve.. Counter 40/100
Epoch: 333/1000   Training Loss: 0.024933  Test Loss: 0.123489  Test MSE: 0.130380
Test MSE did not improve.. Counter 41/100
Epoch: 334/1000   Training Loss: 0.026220  Test Loss: 0.123594  Test MSE: 0.130467
Test MSE did not improve.. Counter 42/100
Epoch: 335/1000   Training Loss: 0.026363  Test Loss: 0.123590  Test MSE: 0.130448
Test MSE did not improve.. Counter 43/100
Epoch: 336/1000   Training Loss: 0.025771  Test Loss: 0.123834  Test MSE: 0.130683
Epoch   336: reducing learning rate of group 0 to 2.4414e-07.
Test MSE did not improve.. Counter 44/100
Epoch: 337/1000   Training Loss: 0.026574  Test Loss: 0.123778  Test MSE: 0.130614
Test MSE did not improve.. Counter 45/100
Epoch: 338/1000   Training Loss: 0.027100  Test Loss: 0.123835  Test MSE: 0.130709
Test MSE did not improve.. Counter 46/100
Epoch: 339/1000   Training Loss: 0.024763  Test Loss: 0.123532  Test MSE: 0.130419
Test MSE did not improve.. Counter 47/100
Epoch: 340/1000   Training Loss: 0.025953  Test Loss: 0.123663  Test MSE: 0.130544
Test MSE did not improve.. Counter 48/100
Epoch: 341/1000   Training Loss: 0.027362  Test Loss: 0.123615  Test MSE: 0.130487
Test MSE did not improve.. Counter 49/100
Epoch: 342/1000   Training Loss: 0.026228  Test Loss: 0.123751  Test MSE: 0.130640
Test MSE did not improve.. Counter 50/100
Epoch: 343/1000   Training Loss: 0.026306  Test Loss: 0.123666  Test MSE: 0.130532
Test MSE did not improve.. Counter 51/100
Epoch: 344/1000   Training Loss: 0.027197  Test Loss: 0.123390  Test MSE: 0.130263
Test MSE did not improve.. Counter 52/100
Epoch: 345/1000   Training Loss: 0.026135  Test Loss: 0.123870  Test MSE: 0.130758
Test MSE did not improve.. Counter 53/100
Epoch: 346/1000   Training Loss: 0.026082  Test Loss: 0.123979  Test MSE: 0.130842
Test MSE did not improve.. Counter 54/100
Epoch: 347/1000   Training Loss: 0.026000  Test Loss: 0.123717  Test MSE: 0.130565
Epoch   347: reducing learning rate of group 0 to 1.2207e-07.
Test MSE did not improve.. Counter 55/100
Epoch: 348/1000   Training Loss: 0.026738  Test Loss: 0.123722  Test MSE: 0.130627
Test MSE did not improve.. Counter 56/100
Epoch: 349/1000   Training Loss: 0.026543  Test Loss: 0.123990  Test MSE: 0.130890
Test MSE did not improve.. Counter 57/100
Epoch: 350/1000   Training Loss: 0.026604  Test Loss: 0.123668  Test MSE: 0.130559
Test MSE did not improve.. Counter 58/100
Epoch: 351/1000   Training Loss: 0.027409  Test Loss: 0.123773  Test MSE: 0.130610
Test MSE did not improve.. Counter 59/100
Epoch: 352/1000   Training Loss: 0.025710  Test Loss: 0.123707  Test MSE: 0.130567
Test MSE did not improve.. Counter 60/100
Epoch: 353/1000   Training Loss: 0.025892  Test Loss: 0.123415  Test MSE: 0.130302
Test MSE did not improve.. Counter 61/100
Epoch: 354/1000   Training Loss: 0.026200  Test Loss: 0.123687  Test MSE: 0.130580
Test MSE did not improve.. Counter 62/100
Epoch: 355/1000   Training Loss: 0.025830  Test Loss: 0.123632  Test MSE: 0.130506
Test MSE did not improve.. Counter 63/100
Epoch: 356/1000   Training Loss: 0.025287  Test Loss: 0.123730  Test MSE: 0.130605
Test MSE did not improve.. Counter 64/100
Epoch: 357/1000   Training Loss: 0.026774  Test Loss: 0.123998  Test MSE: 0.130877
Test MSE did not improve.. Counter 65/100
Epoch: 358/1000   Training Loss: 0.025841  Test Loss: 0.123666  Test MSE: 0.130552
Epoch   358: reducing learning rate of group 0 to 6.1035e-08.
Test MSE did not improve.. Counter 66/100
Epoch: 359/1000   Training Loss: 0.025251  Test Loss: 0.124125  Test MSE: 0.131026
Test MSE did not improve.. Counter 67/100
Epoch: 360/1000   Training Loss: 0.025683  Test Loss: 0.123619  Test MSE: 0.130475
Test MSE did not improve.. Counter 68/100
Epoch: 361/1000   Training Loss: 0.027218  Test Loss: 0.123881  Test MSE: 0.130752
Test MSE did not improve.. Counter 69/100
Epoch: 362/1000   Training Loss: 0.025732  Test Loss: 0.124215  Test MSE: 0.131077
Test MSE did not improve.. Counter 70/100
Epoch: 363/1000   Training Loss: 0.026832  Test Loss: 0.123730  Test MSE: 0.130575
Test MSE did not improve.. Counter 71/100
Epoch: 364/1000   Training Loss: 0.026125  Test Loss: 0.123662  Test MSE: 0.130530
Test MSE did not improve.. Counter 72/100
Epoch: 365/1000   Training Loss: 0.026510  Test Loss: 0.123787  Test MSE: 0.130668
Test MSE did not improve.. Counter 73/100
Epoch: 366/1000   Training Loss: 0.025874  Test Loss: 0.123494  Test MSE: 0.130366
Test MSE did not improve.. Counter 74/100
Epoch: 367/1000   Training Loss: 0.025975  Test Loss: 0.123588  Test MSE: 0.130470
Test MSE did not improve.. Counter 75/100
Epoch: 368/1000   Training Loss: 0.025843  Test Loss: 0.123611  Test MSE: 0.130478
Test MSE did not improve.. Counter 76/100
Epoch: 369/1000   Training Loss: 0.026900  Test Loss: 0.123599  Test MSE: 0.130469
Epoch   369: reducing learning rate of group 0 to 3.0518e-08.
Test MSE did not improve.. Counter 77/100
Epoch: 370/1000   Training Loss: 0.026665  Test Loss: 0.123666  Test MSE: 0.130553
Test MSE did not improve.. Counter 78/100
Epoch: 371/1000   Training Loss: 0.026062  Test Loss: 0.123780  Test MSE: 0.130681
Test MSE did not improve.. Counter 79/100
Epoch: 372/1000   Training Loss: 0.025858  Test Loss: 0.123641  Test MSE: 0.130554
Test MSE did not improve.. Counter 80/100
Epoch: 373/1000   Training Loss: 0.026541  Test Loss: 0.123744  Test MSE: 0.130617
Test MSE did not improve.. Counter 81/100
Epoch: 374/1000   Training Loss: 0.027129  Test Loss: 0.123548  Test MSE: 0.130405
Test MSE did not improve.. Counter 82/100
Epoch: 375/1000   Training Loss: 0.026853  Test Loss: 0.123877  Test MSE: 0.130787
Test MSE did not improve.. Counter 83/100
Epoch: 376/1000   Training Loss: 0.025110  Test Loss: 0.123835  Test MSE: 0.130735
Test MSE did not improve.. Counter 84/100
Epoch: 377/1000   Training Loss: 0.025214  Test Loss: 0.123578  Test MSE: 0.130422
Test MSE did not improve.. Counter 85/100
Epoch: 378/1000   Training Loss: 0.026099  Test Loss: 0.123737  Test MSE: 0.130598
Test MSE did not improve.. Counter 86/100
Epoch: 379/1000   Training Loss: 0.026275  Test Loss: 0.123564  Test MSE: 0.130420
Test MSE did not improve.. Counter 87/100
Epoch: 380/1000   Training Loss: 0.026620  Test Loss: 0.123968  Test MSE: 0.130880
Epoch   380: reducing learning rate of group 0 to 1.5259e-08.
Test MSE did not improve.. Counter 88/100
Epoch: 381/1000   Training Loss: 0.026166  Test Loss: 0.123735  Test MSE: 0.130627
Test MSE did not improve.. Counter 89/100
Epoch: 382/1000   Training Loss: 0.026614  Test Loss: 0.123533  Test MSE: 0.130378
Test MSE did not improve.. Counter 90/100
Epoch: 383/1000   Training Loss: 0.025041  Test Loss: 0.123493  Test MSE: 0.130350
Test MSE did not improve.. Counter 91/100
Epoch: 384/1000   Training Loss: 0.026613  Test Loss: 0.123747  Test MSE: 0.130606
Test MSE did not improve.. Counter 92/100
Epoch: 385/1000   Training Loss: 0.025575  Test Loss: 0.123514  Test MSE: 0.130383
Test MSE did not improve.. Counter 93/100
Epoch: 386/1000   Training Loss: 0.026009  Test Loss: 0.123856  Test MSE: 0.130718
Test MSE did not improve.. Counter 94/100
Epoch: 387/1000   Training Loss: 0.025992  Test Loss: 0.123777  Test MSE: 0.130665
Test MSE did not improve.. Counter 95/100
Epoch: 388/1000   Training Loss: 0.026104  Test Loss: 0.123656  Test MSE: 0.130521
Test MSE did not improve.. Counter 96/100
Epoch: 389/1000   Training Loss: 0.027038  Test Loss: 0.123529  Test MSE: 0.130377
Test MSE did not improve.. Counter 97/100
Epoch: 390/1000   Training Loss: 0.025595  Test Loss: 0.123403  Test MSE: 0.130276
Test MSE did not improve.. Counter 98/100
Epoch: 391/1000   Training Loss: 0.026332  Test Loss: 0.123584  Test MSE: 0.130474
Test MSE did not improve.. Counter 99/100
Epoch: 392/1000   Training Loss: 0.025940  Test Loss: 0.123714  Test MSE: 0.130578
Test MSE did not improve.. Counter 100/100
Epoch: 393/1000   Training Loss: 0.026723  Test Loss: 0.123697  Test MSE: 0.130586
Test MSE did not improve.. Counter 101/100
Early Stopped ..
Saved loss curve to ./result/attention-snn_thrombin_loss.png
============== Regression Performance =================
* MSE : 0.130070
* RMSE: 0.360653
* R2  : 0.806807
* PCC : 0.898821
* Spearman: 0.872111
=======================================================
