nohup: ignoring input
Using backend: pytorch
{'MODEL': 'attention-mmp', 'TARGET_NAME': 'mu_opioid_receptor', 'RANDOM_SEED': 42, 'BATCH_SIZE': 128, 'EARLY_STOPPING_PATIENCE': 100, 'WEIGHT_DECAY': 0.0001, 'DROP_OUT': 0.2, 'DEVICE': 'cuda:0'}
Epoch: 1/1000   Training Loss: 0.507796  Test Loss: 0.431755  Test MSE: 0.428965
Test MSE improved from inf -> 0.428965
Epoch: 2/1000   Training Loss: 0.414891  Test Loss: 0.399510  Test MSE: 0.399590
Test MSE improved from 0.428965 -> 0.399590
Epoch: 3/1000   Training Loss: 0.368812  Test Loss: 0.363788  Test MSE: 0.363180
Test MSE improved from 0.399590 -> 0.363180
Epoch: 4/1000   Training Loss: 0.336549  Test Loss: 0.328713  Test MSE: 0.327596
Test MSE improved from 0.363180 -> 0.327596
Epoch: 5/1000   Training Loss: 0.304583  Test Loss: 0.296002  Test MSE: 0.294859
Test MSE improved from 0.327596 -> 0.294859
Epoch: 6/1000   Training Loss: 0.280470  Test Loss: 0.269744  Test MSE: 0.268830
Test MSE improved from 0.294859 -> 0.268830
Epoch: 7/1000   Training Loss: 0.264035  Test Loss: 0.261471  Test MSE: 0.259488
Test MSE improved from 0.268830 -> 0.259488
Epoch: 8/1000   Training Loss: 0.244774  Test Loss: 0.255827  Test MSE: 0.252639
Test MSE improved from 0.259488 -> 0.252639
Epoch: 9/1000   Training Loss: 0.231893  Test Loss: 0.225705  Test MSE: 0.222742
Test MSE improved from 0.252639 -> 0.222742
Epoch: 10/1000   Training Loss: 0.214616  Test Loss: 0.214111  Test MSE: 0.211713
Test MSE improved from 0.222742 -> 0.211713
Epoch: 11/1000   Training Loss: 0.202256  Test Loss: 0.198726  Test MSE: 0.196016
Test MSE improved from 0.211713 -> 0.196016
Epoch: 12/1000   Training Loss: 0.187528  Test Loss: 0.197656  Test MSE: 0.194635
Test MSE improved from 0.196016 -> 0.194635
Epoch: 13/1000   Training Loss: 0.178040  Test Loss: 0.182002  Test MSE: 0.180180
Test MSE improved from 0.194635 -> 0.180180
Epoch: 14/1000   Training Loss: 0.170064  Test Loss: 0.181462  Test MSE: 0.179290
Test MSE improved from 0.180180 -> 0.179290
Epoch: 15/1000   Training Loss: 0.160865  Test Loss: 0.167243  Test MSE: 0.164712
Test MSE improved from 0.179290 -> 0.164712
Epoch: 16/1000   Training Loss: 0.155551  Test Loss: 0.169798  Test MSE: 0.167554
Test MSE did not improve.. Counter 1/100
Epoch: 17/1000   Training Loss: 0.149914  Test Loss: 0.186198  Test MSE: 0.181077
Test MSE did not improve.. Counter 2/100
Epoch: 18/1000   Training Loss: 0.149060  Test Loss: 0.181439  Test MSE: 0.174460
Test MSE did not improve.. Counter 3/100
Epoch: 19/1000   Training Loss: 0.135954  Test Loss: 0.163081  Test MSE: 0.158501
Test MSE improved from 0.164712 -> 0.158501
Epoch: 20/1000   Training Loss: 0.127865  Test Loss: 0.152452  Test MSE: 0.149563
Test MSE improved from 0.158501 -> 0.149563
Epoch: 21/1000   Training Loss: 0.121614  Test Loss: 0.150039  Test MSE: 0.147173
Test MSE improved from 0.149563 -> 0.147173
Epoch: 22/1000   Training Loss: 0.124377  Test Loss: 0.147149  Test MSE: 0.144532
Test MSE improved from 0.147173 -> 0.144532
Epoch: 23/1000   Training Loss: 0.119910  Test Loss: 0.144539  Test MSE: 0.141404
Test MSE improved from 0.144532 -> 0.141404
Epoch: 24/1000   Training Loss: 0.111817  Test Loss: 0.145452  Test MSE: 0.141261
Test MSE improved from 0.141404 -> 0.141261
Epoch: 25/1000   Training Loss: 0.108207  Test Loss: 0.139941  Test MSE: 0.137881
Test MSE improved from 0.141261 -> 0.137881
Epoch: 26/1000   Training Loss: 0.106364  Test Loss: 0.132384  Test MSE: 0.129952
Test MSE improved from 0.137881 -> 0.129952
Epoch: 27/1000   Training Loss: 0.107178  Test Loss: 0.131936  Test MSE: 0.129550
Test MSE improved from 0.129952 -> 0.129550
Epoch: 28/1000   Training Loss: 0.096927  Test Loss: 0.130392  Test MSE: 0.127833
Test MSE improved from 0.129550 -> 0.127833
Epoch: 29/1000   Training Loss: 0.095121  Test Loss: 0.128170  Test MSE: 0.126663
Test MSE improved from 0.127833 -> 0.126663
Epoch: 30/1000   Training Loss: 0.095924  Test Loss: 0.126803  Test MSE: 0.123763
Test MSE improved from 0.126663 -> 0.123763
Epoch: 31/1000   Training Loss: 0.094091  Test Loss: 0.128366  Test MSE: 0.127427
Test MSE did not improve.. Counter 1/100
Epoch: 32/1000   Training Loss: 0.091430  Test Loss: 0.128490  Test MSE: 0.125558
Test MSE did not improve.. Counter 2/100
Epoch: 33/1000   Training Loss: 0.089305  Test Loss: 0.123659  Test MSE: 0.121044
Test MSE improved from 0.123763 -> 0.121044
Epoch: 34/1000   Training Loss: 0.087211  Test Loss: 0.130794  Test MSE: 0.127794
Test MSE did not improve.. Counter 1/100
Epoch: 35/1000   Training Loss: 0.092099  Test Loss: 0.126246  Test MSE: 0.123275
Test MSE did not improve.. Counter 2/100
Epoch: 36/1000   Training Loss: 0.087204  Test Loss: 0.129276  Test MSE: 0.126858
Test MSE did not improve.. Counter 3/100
Epoch: 37/1000   Training Loss: 0.083592  Test Loss: 0.125363  Test MSE: 0.122840
Test MSE did not improve.. Counter 4/100
Epoch: 38/1000   Training Loss: 0.081831  Test Loss: 0.121339  Test MSE: 0.118609
Test MSE improved from 0.121044 -> 0.118609
Epoch: 39/1000   Training Loss: 0.081268  Test Loss: 0.125825  Test MSE: 0.122880
Test MSE did not improve.. Counter 1/100
Epoch: 40/1000   Training Loss: 0.078554  Test Loss: 0.122019  Test MSE: 0.120232
Test MSE did not improve.. Counter 2/100
Epoch: 41/1000   Training Loss: 0.075095  Test Loss: 0.112932  Test MSE: 0.110780
Test MSE improved from 0.118609 -> 0.110780
Epoch: 42/1000   Training Loss: 0.074737  Test Loss: 0.116758  Test MSE: 0.114901
Test MSE did not improve.. Counter 1/100
Epoch: 43/1000   Training Loss: 0.073416  Test Loss: 0.125832  Test MSE: 0.123605
Test MSE did not improve.. Counter 2/100
Epoch: 44/1000   Training Loss: 0.072750  Test Loss: 0.117939  Test MSE: 0.115520
Test MSE did not improve.. Counter 3/100
Epoch: 45/1000   Training Loss: 0.070768  Test Loss: 0.115043  Test MSE: 0.113868
Test MSE did not improve.. Counter 4/100
Epoch: 46/1000   Training Loss: 0.070982  Test Loss: 0.116708  Test MSE: 0.114677
Test MSE did not improve.. Counter 5/100
Epoch: 47/1000   Training Loss: 0.070934  Test Loss: 0.120479  Test MSE: 0.117879
Test MSE did not improve.. Counter 6/100
Epoch: 48/1000   Training Loss: 0.069534  Test Loss: 0.111102  Test MSE: 0.109616
Test MSE improved from 0.110780 -> 0.109616
Epoch: 49/1000   Training Loss: 0.064907  Test Loss: 0.110042  Test MSE: 0.108989
Test MSE improved from 0.109616 -> 0.108989
Epoch: 50/1000   Training Loss: 0.064875  Test Loss: 0.113387  Test MSE: 0.111015
Test MSE did not improve.. Counter 1/100
Epoch: 51/1000   Training Loss: 0.063562  Test Loss: 0.111344  Test MSE: 0.110011
Test MSE did not improve.. Counter 2/100
Epoch: 52/1000   Training Loss: 0.065080  Test Loss: 0.113381  Test MSE: 0.112334
Test MSE did not improve.. Counter 3/100
Epoch: 53/1000   Training Loss: 0.069508  Test Loss: 0.111382  Test MSE: 0.109690
Test MSE did not improve.. Counter 4/100
Epoch: 54/1000   Training Loss: 0.065218  Test Loss: 0.115180  Test MSE: 0.110823
Test MSE did not improve.. Counter 5/100
Epoch: 55/1000   Training Loss: 0.059163  Test Loss: 0.110146  Test MSE: 0.107347
Test MSE improved from 0.108989 -> 0.107347
Epoch: 56/1000   Training Loss: 0.061497  Test Loss: 0.110442  Test MSE: 0.109174
Test MSE did not improve.. Counter 1/100
Epoch: 57/1000   Training Loss: 0.061428  Test Loss: 0.109173  Test MSE: 0.108224
Test MSE did not improve.. Counter 2/100
Epoch: 58/1000   Training Loss: 0.059722  Test Loss: 0.115544  Test MSE: 0.113525
Test MSE did not improve.. Counter 3/100
Epoch: 59/1000   Training Loss: 0.061611  Test Loss: 0.108713  Test MSE: 0.106019
Test MSE improved from 0.107347 -> 0.106019
Epoch: 60/1000   Training Loss: 0.059541  Test Loss: 0.108770  Test MSE: 0.106170
Test MSE did not improve.. Counter 1/100
Epoch: 61/1000   Training Loss: 0.059360  Test Loss: 0.113320  Test MSE: 0.112407
Test MSE did not improve.. Counter 2/100
Epoch: 62/1000   Training Loss: 0.059721  Test Loss: 0.108500  Test MSE: 0.107865
Test MSE did not improve.. Counter 3/100
Epoch: 63/1000   Training Loss: 0.058047  Test Loss: 0.115829  Test MSE: 0.113684
Test MSE did not improve.. Counter 4/100
Epoch: 64/1000   Training Loss: 0.055647  Test Loss: 0.114157  Test MSE: 0.112198
Test MSE did not improve.. Counter 5/100
Epoch: 65/1000   Training Loss: 0.055063  Test Loss: 0.110118  Test MSE: 0.108283
Test MSE did not improve.. Counter 6/100
Epoch: 66/1000   Training Loss: 0.053652  Test Loss: 0.107459  Test MSE: 0.106421
Test MSE did not improve.. Counter 7/100
Epoch: 67/1000   Training Loss: 0.056882  Test Loss: 0.109067  Test MSE: 0.107566
Test MSE did not improve.. Counter 8/100
Epoch: 68/1000   Training Loss: 0.054277  Test Loss: 0.102147  Test MSE: 0.100610
Test MSE improved from 0.106019 -> 0.100610
Epoch: 69/1000   Training Loss: 0.055861  Test Loss: 0.107587  Test MSE: 0.106804
Test MSE did not improve.. Counter 1/100
Epoch: 70/1000   Training Loss: 0.056830  Test Loss: 0.107833  Test MSE: 0.106947
Test MSE did not improve.. Counter 2/100
Epoch: 71/1000   Training Loss: 0.050209  Test Loss: 0.104368  Test MSE: 0.104233
Test MSE did not improve.. Counter 3/100
Epoch: 72/1000   Training Loss: 0.051500  Test Loss: 0.112469  Test MSE: 0.111688
Test MSE did not improve.. Counter 4/100
Epoch: 73/1000   Training Loss: 0.051642  Test Loss: 0.111982  Test MSE: 0.109877
Test MSE did not improve.. Counter 5/100
Epoch: 74/1000   Training Loss: 0.053250  Test Loss: 0.106695  Test MSE: 0.105912
Test MSE did not improve.. Counter 6/100
Epoch: 75/1000   Training Loss: 0.051900  Test Loss: 0.102596  Test MSE: 0.101559
Test MSE did not improve.. Counter 7/100
Epoch: 76/1000   Training Loss: 0.049132  Test Loss: 0.103864  Test MSE: 0.102300
Test MSE did not improve.. Counter 8/100
Epoch: 77/1000   Training Loss: 0.048118  Test Loss: 0.100041  Test MSE: 0.099480
Test MSE improved from 0.100610 -> 0.099480
Epoch: 78/1000   Training Loss: 0.049719  Test Loss: 0.104911  Test MSE: 0.103182
Test MSE did not improve.. Counter 1/100
Epoch: 79/1000   Training Loss: 0.050817  Test Loss: 0.107561  Test MSE: 0.105968
Test MSE did not improve.. Counter 2/100
Epoch: 80/1000   Training Loss: 0.057396  Test Loss: 0.112323  Test MSE: 0.111017
Test MSE did not improve.. Counter 3/100
Epoch: 81/1000   Training Loss: 0.054797  Test Loss: 0.106229  Test MSE: 0.105201
Test MSE did not improve.. Counter 4/100
Epoch: 82/1000   Training Loss: 0.049893  Test Loss: 0.099926  Test MSE: 0.099191
Test MSE improved from 0.099480 -> 0.099191
Epoch: 83/1000   Training Loss: 0.049638  Test Loss: 0.105176  Test MSE: 0.104510
Test MSE did not improve.. Counter 1/100
Epoch: 84/1000   Training Loss: 0.050045  Test Loss: 0.103248  Test MSE: 0.103044
Test MSE did not improve.. Counter 2/100
Epoch: 85/1000   Training Loss: 0.047275  Test Loss: 0.103828  Test MSE: 0.102511
Test MSE did not improve.. Counter 3/100
Epoch: 86/1000   Training Loss: 0.045717  Test Loss: 0.104063  Test MSE: 0.102604
Test MSE did not improve.. Counter 4/100
Epoch: 87/1000   Training Loss: 0.047335  Test Loss: 0.105539  Test MSE: 0.104788
Test MSE did not improve.. Counter 5/100
Epoch: 88/1000   Training Loss: 0.049162  Test Loss: 0.096708  Test MSE: 0.095631
Test MSE improved from 0.099191 -> 0.095631
Epoch: 89/1000   Training Loss: 0.045720  Test Loss: 0.097446  Test MSE: 0.095739
Test MSE did not improve.. Counter 1/100
Epoch: 90/1000   Training Loss: 0.046413  Test Loss: 0.096023  Test MSE: 0.094933
Test MSE improved from 0.095631 -> 0.094933
Epoch: 91/1000   Training Loss: 0.044176  Test Loss: 0.094224  Test MSE: 0.093494
Test MSE improved from 0.094933 -> 0.093494
Epoch: 92/1000   Training Loss: 0.044050  Test Loss: 0.098609  Test MSE: 0.097155
Test MSE did not improve.. Counter 1/100
Epoch: 93/1000   Training Loss: 0.044756  Test Loss: 0.094451  Test MSE: 0.093025
Test MSE improved from 0.093494 -> 0.093025
Epoch: 94/1000   Training Loss: 0.044595  Test Loss: 0.103766  Test MSE: 0.102421
Test MSE did not improve.. Counter 1/100
Epoch: 95/1000   Training Loss: 0.047263  Test Loss: 0.099310  Test MSE: 0.098134
Test MSE did not improve.. Counter 2/100
Epoch: 96/1000   Training Loss: 0.046585  Test Loss: 0.101126  Test MSE: 0.100311
Test MSE did not improve.. Counter 3/100
Epoch: 97/1000   Training Loss: 0.045435  Test Loss: 0.102657  Test MSE: 0.101587
Test MSE did not improve.. Counter 4/100
Epoch: 98/1000   Training Loss: 0.044448  Test Loss: 0.103404  Test MSE: 0.102189
Test MSE did not improve.. Counter 5/100
Epoch: 99/1000   Training Loss: 0.046926  Test Loss: 0.092848  Test MSE: 0.091861
Test MSE improved from 0.093025 -> 0.091861
Epoch: 100/1000   Training Loss: 0.044269  Test Loss: 0.096491  Test MSE: 0.095671
Test MSE did not improve.. Counter 1/100
Epoch: 101/1000   Training Loss: 0.043774  Test Loss: 0.089453  Test MSE: 0.088953
Test MSE improved from 0.091861 -> 0.088953
Epoch: 102/1000   Training Loss: 0.042155  Test Loss: 0.093786  Test MSE: 0.092794
Test MSE did not improve.. Counter 1/100
Epoch: 103/1000   Training Loss: 0.042843  Test Loss: 0.094688  Test MSE: 0.094231
Test MSE did not improve.. Counter 2/100
Epoch: 104/1000   Training Loss: 0.042736  Test Loss: 0.097990  Test MSE: 0.097221
Test MSE did not improve.. Counter 3/100
Epoch: 105/1000   Training Loss: 0.043431  Test Loss: 0.096269  Test MSE: 0.095521
Test MSE did not improve.. Counter 4/100
Epoch: 106/1000   Training Loss: 0.043174  Test Loss: 0.096511  Test MSE: 0.096252
Test MSE did not improve.. Counter 5/100
Epoch: 107/1000   Training Loss: 0.041333  Test Loss: 0.096630  Test MSE: 0.095795
Test MSE did not improve.. Counter 6/100
Epoch: 108/1000   Training Loss: 0.041894  Test Loss: 0.104453  Test MSE: 0.102904
Test MSE did not improve.. Counter 7/100
Epoch: 109/1000   Training Loss: 0.043402  Test Loss: 0.105587  Test MSE: 0.105449
Test MSE did not improve.. Counter 8/100
Epoch: 110/1000   Training Loss: 0.039821  Test Loss: 0.098954  Test MSE: 0.098945
Test MSE did not improve.. Counter 9/100
Epoch: 111/1000   Training Loss: 0.048320  Test Loss: 0.102582  Test MSE: 0.102448
Test MSE did not improve.. Counter 10/100
Epoch: 112/1000   Training Loss: 0.046552  Test Loss: 0.102811  Test MSE: 0.102287
Epoch   112: reducing learning rate of group 0 to 2.5000e-04.
Test MSE did not improve.. Counter 11/100
Epoch: 113/1000   Training Loss: 0.038365  Test Loss: 0.094270  Test MSE: 0.094030
Test MSE did not improve.. Counter 12/100
Epoch: 114/1000   Training Loss: 0.032202  Test Loss: 0.088571  Test MSE: 0.088462
Test MSE improved from 0.088953 -> 0.088462
Epoch: 115/1000   Training Loss: 0.031483  Test Loss: 0.088508  Test MSE: 0.088319
Test MSE improved from 0.088462 -> 0.088319
Epoch: 116/1000   Training Loss: 0.029790  Test Loss: 0.091070  Test MSE: 0.090526
Test MSE did not improve.. Counter 1/100
Epoch: 117/1000   Training Loss: 0.030573  Test Loss: 0.089282  Test MSE: 0.088601
Test MSE did not improve.. Counter 2/100
Epoch: 118/1000   Training Loss: 0.027846  Test Loss: 0.088696  Test MSE: 0.087957
Test MSE improved from 0.088319 -> 0.087957
Epoch: 119/1000   Training Loss: 0.027767  Test Loss: 0.090688  Test MSE: 0.090718
Test MSE did not improve.. Counter 1/100
Epoch: 120/1000   Training Loss: 0.028069  Test Loss: 0.088801  Test MSE: 0.088753
Test MSE did not improve.. Counter 2/100
Epoch: 121/1000   Training Loss: 0.028076  Test Loss: 0.087878  Test MSE: 0.087326
Test MSE improved from 0.087957 -> 0.087326
Epoch: 122/1000   Training Loss: 0.026492  Test Loss: 0.085875  Test MSE: 0.085718
Test MSE improved from 0.087326 -> 0.085718
Epoch: 123/1000   Training Loss: 0.026305  Test Loss: 0.086954  Test MSE: 0.086645
Test MSE did not improve.. Counter 1/100
Epoch: 124/1000   Training Loss: 0.026588  Test Loss: 0.086226  Test MSE: 0.085696
Test MSE improved from 0.085718 -> 0.085696
Epoch: 125/1000   Training Loss: 0.026822  Test Loss: 0.090084  Test MSE: 0.090000
Test MSE did not improve.. Counter 1/100
Epoch: 126/1000   Training Loss: 0.026999  Test Loss: 0.086806  Test MSE: 0.086625
Test MSE did not improve.. Counter 2/100
Epoch: 127/1000   Training Loss: 0.026627  Test Loss: 0.086645  Test MSE: 0.086643
Test MSE did not improve.. Counter 3/100
Epoch: 128/1000   Training Loss: 0.027054  Test Loss: 0.087167  Test MSE: 0.087155
Test MSE did not improve.. Counter 4/100
Epoch: 129/1000   Training Loss: 0.026250  Test Loss: 0.085168  Test MSE: 0.085396
Test MSE improved from 0.085696 -> 0.085396
Epoch: 130/1000   Training Loss: 0.025848  Test Loss: 0.087909  Test MSE: 0.087540
Test MSE did not improve.. Counter 1/100
Epoch: 131/1000   Training Loss: 0.025742  Test Loss: 0.086340  Test MSE: 0.085846
Test MSE did not improve.. Counter 2/100
Epoch: 132/1000   Training Loss: 0.024693  Test Loss: 0.086062  Test MSE: 0.085915
Test MSE did not improve.. Counter 3/100
Epoch: 133/1000   Training Loss: 0.024304  Test Loss: 0.088252  Test MSE: 0.087923
Test MSE did not improve.. Counter 4/100
Epoch: 134/1000   Training Loss: 0.024734  Test Loss: 0.088912  Test MSE: 0.088313
Test MSE did not improve.. Counter 5/100
Epoch: 135/1000   Training Loss: 0.025311  Test Loss: 0.089039  Test MSE: 0.088547
Test MSE did not improve.. Counter 6/100
Epoch: 136/1000   Training Loss: 0.026759  Test Loss: 0.089978  Test MSE: 0.089396
Test MSE did not improve.. Counter 7/100
Epoch: 137/1000   Training Loss: 0.024544  Test Loss: 0.090529  Test MSE: 0.090188
Test MSE did not improve.. Counter 8/100
Epoch: 138/1000   Training Loss: 0.025483  Test Loss: 0.087095  Test MSE: 0.086881
Test MSE did not improve.. Counter 9/100
Epoch: 139/1000   Training Loss: 0.024121  Test Loss: 0.087230  Test MSE: 0.086869
Test MSE did not improve.. Counter 10/100
Epoch: 140/1000   Training Loss: 0.026281  Test Loss: 0.088358  Test MSE: 0.088234
Epoch   140: reducing learning rate of group 0 to 1.2500e-04.
Test MSE did not improve.. Counter 11/100
Epoch: 141/1000   Training Loss: 0.023291  Test Loss: 0.085885  Test MSE: 0.085729
Test MSE did not improve.. Counter 12/100
Epoch: 142/1000   Training Loss: 0.021080  Test Loss: 0.084971  Test MSE: 0.084722
Test MSE improved from 0.085396 -> 0.084722
Epoch: 143/1000   Training Loss: 0.021014  Test Loss: 0.084210  Test MSE: 0.083743
Test MSE improved from 0.084722 -> 0.083743
Epoch: 144/1000   Training Loss: 0.020762  Test Loss: 0.084490  Test MSE: 0.084103
Test MSE did not improve.. Counter 1/100
Epoch: 145/1000   Training Loss: 0.020331  Test Loss: 0.084452  Test MSE: 0.084589
Test MSE did not improve.. Counter 2/100
Epoch: 146/1000   Training Loss: 0.020477  Test Loss: 0.084150  Test MSE: 0.083807
Test MSE did not improve.. Counter 3/100
Epoch: 147/1000   Training Loss: 0.019493  Test Loss: 0.085463  Test MSE: 0.085419
Test MSE did not improve.. Counter 4/100
Epoch: 148/1000   Training Loss: 0.020840  Test Loss: 0.085297  Test MSE: 0.085090
Test MSE did not improve.. Counter 5/100
Epoch: 149/1000   Training Loss: 0.019872  Test Loss: 0.084025  Test MSE: 0.083687
Test MSE improved from 0.083743 -> 0.083687
Epoch: 150/1000   Training Loss: 0.019794  Test Loss: 0.082921  Test MSE: 0.082954
Test MSE improved from 0.083687 -> 0.082954
Epoch: 151/1000   Training Loss: 0.020049  Test Loss: 0.083963  Test MSE: 0.083928
Test MSE did not improve.. Counter 1/100
Epoch: 152/1000   Training Loss: 0.019007  Test Loss: 0.084710  Test MSE: 0.084484
Test MSE did not improve.. Counter 2/100
Epoch: 153/1000   Training Loss: 0.018878  Test Loss: 0.083558  Test MSE: 0.083557
Test MSE did not improve.. Counter 3/100
Epoch: 154/1000   Training Loss: 0.019912  Test Loss: 0.082735  Test MSE: 0.082568
Test MSE improved from 0.082954 -> 0.082568
Epoch: 155/1000   Training Loss: 0.019147  Test Loss: 0.084442  Test MSE: 0.084214
Test MSE did not improve.. Counter 1/100
Epoch: 156/1000   Training Loss: 0.019862  Test Loss: 0.085580  Test MSE: 0.085508
Test MSE did not improve.. Counter 2/100
Epoch: 157/1000   Training Loss: 0.019454  Test Loss: 0.084035  Test MSE: 0.083622
Test MSE did not improve.. Counter 3/100
Epoch: 158/1000   Training Loss: 0.019018  Test Loss: 0.085163  Test MSE: 0.085041
Test MSE did not improve.. Counter 4/100
Epoch: 159/1000   Training Loss: 0.018440  Test Loss: 0.086215  Test MSE: 0.085585
Test MSE did not improve.. Counter 5/100
Epoch: 160/1000   Training Loss: 0.019178  Test Loss: 0.084420  Test MSE: 0.083857
Test MSE did not improve.. Counter 6/100
Epoch: 161/1000   Training Loss: 0.018695  Test Loss: 0.083001  Test MSE: 0.082809
Test MSE did not improve.. Counter 7/100
Epoch: 162/1000   Training Loss: 0.019000  Test Loss: 0.084279  Test MSE: 0.083240
Test MSE did not improve.. Counter 8/100
Epoch: 163/1000   Training Loss: 0.018585  Test Loss: 0.086795  Test MSE: 0.086085
Test MSE did not improve.. Counter 9/100
Epoch: 164/1000   Training Loss: 0.018743  Test Loss: 0.085228  Test MSE: 0.084907
Test MSE did not improve.. Counter 10/100
Epoch: 165/1000   Training Loss: 0.018437  Test Loss: 0.081519  Test MSE: 0.081029
Test MSE improved from 0.082568 -> 0.081029
Epoch: 166/1000   Training Loss: 0.018262  Test Loss: 0.082529  Test MSE: 0.082105
Test MSE did not improve.. Counter 1/100
Epoch: 167/1000   Training Loss: 0.019514  Test Loss: 0.084349  Test MSE: 0.083739
Test MSE did not improve.. Counter 2/100
Epoch: 168/1000   Training Loss: 0.018651  Test Loss: 0.084540  Test MSE: 0.084033
Test MSE did not improve.. Counter 3/100
Epoch: 169/1000   Training Loss: 0.018930  Test Loss: 0.083291  Test MSE: 0.082838
Test MSE did not improve.. Counter 4/100
Epoch: 170/1000   Training Loss: 0.018311  Test Loss: 0.085387  Test MSE: 0.084633
Test MSE did not improve.. Counter 5/100
Epoch: 171/1000   Training Loss: 0.018137  Test Loss: 0.083426  Test MSE: 0.082702
Test MSE did not improve.. Counter 6/100
Epoch: 172/1000   Training Loss: 0.017164  Test Loss: 0.084857  Test MSE: 0.084491
Test MSE did not improve.. Counter 7/100
Epoch: 173/1000   Training Loss: 0.018062  Test Loss: 0.084131  Test MSE: 0.083928
Test MSE did not improve.. Counter 8/100
Epoch: 174/1000   Training Loss: 0.019155  Test Loss: 0.081973  Test MSE: 0.081763
Test MSE did not improve.. Counter 9/100
Epoch: 175/1000   Training Loss: 0.017888  Test Loss: 0.083180  Test MSE: 0.082780
Test MSE did not improve.. Counter 10/100
Epoch: 176/1000   Training Loss: 0.017759  Test Loss: 0.082793  Test MSE: 0.082371
Epoch   176: reducing learning rate of group 0 to 6.2500e-05.
Test MSE did not improve.. Counter 11/100
Epoch: 177/1000   Training Loss: 0.017783  Test Loss: 0.080813  Test MSE: 0.080388
Test MSE improved from 0.081029 -> 0.080388
Epoch: 178/1000   Training Loss: 0.016034  Test Loss: 0.083208  Test MSE: 0.082946
Test MSE did not improve.. Counter 1/100
Epoch: 179/1000   Training Loss: 0.016633  Test Loss: 0.082261  Test MSE: 0.081725
Test MSE did not improve.. Counter 2/100
Epoch: 180/1000   Training Loss: 0.015638  Test Loss: 0.081872  Test MSE: 0.081385
Test MSE did not improve.. Counter 3/100
Epoch: 181/1000   Training Loss: 0.016014  Test Loss: 0.082134  Test MSE: 0.081481
Test MSE did not improve.. Counter 4/100
Epoch: 182/1000   Training Loss: 0.015622  Test Loss: 0.082731  Test MSE: 0.082414
Test MSE did not improve.. Counter 5/100
Epoch: 183/1000   Training Loss: 0.015590  Test Loss: 0.081352  Test MSE: 0.080946
Test MSE did not improve.. Counter 6/100
Epoch: 184/1000   Training Loss: 0.015861  Test Loss: 0.083427  Test MSE: 0.082911
Test MSE did not improve.. Counter 7/100
Epoch: 185/1000   Training Loss: 0.015574  Test Loss: 0.082502  Test MSE: 0.082151
Test MSE did not improve.. Counter 8/100
Epoch: 186/1000   Training Loss: 0.015295  Test Loss: 0.081266  Test MSE: 0.080785
Test MSE did not improve.. Counter 9/100
Epoch: 187/1000   Training Loss: 0.016167  Test Loss: 0.081433  Test MSE: 0.081230
Test MSE did not improve.. Counter 10/100
Epoch: 188/1000   Training Loss: 0.015635  Test Loss: 0.082378  Test MSE: 0.082064
Epoch   188: reducing learning rate of group 0 to 3.1250e-05.
Test MSE did not improve.. Counter 11/100
Epoch: 189/1000   Training Loss: 0.015098  Test Loss: 0.082986  Test MSE: 0.082570
Test MSE did not improve.. Counter 12/100
Epoch: 190/1000   Training Loss: 0.015522  Test Loss: 0.083450  Test MSE: 0.083046
Test MSE did not improve.. Counter 13/100
Epoch: 191/1000   Training Loss: 0.014384  Test Loss: 0.083030  Test MSE: 0.082399
Test MSE did not improve.. Counter 14/100
Epoch: 192/1000   Training Loss: 0.014830  Test Loss: 0.082735  Test MSE: 0.082185
Test MSE did not improve.. Counter 15/100
Epoch: 193/1000   Training Loss: 0.014560  Test Loss: 0.081791  Test MSE: 0.081333
Test MSE did not improve.. Counter 16/100
Epoch: 194/1000   Training Loss: 0.014227  Test Loss: 0.082027  Test MSE: 0.081424
Test MSE did not improve.. Counter 17/100
Epoch: 195/1000   Training Loss: 0.014543  Test Loss: 0.082030  Test MSE: 0.081455
Test MSE did not improve.. Counter 18/100
Epoch: 196/1000   Training Loss: 0.014172  Test Loss: 0.082617  Test MSE: 0.082244
Test MSE did not improve.. Counter 19/100
Epoch: 197/1000   Training Loss: 0.014023  Test Loss: 0.082384  Test MSE: 0.081959
Test MSE did not improve.. Counter 20/100
Epoch: 198/1000   Training Loss: 0.014161  Test Loss: 0.081952  Test MSE: 0.081385
Test MSE did not improve.. Counter 21/100
Epoch: 199/1000   Training Loss: 0.014086  Test Loss: 0.081920  Test MSE: 0.081241
Epoch   199: reducing learning rate of group 0 to 1.5625e-05.
Test MSE did not improve.. Counter 22/100
Epoch: 200/1000   Training Loss: 0.013568  Test Loss: 0.082054  Test MSE: 0.081431
Test MSE did not improve.. Counter 23/100
Epoch: 201/1000   Training Loss: 0.013576  Test Loss: 0.081187  Test MSE: 0.080623
Test MSE did not improve.. Counter 24/100
Epoch: 202/1000   Training Loss: 0.013618  Test Loss: 0.081387  Test MSE: 0.080785
Test MSE did not improve.. Counter 25/100
Epoch: 203/1000   Training Loss: 0.013466  Test Loss: 0.080968  Test MSE: 0.080353
Test MSE improved from 0.080388 -> 0.080353
Epoch: 204/1000   Training Loss: 0.013636  Test Loss: 0.081647  Test MSE: 0.081099
Test MSE did not improve.. Counter 1/100
Epoch: 205/1000   Training Loss: 0.013891  Test Loss: 0.080886  Test MSE: 0.080354
Test MSE did not improve.. Counter 2/100
Epoch: 206/1000   Training Loss: 0.013528  Test Loss: 0.081542  Test MSE: 0.080968
Test MSE did not improve.. Counter 3/100
Epoch: 207/1000   Training Loss: 0.012908  Test Loss: 0.080874  Test MSE: 0.080392
Test MSE did not improve.. Counter 4/100
Epoch: 208/1000   Training Loss: 0.013468  Test Loss: 0.080867  Test MSE: 0.080360
Test MSE did not improve.. Counter 5/100
Epoch: 209/1000   Training Loss: 0.013569  Test Loss: 0.081141  Test MSE: 0.080684
Test MSE did not improve.. Counter 6/100
Epoch: 210/1000   Training Loss: 0.013087  Test Loss: 0.081547  Test MSE: 0.081053
Test MSE did not improve.. Counter 7/100
Epoch: 211/1000   Training Loss: 0.013606  Test Loss: 0.081446  Test MSE: 0.080946
Test MSE did not improve.. Counter 8/100
Epoch: 212/1000   Training Loss: 0.013150  Test Loss: 0.081227  Test MSE: 0.080825
Test MSE did not improve.. Counter 9/100
Epoch: 213/1000   Training Loss: 0.013442  Test Loss: 0.081545  Test MSE: 0.081213
Test MSE did not improve.. Counter 10/100
Epoch: 214/1000   Training Loss: 0.013552  Test Loss: 0.080992  Test MSE: 0.080698
Epoch   214: reducing learning rate of group 0 to 7.8125e-06.
Test MSE did not improve.. Counter 11/100
Epoch: 215/1000   Training Loss: 0.013026  Test Loss: 0.080659  Test MSE: 0.080341
Test MSE improved from 0.080353 -> 0.080341
Epoch: 216/1000   Training Loss: 0.013050  Test Loss: 0.080893  Test MSE: 0.080588
Test MSE did not improve.. Counter 1/100
Epoch: 217/1000   Training Loss: 0.013351  Test Loss: 0.080949  Test MSE: 0.080652
Test MSE did not improve.. Counter 2/100
Epoch: 218/1000   Training Loss: 0.013455  Test Loss: 0.080710  Test MSE: 0.080365
Test MSE did not improve.. Counter 3/100
Epoch: 219/1000   Training Loss: 0.013499  Test Loss: 0.080697  Test MSE: 0.080408
Test MSE did not improve.. Counter 4/100
Epoch: 220/1000   Training Loss: 0.012964  Test Loss: 0.080794  Test MSE: 0.080493
Test MSE did not improve.. Counter 5/100
Epoch: 221/1000   Training Loss: 0.013026  Test Loss: 0.080427  Test MSE: 0.080207
Test MSE improved from 0.080341 -> 0.080207
Epoch: 222/1000   Training Loss: 0.013098  Test Loss: 0.080987  Test MSE: 0.080718
Test MSE did not improve.. Counter 1/100
Epoch: 223/1000   Training Loss: 0.012849  Test Loss: 0.080770  Test MSE: 0.080524
Test MSE did not improve.. Counter 2/100
Epoch: 224/1000   Training Loss: 0.012538  Test Loss: 0.080881  Test MSE: 0.080635
Test MSE did not improve.. Counter 3/100
Epoch: 225/1000   Training Loss: 0.013105  Test Loss: 0.080832  Test MSE: 0.080594
Test MSE did not improve.. Counter 4/100
Epoch: 226/1000   Training Loss: 0.012096  Test Loss: 0.081284  Test MSE: 0.080981
Test MSE did not improve.. Counter 5/100
Epoch: 227/1000   Training Loss: 0.012822  Test Loss: 0.081119  Test MSE: 0.080858
Test MSE did not improve.. Counter 6/100
Epoch: 228/1000   Training Loss: 0.013114  Test Loss: 0.081101  Test MSE: 0.080819
Test MSE did not improve.. Counter 7/100
Epoch: 229/1000   Training Loss: 0.013011  Test Loss: 0.081281  Test MSE: 0.080962
Test MSE did not improve.. Counter 8/100
Epoch: 230/1000   Training Loss: 0.012718  Test Loss: 0.080828  Test MSE: 0.080490
Test MSE did not improve.. Counter 9/100
Epoch: 231/1000   Training Loss: 0.012763  Test Loss: 0.081154  Test MSE: 0.080835
Test MSE did not improve.. Counter 10/100
Epoch: 232/1000   Training Loss: 0.012710  Test Loss: 0.080673  Test MSE: 0.080339
Epoch   232: reducing learning rate of group 0 to 3.9063e-06.
Test MSE did not improve.. Counter 11/100
Epoch: 233/1000   Training Loss: 0.013224  Test Loss: 0.080848  Test MSE: 0.080505
Test MSE did not improve.. Counter 12/100
Epoch: 234/1000   Training Loss: 0.012885  Test Loss: 0.080686  Test MSE: 0.080345
Test MSE did not improve.. Counter 13/100
Epoch: 235/1000   Training Loss: 0.012723  Test Loss: 0.080579  Test MSE: 0.080279
Test MSE did not improve.. Counter 14/100
Epoch: 236/1000   Training Loss: 0.012922  Test Loss: 0.080378  Test MSE: 0.080034
Test MSE improved from 0.080207 -> 0.080034
Epoch: 237/1000   Training Loss: 0.012464  Test Loss: 0.080623  Test MSE: 0.080297
Test MSE did not improve.. Counter 1/100
Epoch: 238/1000   Training Loss: 0.012785  Test Loss: 0.080366  Test MSE: 0.080013
Test MSE improved from 0.080034 -> 0.080013
Epoch: 239/1000   Training Loss: 0.012373  Test Loss: 0.080743  Test MSE: 0.080435
Test MSE did not improve.. Counter 1/100
Epoch: 240/1000   Training Loss: 0.012647  Test Loss: 0.080773  Test MSE: 0.080471
Test MSE did not improve.. Counter 2/100
Epoch: 241/1000   Training Loss: 0.013195  Test Loss: 0.080570  Test MSE: 0.080248
Test MSE did not improve.. Counter 3/100
Epoch: 242/1000   Training Loss: 0.012159  Test Loss: 0.080247  Test MSE: 0.079896
Test MSE improved from 0.080013 -> 0.079896
Epoch: 243/1000   Training Loss: 0.012364  Test Loss: 0.080661  Test MSE: 0.080340
Test MSE did not improve.. Counter 1/100
Epoch: 244/1000   Training Loss: 0.012743  Test Loss: 0.080477  Test MSE: 0.080162
Test MSE did not improve.. Counter 2/100
Epoch: 245/1000   Training Loss: 0.012402  Test Loss: 0.080861  Test MSE: 0.080539
Test MSE did not improve.. Counter 3/100
Epoch: 246/1000   Training Loss: 0.012937  Test Loss: 0.080749  Test MSE: 0.080406
Test MSE did not improve.. Counter 4/100
Epoch: 247/1000   Training Loss: 0.012721  Test Loss: 0.080688  Test MSE: 0.080335
Test MSE did not improve.. Counter 5/100
Epoch: 248/1000   Training Loss: 0.012760  Test Loss: 0.080507  Test MSE: 0.080157
Test MSE did not improve.. Counter 6/100
Epoch: 249/1000   Training Loss: 0.012737  Test Loss: 0.080515  Test MSE: 0.080164
Test MSE did not improve.. Counter 7/100
Epoch: 250/1000   Training Loss: 0.012838  Test Loss: 0.080902  Test MSE: 0.080582
Test MSE did not improve.. Counter 8/100
Epoch: 251/1000   Training Loss: 0.013184  Test Loss: 0.080698  Test MSE: 0.080370
Test MSE did not improve.. Counter 9/100
Epoch: 252/1000   Training Loss: 0.012560  Test Loss: 0.080662  Test MSE: 0.080333
Test MSE did not improve.. Counter 10/100
Epoch: 253/1000   Training Loss: 0.012973  Test Loss: 0.080456  Test MSE: 0.080128
Epoch   253: reducing learning rate of group 0 to 1.9531e-06.
Test MSE did not improve.. Counter 11/100
Epoch: 254/1000   Training Loss: 0.012285  Test Loss: 0.080608  Test MSE: 0.080311
Test MSE did not improve.. Counter 12/100
Epoch: 255/1000   Training Loss: 0.012595  Test Loss: 0.080338  Test MSE: 0.080012
Test MSE did not improve.. Counter 13/100
Epoch: 256/1000   Training Loss: 0.012471  Test Loss: 0.080590  Test MSE: 0.080275
Test MSE did not improve.. Counter 14/100
Epoch: 257/1000   Training Loss: 0.012791  Test Loss: 0.080589  Test MSE: 0.080249
Test MSE did not improve.. Counter 15/100
Epoch: 258/1000   Training Loss: 0.012301  Test Loss: 0.080804  Test MSE: 0.080465
Test MSE did not improve.. Counter 16/100
Epoch: 259/1000   Training Loss: 0.012850  Test Loss: 0.080442  Test MSE: 0.080106
Test MSE did not improve.. Counter 17/100
Epoch: 260/1000   Training Loss: 0.012450  Test Loss: 0.080423  Test MSE: 0.080082
Test MSE did not improve.. Counter 18/100
Epoch: 261/1000   Training Loss: 0.012648  Test Loss: 0.081081  Test MSE: 0.080764
Test MSE did not improve.. Counter 19/100
Epoch: 262/1000   Training Loss: 0.012451  Test Loss: 0.080650  Test MSE: 0.080318
Test MSE did not improve.. Counter 20/100
Epoch: 263/1000   Training Loss: 0.012394  Test Loss: 0.080911  Test MSE: 0.080589
Test MSE did not improve.. Counter 21/100
Epoch: 264/1000   Training Loss: 0.012971  Test Loss: 0.080961  Test MSE: 0.080644
Epoch   264: reducing learning rate of group 0 to 9.7656e-07.
Test MSE did not improve.. Counter 22/100
Epoch: 265/1000   Training Loss: 0.012479  Test Loss: 0.081067  Test MSE: 0.080726
Test MSE did not improve.. Counter 23/100
Epoch: 266/1000   Training Loss: 0.012389  Test Loss: 0.080729  Test MSE: 0.080367
Test MSE did not improve.. Counter 24/100
Epoch: 267/1000   Training Loss: 0.012449  Test Loss: 0.080843  Test MSE: 0.080510
Test MSE did not improve.. Counter 25/100
Epoch: 268/1000   Training Loss: 0.012271  Test Loss: 0.080527  Test MSE: 0.080173
Test MSE did not improve.. Counter 26/100
Epoch: 269/1000   Training Loss: 0.012386  Test Loss: 0.080747  Test MSE: 0.080404
Test MSE did not improve.. Counter 27/100
Epoch: 270/1000   Training Loss: 0.012723  Test Loss: 0.080803  Test MSE: 0.080464
Test MSE did not improve.. Counter 28/100
Epoch: 271/1000   Training Loss: 0.012589  Test Loss: 0.080554  Test MSE: 0.080203
Test MSE did not improve.. Counter 29/100
Epoch: 272/1000   Training Loss: 0.013594  Test Loss: 0.080713  Test MSE: 0.080365
Test MSE did not improve.. Counter 30/100
Epoch: 273/1000   Training Loss: 0.012706  Test Loss: 0.080503  Test MSE: 0.080144
Test MSE did not improve.. Counter 31/100
Epoch: 274/1000   Training Loss: 0.012056  Test Loss: 0.080463  Test MSE: 0.080105
Test MSE did not improve.. Counter 32/100
Epoch: 275/1000   Training Loss: 0.012300  Test Loss: 0.080489  Test MSE: 0.080110
Epoch   275: reducing learning rate of group 0 to 4.8828e-07.
Test MSE did not improve.. Counter 33/100
Epoch: 276/1000   Training Loss: 0.012217  Test Loss: 0.080686  Test MSE: 0.080283
Test MSE did not improve.. Counter 34/100
Epoch: 277/1000   Training Loss: 0.012009  Test Loss: 0.080686  Test MSE: 0.080324
Test MSE did not improve.. Counter 35/100
Epoch: 278/1000   Training Loss: 0.013329  Test Loss: 0.081015  Test MSE: 0.080663
Test MSE did not improve.. Counter 36/100
Epoch: 279/1000   Training Loss: 0.012930  Test Loss: 0.080693  Test MSE: 0.080323
Test MSE did not improve.. Counter 37/100
Epoch: 280/1000   Training Loss: 0.012343  Test Loss: 0.080390  Test MSE: 0.080013
Test MSE did not improve.. Counter 38/100
Epoch: 281/1000   Training Loss: 0.012286  Test Loss: 0.080615  Test MSE: 0.080256
Test MSE did not improve.. Counter 39/100
Epoch: 282/1000   Training Loss: 0.012239  Test Loss: 0.080539  Test MSE: 0.080176
Test MSE did not improve.. Counter 40/100
Epoch: 283/1000   Training Loss: 0.012693  Test Loss: 0.080440  Test MSE: 0.080055
Test MSE did not improve.. Counter 41/100
Epoch: 284/1000   Training Loss: 0.013018  Test Loss: 0.080699  Test MSE: 0.080346
Test MSE did not improve.. Counter 42/100
Epoch: 285/1000   Training Loss: 0.012035  Test Loss: 0.080649  Test MSE: 0.080280
Test MSE did not improve.. Counter 43/100
Epoch: 286/1000   Training Loss: 0.012343  Test Loss: 0.080772  Test MSE: 0.080417
Epoch   286: reducing learning rate of group 0 to 2.4414e-07.
Test MSE did not improve.. Counter 44/100
Epoch: 287/1000   Training Loss: 0.012957  Test Loss: 0.080545  Test MSE: 0.080187
Test MSE did not improve.. Counter 45/100
Epoch: 288/1000   Training Loss: 0.013225  Test Loss: 0.080710  Test MSE: 0.080343
Test MSE did not improve.. Counter 46/100
Epoch: 289/1000   Training Loss: 0.012591  Test Loss: 0.081013  Test MSE: 0.080669
Test MSE did not improve.. Counter 47/100
Epoch: 290/1000   Training Loss: 0.012990  Test Loss: 0.080435  Test MSE: 0.080081
Test MSE did not improve.. Counter 48/100
Epoch: 291/1000   Training Loss: 0.012349  Test Loss: 0.080883  Test MSE: 0.080534
Test MSE did not improve.. Counter 49/100
Epoch: 292/1000   Training Loss: 0.012343  Test Loss: 0.080773  Test MSE: 0.080430
Test MSE did not improve.. Counter 50/100
Epoch: 293/1000   Training Loss: 0.012809  Test Loss: 0.080701  Test MSE: 0.080330
Test MSE did not improve.. Counter 51/100
Epoch: 294/1000   Training Loss: 0.012609  Test Loss: 0.080593  Test MSE: 0.080229
Test MSE did not improve.. Counter 52/100
Epoch: 295/1000   Training Loss: 0.012700  Test Loss: 0.080875  Test MSE: 0.080523
Test MSE did not improve.. Counter 53/100
Epoch: 296/1000   Training Loss: 0.012194  Test Loss: 0.080559  Test MSE: 0.080196
Test MSE did not improve.. Counter 54/100
Epoch: 297/1000   Training Loss: 0.012570  Test Loss: 0.080870  Test MSE: 0.080518
Epoch   297: reducing learning rate of group 0 to 1.2207e-07.
Test MSE did not improve.. Counter 55/100
Epoch: 298/1000   Training Loss: 0.012213  Test Loss: 0.080856  Test MSE: 0.080514
Test MSE did not improve.. Counter 56/100
Epoch: 299/1000   Training Loss: 0.012572  Test Loss: 0.080747  Test MSE: 0.080404
Test MSE did not improve.. Counter 57/100
Epoch: 300/1000   Training Loss: 0.012476  Test Loss: 0.080546  Test MSE: 0.080172
Test MSE did not improve.. Counter 58/100
Epoch: 301/1000   Training Loss: 0.012276  Test Loss: 0.080713  Test MSE: 0.080366
Test MSE did not improve.. Counter 59/100
Epoch: 302/1000   Training Loss: 0.012910  Test Loss: 0.080577  Test MSE: 0.080207
Test MSE did not improve.. Counter 60/100
Epoch: 303/1000   Training Loss: 0.011960  Test Loss: 0.080699  Test MSE: 0.080354
Test MSE did not improve.. Counter 61/100
Epoch: 304/1000   Training Loss: 0.012571  Test Loss: 0.080730  Test MSE: 0.080381
Test MSE did not improve.. Counter 62/100
Epoch: 305/1000   Training Loss: 0.012153  Test Loss: 0.080695  Test MSE: 0.080358
Test MSE did not improve.. Counter 63/100
Epoch: 306/1000   Training Loss: 0.012477  Test Loss: 0.080585  Test MSE: 0.080221
Test MSE did not improve.. Counter 64/100
Epoch: 307/1000   Training Loss: 0.012442  Test Loss: 0.080894  Test MSE: 0.080544
Test MSE did not improve.. Counter 65/100
Epoch: 308/1000   Training Loss: 0.012143  Test Loss: 0.080783  Test MSE: 0.080424
Epoch   308: reducing learning rate of group 0 to 6.1035e-08.
Test MSE did not improve.. Counter 66/100
Epoch: 309/1000   Training Loss: 0.012670  Test Loss: 0.080436  Test MSE: 0.080054
Test MSE did not improve.. Counter 67/100
Epoch: 310/1000   Training Loss: 0.012898  Test Loss: 0.080584  Test MSE: 0.080237
Test MSE did not improve.. Counter 68/100
Epoch: 311/1000   Training Loss: 0.012422  Test Loss: 0.080765  Test MSE: 0.080411
Test MSE did not improve.. Counter 69/100
Epoch: 312/1000   Training Loss: 0.012722  Test Loss: 0.080516  Test MSE: 0.080163
Test MSE did not improve.. Counter 70/100
Epoch: 313/1000   Training Loss: 0.012956  Test Loss: 0.080422  Test MSE: 0.080050
Test MSE did not improve.. Counter 71/100
Epoch: 314/1000   Training Loss: 0.012385  Test Loss: 0.080735  Test MSE: 0.080380
Test MSE did not improve.. Counter 72/100
Epoch: 315/1000   Training Loss: 0.012468  Test Loss: 0.080907  Test MSE: 0.080568
Test MSE did not improve.. Counter 73/100
Epoch: 316/1000   Training Loss: 0.012566  Test Loss: 0.080715  Test MSE: 0.080359
Test MSE did not improve.. Counter 74/100
Epoch: 317/1000   Training Loss: 0.012381  Test Loss: 0.080717  Test MSE: 0.080359
Test MSE did not improve.. Counter 75/100
Epoch: 318/1000   Training Loss: 0.012678  Test Loss: 0.080317  Test MSE: 0.079966
Test MSE did not improve.. Counter 76/100
Epoch: 319/1000   Training Loss: 0.012160  Test Loss: 0.080725  Test MSE: 0.080384
Epoch   319: reducing learning rate of group 0 to 3.0518e-08.
Test MSE did not improve.. Counter 77/100
Epoch: 320/1000   Training Loss: 0.012366  Test Loss: 0.080791  Test MSE: 0.080438
Test MSE did not improve.. Counter 78/100
Epoch: 321/1000   Training Loss: 0.012369  Test Loss: 0.080911  Test MSE: 0.080541
Test MSE did not improve.. Counter 79/100
Epoch: 322/1000   Training Loss: 0.012973  Test Loss: 0.080550  Test MSE: 0.080203
Test MSE did not improve.. Counter 80/100
Epoch: 323/1000   Training Loss: 0.012507  Test Loss: 0.080632  Test MSE: 0.080277
Test MSE did not improve.. Counter 81/100
Epoch: 324/1000   Training Loss: 0.012958  Test Loss: 0.080861  Test MSE: 0.080507
Test MSE did not improve.. Counter 82/100
Epoch: 325/1000   Training Loss: 0.012211  Test Loss: 0.080952  Test MSE: 0.080611
Test MSE did not improve.. Counter 83/100
Epoch: 326/1000   Training Loss: 0.011792  Test Loss: 0.080673  Test MSE: 0.080323
Test MSE did not improve.. Counter 84/100
Epoch: 327/1000   Training Loss: 0.011980  Test Loss: 0.080768  Test MSE: 0.080414
Test MSE did not improve.. Counter 85/100
Epoch: 328/1000   Training Loss: 0.012862  Test Loss: 0.080826  Test MSE: 0.080487
Test MSE did not improve.. Counter 86/100
Epoch: 329/1000   Training Loss: 0.012821  Test Loss: 0.081078  Test MSE: 0.080717
Test MSE did not improve.. Counter 87/100
Epoch: 330/1000   Training Loss: 0.012679  Test Loss: 0.080716  Test MSE: 0.080392
Epoch   330: reducing learning rate of group 0 to 1.5259e-08.
Test MSE did not improve.. Counter 88/100
Epoch: 331/1000   Training Loss: 0.012743  Test Loss: 0.080661  Test MSE: 0.080300
Test MSE did not improve.. Counter 89/100
Epoch: 332/1000   Training Loss: 0.012644  Test Loss: 0.080716  Test MSE: 0.080376
Test MSE did not improve.. Counter 90/100
Epoch: 333/1000   Training Loss: 0.013104  Test Loss: 0.080809  Test MSE: 0.080451
Test MSE did not improve.. Counter 91/100
Epoch: 334/1000   Training Loss: 0.012609  Test Loss: 0.080800  Test MSE: 0.080445
Test MSE did not improve.. Counter 92/100
Epoch: 335/1000   Training Loss: 0.012864  Test Loss: 0.080418  Test MSE: 0.080044
Test MSE did not improve.. Counter 93/100
Epoch: 336/1000   Training Loss: 0.012783  Test Loss: 0.080731  Test MSE: 0.080372
Test MSE did not improve.. Counter 94/100
Epoch: 337/1000   Training Loss: 0.012651  Test Loss: 0.080898  Test MSE: 0.080572
Test MSE did not improve.. Counter 95/100
Epoch: 338/1000   Training Loss: 0.012300  Test Loss: 0.080922  Test MSE: 0.080578
Test MSE did not improve.. Counter 96/100
Epoch: 339/1000   Training Loss: 0.012657  Test Loss: 0.080690  Test MSE: 0.080331
Test MSE did not improve.. Counter 97/100
Epoch: 340/1000   Training Loss: 0.012009  Test Loss: 0.080498  Test MSE: 0.080127
Test MSE did not improve.. Counter 98/100
Epoch: 341/1000   Training Loss: 0.012416  Test Loss: 0.080828  Test MSE: 0.080484
Test MSE did not improve.. Counter 99/100
Epoch: 342/1000   Training Loss: 0.012341  Test Loss: 0.080624  Test MSE: 0.080262
Test MSE did not improve.. Counter 100/100
Epoch: 343/1000   Training Loss: 0.012302  Test Loss: 0.080647  Test MSE: 0.080285
Test MSE did not improve.. Counter 101/100
Early Stopped ..
Saved loss curve to ./result/attention-mmp_mu_opioid_receptor_loss.png
============== Regression Performance =================
* MSE : 0.079896
* RMSE: 0.282658
* R2  : 0.795571
* PCC : 0.894505
* Spearman: 0.876630
=======================================================
