nohup: ignoring input
Using backend: pytorch
{'MODEL': 'attention-diff', 'TARGET_NAME': 'mu_opioid_receptor', 'RANDOM_SEED': 42, 'BATCH_SIZE': 128, 'EARLY_STOPPING_PATIENCE': 100, 'WEIGHT_DECAY': 0.0001, 'DROP_OUT': 0.2, 'DEVICE': 'cuda:0'}
Epoch: 1/1000   Training Loss: 0.517445  Test Loss: 0.364193  Test MSE: 0.364434
Test MSE improved from inf -> 0.364434
Epoch: 2/1000   Training Loss: 0.422075  Test Loss: 0.349569  Test MSE: 0.348520
Test MSE improved from 0.364434 -> 0.348520
Epoch: 3/1000   Training Loss: 0.385821  Test Loss: 0.319354  Test MSE: 0.318026
Test MSE improved from 0.348520 -> 0.318026
Epoch: 4/1000   Training Loss: 0.352984  Test Loss: 0.315189  Test MSE: 0.314679
Test MSE improved from 0.318026 -> 0.314679
Epoch: 5/1000   Training Loss: 0.324209  Test Loss: 0.294935  Test MSE: 0.294841
Test MSE improved from 0.314679 -> 0.294841
Epoch: 6/1000   Training Loss: 0.291135  Test Loss: 0.281923  Test MSE: 0.278955
Test MSE improved from 0.294841 -> 0.278955
Epoch: 7/1000   Training Loss: 0.267191  Test Loss: 0.257135  Test MSE: 0.254663
Test MSE improved from 0.278955 -> 0.254663
Epoch: 8/1000   Training Loss: 0.247642  Test Loss: 0.246586  Test MSE: 0.243490
Test MSE improved from 0.254663 -> 0.243490
Epoch: 9/1000   Training Loss: 0.230039  Test Loss: 0.220521  Test MSE: 0.218984
Test MSE improved from 0.243490 -> 0.218984
Epoch: 10/1000   Training Loss: 0.218911  Test Loss: 0.210669  Test MSE: 0.207976
Test MSE improved from 0.218984 -> 0.207976
Epoch: 11/1000   Training Loss: 0.203725  Test Loss: 0.194272  Test MSE: 0.192491
Test MSE improved from 0.207976 -> 0.192491
Epoch: 12/1000   Training Loss: 0.193995  Test Loss: 0.191217  Test MSE: 0.189002
Test MSE improved from 0.192491 -> 0.189002
Epoch: 13/1000   Training Loss: 0.187803  Test Loss: 0.185034  Test MSE: 0.182359
Test MSE improved from 0.189002 -> 0.182359
Epoch: 14/1000   Training Loss: 0.176403  Test Loss: 0.178271  Test MSE: 0.174729
Test MSE improved from 0.182359 -> 0.174729
Epoch: 15/1000   Training Loss: 0.167772  Test Loss: 0.173634  Test MSE: 0.170739
Test MSE improved from 0.174729 -> 0.170739
Epoch: 16/1000   Training Loss: 0.158566  Test Loss: 0.168742  Test MSE: 0.165799
Test MSE improved from 0.170739 -> 0.165799
Epoch: 17/1000   Training Loss: 0.158278  Test Loss: 0.171260  Test MSE: 0.168650
Test MSE did not improve.. Counter 1/100
Epoch: 18/1000   Training Loss: 0.149316  Test Loss: 0.171506  Test MSE: 0.168617
Test MSE did not improve.. Counter 2/100
Epoch: 19/1000   Training Loss: 0.146605  Test Loss: 0.163340  Test MSE: 0.160825
Test MSE improved from 0.165799 -> 0.160825
Epoch: 20/1000   Training Loss: 0.138606  Test Loss: 0.160247  Test MSE: 0.157542
Test MSE improved from 0.160825 -> 0.157542
Epoch: 21/1000   Training Loss: 0.136957  Test Loss: 0.156677  Test MSE: 0.154050
Test MSE improved from 0.157542 -> 0.154050
Epoch: 22/1000   Training Loss: 0.134249  Test Loss: 0.154886  Test MSE: 0.152001
Test MSE improved from 0.154050 -> 0.152001
Epoch: 23/1000   Training Loss: 0.131732  Test Loss: 0.151053  Test MSE: 0.148530
Test MSE improved from 0.152001 -> 0.148530
Epoch: 24/1000   Training Loss: 0.122859  Test Loss: 0.147737  Test MSE: 0.145119
Test MSE improved from 0.148530 -> 0.145119
Epoch: 25/1000   Training Loss: 0.119734  Test Loss: 0.141210  Test MSE: 0.138773
Test MSE improved from 0.145119 -> 0.138773
Epoch: 26/1000   Training Loss: 0.121320  Test Loss: 0.143758  Test MSE: 0.141212
Test MSE did not improve.. Counter 1/100
Epoch: 27/1000   Training Loss: 0.115422  Test Loss: 0.145578  Test MSE: 0.142638
Test MSE did not improve.. Counter 2/100
Epoch: 28/1000   Training Loss: 0.116199  Test Loss: 0.139742  Test MSE: 0.136931
Test MSE improved from 0.138773 -> 0.136931
Epoch: 29/1000   Training Loss: 0.114904  Test Loss: 0.147428  Test MSE: 0.142679
Test MSE did not improve.. Counter 1/100
Epoch: 30/1000   Training Loss: 0.110997  Test Loss: 0.142669  Test MSE: 0.139182
Test MSE did not improve.. Counter 2/100
Epoch: 31/1000   Training Loss: 0.104763  Test Loss: 0.134569  Test MSE: 0.132552
Test MSE improved from 0.136931 -> 0.132552
Epoch: 32/1000   Training Loss: 0.106852  Test Loss: 0.139035  Test MSE: 0.136668
Test MSE did not improve.. Counter 1/100
Epoch: 33/1000   Training Loss: 0.101732  Test Loss: 0.133179  Test MSE: 0.130919
Test MSE improved from 0.132552 -> 0.130919
Epoch: 34/1000   Training Loss: 0.100208  Test Loss: 0.135191  Test MSE: 0.132475
Test MSE did not improve.. Counter 1/100
Epoch: 35/1000   Training Loss: 0.100053  Test Loss: 0.133631  Test MSE: 0.130986
Test MSE did not improve.. Counter 2/100
Epoch: 36/1000   Training Loss: 0.098781  Test Loss: 0.133826  Test MSE: 0.130920
Test MSE did not improve.. Counter 3/100
Epoch: 37/1000   Training Loss: 0.097470  Test Loss: 0.132902  Test MSE: 0.129834
Test MSE improved from 0.130919 -> 0.129834
Epoch: 38/1000   Training Loss: 0.097112  Test Loss: 0.132572  Test MSE: 0.129029
Test MSE improved from 0.129834 -> 0.129029
Epoch: 39/1000   Training Loss: 0.095513  Test Loss: 0.125446  Test MSE: 0.123236
Test MSE improved from 0.129029 -> 0.123236
Epoch: 40/1000   Training Loss: 0.089378  Test Loss: 0.129259  Test MSE: 0.125738
Test MSE did not improve.. Counter 1/100
Epoch: 41/1000   Training Loss: 0.087691  Test Loss: 0.124786  Test MSE: 0.122146
Test MSE improved from 0.123236 -> 0.122146
Epoch: 42/1000   Training Loss: 0.086874  Test Loss: 0.128959  Test MSE: 0.125654
Test MSE did not improve.. Counter 1/100
Epoch: 43/1000   Training Loss: 0.086623  Test Loss: 0.120294  Test MSE: 0.117991
Test MSE improved from 0.122146 -> 0.117991
Epoch: 44/1000   Training Loss: 0.087187  Test Loss: 0.124546  Test MSE: 0.121114
Test MSE did not improve.. Counter 1/100
Epoch: 45/1000   Training Loss: 0.085749  Test Loss: 0.124046  Test MSE: 0.121439
Test MSE did not improve.. Counter 2/100
Epoch: 46/1000   Training Loss: 0.080728  Test Loss: 0.119986  Test MSE: 0.116258
Test MSE improved from 0.117991 -> 0.116258
Epoch: 47/1000   Training Loss: 0.083464  Test Loss: 0.117124  Test MSE: 0.114135
Test MSE improved from 0.116258 -> 0.114135
Epoch: 48/1000   Training Loss: 0.082670  Test Loss: 0.117428  Test MSE: 0.114392
Test MSE did not improve.. Counter 1/100
Epoch: 49/1000   Training Loss: 0.080161  Test Loss: 0.116752  Test MSE: 0.113660
Test MSE improved from 0.114135 -> 0.113660
Epoch: 50/1000   Training Loss: 0.081156  Test Loss: 0.113118  Test MSE: 0.110471
Test MSE improved from 0.113660 -> 0.110471
Epoch: 51/1000   Training Loss: 0.079684  Test Loss: 0.114231  Test MSE: 0.111370
Test MSE did not improve.. Counter 1/100
Epoch: 52/1000   Training Loss: 0.075168  Test Loss: 0.114388  Test MSE: 0.110632
Test MSE did not improve.. Counter 2/100
Epoch: 53/1000   Training Loss: 0.077482  Test Loss: 0.118936  Test MSE: 0.116645
Test MSE did not improve.. Counter 3/100
Epoch: 54/1000   Training Loss: 0.073485  Test Loss: 0.116396  Test MSE: 0.114291
Test MSE did not improve.. Counter 4/100
Epoch: 55/1000   Training Loss: 0.074035  Test Loss: 0.116459  Test MSE: 0.113109
Test MSE did not improve.. Counter 5/100
Epoch: 56/1000   Training Loss: 0.074771  Test Loss: 0.115438  Test MSE: 0.112760
Test MSE did not improve.. Counter 6/100
Epoch: 57/1000   Training Loss: 0.073344  Test Loss: 0.116043  Test MSE: 0.113225
Test MSE did not improve.. Counter 7/100
Epoch: 58/1000   Training Loss: 0.070780  Test Loss: 0.113089  Test MSE: 0.110450
Test MSE improved from 0.110471 -> 0.110450
Epoch: 59/1000   Training Loss: 0.071681  Test Loss: 0.109838  Test MSE: 0.107581
Test MSE improved from 0.110450 -> 0.107581
Epoch: 60/1000   Training Loss: 0.071316  Test Loss: 0.113405  Test MSE: 0.111555
Test MSE did not improve.. Counter 1/100
Epoch: 61/1000   Training Loss: 0.073189  Test Loss: 0.110361  Test MSE: 0.108027
Test MSE did not improve.. Counter 2/100
Epoch: 62/1000   Training Loss: 0.072504  Test Loss: 0.101072  Test MSE: 0.099200
Test MSE improved from 0.107581 -> 0.099200
Epoch: 63/1000   Training Loss: 0.071193  Test Loss: 0.110808  Test MSE: 0.108796
Test MSE did not improve.. Counter 1/100
Epoch: 64/1000   Training Loss: 0.069007  Test Loss: 0.104579  Test MSE: 0.101558
Test MSE did not improve.. Counter 2/100
Epoch: 65/1000   Training Loss: 0.070528  Test Loss: 0.106538  Test MSE: 0.103641
Test MSE did not improve.. Counter 3/100
Epoch: 66/1000   Training Loss: 0.066545  Test Loss: 0.104425  Test MSE: 0.101271
Test MSE did not improve.. Counter 4/100
Epoch: 67/1000   Training Loss: 0.069892  Test Loss: 0.104069  Test MSE: 0.101980
Test MSE did not improve.. Counter 5/100
Epoch: 68/1000   Training Loss: 0.064563  Test Loss: 0.103923  Test MSE: 0.101167
Test MSE did not improve.. Counter 6/100
Epoch: 69/1000   Training Loss: 0.064039  Test Loss: 0.104613  Test MSE: 0.101321
Test MSE did not improve.. Counter 7/100
Epoch: 70/1000   Training Loss: 0.065199  Test Loss: 0.103786  Test MSE: 0.100726
Test MSE did not improve.. Counter 8/100
Epoch: 71/1000   Training Loss: 0.063987  Test Loss: 0.104246  Test MSE: 0.102181
Test MSE did not improve.. Counter 9/100
Epoch: 72/1000   Training Loss: 0.064929  Test Loss: 0.103078  Test MSE: 0.101437
Test MSE did not improve.. Counter 10/100
Epoch: 73/1000   Training Loss: 0.066727  Test Loss: 0.102849  Test MSE: 0.100104
Epoch    73: reducing learning rate of group 0 to 2.5000e-04.
Test MSE did not improve.. Counter 11/100
Epoch: 74/1000   Training Loss: 0.059480  Test Loss: 0.098386  Test MSE: 0.095791
Test MSE improved from 0.099200 -> 0.095791
Epoch: 75/1000   Training Loss: 0.054454  Test Loss: 0.098620  Test MSE: 0.096503
Test MSE did not improve.. Counter 1/100
Epoch: 76/1000   Training Loss: 0.053182  Test Loss: 0.096169  Test MSE: 0.094377
Test MSE improved from 0.095791 -> 0.094377
Epoch: 77/1000   Training Loss: 0.051022  Test Loss: 0.096698  Test MSE: 0.094555
Test MSE did not improve.. Counter 1/100
Epoch: 78/1000   Training Loss: 0.050214  Test Loss: 0.095969  Test MSE: 0.094039
Test MSE improved from 0.094377 -> 0.094039
Epoch: 79/1000   Training Loss: 0.051023  Test Loss: 0.094662  Test MSE: 0.092278
Test MSE improved from 0.094039 -> 0.092278
Epoch: 80/1000   Training Loss: 0.048872  Test Loss: 0.097087  Test MSE: 0.095173
Test MSE did not improve.. Counter 1/100
Epoch: 81/1000   Training Loss: 0.049423  Test Loss: 0.097085  Test MSE: 0.095196
Test MSE did not improve.. Counter 2/100
Epoch: 82/1000   Training Loss: 0.048292  Test Loss: 0.094676  Test MSE: 0.092808
Test MSE did not improve.. Counter 3/100
Epoch: 83/1000   Training Loss: 0.049910  Test Loss: 0.096700  Test MSE: 0.095197
Test MSE did not improve.. Counter 4/100
Epoch: 84/1000   Training Loss: 0.047288  Test Loss: 0.096352  Test MSE: 0.094718
Test MSE did not improve.. Counter 5/100
Epoch: 85/1000   Training Loss: 0.049223  Test Loss: 0.096144  Test MSE: 0.094287
Test MSE did not improve.. Counter 6/100
Epoch: 86/1000   Training Loss: 0.048236  Test Loss: 0.096198  Test MSE: 0.094027
Test MSE did not improve.. Counter 7/100
Epoch: 87/1000   Training Loss: 0.047617  Test Loss: 0.092215  Test MSE: 0.090753
Test MSE improved from 0.092278 -> 0.090753
Epoch: 88/1000   Training Loss: 0.045888  Test Loss: 0.094286  Test MSE: 0.092369
Test MSE did not improve.. Counter 1/100
Epoch: 89/1000   Training Loss: 0.045454  Test Loss: 0.088830  Test MSE: 0.087776
Test MSE improved from 0.090753 -> 0.087776
Epoch: 90/1000   Training Loss: 0.046481  Test Loss: 0.095469  Test MSE: 0.093360
Test MSE did not improve.. Counter 1/100
Epoch: 91/1000   Training Loss: 0.044463  Test Loss: 0.091550  Test MSE: 0.090401
Test MSE did not improve.. Counter 2/100
Epoch: 92/1000   Training Loss: 0.046725  Test Loss: 0.092590  Test MSE: 0.090730
Test MSE did not improve.. Counter 3/100
Epoch: 93/1000   Training Loss: 0.044373  Test Loss: 0.089696  Test MSE: 0.088523
Test MSE did not improve.. Counter 4/100
Epoch: 94/1000   Training Loss: 0.045053  Test Loss: 0.092311  Test MSE: 0.090782
Test MSE did not improve.. Counter 5/100
Epoch: 95/1000   Training Loss: 0.047305  Test Loss: 0.092208  Test MSE: 0.089859
Test MSE did not improve.. Counter 6/100
Epoch: 96/1000   Training Loss: 0.047225  Test Loss: 0.088437  Test MSE: 0.087673
Test MSE improved from 0.087776 -> 0.087673
Epoch: 97/1000   Training Loss: 0.044678  Test Loss: 0.089453  Test MSE: 0.088090
Test MSE did not improve.. Counter 1/100
Epoch: 98/1000   Training Loss: 0.043608  Test Loss: 0.088806  Test MSE: 0.086744
Test MSE improved from 0.087673 -> 0.086744
Epoch: 99/1000   Training Loss: 0.044860  Test Loss: 0.084079  Test MSE: 0.082718
Test MSE improved from 0.086744 -> 0.082718
Epoch: 100/1000   Training Loss: 0.045733  Test Loss: 0.089337  Test MSE: 0.087915
Test MSE did not improve.. Counter 1/100
Epoch: 101/1000   Training Loss: 0.043551  Test Loss: 0.090422  Test MSE: 0.089276
Test MSE did not improve.. Counter 2/100
Epoch: 102/1000   Training Loss: 0.044131  Test Loss: 0.089963  Test MSE: 0.088326
Test MSE did not improve.. Counter 3/100
Epoch: 103/1000   Training Loss: 0.043728  Test Loss: 0.089517  Test MSE: 0.087725
Test MSE did not improve.. Counter 4/100
Epoch: 104/1000   Training Loss: 0.044115  Test Loss: 0.091828  Test MSE: 0.090374
Test MSE did not improve.. Counter 5/100
Epoch: 105/1000   Training Loss: 0.045442  Test Loss: 0.091527  Test MSE: 0.089517
Test MSE did not improve.. Counter 6/100
Epoch: 106/1000   Training Loss: 0.042817  Test Loss: 0.089547  Test MSE: 0.086883
Test MSE did not improve.. Counter 7/100
Epoch: 107/1000   Training Loss: 0.043426  Test Loss: 0.086327  Test MSE: 0.084923
Test MSE did not improve.. Counter 8/100
Epoch: 108/1000   Training Loss: 0.041273  Test Loss: 0.094074  Test MSE: 0.091506
Test MSE did not improve.. Counter 9/100
Epoch: 109/1000   Training Loss: 0.044644  Test Loss: 0.087236  Test MSE: 0.085560
Test MSE did not improve.. Counter 10/100
Epoch: 110/1000   Training Loss: 0.040051  Test Loss: 0.087430  Test MSE: 0.086030
Epoch   110: reducing learning rate of group 0 to 1.2500e-04.
Test MSE did not improve.. Counter 11/100
Epoch: 111/1000   Training Loss: 0.039368  Test Loss: 0.082025  Test MSE: 0.080551
Test MSE improved from 0.082718 -> 0.080551
Epoch: 112/1000   Training Loss: 0.037670  Test Loss: 0.084247  Test MSE: 0.082507
Test MSE did not improve.. Counter 1/100
Epoch: 113/1000   Training Loss: 0.035671  Test Loss: 0.082122  Test MSE: 0.080735
Test MSE did not improve.. Counter 2/100
Epoch: 114/1000   Training Loss: 0.037361  Test Loss: 0.084182  Test MSE: 0.083107
Test MSE did not improve.. Counter 3/100
Epoch: 115/1000   Training Loss: 0.037047  Test Loss: 0.083450  Test MSE: 0.081959
Test MSE did not improve.. Counter 4/100
Epoch: 116/1000   Training Loss: 0.035519  Test Loss: 0.081809  Test MSE: 0.080593
Test MSE did not improve.. Counter 5/100
Epoch: 117/1000   Training Loss: 0.035538  Test Loss: 0.084191  Test MSE: 0.082803
Test MSE did not improve.. Counter 6/100
Epoch: 118/1000   Training Loss: 0.034939  Test Loss: 0.083653  Test MSE: 0.082317
Test MSE did not improve.. Counter 7/100
Epoch: 119/1000   Training Loss: 0.035571  Test Loss: 0.082546  Test MSE: 0.081254
Test MSE did not improve.. Counter 8/100
Epoch: 120/1000   Training Loss: 0.034541  Test Loss: 0.083059  Test MSE: 0.081808
Test MSE did not improve.. Counter 9/100
Epoch: 121/1000   Training Loss: 0.034528  Test Loss: 0.083408  Test MSE: 0.082283
Test MSE did not improve.. Counter 10/100
Epoch: 122/1000   Training Loss: 0.035152  Test Loss: 0.083714  Test MSE: 0.082376
Epoch   122: reducing learning rate of group 0 to 6.2500e-05.
Test MSE did not improve.. Counter 11/100
Epoch: 123/1000   Training Loss: 0.033068  Test Loss: 0.081578  Test MSE: 0.080149
Test MSE improved from 0.080551 -> 0.080149
Epoch: 124/1000   Training Loss: 0.033086  Test Loss: 0.081148  Test MSE: 0.080026
Test MSE improved from 0.080149 -> 0.080026
Epoch: 125/1000   Training Loss: 0.032663  Test Loss: 0.081815  Test MSE: 0.080388
Test MSE did not improve.. Counter 1/100
Epoch: 126/1000   Training Loss: 0.032291  Test Loss: 0.081155  Test MSE: 0.079696
Test MSE improved from 0.080026 -> 0.079696
Epoch: 127/1000   Training Loss: 0.031812  Test Loss: 0.081833  Test MSE: 0.080627
Test MSE did not improve.. Counter 1/100
Epoch: 128/1000   Training Loss: 0.030825  Test Loss: 0.081015  Test MSE: 0.079922
Test MSE did not improve.. Counter 2/100
Epoch: 129/1000   Training Loss: 0.030700  Test Loss: 0.080594  Test MSE: 0.079626
Test MSE improved from 0.079696 -> 0.079626
Epoch: 130/1000   Training Loss: 0.030205  Test Loss: 0.080473  Test MSE: 0.079503
Test MSE improved from 0.079626 -> 0.079503
Epoch: 131/1000   Training Loss: 0.030940  Test Loss: 0.081523  Test MSE: 0.080326
Test MSE did not improve.. Counter 1/100
Epoch: 132/1000   Training Loss: 0.030908  Test Loss: 0.080236  Test MSE: 0.079268
Test MSE improved from 0.079503 -> 0.079268
Epoch: 133/1000   Training Loss: 0.031109  Test Loss: 0.081415  Test MSE: 0.080268
Test MSE did not improve.. Counter 1/100
Epoch: 134/1000   Training Loss: 0.031247  Test Loss: 0.079421  Test MSE: 0.078449
Test MSE improved from 0.079268 -> 0.078449
Epoch: 135/1000   Training Loss: 0.030407  Test Loss: 0.080952  Test MSE: 0.079946
Test MSE did not improve.. Counter 1/100
Epoch: 136/1000   Training Loss: 0.030853  Test Loss: 0.079784  Test MSE: 0.078529
Test MSE did not improve.. Counter 2/100
Epoch: 137/1000   Training Loss: 0.031531  Test Loss: 0.081706  Test MSE: 0.080708
Test MSE did not improve.. Counter 3/100
Epoch: 138/1000   Training Loss: 0.030716  Test Loss: 0.080576  Test MSE: 0.079333
Test MSE did not improve.. Counter 4/100
Epoch: 139/1000   Training Loss: 0.029668  Test Loss: 0.080877  Test MSE: 0.079717
Test MSE did not improve.. Counter 5/100
Epoch: 140/1000   Training Loss: 0.029732  Test Loss: 0.081952  Test MSE: 0.080983
Test MSE did not improve.. Counter 6/100
Epoch: 141/1000   Training Loss: 0.030064  Test Loss: 0.082352  Test MSE: 0.081299
Test MSE did not improve.. Counter 7/100
Epoch: 142/1000   Training Loss: 0.029917  Test Loss: 0.079858  Test MSE: 0.078895
Test MSE did not improve.. Counter 8/100
Epoch: 143/1000   Training Loss: 0.030254  Test Loss: 0.079962  Test MSE: 0.078477
Test MSE did not improve.. Counter 9/100
Epoch: 144/1000   Training Loss: 0.030527  Test Loss: 0.079622  Test MSE: 0.078391
Test MSE improved from 0.078449 -> 0.078391
Epoch: 145/1000   Training Loss: 0.029513  Test Loss: 0.079744  Test MSE: 0.078589
Test MSE did not improve.. Counter 1/100
Epoch: 146/1000   Training Loss: 0.029485  Test Loss: 0.081120  Test MSE: 0.079953
Test MSE did not improve.. Counter 2/100
Epoch: 147/1000   Training Loss: 0.030760  Test Loss: 0.080616  Test MSE: 0.079652
Test MSE did not improve.. Counter 3/100
Epoch: 148/1000   Training Loss: 0.030043  Test Loss: 0.080226  Test MSE: 0.079161
Test MSE did not improve.. Counter 4/100
Epoch: 149/1000   Training Loss: 0.030424  Test Loss: 0.079217  Test MSE: 0.078205
Test MSE improved from 0.078391 -> 0.078205
Epoch: 150/1000   Training Loss: 0.029662  Test Loss: 0.080955  Test MSE: 0.080050
Test MSE did not improve.. Counter 1/100
Epoch: 151/1000   Training Loss: 0.029661  Test Loss: 0.080023  Test MSE: 0.079100
Test MSE did not improve.. Counter 2/100
Epoch: 152/1000   Training Loss: 0.029140  Test Loss: 0.081205  Test MSE: 0.079942
Test MSE did not improve.. Counter 3/100
Epoch: 153/1000   Training Loss: 0.029351  Test Loss: 0.080470  Test MSE: 0.079223
Test MSE did not improve.. Counter 4/100
Epoch: 154/1000   Training Loss: 0.029642  Test Loss: 0.078237  Test MSE: 0.076875
Test MSE improved from 0.078205 -> 0.076875
Epoch: 155/1000   Training Loss: 0.029048  Test Loss: 0.081369  Test MSE: 0.079748
Test MSE did not improve.. Counter 1/100
Epoch: 156/1000   Training Loss: 0.028480  Test Loss: 0.078760  Test MSE: 0.077738
Test MSE did not improve.. Counter 2/100
Epoch: 157/1000   Training Loss: 0.029956  Test Loss: 0.080432  Test MSE: 0.079122
Test MSE did not improve.. Counter 3/100
Epoch: 158/1000   Training Loss: 0.028185  Test Loss: 0.079462  Test MSE: 0.078275
Test MSE did not improve.. Counter 4/100
Epoch: 159/1000   Training Loss: 0.028767  Test Loss: 0.078759  Test MSE: 0.077662
Test MSE did not improve.. Counter 5/100
Epoch: 160/1000   Training Loss: 0.027792  Test Loss: 0.077916  Test MSE: 0.076933
Test MSE did not improve.. Counter 6/100
Epoch: 161/1000   Training Loss: 0.028895  Test Loss: 0.079035  Test MSE: 0.077905
Test MSE did not improve.. Counter 7/100
Epoch: 162/1000   Training Loss: 0.028737  Test Loss: 0.078467  Test MSE: 0.077390
Test MSE did not improve.. Counter 8/100
Epoch: 163/1000   Training Loss: 0.027947  Test Loss: 0.079348  Test MSE: 0.078079
Test MSE did not improve.. Counter 9/100
Epoch: 164/1000   Training Loss: 0.027844  Test Loss: 0.078538  Test MSE: 0.077409
Test MSE did not improve.. Counter 10/100
Epoch: 165/1000   Training Loss: 0.028267  Test Loss: 0.078051  Test MSE: 0.077135
Epoch   165: reducing learning rate of group 0 to 3.1250e-05.
Test MSE did not improve.. Counter 11/100
Epoch: 166/1000   Training Loss: 0.027447  Test Loss: 0.078489  Test MSE: 0.077633
Test MSE did not improve.. Counter 12/100
Epoch: 167/1000   Training Loss: 0.027321  Test Loss: 0.077942  Test MSE: 0.077021
Test MSE did not improve.. Counter 13/100
Epoch: 168/1000   Training Loss: 0.026416  Test Loss: 0.076913  Test MSE: 0.076098
Test MSE improved from 0.076875 -> 0.076098
Epoch: 169/1000   Training Loss: 0.027347  Test Loss: 0.077892  Test MSE: 0.076878
Test MSE did not improve.. Counter 1/100
Epoch: 170/1000   Training Loss: 0.026977  Test Loss: 0.078586  Test MSE: 0.077714
Test MSE did not improve.. Counter 2/100
Epoch: 171/1000   Training Loss: 0.026313  Test Loss: 0.078897  Test MSE: 0.077886
Test MSE did not improve.. Counter 3/100
Epoch: 172/1000   Training Loss: 0.026842  Test Loss: 0.080454  Test MSE: 0.079386
Test MSE did not improve.. Counter 4/100
Epoch: 173/1000   Training Loss: 0.026754  Test Loss: 0.077764  Test MSE: 0.076781
Test MSE did not improve.. Counter 5/100
Epoch: 174/1000   Training Loss: 0.025625  Test Loss: 0.078046  Test MSE: 0.077046
Test MSE did not improve.. Counter 6/100
Epoch: 175/1000   Training Loss: 0.026311  Test Loss: 0.079045  Test MSE: 0.077982
Test MSE did not improve.. Counter 7/100
Epoch: 176/1000   Training Loss: 0.026760  Test Loss: 0.078671  Test MSE: 0.077615
Test MSE did not improve.. Counter 8/100
Epoch: 177/1000   Training Loss: 0.025934  Test Loss: 0.079762  Test MSE: 0.078852
Test MSE did not improve.. Counter 9/100
Epoch: 178/1000   Training Loss: 0.025641  Test Loss: 0.079314  Test MSE: 0.078323
Test MSE did not improve.. Counter 10/100
Epoch: 179/1000   Training Loss: 0.026050  Test Loss: 0.079052  Test MSE: 0.078153
Epoch   179: reducing learning rate of group 0 to 1.5625e-05.
Test MSE did not improve.. Counter 11/100
Epoch: 180/1000   Training Loss: 0.025927  Test Loss: 0.079169  Test MSE: 0.078145
Test MSE did not improve.. Counter 12/100
Epoch: 181/1000   Training Loss: 0.025501  Test Loss: 0.079428  Test MSE: 0.078484
Test MSE did not improve.. Counter 13/100
Epoch: 182/1000   Training Loss: 0.025105  Test Loss: 0.078462  Test MSE: 0.077506
Test MSE did not improve.. Counter 14/100
Epoch: 183/1000   Training Loss: 0.025484  Test Loss: 0.078914  Test MSE: 0.077811
Test MSE did not improve.. Counter 15/100
Epoch: 184/1000   Training Loss: 0.024841  Test Loss: 0.080546  Test MSE: 0.079496
Test MSE did not improve.. Counter 16/100
Epoch: 185/1000   Training Loss: 0.024337  Test Loss: 0.078785  Test MSE: 0.077788
Test MSE did not improve.. Counter 17/100
Epoch: 186/1000   Training Loss: 0.023825  Test Loss: 0.078921  Test MSE: 0.077913
Test MSE did not improve.. Counter 18/100
Epoch: 187/1000   Training Loss: 0.025165  Test Loss: 0.079649  Test MSE: 0.078648
Test MSE did not improve.. Counter 19/100
Epoch: 188/1000   Training Loss: 0.025282  Test Loss: 0.078328  Test MSE: 0.077335
Test MSE did not improve.. Counter 20/100
Epoch: 189/1000   Training Loss: 0.025842  Test Loss: 0.078860  Test MSE: 0.077724
Test MSE did not improve.. Counter 21/100
Epoch: 190/1000   Training Loss: 0.024347  Test Loss: 0.079020  Test MSE: 0.078085
Epoch   190: reducing learning rate of group 0 to 7.8125e-06.
Test MSE did not improve.. Counter 22/100
Epoch: 191/1000   Training Loss: 0.025269  Test Loss: 0.079596  Test MSE: 0.078572
Test MSE did not improve.. Counter 23/100
Epoch: 192/1000   Training Loss: 0.024951  Test Loss: 0.078962  Test MSE: 0.077940
Test MSE did not improve.. Counter 24/100
Epoch: 193/1000   Training Loss: 0.025424  Test Loss: 0.079277  Test MSE: 0.078256
Test MSE did not improve.. Counter 25/100
Epoch: 194/1000   Training Loss: 0.024737  Test Loss: 0.079044  Test MSE: 0.078019
Test MSE did not improve.. Counter 26/100
Epoch: 195/1000   Training Loss: 0.024688  Test Loss: 0.079381  Test MSE: 0.078345
Test MSE did not improve.. Counter 27/100
Epoch: 196/1000   Training Loss: 0.024687  Test Loss: 0.079517  Test MSE: 0.078522
Test MSE did not improve.. Counter 28/100
Epoch: 197/1000   Training Loss: 0.024277  Test Loss: 0.079576  Test MSE: 0.078587
Test MSE did not improve.. Counter 29/100
Epoch: 198/1000   Training Loss: 0.024427  Test Loss: 0.079653  Test MSE: 0.078674
Test MSE did not improve.. Counter 30/100
Epoch: 199/1000   Training Loss: 0.025269  Test Loss: 0.079789  Test MSE: 0.078819
Test MSE did not improve.. Counter 31/100
Epoch: 200/1000   Training Loss: 0.024185  Test Loss: 0.079868  Test MSE: 0.078927
Test MSE did not improve.. Counter 32/100
Epoch: 201/1000   Training Loss: 0.024723  Test Loss: 0.079137  Test MSE: 0.078095
Epoch   201: reducing learning rate of group 0 to 3.9063e-06.
Test MSE did not improve.. Counter 33/100
Epoch: 202/1000   Training Loss: 0.024940  Test Loss: 0.079143  Test MSE: 0.078146
Test MSE did not improve.. Counter 34/100
Epoch: 203/1000   Training Loss: 0.023760  Test Loss: 0.079407  Test MSE: 0.078422
Test MSE did not improve.. Counter 35/100
Epoch: 204/1000   Training Loss: 0.025460  Test Loss: 0.080018  Test MSE: 0.079074
Test MSE did not improve.. Counter 36/100
Epoch: 205/1000   Training Loss: 0.024935  Test Loss: 0.079553  Test MSE: 0.078608
Test MSE did not improve.. Counter 37/100
Epoch: 206/1000   Training Loss: 0.024850  Test Loss: 0.080171  Test MSE: 0.079272
Test MSE did not improve.. Counter 38/100
Epoch: 207/1000   Training Loss: 0.023923  Test Loss: 0.079142  Test MSE: 0.078209
Test MSE did not improve.. Counter 39/100
Epoch: 208/1000   Training Loss: 0.024226  Test Loss: 0.079242  Test MSE: 0.078317
Test MSE did not improve.. Counter 40/100
Epoch: 209/1000   Training Loss: 0.025065  Test Loss: 0.078667  Test MSE: 0.077636
Test MSE did not improve.. Counter 41/100
Epoch: 210/1000   Training Loss: 0.025633  Test Loss: 0.079676  Test MSE: 0.078682
Test MSE did not improve.. Counter 42/100
Epoch: 211/1000   Training Loss: 0.024935  Test Loss: 0.079088  Test MSE: 0.078055
Test MSE did not improve.. Counter 43/100
Epoch: 212/1000   Training Loss: 0.025619  Test Loss: 0.079212  Test MSE: 0.078183
Epoch   212: reducing learning rate of group 0 to 1.9531e-06.
Test MSE did not improve.. Counter 44/100
Epoch: 213/1000   Training Loss: 0.024841  Test Loss: 0.079087  Test MSE: 0.078039
Test MSE did not improve.. Counter 45/100
Epoch: 214/1000   Training Loss: 0.024389  Test Loss: 0.079624  Test MSE: 0.078618
Test MSE did not improve.. Counter 46/100
Epoch: 215/1000   Training Loss: 0.024942  Test Loss: 0.079061  Test MSE: 0.078053
Test MSE did not improve.. Counter 47/100
Epoch: 216/1000   Training Loss: 0.025026  Test Loss: 0.079050  Test MSE: 0.078023
Test MSE did not improve.. Counter 48/100
Epoch: 217/1000   Training Loss: 0.023929  Test Loss: 0.079377  Test MSE: 0.078362
Test MSE did not improve.. Counter 49/100
Epoch: 218/1000   Training Loss: 0.024655  Test Loss: 0.078919  Test MSE: 0.077851
Test MSE did not improve.. Counter 50/100
Epoch: 219/1000   Training Loss: 0.024072  Test Loss: 0.079096  Test MSE: 0.078025
Test MSE did not improve.. Counter 51/100
Epoch: 220/1000   Training Loss: 0.024009  Test Loss: 0.079211  Test MSE: 0.078171
Test MSE did not improve.. Counter 52/100
Epoch: 221/1000   Training Loss: 0.024566  Test Loss: 0.078987  Test MSE: 0.077962
Test MSE did not improve.. Counter 53/100
Epoch: 222/1000   Training Loss: 0.024254  Test Loss: 0.078704  Test MSE: 0.077646
Test MSE did not improve.. Counter 54/100
Epoch: 223/1000   Training Loss: 0.024668  Test Loss: 0.079100  Test MSE: 0.078070
Epoch   223: reducing learning rate of group 0 to 9.7656e-07.
Test MSE did not improve.. Counter 55/100
Epoch: 224/1000   Training Loss: 0.024408  Test Loss: 0.079011  Test MSE: 0.077982
Test MSE did not improve.. Counter 56/100
Epoch: 225/1000   Training Loss: 0.025064  Test Loss: 0.079612  Test MSE: 0.078572
Test MSE did not improve.. Counter 57/100
Epoch: 226/1000   Training Loss: 0.024405  Test Loss: 0.079078  Test MSE: 0.078019
Test MSE did not improve.. Counter 58/100
Epoch: 227/1000   Training Loss: 0.024846  Test Loss: 0.079274  Test MSE: 0.078215
Test MSE did not improve.. Counter 59/100
Epoch: 228/1000   Training Loss: 0.024922  Test Loss: 0.079438  Test MSE: 0.078385
Test MSE did not improve.. Counter 60/100
Epoch: 229/1000   Training Loss: 0.024383  Test Loss: 0.079640  Test MSE: 0.078587
Test MSE did not improve.. Counter 61/100
Epoch: 230/1000   Training Loss: 0.024495  Test Loss: 0.078897  Test MSE: 0.077842
Test MSE did not improve.. Counter 62/100
Epoch: 231/1000   Training Loss: 0.023489  Test Loss: 0.079575  Test MSE: 0.078543
Test MSE did not improve.. Counter 63/100
Epoch: 232/1000   Training Loss: 0.024585  Test Loss: 0.079330  Test MSE: 0.078300
Test MSE did not improve.. Counter 64/100
Epoch: 233/1000   Training Loss: 0.024185  Test Loss: 0.079045  Test MSE: 0.078011
Test MSE did not improve.. Counter 65/100
Epoch: 234/1000   Training Loss: 0.024604  Test Loss: 0.079094  Test MSE: 0.078061
Epoch   234: reducing learning rate of group 0 to 4.8828e-07.
Test MSE did not improve.. Counter 66/100
Epoch: 235/1000   Training Loss: 0.024621  Test Loss: 0.079170  Test MSE: 0.078136
Test MSE did not improve.. Counter 67/100
Epoch: 236/1000   Training Loss: 0.024327  Test Loss: 0.078889  Test MSE: 0.077857
Test MSE did not improve.. Counter 68/100
Epoch: 237/1000   Training Loss: 0.024603  Test Loss: 0.079036  Test MSE: 0.077976
Test MSE did not improve.. Counter 69/100
Epoch: 238/1000   Training Loss: 0.023834  Test Loss: 0.079087  Test MSE: 0.078042
Test MSE did not improve.. Counter 70/100
Epoch: 239/1000   Training Loss: 0.023316  Test Loss: 0.079457  Test MSE: 0.078442
Test MSE did not improve.. Counter 71/100
Epoch: 240/1000   Training Loss: 0.024272  Test Loss: 0.078781  Test MSE: 0.077726
Test MSE did not improve.. Counter 72/100
Epoch: 241/1000   Training Loss: 0.024379  Test Loss: 0.079303  Test MSE: 0.078261
Test MSE did not improve.. Counter 73/100
Epoch: 242/1000   Training Loss: 0.023834  Test Loss: 0.078896  Test MSE: 0.077846
Test MSE did not improve.. Counter 74/100
Epoch: 243/1000   Training Loss: 0.023632  Test Loss: 0.079065  Test MSE: 0.078028
Test MSE did not improve.. Counter 75/100
Epoch: 244/1000   Training Loss: 0.024027  Test Loss: 0.079341  Test MSE: 0.078319
Test MSE did not improve.. Counter 76/100
Epoch: 245/1000   Training Loss: 0.024445  Test Loss: 0.079396  Test MSE: 0.078387
Epoch   245: reducing learning rate of group 0 to 2.4414e-07.
Test MSE did not improve.. Counter 77/100
Epoch: 246/1000   Training Loss: 0.024283  Test Loss: 0.079367  Test MSE: 0.078348
Test MSE did not improve.. Counter 78/100
Epoch: 247/1000   Training Loss: 0.024626  Test Loss: 0.079063  Test MSE: 0.078047
Test MSE did not improve.. Counter 79/100
Epoch: 248/1000   Training Loss: 0.024121  Test Loss: 0.079306  Test MSE: 0.078273
Test MSE did not improve.. Counter 80/100
Epoch: 249/1000   Training Loss: 0.024173  Test Loss: 0.079139  Test MSE: 0.078111
Test MSE did not improve.. Counter 81/100
Epoch: 250/1000   Training Loss: 0.024121  Test Loss: 0.078931  Test MSE: 0.077908
Test MSE did not improve.. Counter 82/100
Epoch: 251/1000   Training Loss: 0.024963  Test Loss: 0.078982  Test MSE: 0.077953
Test MSE did not improve.. Counter 83/100
Epoch: 252/1000   Training Loss: 0.023903  Test Loss: 0.079119  Test MSE: 0.078067
Test MSE did not improve.. Counter 84/100
Epoch: 253/1000   Training Loss: 0.024614  Test Loss: 0.078985  Test MSE: 0.077949
Test MSE did not improve.. Counter 85/100
Epoch: 254/1000   Training Loss: 0.023688  Test Loss: 0.078952  Test MSE: 0.077925
Test MSE did not improve.. Counter 86/100
Epoch: 255/1000   Training Loss: 0.024497  Test Loss: 0.078738  Test MSE: 0.077696
Test MSE did not improve.. Counter 87/100
Epoch: 256/1000   Training Loss: 0.023319  Test Loss: 0.078759  Test MSE: 0.077690
Epoch   256: reducing learning rate of group 0 to 1.2207e-07.
Test MSE did not improve.. Counter 88/100
Epoch: 257/1000   Training Loss: 0.024141  Test Loss: 0.079152  Test MSE: 0.078132
Test MSE did not improve.. Counter 89/100
Epoch: 258/1000   Training Loss: 0.024178  Test Loss: 0.079141  Test MSE: 0.078095
Test MSE did not improve.. Counter 90/100
Epoch: 259/1000   Training Loss: 0.024203  Test Loss: 0.078545  Test MSE: 0.077498
Test MSE did not improve.. Counter 91/100
Epoch: 260/1000   Training Loss: 0.024937  Test Loss: 0.079124  Test MSE: 0.078098
Test MSE did not improve.. Counter 92/100
Epoch: 261/1000   Training Loss: 0.024633  Test Loss: 0.078949  Test MSE: 0.077918
Test MSE did not improve.. Counter 93/100
Epoch: 262/1000   Training Loss: 0.024267  Test Loss: 0.079118  Test MSE: 0.078095
Test MSE did not improve.. Counter 94/100
Epoch: 263/1000   Training Loss: 0.024247  Test Loss: 0.079280  Test MSE: 0.078245
Test MSE did not improve.. Counter 95/100
Epoch: 264/1000   Training Loss: 0.024266  Test Loss: 0.078795  Test MSE: 0.077770
Test MSE did not improve.. Counter 96/100
Epoch: 265/1000   Training Loss: 0.024152  Test Loss: 0.079404  Test MSE: 0.078385
Test MSE did not improve.. Counter 97/100
Epoch: 266/1000   Training Loss: 0.023639  Test Loss: 0.079223  Test MSE: 0.078186
Test MSE did not improve.. Counter 98/100
Epoch: 267/1000   Training Loss: 0.024530  Test Loss: 0.079161  Test MSE: 0.078130
Epoch   267: reducing learning rate of group 0 to 6.1035e-08.
Test MSE did not improve.. Counter 99/100
Epoch: 268/1000   Training Loss: 0.023306  Test Loss: 0.078954  Test MSE: 0.077950
Test MSE did not improve.. Counter 100/100
Epoch: 269/1000   Training Loss: 0.024211  Test Loss: 0.079004  Test MSE: 0.077995
Test MSE did not improve.. Counter 101/100
Early Stopped ..
Saved loss curve to ./result/attention-diff_mu_opioid_receptor_loss.png
============== Regression Performance =================
* MSE : 0.076098
* RMSE: 0.275858
* R2  : 0.805289
* PCC : 0.900710
* Spearman: 0.887968
=======================================================
