nohup: ignoring input
{'MODEL': 'attention-diff', 'TARGET_NAME': 'melanocortin_receptor_4', 'RANDOM_SEED': 42, 'BATCH_SIZE': 128, 'EARLY_STOPPING_PATIENCE': 100, 'WEIGHT_DECAY': 0.0001, 'DROP_OUT': 0.2, 'DEVICE': 'cuda:0'}
Epoch: 1/1000   Training Loss: 0.440407  Test Loss: 0.254359  Test MSE: 0.260843
Test MSE improved from inf -> 0.260843
Epoch: 2/1000   Training Loss: 0.355075  Test Loss: 0.231117  Test MSE: 0.239139
Test MSE improved from 0.260843 -> 0.239139
Epoch: 3/1000   Training Loss: 0.309165  Test Loss: 0.212752  Test MSE: 0.217805
Test MSE improved from 0.239139 -> 0.217805
Epoch: 4/1000   Training Loss: 0.258439  Test Loss: 0.196046  Test MSE: 0.202847
Test MSE improved from 0.217805 -> 0.202847
Epoch: 5/1000   Training Loss: 0.218647  Test Loss: 0.173076  Test MSE: 0.176913
Test MSE improved from 0.202847 -> 0.176913
Epoch: 6/1000   Training Loss: 0.195475  Test Loss: 0.163238  Test MSE: 0.163106
Test MSE improved from 0.176913 -> 0.163106
Epoch: 7/1000   Training Loss: 0.174739  Test Loss: 0.147453  Test MSE: 0.147696
Test MSE improved from 0.163106 -> 0.147696
Epoch: 8/1000   Training Loss: 0.164587  Test Loss: 0.143950  Test MSE: 0.144516
Test MSE improved from 0.147696 -> 0.144516
Epoch: 9/1000   Training Loss: 0.150679  Test Loss: 0.138322  Test MSE: 0.138412
Test MSE improved from 0.144516 -> 0.138412
Epoch: 10/1000   Training Loss: 0.144637  Test Loss: 0.126906  Test MSE: 0.127333
Test MSE improved from 0.138412 -> 0.127333
Epoch: 11/1000   Training Loss: 0.134324  Test Loss: 0.120997  Test MSE: 0.120088
Test MSE improved from 0.127333 -> 0.120088
Epoch: 12/1000   Training Loss: 0.124593  Test Loss: 0.120512  Test MSE: 0.120304
Test MSE did not improve.. Counter 1/100
Epoch: 13/1000   Training Loss: 0.117327  Test Loss: 0.111533  Test MSE: 0.111205
Test MSE improved from 0.120088 -> 0.111205
Epoch: 14/1000   Training Loss: 0.110640  Test Loss: 0.106343  Test MSE: 0.107128
Test MSE improved from 0.111205 -> 0.107128
Epoch: 15/1000   Training Loss: 0.109865  Test Loss: 0.099729  Test MSE: 0.099662
Test MSE improved from 0.107128 -> 0.099662
Epoch: 16/1000   Training Loss: 0.104030  Test Loss: 0.096177  Test MSE: 0.096791
Test MSE improved from 0.099662 -> 0.096791
Epoch: 17/1000   Training Loss: 0.101214  Test Loss: 0.092300  Test MSE: 0.093288
Test MSE improved from 0.096791 -> 0.093288
Epoch: 18/1000   Training Loss: 0.096422  Test Loss: 0.089910  Test MSE: 0.089994
Test MSE improved from 0.093288 -> 0.089994
Epoch: 19/1000   Training Loss: 0.092021  Test Loss: 0.088881  Test MSE: 0.089981
Test MSE improved from 0.089994 -> 0.089981
Epoch: 20/1000   Training Loss: 0.091209  Test Loss: 0.085739  Test MSE: 0.087361
Test MSE improved from 0.089981 -> 0.087361
Epoch: 21/1000   Training Loss: 0.089430  Test Loss: 0.084751  Test MSE: 0.085697
Test MSE improved from 0.087361 -> 0.085697
Epoch: 22/1000   Training Loss: 0.087424  Test Loss: 0.080144  Test MSE: 0.081110
Test MSE improved from 0.085697 -> 0.081110
Epoch: 23/1000   Training Loss: 0.083642  Test Loss: 0.081374  Test MSE: 0.082579
Test MSE did not improve.. Counter 1/100
Epoch: 24/1000   Training Loss: 0.079800  Test Loss: 0.072874  Test MSE: 0.074204
Test MSE improved from 0.081110 -> 0.074204
Epoch: 25/1000   Training Loss: 0.079204  Test Loss: 0.071060  Test MSE: 0.072878
Test MSE improved from 0.074204 -> 0.072878
Epoch: 26/1000   Training Loss: 0.077771  Test Loss: 0.070595  Test MSE: 0.070892
Test MSE improved from 0.072878 -> 0.070892
Epoch: 27/1000   Training Loss: 0.076243  Test Loss: 0.076229  Test MSE: 0.076745
Test MSE did not improve.. Counter 1/100
Epoch: 28/1000   Training Loss: 0.073703  Test Loss: 0.069074  Test MSE: 0.069421
Test MSE improved from 0.070892 -> 0.069421
Epoch: 29/1000   Training Loss: 0.070717  Test Loss: 0.066767  Test MSE: 0.067745
Test MSE improved from 0.069421 -> 0.067745
Epoch: 30/1000   Training Loss: 0.070548  Test Loss: 0.061842  Test MSE: 0.064097
Test MSE improved from 0.067745 -> 0.064097
Epoch: 31/1000   Training Loss: 0.068149  Test Loss: 0.064352  Test MSE: 0.065871
Test MSE did not improve.. Counter 1/100
Epoch: 32/1000   Training Loss: 0.065153  Test Loss: 0.061581  Test MSE: 0.062701
Test MSE improved from 0.064097 -> 0.062701
Epoch: 33/1000   Training Loss: 0.064507  Test Loss: 0.062819  Test MSE: 0.064684
Test MSE did not improve.. Counter 1/100
Epoch: 34/1000   Training Loss: 0.063121  Test Loss: 0.059285  Test MSE: 0.059999
Test MSE improved from 0.062701 -> 0.059999
Epoch: 35/1000   Training Loss: 0.061847  Test Loss: 0.060819  Test MSE: 0.062649
Test MSE did not improve.. Counter 1/100
Epoch: 36/1000   Training Loss: 0.062279  Test Loss: 0.060636  Test MSE: 0.061983
Test MSE did not improve.. Counter 2/100
Epoch: 37/1000   Training Loss: 0.060271  Test Loss: 0.054957  Test MSE: 0.056529
Test MSE improved from 0.059999 -> 0.056529
Epoch: 38/1000   Training Loss: 0.060035  Test Loss: 0.055216  Test MSE: 0.057004
Test MSE did not improve.. Counter 1/100
Epoch: 39/1000   Training Loss: 0.058176  Test Loss: 0.057338  Test MSE: 0.058962
Test MSE did not improve.. Counter 2/100
Epoch: 40/1000   Training Loss: 0.061408  Test Loss: 0.055788  Test MSE: 0.057925
Test MSE did not improve.. Counter 3/100
Epoch: 41/1000   Training Loss: 0.059804  Test Loss: 0.052900  Test MSE: 0.054227
Test MSE improved from 0.056529 -> 0.054227
Epoch: 42/1000   Training Loss: 0.056512  Test Loss: 0.052883  Test MSE: 0.054461
Test MSE did not improve.. Counter 1/100
Epoch: 43/1000   Training Loss: 0.054295  Test Loss: 0.052224  Test MSE: 0.053685
Test MSE improved from 0.054227 -> 0.053685
Epoch: 44/1000   Training Loss: 0.053029  Test Loss: 0.052066  Test MSE: 0.053287
Test MSE improved from 0.053685 -> 0.053287
Epoch: 45/1000   Training Loss: 0.053944  Test Loss: 0.053741  Test MSE: 0.054450
Test MSE did not improve.. Counter 1/100
Epoch: 46/1000   Training Loss: 0.054313  Test Loss: 0.051232  Test MSE: 0.053389
Test MSE did not improve.. Counter 2/100
Epoch: 47/1000   Training Loss: 0.052840  Test Loss: 0.050870  Test MSE: 0.052510
Test MSE improved from 0.053287 -> 0.052510
Epoch: 48/1000   Training Loss: 0.050576  Test Loss: 0.048352  Test MSE: 0.049768
Test MSE improved from 0.052510 -> 0.049768
Epoch: 49/1000   Training Loss: 0.049993  Test Loss: 0.049204  Test MSE: 0.050701
Test MSE did not improve.. Counter 1/100
Epoch: 50/1000   Training Loss: 0.051706  Test Loss: 0.047646  Test MSE: 0.048918
Test MSE improved from 0.049768 -> 0.048918
Epoch: 51/1000   Training Loss: 0.051760  Test Loss: 0.048417  Test MSE: 0.049685
Test MSE did not improve.. Counter 1/100
Epoch: 52/1000   Training Loss: 0.050900  Test Loss: 0.047996  Test MSE: 0.049413
Test MSE did not improve.. Counter 2/100
Epoch: 53/1000   Training Loss: 0.049719  Test Loss: 0.046775  Test MSE: 0.048398
Test MSE improved from 0.048918 -> 0.048398
Epoch: 54/1000   Training Loss: 0.049797  Test Loss: 0.046495  Test MSE: 0.047251
Test MSE improved from 0.048398 -> 0.047251
Epoch: 55/1000   Training Loss: 0.048523  Test Loss: 0.048409  Test MSE: 0.050028
Test MSE did not improve.. Counter 1/100
Epoch: 56/1000   Training Loss: 0.046532  Test Loss: 0.044682  Test MSE: 0.046106
Test MSE improved from 0.047251 -> 0.046106
Epoch: 57/1000   Training Loss: 0.047094  Test Loss: 0.045740  Test MSE: 0.046923
Test MSE did not improve.. Counter 1/100
Epoch: 58/1000   Training Loss: 0.047876  Test Loss: 0.045643  Test MSE: 0.046885
Test MSE did not improve.. Counter 2/100
Epoch: 59/1000   Training Loss: 0.047842  Test Loss: 0.045232  Test MSE: 0.046206
Test MSE did not improve.. Counter 3/100
Epoch: 60/1000   Training Loss: 0.046606  Test Loss: 0.044880  Test MSE: 0.046297
Test MSE did not improve.. Counter 4/100
Epoch: 61/1000   Training Loss: 0.047744  Test Loss: 0.046352  Test MSE: 0.048206
Test MSE did not improve.. Counter 5/100
Epoch: 62/1000   Training Loss: 0.046217  Test Loss: 0.046383  Test MSE: 0.047745
Test MSE did not improve.. Counter 6/100
Epoch: 63/1000   Training Loss: 0.046930  Test Loss: 0.047452  Test MSE: 0.048304
Test MSE did not improve.. Counter 7/100
Epoch: 64/1000   Training Loss: 0.044758  Test Loss: 0.046039  Test MSE: 0.046618
Test MSE did not improve.. Counter 8/100
Epoch: 65/1000   Training Loss: 0.043446  Test Loss: 0.044629  Test MSE: 0.045619
Test MSE improved from 0.046106 -> 0.045619
Epoch: 66/1000   Training Loss: 0.046054  Test Loss: 0.045237  Test MSE: 0.046545
Test MSE did not improve.. Counter 1/100
Epoch: 67/1000   Training Loss: 0.042280  Test Loss: 0.040353  Test MSE: 0.041978
Test MSE improved from 0.045619 -> 0.041978
Epoch: 68/1000   Training Loss: 0.042394  Test Loss: 0.041720  Test MSE: 0.043110
Test MSE did not improve.. Counter 1/100
Epoch: 69/1000   Training Loss: 0.040785  Test Loss: 0.041878  Test MSE: 0.043800
Test MSE did not improve.. Counter 2/100
Epoch: 70/1000   Training Loss: 0.041445  Test Loss: 0.042588  Test MSE: 0.043858
Test MSE did not improve.. Counter 3/100
Epoch: 71/1000   Training Loss: 0.041247  Test Loss: 0.041822  Test MSE: 0.042887
Test MSE did not improve.. Counter 4/100
Epoch: 72/1000   Training Loss: 0.041831  Test Loss: 0.040569  Test MSE: 0.041736
Test MSE improved from 0.041978 -> 0.041736
Epoch: 73/1000   Training Loss: 0.041956  Test Loss: 0.039410  Test MSE: 0.040511
Test MSE improved from 0.041736 -> 0.040511
Epoch: 74/1000   Training Loss: 0.040111  Test Loss: 0.039698  Test MSE: 0.041281
Test MSE did not improve.. Counter 1/100
Epoch: 75/1000   Training Loss: 0.040591  Test Loss: 0.040356  Test MSE: 0.041294
Test MSE did not improve.. Counter 2/100
Epoch: 76/1000   Training Loss: 0.041068  Test Loss: 0.039108  Test MSE: 0.040624
Test MSE did not improve.. Counter 3/100
Epoch: 77/1000   Training Loss: 0.040186  Test Loss: 0.039953  Test MSE: 0.040886
Test MSE did not improve.. Counter 4/100
Epoch: 78/1000   Training Loss: 0.037179  Test Loss: 0.036952  Test MSE: 0.038302
Test MSE improved from 0.040511 -> 0.038302
Epoch: 79/1000   Training Loss: 0.039343  Test Loss: 0.040686  Test MSE: 0.041950
Test MSE did not improve.. Counter 1/100
Epoch: 80/1000   Training Loss: 0.038283  Test Loss: 0.036764  Test MSE: 0.037899
Test MSE improved from 0.038302 -> 0.037899
Epoch: 81/1000   Training Loss: 0.038936  Test Loss: 0.037315  Test MSE: 0.038379
Test MSE did not improve.. Counter 1/100
Epoch: 82/1000   Training Loss: 0.038036  Test Loss: 0.037444  Test MSE: 0.039137
Test MSE did not improve.. Counter 2/100
Epoch: 83/1000   Training Loss: 0.037650  Test Loss: 0.038219  Test MSE: 0.039890
Test MSE did not improve.. Counter 3/100
Epoch: 84/1000   Training Loss: 0.036674  Test Loss: 0.038872  Test MSE: 0.040151
Test MSE did not improve.. Counter 4/100
Epoch: 85/1000   Training Loss: 0.036680  Test Loss: 0.037658  Test MSE: 0.039250
Test MSE did not improve.. Counter 5/100
Epoch: 86/1000   Training Loss: 0.036712  Test Loss: 0.038072  Test MSE: 0.039289
Test MSE did not improve.. Counter 6/100
Epoch: 87/1000   Training Loss: 0.038743  Test Loss: 0.036114  Test MSE: 0.037648
Test MSE improved from 0.037899 -> 0.037648
Epoch: 88/1000   Training Loss: 0.037074  Test Loss: 0.037416  Test MSE: 0.039116
Test MSE did not improve.. Counter 1/100
Epoch: 89/1000   Training Loss: 0.038961  Test Loss: 0.037288  Test MSE: 0.039000
Test MSE did not improve.. Counter 2/100
Epoch: 90/1000   Training Loss: 0.037955  Test Loss: 0.036737  Test MSE: 0.038623
Test MSE did not improve.. Counter 3/100
Epoch: 91/1000   Training Loss: 0.037679  Test Loss: 0.038674  Test MSE: 0.040024
Test MSE did not improve.. Counter 4/100
Epoch: 92/1000   Training Loss: 0.036810  Test Loss: 0.036378  Test MSE: 0.038086
Test MSE did not improve.. Counter 5/100
Epoch: 93/1000   Training Loss: 0.037020  Test Loss: 0.038433  Test MSE: 0.040007
Test MSE did not improve.. Counter 6/100
Epoch: 94/1000   Training Loss: 0.036275  Test Loss: 0.034906  Test MSE: 0.036522
Test MSE improved from 0.037648 -> 0.036522
Epoch: 95/1000   Training Loss: 0.036090  Test Loss: 0.036248  Test MSE: 0.037869
Test MSE did not improve.. Counter 1/100
Epoch: 96/1000   Training Loss: 0.034634  Test Loss: 0.038581  Test MSE: 0.039574
Test MSE did not improve.. Counter 2/100
Epoch: 97/1000   Training Loss: 0.035773  Test Loss: 0.033989  Test MSE: 0.035471
Test MSE improved from 0.036522 -> 0.035471
Epoch: 98/1000   Training Loss: 0.033624  Test Loss: 0.033637  Test MSE: 0.034864
Test MSE improved from 0.035471 -> 0.034864
Epoch: 99/1000   Training Loss: 0.033615  Test Loss: 0.034008  Test MSE: 0.035358
Test MSE did not improve.. Counter 1/100
Epoch: 100/1000   Training Loss: 0.033468  Test Loss: 0.033347  Test MSE: 0.035507
Test MSE did not improve.. Counter 2/100
Epoch: 101/1000   Training Loss: 0.033635  Test Loss: 0.035486  Test MSE: 0.037270
Test MSE did not improve.. Counter 3/100
Epoch: 102/1000   Training Loss: 0.034041  Test Loss: 0.033978  Test MSE: 0.035211
Test MSE did not improve.. Counter 4/100
Epoch: 103/1000   Training Loss: 0.037914  Test Loss: 0.035872  Test MSE: 0.037267
Test MSE did not improve.. Counter 5/100
Epoch: 104/1000   Training Loss: 0.036415  Test Loss: 0.034885  Test MSE: 0.036480
Test MSE did not improve.. Counter 6/100
Epoch: 105/1000   Training Loss: 0.034944  Test Loss: 0.034331  Test MSE: 0.035856
Test MSE did not improve.. Counter 7/100
Epoch: 106/1000   Training Loss: 0.034784  Test Loss: 0.036580  Test MSE: 0.038268
Test MSE did not improve.. Counter 8/100
Epoch: 107/1000   Training Loss: 0.032856  Test Loss: 0.033143  Test MSE: 0.034657
Test MSE improved from 0.034864 -> 0.034657
Epoch: 108/1000   Training Loss: 0.033912  Test Loss: 0.033240  Test MSE: 0.034638
Test MSE improved from 0.034657 -> 0.034638
Epoch: 109/1000   Training Loss: 0.035433  Test Loss: 0.035286  Test MSE: 0.036782
Test MSE did not improve.. Counter 1/100
Epoch: 110/1000   Training Loss: 0.034952  Test Loss: 0.032745  Test MSE: 0.033932
Test MSE improved from 0.034638 -> 0.033932
Epoch: 111/1000   Training Loss: 0.032309  Test Loss: 0.031561  Test MSE: 0.032854
Test MSE improved from 0.033932 -> 0.032854
Epoch: 112/1000   Training Loss: 0.032911  Test Loss: 0.031593  Test MSE: 0.033352
Test MSE did not improve.. Counter 1/100
Epoch: 113/1000   Training Loss: 0.032357  Test Loss: 0.031261  Test MSE: 0.033139
Test MSE did not improve.. Counter 2/100
Epoch: 114/1000   Training Loss: 0.031509  Test Loss: 0.032818  Test MSE: 0.034681
Test MSE did not improve.. Counter 3/100
Epoch: 115/1000   Training Loss: 0.031551  Test Loss: 0.031308  Test MSE: 0.032904
Test MSE did not improve.. Counter 4/100
Epoch: 116/1000   Training Loss: 0.030783  Test Loss: 0.033033  Test MSE: 0.035085
Test MSE did not improve.. Counter 5/100
Epoch: 117/1000   Training Loss: 0.031120  Test Loss: 0.031075  Test MSE: 0.032226
Test MSE improved from 0.032854 -> 0.032226
Epoch: 118/1000   Training Loss: 0.031889  Test Loss: 0.032764  Test MSE: 0.034148
Test MSE did not improve.. Counter 1/100
Epoch: 119/1000   Training Loss: 0.030035  Test Loss: 0.030637  Test MSE: 0.031902
Test MSE improved from 0.032226 -> 0.031902
Epoch: 120/1000   Training Loss: 0.032861  Test Loss: 0.030914  Test MSE: 0.032072
Test MSE did not improve.. Counter 1/100
Epoch: 121/1000   Training Loss: 0.030133  Test Loss: 0.032655  Test MSE: 0.034303
Test MSE did not improve.. Counter 2/100
Epoch: 122/1000   Training Loss: 0.031475  Test Loss: 0.029556  Test MSE: 0.030904
Test MSE improved from 0.031902 -> 0.030904
Epoch: 123/1000   Training Loss: 0.031449  Test Loss: 0.031152  Test MSE: 0.032991
Test MSE did not improve.. Counter 1/100
Epoch: 124/1000   Training Loss: 0.029612  Test Loss: 0.029991  Test MSE: 0.031494
Test MSE did not improve.. Counter 2/100
Epoch: 125/1000   Training Loss: 0.030576  Test Loss: 0.030883  Test MSE: 0.032570
Test MSE did not improve.. Counter 3/100
Epoch: 126/1000   Training Loss: 0.029827  Test Loss: 0.032543  Test MSE: 0.033950
Test MSE did not improve.. Counter 4/100
Epoch: 127/1000   Training Loss: 0.028826  Test Loss: 0.033160  Test MSE: 0.034964
Test MSE did not improve.. Counter 5/100
Epoch: 128/1000   Training Loss: 0.030474  Test Loss: 0.032960  Test MSE: 0.034689
Test MSE did not improve.. Counter 6/100
Epoch: 129/1000   Training Loss: 0.030358  Test Loss: 0.031854  Test MSE: 0.033335
Test MSE did not improve.. Counter 7/100
Epoch: 130/1000   Training Loss: 0.031087  Test Loss: 0.033867  Test MSE: 0.035710
Test MSE did not improve.. Counter 8/100
Epoch: 131/1000   Training Loss: 0.030145  Test Loss: 0.032084  Test MSE: 0.033567
Test MSE did not improve.. Counter 9/100
Epoch: 132/1000   Training Loss: 0.028200  Test Loss: 0.032120  Test MSE: 0.033531
Test MSE did not improve.. Counter 10/100
Epoch: 133/1000   Training Loss: 0.028323  Test Loss: 0.030440  Test MSE: 0.031505
Epoch   133: reducing learning rate of group 0 to 2.5000e-04.
Test MSE did not improve.. Counter 11/100
Epoch: 134/1000   Training Loss: 0.026567  Test Loss: 0.029660  Test MSE: 0.031207
Test MSE did not improve.. Counter 12/100
Epoch: 135/1000   Training Loss: 0.023620  Test Loss: 0.027458  Test MSE: 0.029047
Test MSE improved from 0.030904 -> 0.029047
Epoch: 136/1000   Training Loss: 0.023524  Test Loss: 0.028155  Test MSE: 0.029609
Test MSE did not improve.. Counter 1/100
Epoch: 137/1000   Training Loss: 0.022071  Test Loss: 0.026998  Test MSE: 0.028402
Test MSE improved from 0.029047 -> 0.028402
Epoch: 138/1000   Training Loss: 0.023463  Test Loss: 0.025957  Test MSE: 0.027216
Test MSE improved from 0.028402 -> 0.027216
Epoch: 139/1000   Training Loss: 0.023205  Test Loss: 0.028865  Test MSE: 0.030477
Test MSE did not improve.. Counter 1/100
Epoch: 140/1000   Training Loss: 0.022007  Test Loss: 0.027414  Test MSE: 0.028650
Test MSE did not improve.. Counter 2/100
Epoch: 141/1000   Training Loss: 0.022289  Test Loss: 0.028154  Test MSE: 0.029658
Test MSE did not improve.. Counter 3/100
Epoch: 142/1000   Training Loss: 0.023292  Test Loss: 0.027605  Test MSE: 0.028891
Test MSE did not improve.. Counter 4/100
Epoch: 143/1000   Training Loss: 0.021302  Test Loss: 0.027889  Test MSE: 0.028980
Test MSE did not improve.. Counter 5/100
Epoch: 144/1000   Training Loss: 0.021709  Test Loss: 0.027905  Test MSE: 0.028847
Test MSE did not improve.. Counter 6/100
Epoch: 145/1000   Training Loss: 0.021789  Test Loss: 0.029717  Test MSE: 0.030771
Test MSE did not improve.. Counter 7/100
Epoch: 146/1000   Training Loss: 0.022079  Test Loss: 0.026076  Test MSE: 0.027074
Test MSE improved from 0.027216 -> 0.027074
Epoch: 147/1000   Training Loss: 0.023316  Test Loss: 0.028903  Test MSE: 0.030229
Test MSE did not improve.. Counter 1/100
Epoch: 148/1000   Training Loss: 0.022805  Test Loss: 0.027972  Test MSE: 0.029006
Test MSE did not improve.. Counter 2/100
Epoch: 149/1000   Training Loss: 0.021391  Test Loss: 0.026932  Test MSE: 0.028091
Test MSE did not improve.. Counter 3/100
Epoch: 150/1000   Training Loss: 0.021183  Test Loss: 0.026112  Test MSE: 0.027297
Test MSE did not improve.. Counter 4/100
Epoch: 151/1000   Training Loss: 0.022150  Test Loss: 0.027162  Test MSE: 0.028157
Test MSE did not improve.. Counter 5/100
Epoch: 152/1000   Training Loss: 0.021180  Test Loss: 0.026642  Test MSE: 0.027617
Test MSE did not improve.. Counter 6/100
Epoch: 153/1000   Training Loss: 0.022364  Test Loss: 0.025913  Test MSE: 0.027312
Test MSE did not improve.. Counter 7/100
Epoch: 154/1000   Training Loss: 0.021746  Test Loss: 0.026972  Test MSE: 0.028113
Test MSE did not improve.. Counter 8/100
Epoch: 155/1000   Training Loss: 0.021945  Test Loss: 0.028472  Test MSE: 0.029940
Test MSE did not improve.. Counter 9/100
Epoch: 156/1000   Training Loss: 0.020938  Test Loss: 0.026471  Test MSE: 0.027489
Test MSE did not improve.. Counter 10/100
Epoch: 157/1000   Training Loss: 0.021185  Test Loss: 0.026937  Test MSE: 0.027915
Epoch   157: reducing learning rate of group 0 to 1.2500e-04.
Test MSE did not improve.. Counter 11/100
Epoch: 158/1000   Training Loss: 0.019279  Test Loss: 0.024194  Test MSE: 0.025606
Test MSE improved from 0.027074 -> 0.025606
Epoch: 159/1000   Training Loss: 0.018917  Test Loss: 0.024041  Test MSE: 0.025232
Test MSE improved from 0.025606 -> 0.025232
Epoch: 160/1000   Training Loss: 0.019459  Test Loss: 0.023727  Test MSE: 0.024932
Test MSE improved from 0.025232 -> 0.024932
Epoch: 161/1000   Training Loss: 0.020260  Test Loss: 0.023221  Test MSE: 0.024284
Test MSE improved from 0.024932 -> 0.024284
Epoch: 162/1000   Training Loss: 0.018836  Test Loss: 0.023253  Test MSE: 0.024120
Test MSE improved from 0.024284 -> 0.024120
Epoch: 163/1000   Training Loss: 0.019001  Test Loss: 0.023882  Test MSE: 0.024829
Test MSE did not improve.. Counter 1/100
Epoch: 164/1000   Training Loss: 0.018486  Test Loss: 0.024016  Test MSE: 0.025165
Test MSE did not improve.. Counter 2/100
Epoch: 165/1000   Training Loss: 0.017693  Test Loss: 0.023592  Test MSE: 0.024583
Test MSE did not improve.. Counter 3/100
Epoch: 166/1000   Training Loss: 0.018188  Test Loss: 0.023475  Test MSE: 0.024641
Test MSE did not improve.. Counter 4/100
Epoch: 167/1000   Training Loss: 0.018790  Test Loss: 0.023742  Test MSE: 0.024672
Test MSE did not improve.. Counter 5/100
Epoch: 168/1000   Training Loss: 0.018503  Test Loss: 0.023323  Test MSE: 0.024294
Test MSE did not improve.. Counter 6/100
Epoch: 169/1000   Training Loss: 0.017778  Test Loss: 0.024195  Test MSE: 0.025176
Test MSE did not improve.. Counter 7/100
Epoch: 170/1000   Training Loss: 0.019604  Test Loss: 0.023241  Test MSE: 0.024527
Test MSE did not improve.. Counter 8/100
Epoch: 171/1000   Training Loss: 0.018450  Test Loss: 0.022717  Test MSE: 0.023762
Test MSE improved from 0.024120 -> 0.023762
Epoch: 172/1000   Training Loss: 0.017865  Test Loss: 0.023530  Test MSE: 0.024743
Test MSE did not improve.. Counter 1/100
Epoch: 173/1000   Training Loss: 0.018629  Test Loss: 0.023173  Test MSE: 0.024126
Test MSE did not improve.. Counter 2/100
Epoch: 174/1000   Training Loss: 0.018248  Test Loss: 0.023362  Test MSE: 0.024479
Test MSE did not improve.. Counter 3/100
Epoch: 175/1000   Training Loss: 0.018092  Test Loss: 0.023537  Test MSE: 0.024507
Test MSE did not improve.. Counter 4/100
Epoch: 176/1000   Training Loss: 0.017119  Test Loss: 0.022798  Test MSE: 0.023706
Test MSE improved from 0.023762 -> 0.023706
Epoch: 177/1000   Training Loss: 0.018005  Test Loss: 0.022919  Test MSE: 0.023790
Test MSE did not improve.. Counter 1/100
Epoch: 178/1000   Training Loss: 0.017542  Test Loss: 0.023280  Test MSE: 0.024334
Test MSE did not improve.. Counter 2/100
Epoch: 179/1000   Training Loss: 0.016088  Test Loss: 0.022607  Test MSE: 0.023412
Test MSE improved from 0.023706 -> 0.023412
Epoch: 180/1000   Training Loss: 0.017639  Test Loss: 0.022913  Test MSE: 0.023799
Test MSE did not improve.. Counter 1/100
Epoch: 181/1000   Training Loss: 0.017780  Test Loss: 0.022615  Test MSE: 0.023631
Test MSE did not improve.. Counter 2/100
Epoch: 182/1000   Training Loss: 0.017866  Test Loss: 0.022809  Test MSE: 0.023648
Test MSE did not improve.. Counter 3/100
Epoch: 183/1000   Training Loss: 0.016842  Test Loss: 0.022082  Test MSE: 0.022895
Test MSE improved from 0.023412 -> 0.022895
Epoch: 184/1000   Training Loss: 0.017221  Test Loss: 0.023144  Test MSE: 0.024032
Test MSE did not improve.. Counter 1/100
Epoch: 185/1000   Training Loss: 0.017701  Test Loss: 0.022983  Test MSE: 0.024071
Test MSE did not improve.. Counter 2/100
Epoch: 186/1000   Training Loss: 0.017155  Test Loss: 0.022777  Test MSE: 0.023788
Test MSE did not improve.. Counter 3/100
Epoch: 187/1000   Training Loss: 0.017845  Test Loss: 0.022060  Test MSE: 0.022951
Test MSE did not improve.. Counter 4/100
Epoch: 188/1000   Training Loss: 0.016900  Test Loss: 0.023331  Test MSE: 0.024293
Test MSE did not improve.. Counter 5/100
Epoch: 189/1000   Training Loss: 0.016528  Test Loss: 0.023090  Test MSE: 0.024088
Test MSE did not improve.. Counter 6/100
Epoch: 190/1000   Training Loss: 0.018204  Test Loss: 0.022809  Test MSE: 0.023715
Test MSE did not improve.. Counter 7/100
Epoch: 191/1000   Training Loss: 0.017400  Test Loss: 0.022171  Test MSE: 0.023108
Test MSE did not improve.. Counter 8/100
Epoch: 192/1000   Training Loss: 0.016661  Test Loss: 0.021656  Test MSE: 0.022485
Test MSE improved from 0.022895 -> 0.022485
Epoch: 193/1000   Training Loss: 0.016104  Test Loss: 0.022507  Test MSE: 0.023249
Test MSE did not improve.. Counter 1/100
Epoch: 194/1000   Training Loss: 0.016308  Test Loss: 0.022744  Test MSE: 0.023620
Test MSE did not improve.. Counter 2/100
Epoch: 195/1000   Training Loss: 0.017296  Test Loss: 0.021700  Test MSE: 0.022717
Test MSE did not improve.. Counter 3/100
Epoch: 196/1000   Training Loss: 0.016216  Test Loss: 0.022176  Test MSE: 0.023055
Test MSE did not improve.. Counter 4/100
Epoch: 197/1000   Training Loss: 0.017247  Test Loss: 0.023653  Test MSE: 0.024790
Test MSE did not improve.. Counter 5/100
Epoch: 198/1000   Training Loss: 0.016932  Test Loss: 0.022839  Test MSE: 0.023891
Test MSE did not improve.. Counter 6/100
Epoch: 199/1000   Training Loss: 0.016389  Test Loss: 0.022073  Test MSE: 0.023137
Test MSE did not improve.. Counter 7/100
Epoch: 200/1000   Training Loss: 0.016510  Test Loss: 0.022724  Test MSE: 0.023825
Test MSE did not improve.. Counter 8/100
Epoch: 201/1000   Training Loss: 0.016639  Test Loss: 0.022898  Test MSE: 0.024138
Test MSE did not improve.. Counter 9/100
Epoch: 202/1000   Training Loss: 0.016405  Test Loss: 0.023010  Test MSE: 0.023916
Test MSE did not improve.. Counter 10/100
Epoch: 203/1000   Training Loss: 0.016508  Test Loss: 0.023038  Test MSE: 0.024126
Epoch   203: reducing learning rate of group 0 to 6.2500e-05.
Test MSE did not improve.. Counter 11/100
Epoch: 204/1000   Training Loss: 0.015682  Test Loss: 0.022370  Test MSE: 0.023335
Test MSE did not improve.. Counter 12/100
Epoch: 205/1000   Training Loss: 0.015771  Test Loss: 0.022316  Test MSE: 0.023173
Test MSE did not improve.. Counter 13/100
Epoch: 206/1000   Training Loss: 0.015271  Test Loss: 0.022554  Test MSE: 0.023270
Test MSE did not improve.. Counter 14/100
Epoch: 207/1000   Training Loss: 0.014507  Test Loss: 0.023372  Test MSE: 0.024153
Test MSE did not improve.. Counter 15/100
Epoch: 208/1000   Training Loss: 0.014741  Test Loss: 0.023717  Test MSE: 0.024604
Test MSE did not improve.. Counter 16/100
Epoch: 209/1000   Training Loss: 0.015404  Test Loss: 0.022904  Test MSE: 0.023783
Test MSE did not improve.. Counter 17/100
Epoch: 210/1000   Training Loss: 0.014902  Test Loss: 0.023182  Test MSE: 0.023909
Test MSE did not improve.. Counter 18/100
Epoch: 211/1000   Training Loss: 0.013936  Test Loss: 0.022817  Test MSE: 0.023720
Test MSE did not improve.. Counter 19/100
Epoch: 212/1000   Training Loss: 0.014649  Test Loss: 0.023166  Test MSE: 0.023824
Test MSE did not improve.. Counter 20/100
Epoch: 213/1000   Training Loss: 0.015649  Test Loss: 0.023346  Test MSE: 0.024109
Test MSE did not improve.. Counter 21/100
Epoch: 214/1000   Training Loss: 0.014464  Test Loss: 0.023042  Test MSE: 0.024055
Epoch   214: reducing learning rate of group 0 to 3.1250e-05.
Test MSE did not improve.. Counter 22/100
Epoch: 215/1000   Training Loss: 0.013795  Test Loss: 0.020483  Test MSE: 0.021352
Test MSE improved from 0.022485 -> 0.021352
Epoch: 216/1000   Training Loss: 0.013554  Test Loss: 0.020351  Test MSE: 0.021131
Test MSE improved from 0.021352 -> 0.021131
Epoch: 217/1000   Training Loss: 0.013842  Test Loss: 0.020237  Test MSE: 0.021089
Test MSE improved from 0.021131 -> 0.021089
Epoch: 218/1000   Training Loss: 0.013028  Test Loss: 0.020360  Test MSE: 0.021221
Test MSE did not improve.. Counter 1/100
Epoch: 219/1000   Training Loss: 0.013125  Test Loss: 0.020275  Test MSE: 0.021050
Test MSE improved from 0.021089 -> 0.021050
Epoch: 220/1000   Training Loss: 0.012285  Test Loss: 0.019908  Test MSE: 0.020692
Test MSE improved from 0.021050 -> 0.020692
Epoch: 221/1000   Training Loss: 0.013487  Test Loss: 0.020488  Test MSE: 0.021216
Test MSE did not improve.. Counter 1/100
Epoch: 222/1000   Training Loss: 0.013187  Test Loss: 0.020182  Test MSE: 0.020967
Test MSE did not improve.. Counter 2/100
Epoch: 223/1000   Training Loss: 0.012653  Test Loss: 0.020023  Test MSE: 0.020798
Test MSE did not improve.. Counter 3/100
Epoch: 224/1000   Training Loss: 0.012929  Test Loss: 0.019926  Test MSE: 0.020692
Test MSE did not improve.. Counter 4/100
Epoch: 225/1000   Training Loss: 0.012385  Test Loss: 0.019812  Test MSE: 0.020505
Test MSE improved from 0.020692 -> 0.020505
Epoch: 226/1000   Training Loss: 0.012738  Test Loss: 0.019901  Test MSE: 0.020537
Test MSE did not improve.. Counter 1/100
Epoch: 227/1000   Training Loss: 0.012857  Test Loss: 0.019912  Test MSE: 0.020568
Test MSE did not improve.. Counter 2/100
Epoch: 228/1000   Training Loss: 0.012060  Test Loss: 0.020091  Test MSE: 0.020864
Test MSE did not improve.. Counter 3/100
Epoch: 229/1000   Training Loss: 0.012624  Test Loss: 0.020235  Test MSE: 0.020949
Test MSE did not improve.. Counter 4/100
Epoch: 230/1000   Training Loss: 0.012150  Test Loss: 0.020129  Test MSE: 0.020871
Test MSE did not improve.. Counter 5/100
Epoch: 231/1000   Training Loss: 0.012719  Test Loss: 0.019786  Test MSE: 0.020556
Test MSE did not improve.. Counter 6/100
Epoch: 232/1000   Training Loss: 0.012462  Test Loss: 0.019775  Test MSE: 0.020528
Test MSE did not improve.. Counter 7/100
Epoch: 233/1000   Training Loss: 0.011738  Test Loss: 0.020327  Test MSE: 0.021117
Test MSE did not improve.. Counter 8/100
Epoch: 234/1000   Training Loss: 0.012370  Test Loss: 0.019435  Test MSE: 0.020188
Test MSE improved from 0.020505 -> 0.020188
Epoch: 235/1000   Training Loss: 0.011902  Test Loss: 0.020697  Test MSE: 0.021472
Test MSE did not improve.. Counter 1/100
Epoch: 236/1000   Training Loss: 0.012460  Test Loss: 0.020397  Test MSE: 0.021180
Test MSE did not improve.. Counter 2/100
Epoch: 237/1000   Training Loss: 0.012567  Test Loss: 0.019773  Test MSE: 0.020445
Test MSE did not improve.. Counter 3/100
Epoch: 238/1000   Training Loss: 0.012404  Test Loss: 0.019645  Test MSE: 0.020419
Test MSE did not improve.. Counter 4/100
Epoch: 239/1000   Training Loss: 0.012350  Test Loss: 0.019900  Test MSE: 0.020593
Test MSE did not improve.. Counter 5/100
Epoch: 240/1000   Training Loss: 0.011849  Test Loss: 0.020165  Test MSE: 0.020875
Test MSE did not improve.. Counter 6/100
Epoch: 241/1000   Training Loss: 0.012386  Test Loss: 0.020254  Test MSE: 0.020934
Test MSE did not improve.. Counter 7/100
Epoch: 242/1000   Training Loss: 0.011893  Test Loss: 0.019449  Test MSE: 0.020175
Test MSE improved from 0.020188 -> 0.020175
Epoch: 243/1000   Training Loss: 0.012230  Test Loss: 0.019556  Test MSE: 0.020256
Test MSE did not improve.. Counter 1/100
Epoch: 244/1000   Training Loss: 0.012211  Test Loss: 0.019708  Test MSE: 0.020411
Test MSE did not improve.. Counter 2/100
Epoch: 245/1000   Training Loss: 0.012322  Test Loss: 0.019444  Test MSE: 0.020131
Test MSE improved from 0.020175 -> 0.020131
Epoch: 246/1000   Training Loss: 0.011969  Test Loss: 0.019947  Test MSE: 0.020640
Test MSE did not improve.. Counter 1/100
Epoch: 247/1000   Training Loss: 0.012193  Test Loss: 0.019927  Test MSE: 0.020557
Test MSE did not improve.. Counter 2/100
Epoch: 248/1000   Training Loss: 0.011875  Test Loss: 0.019677  Test MSE: 0.020412
Test MSE did not improve.. Counter 3/100
Epoch: 249/1000   Training Loss: 0.012014  Test Loss: 0.019469  Test MSE: 0.020148
Test MSE did not improve.. Counter 4/100
Epoch: 250/1000   Training Loss: 0.011590  Test Loss: 0.019102  Test MSE: 0.019832
Test MSE improved from 0.020131 -> 0.019832
Epoch: 251/1000   Training Loss: 0.011875  Test Loss: 0.019840  Test MSE: 0.020546
Test MSE did not improve.. Counter 1/100
Epoch: 252/1000   Training Loss: 0.011958  Test Loss: 0.019647  Test MSE: 0.020393
Test MSE did not improve.. Counter 2/100
Epoch: 253/1000   Training Loss: 0.011639  Test Loss: 0.019137  Test MSE: 0.019875
Test MSE did not improve.. Counter 3/100
Epoch: 254/1000   Training Loss: 0.011781  Test Loss: 0.019747  Test MSE: 0.020539
Test MSE did not improve.. Counter 4/100
Epoch: 255/1000   Training Loss: 0.011621  Test Loss: 0.019494  Test MSE: 0.020269
Test MSE did not improve.. Counter 5/100
Epoch: 256/1000   Training Loss: 0.012327  Test Loss: 0.019783  Test MSE: 0.020665
Test MSE did not improve.. Counter 6/100
Epoch: 257/1000   Training Loss: 0.012587  Test Loss: 0.019627  Test MSE: 0.020390
Test MSE did not improve.. Counter 7/100
Epoch: 258/1000   Training Loss: 0.012482  Test Loss: 0.019295  Test MSE: 0.020066
Test MSE did not improve.. Counter 8/100
Epoch: 259/1000   Training Loss: 0.012104  Test Loss: 0.020069  Test MSE: 0.020832
Test MSE did not improve.. Counter 9/100
Epoch: 260/1000   Training Loss: 0.012437  Test Loss: 0.019871  Test MSE: 0.020572
Test MSE did not improve.. Counter 10/100
Epoch: 261/1000   Training Loss: 0.012152  Test Loss: 0.019584  Test MSE: 0.020307
Epoch   261: reducing learning rate of group 0 to 1.5625e-05.
Test MSE did not improve.. Counter 11/100
Epoch: 262/1000   Training Loss: 0.011742  Test Loss: 0.019128  Test MSE: 0.019932
Test MSE did not improve.. Counter 12/100
Epoch: 263/1000   Training Loss: 0.011549  Test Loss: 0.018866  Test MSE: 0.019579
Test MSE improved from 0.019832 -> 0.019579
Epoch: 264/1000   Training Loss: 0.011316  Test Loss: 0.018983  Test MSE: 0.019706
Test MSE did not improve.. Counter 1/100
Epoch: 265/1000   Training Loss: 0.011479  Test Loss: 0.018966  Test MSE: 0.019692
Test MSE did not improve.. Counter 2/100
Epoch: 266/1000   Training Loss: 0.011408  Test Loss: 0.018960  Test MSE: 0.019657
Test MSE did not improve.. Counter 3/100
Epoch: 267/1000   Training Loss: 0.011201  Test Loss: 0.018994  Test MSE: 0.019710
Test MSE did not improve.. Counter 4/100
Epoch: 268/1000   Training Loss: 0.010874  Test Loss: 0.019157  Test MSE: 0.019893
Test MSE did not improve.. Counter 5/100
Epoch: 269/1000   Training Loss: 0.011231  Test Loss: 0.018828  Test MSE: 0.019604
Test MSE did not improve.. Counter 6/100
Epoch: 270/1000   Training Loss: 0.011288  Test Loss: 0.019065  Test MSE: 0.019875
Test MSE did not improve.. Counter 7/100
Epoch: 271/1000   Training Loss: 0.011428  Test Loss: 0.018985  Test MSE: 0.019730
Test MSE did not improve.. Counter 8/100
Epoch: 272/1000   Training Loss: 0.011152  Test Loss: 0.018559  Test MSE: 0.019340
Test MSE improved from 0.019579 -> 0.019340
Epoch: 273/1000   Training Loss: 0.010865  Test Loss: 0.018759  Test MSE: 0.019560
Test MSE did not improve.. Counter 1/100
Epoch: 274/1000   Training Loss: 0.011262  Test Loss: 0.018841  Test MSE: 0.019640
Test MSE did not improve.. Counter 2/100
Epoch: 275/1000   Training Loss: 0.010671  Test Loss: 0.018634  Test MSE: 0.019382
Test MSE did not improve.. Counter 3/100
Epoch: 276/1000   Training Loss: 0.011272  Test Loss: 0.018573  Test MSE: 0.019300
Test MSE improved from 0.019340 -> 0.019300
Epoch: 277/1000   Training Loss: 0.010583  Test Loss: 0.018825  Test MSE: 0.019599
Test MSE did not improve.. Counter 1/100
Epoch: 278/1000   Training Loss: 0.010543  Test Loss: 0.018540  Test MSE: 0.019246
Test MSE improved from 0.019300 -> 0.019246
Epoch: 279/1000   Training Loss: 0.011006  Test Loss: 0.018793  Test MSE: 0.019564
Test MSE did not improve.. Counter 1/100
Epoch: 280/1000   Training Loss: 0.011689  Test Loss: 0.019131  Test MSE: 0.019920
Test MSE did not improve.. Counter 2/100
Epoch: 281/1000   Training Loss: 0.011025  Test Loss: 0.018894  Test MSE: 0.019671
Test MSE did not improve.. Counter 3/100
Epoch: 282/1000   Training Loss: 0.011125  Test Loss: 0.018743  Test MSE: 0.019517
Test MSE did not improve.. Counter 4/100
Epoch: 283/1000   Training Loss: 0.010819  Test Loss: 0.018759  Test MSE: 0.019544
Test MSE did not improve.. Counter 5/100
Epoch: 284/1000   Training Loss: 0.011450  Test Loss: 0.018913  Test MSE: 0.019643
Test MSE did not improve.. Counter 6/100
Epoch: 285/1000   Training Loss: 0.011313  Test Loss: 0.018903  Test MSE: 0.019585
Test MSE did not improve.. Counter 7/100
Epoch: 286/1000   Training Loss: 0.011237  Test Loss: 0.018691  Test MSE: 0.019400
Test MSE did not improve.. Counter 8/100
Epoch: 287/1000   Training Loss: 0.011408  Test Loss: 0.018739  Test MSE: 0.019418
Test MSE did not improve.. Counter 9/100
Epoch: 288/1000   Training Loss: 0.011419  Test Loss: 0.018830  Test MSE: 0.019535
Test MSE did not improve.. Counter 10/100
Epoch: 289/1000   Training Loss: 0.011092  Test Loss: 0.019060  Test MSE: 0.019776
Epoch   289: reducing learning rate of group 0 to 7.8125e-06.
Test MSE did not improve.. Counter 11/100
Epoch: 290/1000   Training Loss: 0.010741  Test Loss: 0.018674  Test MSE: 0.019384
Test MSE did not improve.. Counter 12/100
Epoch: 291/1000   Training Loss: 0.011215  Test Loss: 0.018671  Test MSE: 0.019387
Test MSE did not improve.. Counter 13/100
Epoch: 292/1000   Training Loss: 0.011303  Test Loss: 0.018722  Test MSE: 0.019403
Test MSE did not improve.. Counter 14/100
Epoch: 293/1000   Training Loss: 0.010047  Test Loss: 0.018697  Test MSE: 0.019412
Test MSE did not improve.. Counter 15/100
Epoch: 294/1000   Training Loss: 0.010614  Test Loss: 0.018487  Test MSE: 0.019166
Test MSE improved from 0.019246 -> 0.019166
Epoch: 295/1000   Training Loss: 0.010826  Test Loss: 0.018588  Test MSE: 0.019255
Test MSE did not improve.. Counter 1/100
Epoch: 296/1000   Training Loss: 0.011129  Test Loss: 0.018612  Test MSE: 0.019367
Test MSE did not improve.. Counter 2/100
Epoch: 297/1000   Training Loss: 0.010911  Test Loss: 0.018603  Test MSE: 0.019356
Test MSE did not improve.. Counter 3/100
Epoch: 298/1000   Training Loss: 0.010632  Test Loss: 0.018760  Test MSE: 0.019510
Test MSE did not improve.. Counter 4/100
Epoch: 299/1000   Training Loss: 0.010623  Test Loss: 0.018700  Test MSE: 0.019418
Test MSE did not improve.. Counter 5/100
Epoch: 300/1000   Training Loss: 0.010935  Test Loss: 0.018811  Test MSE: 0.019477
Test MSE did not improve.. Counter 6/100
Epoch: 301/1000   Training Loss: 0.010831  Test Loss: 0.018675  Test MSE: 0.019342
Test MSE did not improve.. Counter 7/100
Epoch: 302/1000   Training Loss: 0.010536  Test Loss: 0.018687  Test MSE: 0.019382
Test MSE did not improve.. Counter 8/100
Epoch: 303/1000   Training Loss: 0.011051  Test Loss: 0.018652  Test MSE: 0.019352
Test MSE did not improve.. Counter 9/100
Epoch: 304/1000   Training Loss: 0.010657  Test Loss: 0.018786  Test MSE: 0.019472
Test MSE did not improve.. Counter 10/100
Epoch: 305/1000   Training Loss: 0.010675  Test Loss: 0.018855  Test MSE: 0.019492
Epoch   305: reducing learning rate of group 0 to 3.9063e-06.
Test MSE did not improve.. Counter 11/100
Epoch: 306/1000   Training Loss: 0.010541  Test Loss: 0.018882  Test MSE: 0.019565
Test MSE did not improve.. Counter 12/100
Epoch: 307/1000   Training Loss: 0.010993  Test Loss: 0.018852  Test MSE: 0.019539
Test MSE did not improve.. Counter 13/100
Epoch: 308/1000   Training Loss: 0.010800  Test Loss: 0.018769  Test MSE: 0.019497
Test MSE did not improve.. Counter 14/100
Epoch: 309/1000   Training Loss: 0.010470  Test Loss: 0.018770  Test MSE: 0.019473
Test MSE did not improve.. Counter 15/100
Epoch: 310/1000   Training Loss: 0.010575  Test Loss: 0.018691  Test MSE: 0.019421
Test MSE did not improve.. Counter 16/100
Epoch: 311/1000   Training Loss: 0.010682  Test Loss: 0.018609  Test MSE: 0.019327
Test MSE did not improve.. Counter 17/100
Epoch: 312/1000   Training Loss: 0.010648  Test Loss: 0.018473  Test MSE: 0.019196
Test MSE did not improve.. Counter 18/100
Epoch: 313/1000   Training Loss: 0.010349  Test Loss: 0.018533  Test MSE: 0.019248
Test MSE did not improve.. Counter 19/100
Epoch: 314/1000   Training Loss: 0.010722  Test Loss: 0.018561  Test MSE: 0.019285
Test MSE did not improve.. Counter 20/100
Epoch: 315/1000   Training Loss: 0.010425  Test Loss: 0.018697  Test MSE: 0.019388
Test MSE did not improve.. Counter 21/100
Epoch: 316/1000   Training Loss: 0.010664  Test Loss: 0.018766  Test MSE: 0.019481
Epoch   316: reducing learning rate of group 0 to 1.9531e-06.
Test MSE did not improve.. Counter 22/100
Epoch: 317/1000   Training Loss: 0.011016  Test Loss: 0.018620  Test MSE: 0.019370
Test MSE did not improve.. Counter 23/100
Epoch: 318/1000   Training Loss: 0.010577  Test Loss: 0.018650  Test MSE: 0.019373
Test MSE did not improve.. Counter 24/100
Epoch: 319/1000   Training Loss: 0.010679  Test Loss: 0.018561  Test MSE: 0.019292
Test MSE did not improve.. Counter 25/100
Epoch: 320/1000   Training Loss: 0.011004  Test Loss: 0.018656  Test MSE: 0.019392
Test MSE did not improve.. Counter 26/100
Epoch: 321/1000   Training Loss: 0.010444  Test Loss: 0.018617  Test MSE: 0.019332
Test MSE did not improve.. Counter 27/100
Epoch: 322/1000   Training Loss: 0.010726  Test Loss: 0.018624  Test MSE: 0.019358
Test MSE did not improve.. Counter 28/100
Epoch: 323/1000   Training Loss: 0.010739  Test Loss: 0.018641  Test MSE: 0.019384
Test MSE did not improve.. Counter 29/100
Epoch: 324/1000   Training Loss: 0.010608  Test Loss: 0.018559  Test MSE: 0.019256
Test MSE did not improve.. Counter 30/100
Epoch: 325/1000   Training Loss: 0.010541  Test Loss: 0.018527  Test MSE: 0.019255
Test MSE did not improve.. Counter 31/100
Epoch: 326/1000   Training Loss: 0.010672  Test Loss: 0.018538  Test MSE: 0.019266
Test MSE did not improve.. Counter 32/100
Epoch: 327/1000   Training Loss: 0.010560  Test Loss: 0.018482  Test MSE: 0.019224
Epoch   327: reducing learning rate of group 0 to 9.7656e-07.
Test MSE did not improve.. Counter 33/100
Epoch: 328/1000   Training Loss: 0.010862  Test Loss: 0.018594  Test MSE: 0.019314
Test MSE did not improve.. Counter 34/100
Epoch: 329/1000   Training Loss: 0.010584  Test Loss: 0.018600  Test MSE: 0.019307
Test MSE did not improve.. Counter 35/100
Epoch: 330/1000   Training Loss: 0.010252  Test Loss: 0.018604  Test MSE: 0.019323
Test MSE did not improve.. Counter 36/100
Epoch: 331/1000   Training Loss: 0.010474  Test Loss: 0.018524  Test MSE: 0.019250
Test MSE did not improve.. Counter 37/100
Epoch: 332/1000   Training Loss: 0.010236  Test Loss: 0.018515  Test MSE: 0.019247
Test MSE did not improve.. Counter 38/100
Epoch: 333/1000   Training Loss: 0.010529  Test Loss: 0.018530  Test MSE: 0.019278
Test MSE did not improve.. Counter 39/100
Epoch: 334/1000   Training Loss: 0.010472  Test Loss: 0.018597  Test MSE: 0.019312
Test MSE did not improve.. Counter 40/100
Epoch: 335/1000   Training Loss: 0.010447  Test Loss: 0.018521  Test MSE: 0.019253
Test MSE did not improve.. Counter 41/100
Epoch: 336/1000   Training Loss: 0.010272  Test Loss: 0.018558  Test MSE: 0.019293
Test MSE did not improve.. Counter 42/100
Epoch: 337/1000   Training Loss: 0.010193  Test Loss: 0.018417  Test MSE: 0.019150
Test MSE improved from 0.019166 -> 0.019150
Epoch: 338/1000   Training Loss: 0.010959  Test Loss: 0.018469  Test MSE: 0.019198
Test MSE did not improve.. Counter 1/100
Epoch: 339/1000   Training Loss: 0.010469  Test Loss: 0.018487  Test MSE: 0.019212
Test MSE did not improve.. Counter 2/100
Epoch: 340/1000   Training Loss: 0.010623  Test Loss: 0.018497  Test MSE: 0.019221
Test MSE did not improve.. Counter 3/100
Epoch: 341/1000   Training Loss: 0.010115  Test Loss: 0.018463  Test MSE: 0.019196
Test MSE did not improve.. Counter 4/100
Epoch: 342/1000   Training Loss: 0.010179  Test Loss: 0.018462  Test MSE: 0.019216
Test MSE did not improve.. Counter 5/100
Epoch: 343/1000   Training Loss: 0.010174  Test Loss: 0.018447  Test MSE: 0.019158
Test MSE did not improve.. Counter 6/100
Epoch: 344/1000   Training Loss: 0.010798  Test Loss: 0.018473  Test MSE: 0.019202
Test MSE did not improve.. Counter 7/100
Epoch: 345/1000   Training Loss: 0.010759  Test Loss: 0.018373  Test MSE: 0.019107
Test MSE improved from 0.019150 -> 0.019107
Epoch: 346/1000   Training Loss: 0.010613  Test Loss: 0.018507  Test MSE: 0.019242
Test MSE did not improve.. Counter 1/100
Epoch: 347/1000   Training Loss: 0.010368  Test Loss: 0.018400  Test MSE: 0.019111
Test MSE did not improve.. Counter 2/100
Epoch: 348/1000   Training Loss: 0.010324  Test Loss: 0.018437  Test MSE: 0.019173
Test MSE did not improve.. Counter 3/100
Epoch: 349/1000   Training Loss: 0.010415  Test Loss: 0.018463  Test MSE: 0.019191
Test MSE did not improve.. Counter 4/100
Epoch: 350/1000   Training Loss: 0.010615  Test Loss: 0.018400  Test MSE: 0.019145
Test MSE did not improve.. Counter 5/100
Epoch: 351/1000   Training Loss: 0.010742  Test Loss: 0.018435  Test MSE: 0.019156
Test MSE did not improve.. Counter 6/100
Epoch: 352/1000   Training Loss: 0.010726  Test Loss: 0.018339  Test MSE: 0.019061
Test MSE improved from 0.019107 -> 0.019061
Epoch: 353/1000   Training Loss: 0.010269  Test Loss: 0.018427  Test MSE: 0.019166
Test MSE did not improve.. Counter 1/100
Epoch: 354/1000   Training Loss: 0.010588  Test Loss: 0.018396  Test MSE: 0.019114
Test MSE did not improve.. Counter 2/100
Epoch: 355/1000   Training Loss: 0.010702  Test Loss: 0.018392  Test MSE: 0.019114
Test MSE did not improve.. Counter 3/100
Epoch: 356/1000   Training Loss: 0.010317  Test Loss: 0.018419  Test MSE: 0.019169
Test MSE did not improve.. Counter 4/100
Epoch: 357/1000   Training Loss: 0.010513  Test Loss: 0.018434  Test MSE: 0.019159
Test MSE did not improve.. Counter 5/100
Epoch: 358/1000   Training Loss: 0.010395  Test Loss: 0.018456  Test MSE: 0.019180
Test MSE did not improve.. Counter 6/100
Epoch: 359/1000   Training Loss: 0.010087  Test Loss: 0.018518  Test MSE: 0.019238
Test MSE did not improve.. Counter 7/100
Epoch: 360/1000   Training Loss: 0.010360  Test Loss: 0.018404  Test MSE: 0.019136
Test MSE did not improve.. Counter 8/100
Epoch: 361/1000   Training Loss: 0.010455  Test Loss: 0.018458  Test MSE: 0.019191
Test MSE did not improve.. Counter 9/100
Epoch: 362/1000   Training Loss: 0.010316  Test Loss: 0.018487  Test MSE: 0.019213
Test MSE did not improve.. Counter 10/100
Epoch: 363/1000   Training Loss: 0.010118  Test Loss: 0.018391  Test MSE: 0.019107
Epoch   363: reducing learning rate of group 0 to 4.8828e-07.
Test MSE did not improve.. Counter 11/100
Epoch: 364/1000   Training Loss: 0.010516  Test Loss: 0.018487  Test MSE: 0.019216
Test MSE did not improve.. Counter 12/100
Epoch: 365/1000   Training Loss: 0.010598  Test Loss: 0.018468  Test MSE: 0.019186
Test MSE did not improve.. Counter 13/100
Epoch: 366/1000   Training Loss: 0.010364  Test Loss: 0.018511  Test MSE: 0.019209
Test MSE did not improve.. Counter 14/100
Epoch: 367/1000   Training Loss: 0.010415  Test Loss: 0.018470  Test MSE: 0.019176
Test MSE did not improve.. Counter 15/100
Epoch: 368/1000   Training Loss: 0.010341  Test Loss: 0.018480  Test MSE: 0.019213
Test MSE did not improve.. Counter 16/100
Epoch: 369/1000   Training Loss: 0.010552  Test Loss: 0.018331  Test MSE: 0.019074
Test MSE did not improve.. Counter 17/100
Epoch: 370/1000   Training Loss: 0.010522  Test Loss: 0.018398  Test MSE: 0.019120
Test MSE did not improve.. Counter 18/100
Epoch: 371/1000   Training Loss: 0.010792  Test Loss: 0.018389  Test MSE: 0.019113
Test MSE did not improve.. Counter 19/100
Epoch: 372/1000   Training Loss: 0.010804  Test Loss: 0.018458  Test MSE: 0.019152
Test MSE did not improve.. Counter 20/100
Epoch: 373/1000   Training Loss: 0.010767  Test Loss: 0.018460  Test MSE: 0.019180
Test MSE did not improve.. Counter 21/100
Epoch: 374/1000   Training Loss: 0.010170  Test Loss: 0.018382  Test MSE: 0.019104
Epoch   374: reducing learning rate of group 0 to 2.4414e-07.
Test MSE did not improve.. Counter 22/100
Epoch: 375/1000   Training Loss: 0.010629  Test Loss: 0.018426  Test MSE: 0.019129
Test MSE did not improve.. Counter 23/100
Epoch: 376/1000   Training Loss: 0.010753  Test Loss: 0.018381  Test MSE: 0.019088
Test MSE did not improve.. Counter 24/100
Epoch: 377/1000   Training Loss: 0.010921  Test Loss: 0.018371  Test MSE: 0.019080
Test MSE did not improve.. Counter 25/100
Epoch: 378/1000   Training Loss: 0.010155  Test Loss: 0.018470  Test MSE: 0.019163
Test MSE did not improve.. Counter 26/100
Epoch: 379/1000   Training Loss: 0.010654  Test Loss: 0.018400  Test MSE: 0.019118
Test MSE did not improve.. Counter 27/100
Epoch: 380/1000   Training Loss: 0.010630  Test Loss: 0.018393  Test MSE: 0.019116
Test MSE did not improve.. Counter 28/100
Epoch: 381/1000   Training Loss: 0.010190  Test Loss: 0.018537  Test MSE: 0.019253
Test MSE did not improve.. Counter 29/100
Epoch: 382/1000   Training Loss: 0.010297  Test Loss: 0.018420  Test MSE: 0.019122
Test MSE did not improve.. Counter 30/100
Epoch: 383/1000   Training Loss: 0.010627  Test Loss: 0.018444  Test MSE: 0.019162
Test MSE did not improve.. Counter 31/100
Epoch: 384/1000   Training Loss: 0.010410  Test Loss: 0.018383  Test MSE: 0.019087
Test MSE did not improve.. Counter 32/100
Epoch: 385/1000   Training Loss: 0.010785  Test Loss: 0.018423  Test MSE: 0.019151
Epoch   385: reducing learning rate of group 0 to 1.2207e-07.
Test MSE did not improve.. Counter 33/100
Epoch: 386/1000   Training Loss: 0.010333  Test Loss: 0.018406  Test MSE: 0.019114
Test MSE did not improve.. Counter 34/100
Epoch: 387/1000   Training Loss: 0.010357  Test Loss: 0.018354  Test MSE: 0.019063
Test MSE did not improve.. Counter 35/100
Epoch: 388/1000   Training Loss: 0.010079  Test Loss: 0.018376  Test MSE: 0.019093
Test MSE did not improve.. Counter 36/100
Epoch: 389/1000   Training Loss: 0.010503  Test Loss: 0.018346  Test MSE: 0.019066
Test MSE did not improve.. Counter 37/100
Epoch: 390/1000   Training Loss: 0.010194  Test Loss: 0.018457  Test MSE: 0.019165
Test MSE did not improve.. Counter 38/100
Epoch: 391/1000   Training Loss: 0.010038  Test Loss: 0.018377  Test MSE: 0.019081
Test MSE did not improve.. Counter 39/100
Epoch: 392/1000   Training Loss: 0.010507  Test Loss: 0.018525  Test MSE: 0.019212
Test MSE did not improve.. Counter 40/100
Epoch: 393/1000   Training Loss: 0.010368  Test Loss: 0.018332  Test MSE: 0.019032
Test MSE improved from 0.019061 -> 0.019032
Epoch: 394/1000   Training Loss: 0.010625  Test Loss: 0.018460  Test MSE: 0.019157
Test MSE did not improve.. Counter 1/100
Epoch: 395/1000   Training Loss: 0.010230  Test Loss: 0.018382  Test MSE: 0.019073
Test MSE did not improve.. Counter 2/100
Epoch: 396/1000   Training Loss: 0.010610  Test Loss: 0.018390  Test MSE: 0.019094
Test MSE did not improve.. Counter 3/100
Epoch: 397/1000   Training Loss: 0.010542  Test Loss: 0.018394  Test MSE: 0.019111
Test MSE did not improve.. Counter 4/100
Epoch: 398/1000   Training Loss: 0.010289  Test Loss: 0.018445  Test MSE: 0.019153
Test MSE did not improve.. Counter 5/100
Epoch: 399/1000   Training Loss: 0.010254  Test Loss: 0.018422  Test MSE: 0.019131
Test MSE did not improve.. Counter 6/100
Epoch: 400/1000   Training Loss: 0.010663  Test Loss: 0.018438  Test MSE: 0.019143
Test MSE did not improve.. Counter 7/100
Epoch: 401/1000   Training Loss: 0.010301  Test Loss: 0.018404  Test MSE: 0.019105
Test MSE did not improve.. Counter 8/100
Epoch: 402/1000   Training Loss: 0.010572  Test Loss: 0.018465  Test MSE: 0.019178
Test MSE did not improve.. Counter 9/100
Epoch: 403/1000   Training Loss: 0.010727  Test Loss: 0.018375  Test MSE: 0.019087
Test MSE did not improve.. Counter 10/100
Epoch: 404/1000   Training Loss: 0.010291  Test Loss: 0.018398  Test MSE: 0.019097
Epoch   404: reducing learning rate of group 0 to 6.1035e-08.
Test MSE did not improve.. Counter 11/100
Epoch: 405/1000   Training Loss: 0.010748  Test Loss: 0.018417  Test MSE: 0.019125
Test MSE did not improve.. Counter 12/100
Epoch: 406/1000   Training Loss: 0.010488  Test Loss: 0.018364  Test MSE: 0.019076
Test MSE did not improve.. Counter 13/100
Epoch: 407/1000   Training Loss: 0.010544  Test Loss: 0.018371  Test MSE: 0.019068
Test MSE did not improve.. Counter 14/100
Epoch: 408/1000   Training Loss: 0.010340  Test Loss: 0.018335  Test MSE: 0.019050
Test MSE did not improve.. Counter 15/100
Epoch: 409/1000   Training Loss: 0.010038  Test Loss: 0.018451  Test MSE: 0.019163
Test MSE did not improve.. Counter 16/100
Epoch: 410/1000   Training Loss: 0.010737  Test Loss: 0.018389  Test MSE: 0.019096
Test MSE did not improve.. Counter 17/100
Epoch: 411/1000   Training Loss: 0.010305  Test Loss: 0.018399  Test MSE: 0.019109
Test MSE did not improve.. Counter 18/100
Epoch: 412/1000   Training Loss: 0.010248  Test Loss: 0.018367  Test MSE: 0.019056
Test MSE did not improve.. Counter 19/100
Epoch: 413/1000   Training Loss: 0.010467  Test Loss: 0.018358  Test MSE: 0.019060
Test MSE did not improve.. Counter 20/100
Epoch: 414/1000   Training Loss: 0.010399  Test Loss: 0.018443  Test MSE: 0.019150
Test MSE did not improve.. Counter 21/100
Epoch: 415/1000   Training Loss: 0.010273  Test Loss: 0.018388  Test MSE: 0.019084
Epoch   415: reducing learning rate of group 0 to 3.0518e-08.
Test MSE did not improve.. Counter 22/100
Epoch: 416/1000   Training Loss: 0.010446  Test Loss: 0.018477  Test MSE: 0.019164
Test MSE did not improve.. Counter 23/100
Epoch: 417/1000   Training Loss: 0.009774  Test Loss: 0.018319  Test MSE: 0.019033
Test MSE did not improve.. Counter 24/100
Epoch: 418/1000   Training Loss: 0.010195  Test Loss: 0.018445  Test MSE: 0.019145
Test MSE did not improve.. Counter 25/100
Epoch: 419/1000   Training Loss: 0.010901  Test Loss: 0.018398  Test MSE: 0.019106
Test MSE did not improve.. Counter 26/100
Epoch: 420/1000   Training Loss: 0.010424  Test Loss: 0.018461  Test MSE: 0.019158
Test MSE did not improve.. Counter 27/100
Epoch: 421/1000   Training Loss: 0.010527  Test Loss: 0.018428  Test MSE: 0.019125
Test MSE did not improve.. Counter 28/100
Epoch: 422/1000   Training Loss: 0.010237  Test Loss: 0.018431  Test MSE: 0.019146
Test MSE did not improve.. Counter 29/100
Epoch: 423/1000   Training Loss: 0.010364  Test Loss: 0.018475  Test MSE: 0.019188
Test MSE did not improve.. Counter 30/100
Epoch: 424/1000   Training Loss: 0.011123  Test Loss: 0.018366  Test MSE: 0.019060
Test MSE did not improve.. Counter 31/100
Epoch: 425/1000   Training Loss: 0.010660  Test Loss: 0.018365  Test MSE: 0.019083
Test MSE did not improve.. Counter 32/100
Epoch: 426/1000   Training Loss: 0.010950  Test Loss: 0.018439  Test MSE: 0.019139
Epoch   426: reducing learning rate of group 0 to 1.5259e-08.
Test MSE did not improve.. Counter 33/100
Epoch: 427/1000   Training Loss: 0.010569  Test Loss: 0.018465  Test MSE: 0.019143
Test MSE did not improve.. Counter 34/100
Epoch: 428/1000   Training Loss: 0.010446  Test Loss: 0.018292  Test MSE: 0.018994
Test MSE improved from 0.019032 -> 0.018994
Epoch: 429/1000   Training Loss: 0.010600  Test Loss: 0.018450  Test MSE: 0.019159
Test MSE did not improve.. Counter 1/100
Epoch: 430/1000   Training Loss: 0.010741  Test Loss: 0.018409  Test MSE: 0.019120
Test MSE did not improve.. Counter 2/100
Epoch: 431/1000   Training Loss: 0.010495  Test Loss: 0.018425  Test MSE: 0.019132
Test MSE did not improve.. Counter 3/100
Epoch: 432/1000   Training Loss: 0.010279  Test Loss: 0.018420  Test MSE: 0.019150
Test MSE did not improve.. Counter 4/100
Epoch: 433/1000   Training Loss: 0.010515  Test Loss: 0.018433  Test MSE: 0.019148
Test MSE did not improve.. Counter 5/100
Epoch: 434/1000   Training Loss: 0.010379  Test Loss: 0.018413  Test MSE: 0.019125
Test MSE did not improve.. Counter 6/100
Epoch: 435/1000   Training Loss: 0.010529  Test Loss: 0.018416  Test MSE: 0.019124
Test MSE did not improve.. Counter 7/100
Epoch: 436/1000   Training Loss: 0.010649  Test Loss: 0.018359  Test MSE: 0.019064
Test MSE did not improve.. Counter 8/100
Epoch: 437/1000   Training Loss: 0.010953  Test Loss: 0.018334  Test MSE: 0.019041
Test MSE did not improve.. Counter 9/100
Epoch: 438/1000   Training Loss: 0.010167  Test Loss: 0.018327  Test MSE: 0.019048
Test MSE did not improve.. Counter 10/100
Epoch: 439/1000   Training Loss: 0.010449  Test Loss: 0.018446  Test MSE: 0.019158
Test MSE did not improve.. Counter 11/100
Epoch: 440/1000   Training Loss: 0.010548  Test Loss: 0.018366  Test MSE: 0.019076
Test MSE did not improve.. Counter 12/100
Epoch: 441/1000   Training Loss: 0.010161  Test Loss: 0.018367  Test MSE: 0.019083
Test MSE did not improve.. Counter 13/100
Epoch: 442/1000   Training Loss: 0.010548  Test Loss: 0.018425  Test MSE: 0.019128
Test MSE did not improve.. Counter 14/100
Epoch: 443/1000   Training Loss: 0.010767  Test Loss: 0.018424  Test MSE: 0.019125
Test MSE did not improve.. Counter 15/100
Epoch: 444/1000   Training Loss: 0.010514  Test Loss: 0.018372  Test MSE: 0.019087
Test MSE did not improve.. Counter 16/100
Epoch: 445/1000   Training Loss: 0.010142  Test Loss: 0.018491  Test MSE: 0.019183
Test MSE did not improve.. Counter 17/100
Epoch: 446/1000   Training Loss: 0.010327  Test Loss: 0.018395  Test MSE: 0.019115
Test MSE did not improve.. Counter 18/100
Epoch: 447/1000   Training Loss: 0.010537  Test Loss: 0.018361  Test MSE: 0.019061
Test MSE did not improve.. Counter 19/100
Epoch: 448/1000   Training Loss: 0.010622  Test Loss: 0.018446  Test MSE: 0.019138
Test MSE did not improve.. Counter 20/100
Epoch: 449/1000   Training Loss: 0.010288  Test Loss: 0.018429  Test MSE: 0.019123
Test MSE did not improve.. Counter 21/100
Epoch: 450/1000   Training Loss: 0.009978  Test Loss: 0.018394  Test MSE: 0.019103
Test MSE did not improve.. Counter 22/100
Epoch: 451/1000   Training Loss: 0.010655  Test Loss: 0.018443  Test MSE: 0.019144
Test MSE did not improve.. Counter 23/100
Epoch: 452/1000   Training Loss: 0.010518  Test Loss: 0.018415  Test MSE: 0.019129
Test MSE did not improve.. Counter 24/100
Epoch: 453/1000   Training Loss: 0.010160  Test Loss: 0.018419  Test MSE: 0.019132
Test MSE did not improve.. Counter 25/100
Epoch: 454/1000   Training Loss: 0.010462  Test Loss: 0.018380  Test MSE: 0.019094
Test MSE did not improve.. Counter 26/100
Epoch: 455/1000   Training Loss: 0.010305  Test Loss: 0.018366  Test MSE: 0.019079
Test MSE did not improve.. Counter 27/100
Epoch: 456/1000   Training Loss: 0.010605  Test Loss: 0.018405  Test MSE: 0.019116
Test MSE did not improve.. Counter 28/100
Epoch: 457/1000   Training Loss: 0.010702  Test Loss: 0.018438  Test MSE: 0.019135
Test MSE did not improve.. Counter 29/100
Epoch: 458/1000   Training Loss: 0.010389  Test Loss: 0.018397  Test MSE: 0.019101
Test MSE did not improve.. Counter 30/100
Epoch: 459/1000   Training Loss: 0.010343  Test Loss: 0.018419  Test MSE: 0.019105
Test MSE did not improve.. Counter 31/100
Epoch: 460/1000   Training Loss: 0.010390  Test Loss: 0.018349  Test MSE: 0.019061
Test MSE did not improve.. Counter 32/100
Epoch: 461/1000   Training Loss: 0.010450  Test Loss: 0.018371  Test MSE: 0.019082
Test MSE did not improve.. Counter 33/100
Epoch: 462/1000   Training Loss: 0.010690  Test Loss: 0.018416  Test MSE: 0.019121
Test MSE did not improve.. Counter 34/100
Epoch: 463/1000   Training Loss: 0.010389  Test Loss: 0.018441  Test MSE: 0.019147
Test MSE did not improve.. Counter 35/100
Epoch: 464/1000   Training Loss: 0.010706  Test Loss: 0.018442  Test MSE: 0.019138
Test MSE did not improve.. Counter 36/100
Epoch: 465/1000   Training Loss: 0.010457  Test Loss: 0.018311  Test MSE: 0.019032
Test MSE did not improve.. Counter 37/100
Epoch: 466/1000   Training Loss: 0.010190  Test Loss: 0.018461  Test MSE: 0.019158
Test MSE did not improve.. Counter 38/100
Epoch: 467/1000   Training Loss: 0.010817  Test Loss: 0.018419  Test MSE: 0.019113
Test MSE did not improve.. Counter 39/100
Epoch: 468/1000   Training Loss: 0.010628  Test Loss: 0.018452  Test MSE: 0.019140
Test MSE did not improve.. Counter 40/100
Epoch: 469/1000   Training Loss: 0.010351  Test Loss: 0.018433  Test MSE: 0.019134
Test MSE did not improve.. Counter 41/100
Epoch: 470/1000   Training Loss: 0.010062  Test Loss: 0.018443  Test MSE: 0.019136
Test MSE did not improve.. Counter 42/100
Epoch: 471/1000   Training Loss: 0.010257  Test Loss: 0.018464  Test MSE: 0.019183
Test MSE did not improve.. Counter 43/100
Epoch: 472/1000   Training Loss: 0.010159  Test Loss: 0.018372  Test MSE: 0.019074
Test MSE did not improve.. Counter 44/100
Epoch: 473/1000   Training Loss: 0.010191  Test Loss: 0.018451  Test MSE: 0.019150
Test MSE did not improve.. Counter 45/100
Epoch: 474/1000   Training Loss: 0.010558  Test Loss: 0.018401  Test MSE: 0.019143
Test MSE did not improve.. Counter 46/100
Epoch: 475/1000   Training Loss: 0.010757  Test Loss: 0.018356  Test MSE: 0.019072
Test MSE did not improve.. Counter 47/100
Epoch: 476/1000   Training Loss: 0.010539  Test Loss: 0.018413  Test MSE: 0.019118
Test MSE did not improve.. Counter 48/100
Epoch: 477/1000   Training Loss: 0.011200  Test Loss: 0.018439  Test MSE: 0.019137
Test MSE did not improve.. Counter 49/100
Epoch: 478/1000   Training Loss: 0.010331  Test Loss: 0.018379  Test MSE: 0.019065
Test MSE did not improve.. Counter 50/100
Epoch: 479/1000   Training Loss: 0.010301  Test Loss: 0.018397  Test MSE: 0.019098
Test MSE did not improve.. Counter 51/100
Epoch: 480/1000   Training Loss: 0.010470  Test Loss: 0.018356  Test MSE: 0.019068
Test MSE did not improve.. Counter 52/100
Epoch: 481/1000   Training Loss: 0.010338  Test Loss: 0.018440  Test MSE: 0.019120
Test MSE did not improve.. Counter 53/100
Epoch: 482/1000   Training Loss: 0.010622  Test Loss: 0.018380  Test MSE: 0.019076
Test MSE did not improve.. Counter 54/100
Epoch: 483/1000   Training Loss: 0.010417  Test Loss: 0.018405  Test MSE: 0.019104
Test MSE did not improve.. Counter 55/100
Epoch: 484/1000   Training Loss: 0.010424  Test Loss: 0.018471  Test MSE: 0.019152
Test MSE did not improve.. Counter 56/100
Epoch: 485/1000   Training Loss: 0.010030  Test Loss: 0.018319  Test MSE: 0.019031
Test MSE did not improve.. Counter 57/100
Epoch: 486/1000   Training Loss: 0.010303  Test Loss: 0.018339  Test MSE: 0.019046
Test MSE did not improve.. Counter 58/100
Epoch: 487/1000   Training Loss: 0.010705  Test Loss: 0.018382  Test MSE: 0.019085
Test MSE did not improve.. Counter 59/100
Epoch: 488/1000   Training Loss: 0.010406  Test Loss: 0.018394  Test MSE: 0.019116
Test MSE did not improve.. Counter 60/100
Epoch: 489/1000   Training Loss: 0.010550  Test Loss: 0.018333  Test MSE: 0.019040
Test MSE did not improve.. Counter 61/100
Epoch: 490/1000   Training Loss: 0.010436  Test Loss: 0.018458  Test MSE: 0.019174
Test MSE did not improve.. Counter 62/100
Epoch: 491/1000   Training Loss: 0.010134  Test Loss: 0.018384  Test MSE: 0.019094
Test MSE did not improve.. Counter 63/100
Epoch: 492/1000   Training Loss: 0.010144  Test Loss: 0.018434  Test MSE: 0.019142
Test MSE did not improve.. Counter 64/100
Epoch: 493/1000   Training Loss: 0.010451  Test Loss: 0.018495  Test MSE: 0.019206
Test MSE did not improve.. Counter 65/100
Epoch: 494/1000   Training Loss: 0.010425  Test Loss: 0.018355  Test MSE: 0.019058
Test MSE did not improve.. Counter 66/100
Epoch: 495/1000   Training Loss: 0.010574  Test Loss: 0.018363  Test MSE: 0.019073
Test MSE did not improve.. Counter 67/100
Epoch: 496/1000   Training Loss: 0.010586  Test Loss: 0.018329  Test MSE: 0.019048
Test MSE did not improve.. Counter 68/100
Epoch: 497/1000   Training Loss: 0.010711  Test Loss: 0.018515  Test MSE: 0.019222
Test MSE did not improve.. Counter 69/100
Epoch: 498/1000   Training Loss: 0.010574  Test Loss: 0.018405  Test MSE: 0.019135
Test MSE did not improve.. Counter 70/100
Epoch: 499/1000   Training Loss: 0.010704  Test Loss: 0.018453  Test MSE: 0.019162
Test MSE did not improve.. Counter 71/100
Epoch: 500/1000   Training Loss: 0.010562  Test Loss: 0.018440  Test MSE: 0.019142
Test MSE did not improve.. Counter 72/100
Epoch: 501/1000   Training Loss: 0.010310  Test Loss: 0.018310  Test MSE: 0.019002
Test MSE did not improve.. Counter 73/100
Epoch: 502/1000   Training Loss: 0.010383  Test Loss: 0.018428  Test MSE: 0.019140
Test MSE did not improve.. Counter 74/100
Epoch: 503/1000   Training Loss: 0.010269  Test Loss: 0.018422  Test MSE: 0.019127
Test MSE did not improve.. Counter 75/100
Epoch: 504/1000   Training Loss: 0.010237  Test Loss: 0.018420  Test MSE: 0.019123
Test MSE did not improve.. Counter 76/100
Epoch: 505/1000   Training Loss: 0.010697  Test Loss: 0.018394  Test MSE: 0.019091
Test MSE did not improve.. Counter 77/100
Epoch: 506/1000   Training Loss: 0.010640  Test Loss: 0.018397  Test MSE: 0.019108
Test MSE did not improve.. Counter 78/100
Epoch: 507/1000   Training Loss: 0.010444  Test Loss: 0.018418  Test MSE: 0.019107
Test MSE did not improve.. Counter 79/100
Epoch: 508/1000   Training Loss: 0.010379  Test Loss: 0.018474  Test MSE: 0.019178
Test MSE did not improve.. Counter 80/100
Epoch: 509/1000   Training Loss: 0.011029  Test Loss: 0.018497  Test MSE: 0.019180
Test MSE did not improve.. Counter 81/100
Epoch: 510/1000   Training Loss: 0.010347  Test Loss: 0.018378  Test MSE: 0.019069
Test MSE did not improve.. Counter 82/100
Epoch: 511/1000   Training Loss: 0.010694  Test Loss: 0.018352  Test MSE: 0.019049
Test MSE did not improve.. Counter 83/100
Epoch: 512/1000   Training Loss: 0.010374  Test Loss: 0.018357  Test MSE: 0.019062
Test MSE did not improve.. Counter 84/100
Epoch: 513/1000   Training Loss: 0.010515  Test Loss: 0.018341  Test MSE: 0.019050
Test MSE did not improve.. Counter 85/100
Epoch: 514/1000   Training Loss: 0.010033  Test Loss: 0.018450  Test MSE: 0.019158
Test MSE did not improve.. Counter 86/100
Epoch: 515/1000   Training Loss: 0.010654  Test Loss: 0.018381  Test MSE: 0.019090
Test MSE did not improve.. Counter 87/100
Epoch: 516/1000   Training Loss: 0.010812  Test Loss: 0.018437  Test MSE: 0.019155
Test MSE did not improve.. Counter 88/100
Epoch: 517/1000  Using backend: pytorch
 Training Loss: 0.010786  Test Loss: 0.018443  Test MSE: 0.019153
Test MSE did not improve.. Counter 89/100
Epoch: 518/1000   Training Loss: 0.010444  Test Loss: 0.018284  Test MSE: 0.018992
Test MSE improved from 0.018994 -> 0.018992
Epoch: 519/1000   Training Loss: 0.010264  Test Loss: 0.018405  Test MSE: 0.019098
Test MSE did not improve.. Counter 1/100
Epoch: 520/1000   Training Loss: 0.010389  Test Loss: 0.018410  Test MSE: 0.019117
Test MSE did not improve.. Counter 2/100
Epoch: 521/1000   Training Loss: 0.010304  Test Loss: 0.018349  Test MSE: 0.019056
Test MSE did not improve.. Counter 3/100
Epoch: 522/1000   Training Loss: 0.010191  Test Loss: 0.018347  Test MSE: 0.019058
Test MSE did not improve.. Counter 4/100
Epoch: 523/1000   Training Loss: 0.010321  Test Loss: 0.018484  Test MSE: 0.019205
Test MSE did not improve.. Counter 5/100
Epoch: 524/1000   Training Loss: 0.010433  Test Loss: 0.018395  Test MSE: 0.019090
Test MSE did not improve.. Counter 6/100
Epoch: 525/1000   Training Loss: 0.010564  Test Loss: 0.018338  Test MSE: 0.019036
Test MSE did not improve.. Counter 7/100
Epoch: 526/1000   Training Loss: 0.010707  Test Loss: 0.018418  Test MSE: 0.019095
Test MSE did not improve.. Counter 8/100
Epoch: 527/1000   Training Loss: 0.010509  Test Loss: 0.018467  Test MSE: 0.019176
Test MSE did not improve.. Counter 9/100
Epoch: 528/1000   Training Loss: 0.010625  Test Loss: 0.018462  Test MSE: 0.019129
Test MSE did not improve.. Counter 10/100
Epoch: 529/1000   Training Loss: 0.010114  Test Loss: 0.018486  Test MSE: 0.019186
Test MSE did not improve.. Counter 11/100
Epoch: 530/1000   Training Loss: 0.010335  Test Loss: 0.018355  Test MSE: 0.019058
Test MSE did not improve.. Counter 12/100
Epoch: 531/1000   Training Loss: 0.010909  Test Loss: 0.018460  Test MSE: 0.019167
Test MSE did not improve.. Counter 13/100
Epoch: 532/1000   Training Loss: 0.010395  Test Loss: 0.018346  Test MSE: 0.019071
Test MSE did not improve.. Counter 14/100
Epoch: 533/1000   Training Loss: 0.010665  Test Loss: 0.018398  Test MSE: 0.019101
Test MSE did not improve.. Counter 15/100
Epoch: 534/1000   Training Loss: 0.010904  Test Loss: 0.018363  Test MSE: 0.019080
Test MSE did not improve.. Counter 16/100
Epoch: 535/1000   Training Loss: 0.010439  Test Loss: 0.018397  Test MSE: 0.019104
Test MSE did not improve.. Counter 17/100
Epoch: 536/1000   Training Loss: 0.010177  Test Loss: 0.018470  Test MSE: 0.019177
Test MSE did not improve.. Counter 18/100
Epoch: 537/1000   Training Loss: 0.010910  Test Loss: 0.018304  Test MSE: 0.019025
Test MSE did not improve.. Counter 19/100
Epoch: 538/1000   Training Loss: 0.010262  Test Loss: 0.018396  Test MSE: 0.019087
Test MSE did not improve.. Counter 20/100
Epoch: 539/1000   Training Loss: 0.010469  Test Loss: 0.018347  Test MSE: 0.019065
Test MSE did not improve.. Counter 21/100
Epoch: 540/1000   Training Loss: 0.010548  Test Loss: 0.018385  Test MSE: 0.019103
Test MSE did not improve.. Counter 22/100
Epoch: 541/1000   Training Loss: 0.010428  Test Loss: 0.018383  Test MSE: 0.019098
Test MSE did not improve.. Counter 23/100
Epoch: 542/1000   Training Loss: 0.010048  Test Loss: 0.018407  Test MSE: 0.019112
Test MSE did not improve.. Counter 24/100
Epoch: 543/1000   Training Loss: 0.010415  Test Loss: 0.018552  Test MSE: 0.019261
Test MSE did not improve.. Counter 25/100
Epoch: 544/1000   Training Loss: 0.010781  Test Loss: 0.018306  Test MSE: 0.019013
Test MSE did not improve.. Counter 26/100
Epoch: 545/1000   Training Loss: 0.010311  Test Loss: 0.018412  Test MSE: 0.019107
Test MSE did not improve.. Counter 27/100
Epoch: 546/1000   Training Loss: 0.010882  Test Loss: 0.018388  Test MSE: 0.019110
Test MSE did not improve.. Counter 28/100
Epoch: 547/1000   Training Loss: 0.010634  Test Loss: 0.018349  Test MSE: 0.019072
Test MSE did not improve.. Counter 29/100
Epoch: 548/1000   Training Loss: 0.010474  Test Loss: 0.018405  Test MSE: 0.019110
Test MSE did not improve.. Counter 30/100
Epoch: 549/1000   Training Loss: 0.010627  Test Loss: 0.018488  Test MSE: 0.019186
Test MSE did not improve.. Counter 31/100
Epoch: 550/1000   Training Loss: 0.010568  Test Loss: 0.018462  Test MSE: 0.019173
Test MSE did not improve.. Counter 32/100
Epoch: 551/1000   Training Loss: 0.010336  Test Loss: 0.018317  Test MSE: 0.019012
Test MSE did not improve.. Counter 33/100
Epoch: 552/1000   Training Loss: 0.010101  Test Loss: 0.018364  Test MSE: 0.019073
Test MSE did not improve.. Counter 34/100
Epoch: 553/1000   Training Loss: 0.010445  Test Loss: 0.018398  Test MSE: 0.019104
Test MSE did not improve.. Counter 35/100
Epoch: 554/1000   Training Loss: 0.010767  Test Loss: 0.018410  Test MSE: 0.019133
Test MSE did not improve.. Counter 36/100
Epoch: 555/1000   Training Loss: 0.010677  Test Loss: 0.018377  Test MSE: 0.019094
Test MSE did not improve.. Counter 37/100
Epoch: 556/1000   Training Loss: 0.010654  Test Loss: 0.018360  Test MSE: 0.019067
Test MSE did not improve.. Counter 38/100
Epoch: 557/1000   Training Loss: 0.010380  Test Loss: 0.018372  Test MSE: 0.019085
Test MSE did not improve.. Counter 39/100
Epoch: 558/1000   Training Loss: 0.010780  Test Loss: 0.018369  Test MSE: 0.019089
Test MSE did not improve.. Counter 40/100
Epoch: 559/1000   Training Loss: 0.010355  Test Loss: 0.018426  Test MSE: 0.019129
Test MSE did not improve.. Counter 41/100
Epoch: 560/1000   Training Loss: 0.009912  Test Loss: 0.018474  Test MSE: 0.019175
Test MSE did not improve.. Counter 42/100
Epoch: 561/1000   Training Loss: 0.010114  Test Loss: 0.018345  Test MSE: 0.019064
Test MSE did not improve.. Counter 43/100
Epoch: 562/1000   Training Loss: 0.010524  Test Loss: 0.018369  Test MSE: 0.019070
Test MSE did not improve.. Counter 44/100
Epoch: 563/1000   Training Loss: 0.010444  Test Loss: 0.018380  Test MSE: 0.019088
Test MSE did not improve.. Counter 45/100
Epoch: 564/1000   Training Loss: 0.010312  Test Loss: 0.018336  Test MSE: 0.019042
Test MSE did not improve.. Counter 46/100
Epoch: 565/1000   Training Loss: 0.011162  Test Loss: 0.018470  Test MSE: 0.019176
Test MSE did not improve.. Counter 47/100
Epoch: 566/1000   Training Loss: 0.010756  Test Loss: 0.018444  Test MSE: 0.019140
Test MSE did not improve.. Counter 48/100
Epoch: 567/1000   Training Loss: 0.010385  Test Loss: 0.018450  Test MSE: 0.019153
Test MSE did not improve.. Counter 49/100
Epoch: 568/1000   Training Loss: 0.010411  Test Loss: 0.018439  Test MSE: 0.019133
Test MSE did not improve.. Counter 50/100
Epoch: 569/1000   Training Loss: 0.010300  Test Loss: 0.018334  Test MSE: 0.019037
Test MSE did not improve.. Counter 51/100
Epoch: 570/1000   Training Loss: 0.010683  Test Loss: 0.018375  Test MSE: 0.019073
Test MSE did not improve.. Counter 52/100
Epoch: 571/1000   Training Loss: 0.010535  Test Loss: 0.018347  Test MSE: 0.019060
Test MSE did not improve.. Counter 53/100
Epoch: 572/1000   Training Loss: 0.010317  Test Loss: 0.018384  Test MSE: 0.019110
Test MSE did not improve.. Counter 54/100
Epoch: 573/1000   Training Loss: 0.010275  Test Loss: 0.018392  Test MSE: 0.019085
Test MSE did not improve.. Counter 55/100
Epoch: 574/1000   Training Loss: 0.010576  Test Loss: 0.018354  Test MSE: 0.019054
Test MSE did not improve.. Counter 56/100
Epoch: 575/1000   Training Loss: 0.010454  Test Loss: 0.018444  Test MSE: 0.019135
Test MSE did not improve.. Counter 57/100
Epoch: 576/1000   Training Loss: 0.010442  Test Loss: 0.018362  Test MSE: 0.019068
Test MSE did not improve.. Counter 58/100
Epoch: 577/1000   Training Loss: 0.010137  Test Loss: 0.018406  Test MSE: 0.019117
Test MSE did not improve.. Counter 59/100
Epoch: 578/1000   Training Loss: 0.010224  Test Loss: 0.018392  Test MSE: 0.019095
Test MSE did not improve.. Counter 60/100
Epoch: 579/1000   Training Loss: 0.010379  Test Loss: 0.018362  Test MSE: 0.019083
Test MSE did not improve.. Counter 61/100
Epoch: 580/1000   Training Loss: 0.010932  Test Loss: 0.018398  Test MSE: 0.019111
Test MSE did not improve.. Counter 62/100
Epoch: 581/1000   Training Loss: 0.010315  Test Loss: 0.018433  Test MSE: 0.019140
Test MSE did not improve.. Counter 63/100
Epoch: 582/1000   Training Loss: 0.010420  Test Loss: 0.018448  Test MSE: 0.019159
Test MSE did not improve.. Counter 64/100
Epoch: 583/1000   Training Loss: 0.010029  Test Loss: 0.018376  Test MSE: 0.019096
Test MSE did not improve.. Counter 65/100
Epoch: 584/1000   Training Loss: 0.010490  Test Loss: 0.018395  Test MSE: 0.019081
Test MSE did not improve.. Counter 66/100
Epoch: 585/1000   Training Loss: 0.010173  Test Loss: 0.018452  Test MSE: 0.019172
Test MSE did not improve.. Counter 67/100
Epoch: 586/1000   Training Loss: 0.010478  Test Loss: 0.018336  Test MSE: 0.019067
Test MSE did not improve.. Counter 68/100
Epoch: 587/1000   Training Loss: 0.010491  Test Loss: 0.018420  Test MSE: 0.019122
Test MSE did not improve.. Counter 69/100
Epoch: 588/1000   Training Loss: 0.010738  Test Loss: 0.018387  Test MSE: 0.019106
Test MSE did not improve.. Counter 70/100
Epoch: 589/1000   Training Loss: 0.010398  Test Loss: 0.018348  Test MSE: 0.019073
Test MSE did not improve.. Counter 71/100
Epoch: 590/1000   Training Loss: 0.010289  Test Loss: 0.018473  Test MSE: 0.019179
Test MSE did not improve.. Counter 72/100
Epoch: 591/1000   Training Loss: 0.010579  Test Loss: 0.018467  Test MSE: 0.019183
Test MSE did not improve.. Counter 73/100
Epoch: 592/1000   Training Loss: 0.010710  Test Loss: 0.018384  Test MSE: 0.019085
Test MSE did not improve.. Counter 74/100
Epoch: 593/1000   Training Loss: 0.010509  Test Loss: 0.018377  Test MSE: 0.019076
Test MSE did not improve.. Counter 75/100
Epoch: 594/1000   Training Loss: 0.010846  Test Loss: 0.018369  Test MSE: 0.019075
Test MSE did not improve.. Counter 76/100
Epoch: 595/1000   Training Loss: 0.010368  Test Loss: 0.018379  Test MSE: 0.019081
Test MSE did not improve.. Counter 77/100
Epoch: 596/1000   Training Loss: 0.010441  Test Loss: 0.018325  Test MSE: 0.019048
Test MSE did not improve.. Counter 78/100
Epoch: 597/1000   Training Loss: 0.010168  Test Loss: 0.018421  Test MSE: 0.019132
Test MSE did not improve.. Counter 79/100
Epoch: 598/1000   Training Loss: 0.010301  Test Loss: 0.018469  Test MSE: 0.019174
Test MSE did not improve.. Counter 80/100
Epoch: 599/1000   Training Loss: 0.010370  Test Loss: 0.018360  Test MSE: 0.019072
Test MSE did not improve.. Counter 81/100
Epoch: 600/1000   Training Loss: 0.010685  Test Loss: 0.018424  Test MSE: 0.019121
Test MSE did not improve.. Counter 82/100
Epoch: 601/1000   Training Loss: 0.010244  Test Loss: 0.018340  Test MSE: 0.019053
Test MSE did not improve.. Counter 83/100
Epoch: 602/1000   Training Loss: 0.009984  Test Loss: 0.018438  Test MSE: 0.019140
Test MSE did not improve.. Counter 84/100
Epoch: 603/1000   Training Loss: 0.010531  Test Loss: 0.018393  Test MSE: 0.019092
Test MSE did not improve.. Counter 85/100
Epoch: 604/1000   Training Loss: 0.010499  Test Loss: 0.018321  Test MSE: 0.019048
Test MSE did not improve.. Counter 86/100
Epoch: 605/1000   Training Loss: 0.010721  Test Loss: 0.018381  Test MSE: 0.019110
Test MSE did not improve.. Counter 87/100
Epoch: 606/1000   Training Loss: 0.010507  Test Loss: 0.018350  Test MSE: 0.019065
Test MSE did not improve.. Counter 88/100
Epoch: 607/1000   Training Loss: 0.010447  Test Loss: 0.018387  Test MSE: 0.019092
Test MSE did not improve.. Counter 89/100
Epoch: 608/1000   Training Loss: 0.010624  Test Loss: 0.018327  Test MSE: 0.019049
Test MSE did not improve.. Counter 90/100
Epoch: 609/1000   Training Loss: 0.010701  Test Loss: 0.018436  Test MSE: 0.019141
Test MSE did not improve.. Counter 91/100
Epoch: 610/1000   Training Loss: 0.010430  Test Loss: 0.018354  Test MSE: 0.019073
Test MSE did not improve.. Counter 92/100
Epoch: 611/1000   Training Loss: 0.011051  Test Loss: 0.018453  Test MSE: 0.019157
Test MSE did not improve.. Counter 93/100
Epoch: 612/1000   Training Loss: 0.010450  Test Loss: 0.018411  Test MSE: 0.019116
Test MSE did not improve.. Counter 94/100
Epoch: 613/1000   Training Loss: 0.010426  Test Loss: 0.018408  Test MSE: 0.019127
Test MSE did not improve.. Counter 95/100
Epoch: 614/1000   Training Loss: 0.010483  Test Loss: 0.018357  Test MSE: 0.019056
Test MSE did not improve.. Counter 96/100
Epoch: 615/1000   Training Loss: 0.010767  Test Loss: 0.018439  Test MSE: 0.019133
Test MSE did not improve.. Counter 97/100
Epoch: 616/1000   Training Loss: 0.010458  Test Loss: 0.018409  Test MSE: 0.019118
Test MSE did not improve.. Counter 98/100
Epoch: 617/1000   Training Loss: 0.010179  Test Loss: 0.018344  Test MSE: 0.019048
Test MSE did not improve.. Counter 99/100
Epoch: 618/1000   Training Loss: 0.010277  Test Loss: 0.018388  Test MSE: 0.019099
Test MSE did not improve.. Counter 100/100
Epoch: 619/1000   Training Loss: 0.010550  Test Loss: 0.018339  Test MSE: 0.019053
Test MSE did not improve.. Counter 101/100
Early Stopped ..
Saved loss curve to ./result/attention-diff_melanocortin_receptor_4_loss.png
============== Regression Performance =================
* MSE : 0.018992
* RMSE: 0.137812
* R2  : 0.943752
* PCC : 0.971549
* Spearman: 0.963772
=======================================================
