nohup: ignoring input
数据集：../data/melanocortin_receptor_4_mmps.csv
正在加载和预处理数据...
原始数据大小: 5861
处理后数据大小: 5861

训练基于MACCS指纹的线性回归模型...
MACCS特征维度: 334
线性回归参数设置:
  使用模型: Ridge回归 (L2正则化)
  正则化强度alpha: 1.0
  是否拟合截距: True
  特征缩放: 已应用StandardScaler
MACCS指纹 模型评估结果:
mse: 0.2670
rmse: 0.5167
r2: 0.2092
pcc: 0.4650
spearman: 0.4363

训练基于ECFP指纹的线性回归模型...
ECFP特征维度: 4096
线性回归参数设置:
  使用模型: Ridge回归 (L2正则化)
  正则化强度alpha: 1.0
  是否拟合截距: True
  特征缩放: 已应用StandardScaler
ECFP指纹 模型评估结果:
mse: 0.1430
rmse: 0.3781
r2: 0.5765
pcc: 0.7891
spearman: 0.7965
