nohup: ignoring input
Using backend: pytorch
{'MODEL': 'adapter-snn', 'TARGET_NAME': 'melanocortin_receptor_4', 'RANDOM_SEED': 42, 'BATCH_SIZE': 128, 'EARLY_STOPPING_PATIENCE': 100, 'WEIGHT_DECAY': 0.0001, 'DROP_OUT': 0.2, 'DEVICE': 'cuda:0'}
Epoch: 1/1000   Training Loss: 0.441224  Test Loss: 0.291443  Test MSE: 0.303339
Test MSE improved from inf -> 0.303339
Epoch: 2/1000   Training Loss: 0.332030  Test Loss: 0.237382  Test MSE: 0.244219
Test MSE improved from 0.303339 -> 0.244219
Epoch: 3/1000   Training Loss: 0.264971  Test Loss: 0.202676  Test MSE: 0.205393
Test MSE improved from 0.244219 -> 0.205393
Epoch: 4/1000   Training Loss: 0.227469  Test Loss: 0.173433  Test MSE: 0.174114
Test MSE improved from 0.205393 -> 0.174114
Epoch: 5/1000   Training Loss: 0.192294  Test Loss: 0.154793  Test MSE: 0.155788
Test MSE improved from 0.174114 -> 0.155788
Epoch: 6/1000   Training Loss: 0.168526  Test Loss: 0.143290  Test MSE: 0.143996
Test MSE improved from 0.155788 -> 0.143996
Epoch: 7/1000   Training Loss: 0.151615  Test Loss: 0.134431  Test MSE: 0.135794
Test MSE improved from 0.143996 -> 0.135794
Epoch: 8/1000   Training Loss: 0.149785  Test Loss: 0.123786  Test MSE: 0.125133
Test MSE improved from 0.135794 -> 0.125133
Epoch: 9/1000   Training Loss: 0.135723  Test Loss: 0.115315  Test MSE: 0.118125
Test MSE improved from 0.125133 -> 0.118125
Epoch: 10/1000   Training Loss: 0.129914  Test Loss: 0.110259  Test MSE: 0.112977
Test MSE improved from 0.118125 -> 0.112977
Epoch: 11/1000   Training Loss: 0.126674  Test Loss: 0.102686  Test MSE: 0.104956
Test MSE improved from 0.112977 -> 0.104956
Epoch: 12/1000   Training Loss: 0.116323  Test Loss: 0.099534  Test MSE: 0.101282
Test MSE improved from 0.104956 -> 0.101282
Epoch: 13/1000   Training Loss: 0.113282  Test Loss: 0.097740  Test MSE: 0.100120
Test MSE improved from 0.101282 -> 0.100120
Epoch: 14/1000   Training Loss: 0.107882  Test Loss: 0.091941  Test MSE: 0.093251
Test MSE improved from 0.100120 -> 0.093251
Epoch: 15/1000   Training Loss: 0.107246  Test Loss: 0.088469  Test MSE: 0.088573
Test MSE improved from 0.093251 -> 0.088573
Epoch: 16/1000   Training Loss: 0.099927  Test Loss: 0.085422  Test MSE: 0.087469
Test MSE improved from 0.088573 -> 0.087469
Epoch: 17/1000   Training Loss: 0.102751  Test Loss: 0.087981  Test MSE: 0.089398
Test MSE did not improve.. Counter 1/100
Epoch: 18/1000   Training Loss: 0.097537  Test Loss: 0.080553  Test MSE: 0.081338
Test MSE improved from 0.087469 -> 0.081338
Epoch: 19/1000   Training Loss: 0.093852  Test Loss: 0.080852  Test MSE: 0.080771
Test MSE improved from 0.081338 -> 0.080771
Epoch: 20/1000   Training Loss: 0.094026  Test Loss: 0.080118  Test MSE: 0.081464
Test MSE did not improve.. Counter 1/100
Epoch: 21/1000   Training Loss: 0.093029  Test Loss: 0.076823  Test MSE: 0.077717
Test MSE improved from 0.080771 -> 0.077717
Epoch: 22/1000   Training Loss: 0.090031  Test Loss: 0.080106  Test MSE: 0.080601
Test MSE did not improve.. Counter 1/100
Epoch: 23/1000   Training Loss: 0.091161  Test Loss: 0.073894  Test MSE: 0.075393
Test MSE improved from 0.077717 -> 0.075393
Epoch: 24/1000   Training Loss: 0.086922  Test Loss: 0.071654  Test MSE: 0.073392
Test MSE improved from 0.075393 -> 0.073392
Epoch: 25/1000   Training Loss: 0.090357  Test Loss: 0.068485  Test MSE: 0.070026
Test MSE improved from 0.073392 -> 0.070026
Epoch: 26/1000   Training Loss: 0.086381  Test Loss: 0.074087  Test MSE: 0.074318
Test MSE did not improve.. Counter 1/100
Epoch: 27/1000   Training Loss: 0.082961  Test Loss: 0.072466  Test MSE: 0.073572
Test MSE did not improve.. Counter 2/100
Epoch: 28/1000   Training Loss: 0.079465  Test Loss: 0.070761  Test MSE: 0.070914
Test MSE did not improve.. Counter 3/100
Epoch: 29/1000   Training Loss: 0.076150  Test Loss: 0.067309  Test MSE: 0.068395
Test MSE improved from 0.070026 -> 0.068395
Epoch: 30/1000   Training Loss: 0.073085  Test Loss: 0.065632  Test MSE: 0.066922
Test MSE improved from 0.068395 -> 0.066922
Epoch: 31/1000   Training Loss: 0.074661  Test Loss: 0.064816  Test MSE: 0.066873
Test MSE improved from 0.066922 -> 0.066873
Epoch: 32/1000   Training Loss: 0.074443  Test Loss: 0.065466  Test MSE: 0.066946
Test MSE did not improve.. Counter 1/100
Epoch: 33/1000   Training Loss: 0.075086  Test Loss: 0.063564  Test MSE: 0.065008
Test MSE improved from 0.066873 -> 0.065008
Epoch: 34/1000   Training Loss: 0.075157  Test Loss: 0.063210  Test MSE: 0.064070
Test MSE improved from 0.065008 -> 0.064070
Epoch: 35/1000   Training Loss: 0.074984  Test Loss: 0.064238  Test MSE: 0.064994
Test MSE did not improve.. Counter 1/100
Epoch: 36/1000   Training Loss: 0.073030  Test Loss: 0.063364  Test MSE: 0.064525
Test MSE did not improve.. Counter 2/100
Epoch: 37/1000   Training Loss: 0.071417  Test Loss: 0.062381  Test MSE: 0.062965
Test MSE improved from 0.064070 -> 0.062965
Epoch: 38/1000   Training Loss: 0.071851  Test Loss: 0.063839  Test MSE: 0.064806
Test MSE did not improve.. Counter 1/100
Epoch: 39/1000   Training Loss: 0.069769  Test Loss: 0.067757  Test MSE: 0.068767
Test MSE did not improve.. Counter 2/100
Epoch: 40/1000   Training Loss: 0.070876  Test Loss: 0.062152  Test MSE: 0.063026
Test MSE did not improve.. Counter 3/100
Epoch: 41/1000   Training Loss: 0.070052  Test Loss: 0.063342  Test MSE: 0.064638
Test MSE did not improve.. Counter 4/100
Epoch: 42/1000   Training Loss: 0.066291  Test Loss: 0.064576  Test MSE: 0.065618
Test MSE did not improve.. Counter 5/100
Epoch: 43/1000   Training Loss: 0.065223  Test Loss: 0.062945  Test MSE: 0.063446
Test MSE did not improve.. Counter 6/100
Epoch: 44/1000   Training Loss: 0.069113  Test Loss: 0.058675  Test MSE: 0.060316
Test MSE improved from 0.062965 -> 0.060316
Epoch: 45/1000   Training Loss: 0.066833  Test Loss: 0.065728  Test MSE: 0.067115
Test MSE did not improve.. Counter 1/100
Epoch: 46/1000   Training Loss: 0.067398  Test Loss: 0.060417  Test MSE: 0.062118
Test MSE did not improve.. Counter 2/100
Epoch: 47/1000   Training Loss: 0.071135  Test Loss: 0.065833  Test MSE: 0.066392
Test MSE did not improve.. Counter 3/100
Epoch: 48/1000   Training Loss: 0.068283  Test Loss: 0.061603  Test MSE: 0.063693
Test MSE did not improve.. Counter 4/100
Epoch: 49/1000   Training Loss: 0.065385  Test Loss: 0.056099  Test MSE: 0.057723
Test MSE improved from 0.060316 -> 0.057723
Epoch: 50/1000   Training Loss: 0.068223  Test Loss: 0.061774  Test MSE: 0.063296
Test MSE did not improve.. Counter 1/100
Epoch: 51/1000   Training Loss: 0.067349  Test Loss: 0.058867  Test MSE: 0.060162
Test MSE did not improve.. Counter 2/100
Epoch: 52/1000   Training Loss: 0.066036  Test Loss: 0.058688  Test MSE: 0.059339
Test MSE did not improve.. Counter 3/100
Epoch: 53/1000   Training Loss: 0.063116  Test Loss: 0.064360  Test MSE: 0.066016
Test MSE did not improve.. Counter 4/100
Epoch: 54/1000   Training Loss: 0.064759  Test Loss: 0.059129  Test MSE: 0.059891
Test MSE did not improve.. Counter 5/100
Epoch: 55/1000   Training Loss: 0.065651  Test Loss: 0.056038  Test MSE: 0.057992
Test MSE did not improve.. Counter 6/100
Epoch: 56/1000   Training Loss: 0.063052  Test Loss: 0.058249  Test MSE: 0.059213
Test MSE did not improve.. Counter 7/100
Epoch: 57/1000   Training Loss: 0.062876  Test Loss: 0.063933  Test MSE: 0.064267
Test MSE did not improve.. Counter 8/100
Epoch: 58/1000   Training Loss: 0.061840  Test Loss: 0.056646  Test MSE: 0.058086
Test MSE did not improve.. Counter 9/100
Epoch: 59/1000   Training Loss: 0.063174  Test Loss: 0.057455  Test MSE: 0.057857
Test MSE did not improve.. Counter 10/100
Epoch: 60/1000   Training Loss: 0.060740  Test Loss: 0.060222  Test MSE: 0.060516
Test MSE did not improve.. Counter 11/100
Epoch: 61/1000   Training Loss: 0.060864  Test Loss: 0.058914  Test MSE: 0.060206
Test MSE did not improve.. Counter 12/100
Epoch: 62/1000   Training Loss: 0.060172  Test Loss: 0.059507  Test MSE: 0.060953
Test MSE did not improve.. Counter 13/100
Epoch: 63/1000   Training Loss: 0.058940  Test Loss: 0.058626  Test MSE: 0.059917
Test MSE did not improve.. Counter 14/100
Epoch: 64/1000   Training Loss: 0.064530  Test Loss: 0.059160  Test MSE: 0.060824
Test MSE did not improve.. Counter 15/100
Epoch: 65/1000   Training Loss: 0.065214  Test Loss: 0.065448  Test MSE: 0.067114
Test MSE did not improve.. Counter 16/100
Epoch: 66/1000   Training Loss: 0.062214  Test Loss: 0.055907  Test MSE: 0.056507
Test MSE improved from 0.057723 -> 0.056507
Epoch: 67/1000   Training Loss: 0.059561  Test Loss: 0.055165  Test MSE: 0.056164
Test MSE improved from 0.056507 -> 0.056164
Epoch: 68/1000   Training Loss: 0.058100  Test Loss: 0.064771  Test MSE: 0.067505
Test MSE did not improve.. Counter 1/100
Epoch: 69/1000   Training Loss: 0.057151  Test Loss: 0.061161  Test MSE: 0.063150
Test MSE did not improve.. Counter 2/100
Epoch: 70/1000   Training Loss: 0.060115  Test Loss: 0.058221  Test MSE: 0.059553
Test MSE did not improve.. Counter 3/100
Epoch: 71/1000   Training Loss: 0.061876  Test Loss: 0.056307  Test MSE: 0.057396
Test MSE did not improve.. Counter 4/100
Epoch: 72/1000   Training Loss: 0.059952  Test Loss: 0.066618  Test MSE: 0.068403
Test MSE did not improve.. Counter 5/100
Epoch: 73/1000   Training Loss: 0.056394  Test Loss: 0.057208  Test MSE: 0.058580
Test MSE did not improve.. Counter 6/100
Epoch: 74/1000   Training Loss: 0.056261  Test Loss: 0.056773  Test MSE: 0.057898
Test MSE did not improve.. Counter 7/100
Epoch: 75/1000   Training Loss: 0.057754  Test Loss: 0.057399  Test MSE: 0.058675
Test MSE did not improve.. Counter 8/100
Epoch: 76/1000   Training Loss: 0.058943  Test Loss: 0.060250  Test MSE: 0.061760
Test MSE did not improve.. Counter 9/100
Epoch: 77/1000   Training Loss: 0.063161  Test Loss: 0.059353  Test MSE: 0.060848
Test MSE did not improve.. Counter 10/100
Epoch: 78/1000   Training Loss: 0.058389  Test Loss: 0.065815  Test MSE: 0.065835
Test MSE did not improve.. Counter 11/100
Epoch: 79/1000   Training Loss: 0.065973  Test Loss: 0.058720  Test MSE: 0.060422
Test MSE did not improve.. Counter 12/100
Epoch: 80/1000   Training Loss: 0.062320  Test Loss: 0.065892  Test MSE: 0.067689
Test MSE did not improve.. Counter 13/100
Epoch: 81/1000   Training Loss: 0.058898  Test Loss: 0.064823  Test MSE: 0.066338
Test MSE did not improve.. Counter 14/100
Epoch: 82/1000   Training Loss: 0.062598  Test Loss: 0.062207  Test MSE: 0.062943
Test MSE did not improve.. Counter 15/100
Epoch: 83/1000   Training Loss: 0.063923  Test Loss: 0.058255  Test MSE: 0.059464
Test MSE did not improve.. Counter 16/100
Epoch: 84/1000   Training Loss: 0.063086  Test Loss: 0.070038  Test MSE: 0.071298
Test MSE did not improve.. Counter 17/100
Epoch: 85/1000   Training Loss: 0.065675  Test Loss: 0.059541  Test MSE: 0.059999
Test MSE did not improve.. Counter 18/100
Epoch: 86/1000   Training Loss: 0.067398  Test Loss: 0.064467  Test MSE: 0.065812
Test MSE did not improve.. Counter 19/100
Epoch: 87/1000   Training Loss: 0.063306  Test Loss: 0.071540  Test MSE: 0.072991
Test MSE did not improve.. Counter 20/100
Epoch: 88/1000   Training Loss: 0.065125  Test Loss: 0.062917  Test MSE: 0.064194
Test MSE did not improve.. Counter 21/100
Epoch: 89/1000   Training Loss: 0.063070  Test Loss: 0.058091  Test MSE: 0.059626
Test MSE did not improve.. Counter 22/100
Epoch: 90/1000   Training Loss: 0.065484  Test Loss: 0.057791  Test MSE: 0.058586
Test MSE did not improve.. Counter 23/100
Epoch: 91/1000   Training Loss: 0.061348  Test Loss: 0.061419  Test MSE: 0.063361
Test MSE did not improve.. Counter 24/100
Epoch: 92/1000   Training Loss: 0.060137  Test Loss: 0.055301  Test MSE: 0.056942
Test MSE did not improve.. Counter 25/100
Epoch: 93/1000   Training Loss: 0.063830  Test Loss: 0.060873  Test MSE: 0.062814
Test MSE did not improve.. Counter 26/100
Epoch: 94/1000   Training Loss: 0.062500  Test Loss: 0.055543  Test MSE: 0.057031
Test MSE did not improve.. Counter 27/100
Epoch: 95/1000   Training Loss: 0.061439  Test Loss: 0.055380  Test MSE: 0.056591
Test MSE did not improve.. Counter 28/100
Epoch: 96/1000   Training Loss: 0.055471  Test Loss: 0.050381  Test MSE: 0.052325
Test MSE improved from 0.056164 -> 0.052325
Epoch: 97/1000   Training Loss: 0.055512  Test Loss: 0.056450  Test MSE: 0.056834
Test MSE did not improve.. Counter 1/100
Epoch: 98/1000   Training Loss: 0.058566  Test Loss: 0.059029  Test MSE: 0.060480
Test MSE did not improve.. Counter 2/100
Epoch: 99/1000   Training Loss: 0.061470  Test Loss: 0.053911  Test MSE: 0.054212
Test MSE did not improve.. Counter 3/100
Epoch: 100/1000   Training Loss: 0.057872  Test Loss: 0.061729  Test MSE: 0.062771
Test MSE did not improve.. Counter 4/100
Epoch: 101/1000   Training Loss: 0.060940  Test Loss: 0.057555  Test MSE: 0.058248
Test MSE did not improve.. Counter 5/100
Epoch: 102/1000   Training Loss: 0.058119  Test Loss: 0.062239  Test MSE: 0.064172
Test MSE did not improve.. Counter 6/100
Epoch: 103/1000   Training Loss: 0.063387  Test Loss: 0.061220  Test MSE: 0.063412
Test MSE did not improve.. Counter 7/100
Epoch: 104/1000   Training Loss: 0.060030  Test Loss: 0.053945  Test MSE: 0.056031
Test MSE did not improve.. Counter 8/100
Epoch: 105/1000   Training Loss: 0.060059  Test Loss: 0.057331  Test MSE: 0.058531
Test MSE did not improve.. Counter 9/100
Epoch: 106/1000   Training Loss: 0.061334  Test Loss: 0.055111  Test MSE: 0.056850
Test MSE did not improve.. Counter 10/100
Epoch: 107/1000   Training Loss: 0.062786  Test Loss: 0.060187  Test MSE: 0.061749
Test MSE did not improve.. Counter 11/100
Epoch: 108/1000   Training Loss: 0.065528  Test Loss: 0.065540  Test MSE: 0.066965
Test MSE did not improve.. Counter 12/100
Epoch: 109/1000   Training Loss: 0.065305  Test Loss: 0.063603  Test MSE: 0.065509
Test MSE did not improve.. Counter 13/100
Epoch: 110/1000   Training Loss: 0.066184  Test Loss: 0.060444  Test MSE: 0.061466
Test MSE did not improve.. Counter 14/100
Epoch: 111/1000   Training Loss: 0.062463  Test Loss: 0.056903  Test MSE: 0.057943
Test MSE did not improve.. Counter 15/100
Epoch: 112/1000   Training Loss: 0.057391  Test Loss: 0.051486  Test MSE: 0.053511
Test MSE did not improve.. Counter 16/100
Epoch: 113/1000   Training Loss: 0.057170  Test Loss: 0.062284  Test MSE: 0.064122
Test MSE did not improve.. Counter 17/100
Epoch: 114/1000   Training Loss: 0.060670  Test Loss: 0.057091  Test MSE: 0.057885
Test MSE did not improve.. Counter 18/100
Epoch: 115/1000   Training Loss: 0.057429  Test Loss: 0.059053  Test MSE: 0.059633
Test MSE did not improve.. Counter 19/100
Epoch: 116/1000   Training Loss: 0.058052  Test Loss: 0.057587  Test MSE: 0.058981
Test MSE did not improve.. Counter 20/100
Epoch: 117/1000   Training Loss: 0.055202  Test Loss: 0.061625  Test MSE: 0.063220
Test MSE did not improve.. Counter 21/100
Epoch: 118/1000   Training Loss: 0.055788  Test Loss: 0.051209  Test MSE: 0.053341
Test MSE did not improve.. Counter 22/100
Epoch: 119/1000   Training Loss: 0.053620  Test Loss: 0.053355  Test MSE: 0.054313
Test MSE did not improve.. Counter 23/100
Epoch: 120/1000   Training Loss: 0.053701  Test Loss: 0.052724  Test MSE: 0.054671
Test MSE did not improve.. Counter 24/100
Epoch: 121/1000   Training Loss: 0.049714  Test Loss: 0.056971  Test MSE: 0.058662
Test MSE did not improve.. Counter 25/100
Epoch: 122/1000   Training Loss: 0.054874  Test Loss: 0.056529  Test MSE: 0.058483
Test MSE did not improve.. Counter 26/100
Epoch: 123/1000   Training Loss: 0.054495  Test Loss: 0.056037  Test MSE: 0.057339
Test MSE did not improve.. Counter 27/100
Epoch: 124/1000   Training Loss: 0.056722  Test Loss: 0.052578  Test MSE: 0.054001
Test MSE did not improve.. Counter 28/100
Epoch: 125/1000   Training Loss: 0.059211  Test Loss: 0.053530  Test MSE: 0.054203
Test MSE did not improve.. Counter 29/100
Epoch: 126/1000   Training Loss: 0.058470  Test Loss: 0.052153  Test MSE: 0.054047
Test MSE did not improve.. Counter 30/100
Epoch: 127/1000   Training Loss: 0.055754  Test Loss: 0.053788  Test MSE: 0.055132
Test MSE did not improve.. Counter 31/100
Epoch: 128/1000   Training Loss: 0.055193  Test Loss: 0.052974  Test MSE: 0.054403
Test MSE did not improve.. Counter 32/100
Epoch: 129/1000   Training Loss: 0.054563  Test Loss: 0.059019  Test MSE: 0.060505
Test MSE did not improve.. Counter 33/100
Epoch: 130/1000   Training Loss: 0.061664  Test Loss: 0.056706  Test MSE: 0.058203
Test MSE did not improve.. Counter 34/100
Epoch: 131/1000   Training Loss: 0.059930  Test Loss: 0.059469  Test MSE: 0.060446
Test MSE did not improve.. Counter 35/100
Epoch: 132/1000   Training Loss: 0.058872  Test Loss: 0.060034  Test MSE: 0.061631
Test MSE did not improve.. Counter 36/100
Epoch: 133/1000   Training Loss: 0.056273  Test Loss: 0.050766  Test MSE: 0.051822
Test MSE improved from 0.052325 -> 0.051822
Epoch: 134/1000   Training Loss: 0.060451  Test Loss: 0.053117  Test MSE: 0.054880
Test MSE did not improve.. Counter 1/100
Epoch: 135/1000   Training Loss: 0.060744  Test Loss: 0.056869  Test MSE: 0.058196
Test MSE did not improve.. Counter 2/100
Epoch: 136/1000   Training Loss: 0.057182  Test Loss: 0.065369  Test MSE: 0.067493
Test MSE did not improve.. Counter 3/100
Epoch: 137/1000   Training Loss: 0.056164  Test Loss: 0.061597  Test MSE: 0.061621
Test MSE did not improve.. Counter 4/100
Epoch: 138/1000   Training Loss: 0.056062  Test Loss: 0.059648  Test MSE: 0.061262
Test MSE did not improve.. Counter 5/100
Epoch: 139/1000   Training Loss: 0.059229  Test Loss: 0.055358  Test MSE: 0.056889
Test MSE did not improve.. Counter 6/100
Epoch: 140/1000   Training Loss: 0.055569  Test Loss: 0.053145  Test MSE: 0.054335
Test MSE did not improve.. Counter 7/100
Epoch: 141/1000   Training Loss: 0.054897  Test Loss: 0.052416  Test MSE: 0.052864
Test MSE did not improve.. Counter 8/100
Epoch: 142/1000   Training Loss: 0.056470  Test Loss: 0.052692  Test MSE: 0.053230
Test MSE did not improve.. Counter 9/100
Epoch: 143/1000   Training Loss: 0.058855  Test Loss: 0.061368  Test MSE: 0.061942
Test MSE did not improve.. Counter 10/100
Epoch: 144/1000   Training Loss: 0.058485  Test Loss: 0.054916  Test MSE: 0.055642
Test MSE did not improve.. Counter 11/100
Epoch: 145/1000   Training Loss: 0.058017  Test Loss: 0.049602  Test MSE: 0.051073
Test MSE improved from 0.051822 -> 0.051073
Epoch: 146/1000   Training Loss: 0.056513  Test Loss: 0.053845  Test MSE: 0.054987
Test MSE did not improve.. Counter 1/100
Epoch: 147/1000   Training Loss: 0.052450  Test Loss: 0.051686  Test MSE: 0.052372
Test MSE did not improve.. Counter 2/100
Epoch: 148/1000   Training Loss: 0.055863  Test Loss: 0.058841  Test MSE: 0.060175
Test MSE did not improve.. Counter 3/100
Epoch: 149/1000   Training Loss: 0.056253  Test Loss: 0.059761  Test MSE: 0.061280
Test MSE did not improve.. Counter 4/100
Epoch: 150/1000   Training Loss: 0.056459  Test Loss: 0.065963  Test MSE: 0.068103
Test MSE did not improve.. Counter 5/100
Epoch: 151/1000   Training Loss: 0.056740  Test Loss: 0.054576  Test MSE: 0.056241
Test MSE did not improve.. Counter 6/100
Epoch: 152/1000   Training Loss: 0.054721  Test Loss: 0.056838  Test MSE: 0.057927
Test MSE did not improve.. Counter 7/100
Epoch: 153/1000   Training Loss: 0.053481  Test Loss: 0.055655  Test MSE: 0.057579
Test MSE did not improve.. Counter 8/100
Epoch: 154/1000   Training Loss: 0.055041  Test Loss: 0.054239  Test MSE: 0.055179
Test MSE did not improve.. Counter 9/100
Epoch: 155/1000   Training Loss: 0.057590  Test Loss: 0.064264  Test MSE: 0.066972
Test MSE did not improve.. Counter 10/100
Epoch: 156/1000   Training Loss: 0.055462  Test Loss: 0.057319  Test MSE: 0.058792
Test MSE did not improve.. Counter 11/100
Epoch: 157/1000   Training Loss: 0.056094  Test Loss: 0.054317  Test MSE: 0.055874
Test MSE did not improve.. Counter 12/100
Epoch: 158/1000   Training Loss: 0.055937  Test Loss: 0.049721  Test MSE: 0.050413
Test MSE improved from 0.051073 -> 0.050413
Epoch: 159/1000   Training Loss: 0.053749  Test Loss: 0.055570  Test MSE: 0.056854
Test MSE did not improve.. Counter 1/100
Epoch: 160/1000   Training Loss: 0.057101  Test Loss: 0.052943  Test MSE: 0.054317
Test MSE did not improve.. Counter 2/100
Epoch: 161/1000   Training Loss: 0.061284  Test Loss: 0.056565  Test MSE: 0.058094
Test MSE did not improve.. Counter 3/100
Epoch: 162/1000   Training Loss: 0.055786  Test Loss: 0.062764  Test MSE: 0.065377
Test MSE did not improve.. Counter 4/100
Epoch: 163/1000   Training Loss: 0.061449  Test Loss: 0.057966  Test MSE: 0.059284
Test MSE did not improve.. Counter 5/100
Epoch: 164/1000   Training Loss: 0.055558  Test Loss: 0.055930  Test MSE: 0.058208
Test MSE did not improve.. Counter 6/100
Epoch: 165/1000   Training Loss: 0.056242  Test Loss: 0.058079  Test MSE: 0.057600
Test MSE did not improve.. Counter 7/100
Epoch: 166/1000   Training Loss: 0.058801  Test Loss: 0.050904  Test MSE: 0.051806
Test MSE did not improve.. Counter 8/100
Epoch: 167/1000   Training Loss: 0.059028  Test Loss: 0.054989  Test MSE: 0.056235
Test MSE did not improve.. Counter 9/100
Epoch: 168/1000   Training Loss: 0.055589  Test Loss: 0.053312  Test MSE: 0.055063
Test MSE did not improve.. Counter 10/100
Epoch: 169/1000   Training Loss: 0.054888  Test Loss: 0.047812  Test MSE: 0.048596
Test MSE improved from 0.050413 -> 0.048596
Epoch: 170/1000   Training Loss: 0.052179  Test Loss: 0.049645  Test MSE: 0.050617
Test MSE did not improve.. Counter 1/100
Epoch: 171/1000   Training Loss: 0.054635  Test Loss: 0.051919  Test MSE: 0.054030
Test MSE did not improve.. Counter 2/100
Epoch: 172/1000   Training Loss: 0.056903  Test Loss: 0.051968  Test MSE: 0.053260
Test MSE did not improve.. Counter 3/100
Epoch: 173/1000   Training Loss: 0.055555  Test Loss: 0.054857  Test MSE: 0.056746
Test MSE did not improve.. Counter 4/100
Epoch: 174/1000   Training Loss: 0.057038  Test Loss: 0.051726  Test MSE: 0.053293
Test MSE did not improve.. Counter 5/100
Epoch: 175/1000   Training Loss: 0.057971  Test Loss: 0.047275  Test MSE: 0.047250
Test MSE improved from 0.048596 -> 0.047250
Epoch: 176/1000   Training Loss: 0.053468  Test Loss: 0.053030  Test MSE: 0.054263
Test MSE did not improve.. Counter 1/100
Epoch: 177/1000   Training Loss: 0.051755  Test Loss: 0.055701  Test MSE: 0.058225
Test MSE did not improve.. Counter 2/100
Epoch: 178/1000   Training Loss: 0.051374  Test Loss: 0.048904  Test MSE: 0.050944
Test MSE did not improve.. Counter 3/100
Epoch: 179/1000   Training Loss: 0.052680  Test Loss: 0.055015  Test MSE: 0.056276
Test MSE did not improve.. Counter 4/100
Epoch: 180/1000   Training Loss: 0.055317  Test Loss: 0.053768  Test MSE: 0.054989
Test MSE did not improve.. Counter 5/100
Epoch: 181/1000   Training Loss: 0.057681  Test Loss: 0.061539  Test MSE: 0.062660
Test MSE did not improve.. Counter 6/100
Epoch: 182/1000   Training Loss: 0.056606  Test Loss: 0.056800  Test MSE: 0.058029
Test MSE did not improve.. Counter 7/100
Epoch: 183/1000   Training Loss: 0.057659  Test Loss: 0.053668  Test MSE: 0.054273
Test MSE did not improve.. Counter 8/100
Epoch: 184/1000   Training Loss: 0.059254  Test Loss: 0.066454  Test MSE: 0.067439
Test MSE did not improve.. Counter 9/100
Epoch: 185/1000   Training Loss: 0.059017  Test Loss: 0.058942  Test MSE: 0.060927
Test MSE did not improve.. Counter 10/100
Epoch: 186/1000   Training Loss: 0.053912  Test Loss: 0.061816  Test MSE: 0.065149
Test MSE did not improve.. Counter 11/100
Epoch: 187/1000   Training Loss: 0.054976  Test Loss: 0.051689  Test MSE: 0.054057
Test MSE did not improve.. Counter 12/100
Epoch: 188/1000   Training Loss: 0.050437  Test Loss: 0.049832  Test MSE: 0.051847
Test MSE did not improve.. Counter 13/100
Epoch: 189/1000   Training Loss: 0.052766  Test Loss: 0.055969  Test MSE: 0.057882
Test MSE did not improve.. Counter 14/100
Epoch: 190/1000   Training Loss: 0.055258  Test Loss: 0.046543  Test MSE: 0.048738
Test MSE did not improve.. Counter 15/100
Epoch: 191/1000   Training Loss: 0.055622  Test Loss: 0.051851  Test MSE: 0.054146
Test MSE did not improve.. Counter 16/100
Epoch: 192/1000   Training Loss: 0.054875  Test Loss: 0.053470  Test MSE: 0.055376
Test MSE did not improve.. Counter 17/100
Epoch: 193/1000   Training Loss: 0.058495  Test Loss: 0.050501  Test MSE: 0.052515
Test MSE did not improve.. Counter 18/100
Epoch: 194/1000   Training Loss: 0.050622  Test Loss: 0.056698  Test MSE: 0.058270
Test MSE did not improve.. Counter 19/100
Epoch: 195/1000   Training Loss: 0.053863  Test Loss: 0.055693  Test MSE: 0.057777
Test MSE did not improve.. Counter 20/100
Epoch: 196/1000   Training Loss: 0.053673  Test Loss: 0.052045  Test MSE: 0.054432
Test MSE did not improve.. Counter 21/100
Epoch: 197/1000   Training Loss: 0.052718  Test Loss: 0.050889  Test MSE: 0.052627
Test MSE did not improve.. Counter 22/100
Epoch: 198/1000   Training Loss: 0.048968  Test Loss: 0.052333  Test MSE: 0.053789
Test MSE did not improve.. Counter 23/100
Epoch: 199/1000   Training Loss: 0.050468  Test Loss: 0.055065  Test MSE: 0.057436
Test MSE did not improve.. Counter 24/100
Epoch: 200/1000   Training Loss: 0.052622  Test Loss: 0.049628  Test MSE: 0.051559
Test MSE did not improve.. Counter 25/100
Epoch: 201/1000   Training Loss: 0.053743  Test Loss: 0.054584  Test MSE: 0.055832
Test MSE did not improve.. Counter 26/100
Epoch: 202/1000   Training Loss: 0.053918  Test Loss: 0.051903  Test MSE: 0.054080
Test MSE did not improve.. Counter 27/100
Epoch: 203/1000   Training Loss: 0.052575  Test Loss: 0.053337  Test MSE: 0.055132
Test MSE did not improve.. Counter 28/100
Epoch: 204/1000   Training Loss: 0.061345  Test Loss: 0.053146  Test MSE: 0.056052
Test MSE did not improve.. Counter 29/100
Epoch: 205/1000   Training Loss: 0.060117  Test Loss: 0.054791  Test MSE: 0.056724
Test MSE did not improve.. Counter 30/100
Epoch: 206/1000   Training Loss: 0.054070  Test Loss: 0.053844  Test MSE: 0.055687
Test MSE did not improve.. Counter 31/100
Epoch: 207/1000   Training Loss: 0.059158  Test Loss: 0.053095  Test MSE: 0.055485
Test MSE did not improve.. Counter 32/100
Epoch: 208/1000   Training Loss: 0.053885  Test Loss: 0.053785  Test MSE: 0.056214
Test MSE did not improve.. Counter 33/100
Epoch: 209/1000   Training Loss: 0.054787  Test Loss: 0.052761  Test MSE: 0.054312
Test MSE did not improve.. Counter 34/100
Epoch: 210/1000   Training Loss: 0.058750  Test Loss: 0.052910  Test MSE: 0.055356
Test MSE did not improve.. Counter 35/100
Epoch: 211/1000   Training Loss: 0.057254  Test Loss: 0.053497  Test MSE: 0.055550
Test MSE did not improve.. Counter 36/100
Epoch: 212/1000   Training Loss: 0.054265  Test Loss: 0.055341  Test MSE: 0.057384
Test MSE did not improve.. Counter 37/100
Epoch: 213/1000   Training Loss: 0.058997  Test Loss: 0.057670  Test MSE: 0.059152
Test MSE did not improve.. Counter 38/100
Epoch: 214/1000   Training Loss: 0.055716  Test Loss: 0.055862  Test MSE: 0.057158
Test MSE did not improve.. Counter 39/100
Epoch: 215/1000   Training Loss: 0.057792  Test Loss: 0.061730  Test MSE: 0.064467
Test MSE did not improve.. Counter 40/100
Epoch: 216/1000   Training Loss: 0.058213  Test Loss: 0.050624  Test MSE: 0.052243
Test MSE did not improve.. Counter 41/100
Epoch: 217/1000   Training Loss: 0.056281  Test Loss: 0.053563  Test MSE: 0.055622
Test MSE did not improve.. Counter 42/100
Epoch: 218/1000   Training Loss: 0.058728  Test Loss: 0.050347  Test MSE: 0.051980
Test MSE did not improve.. Counter 43/100
Epoch: 219/1000   Training Loss: 0.054641  Test Loss: 0.053190  Test MSE: 0.054651
Test MSE did not improve.. Counter 44/100
Epoch: 220/1000   Training Loss: 0.062078  Test Loss: 0.058701  Test MSE: 0.059257
Test MSE did not improve.. Counter 45/100
Epoch: 221/1000   Training Loss: 0.060504  Test Loss: 0.054315  Test MSE: 0.056876
Test MSE did not improve.. Counter 46/100
Epoch: 222/1000   Training Loss: 0.057985  Test Loss: 0.068980  Test MSE: 0.069743
Test MSE did not improve.. Counter 47/100
Epoch: 223/1000   Training Loss: 0.062852  Test Loss: 0.066289  Test MSE: 0.067164
Test MSE did not improve.. Counter 48/100
Epoch: 224/1000   Training Loss: 0.059191  Test Loss: 0.059824  Test MSE: 0.062433
Test MSE did not improve.. Counter 49/100
Epoch: 225/1000   Training Loss: 0.055764  Test Loss: 0.055468  Test MSE: 0.057624
Test MSE did not improve.. Counter 50/100
Epoch: 226/1000   Training Loss: 0.053378  Test Loss: 0.049406  Test MSE: 0.050535
Test MSE did not improve.. Counter 51/100
Epoch: 227/1000   Training Loss: 0.052367  Test Loss: 0.046971  Test MSE: 0.048308
Test MSE did not improve.. Counter 52/100
Epoch: 228/1000   Training Loss: 0.051064  Test Loss: 0.046232  Test MSE: 0.047143
Test MSE improved from 0.047250 -> 0.047143
Epoch: 229/1000   Training Loss: 0.051149  Test Loss: 0.058352  Test MSE: 0.060628
Test MSE did not improve.. Counter 1/100
Epoch: 230/1000   Training Loss: 0.054860  Test Loss: 0.059768  Test MSE: 0.060907
Test MSE did not improve.. Counter 2/100
Epoch: 231/1000   Training Loss: 0.054411  Test Loss: 0.053078  Test MSE: 0.054623
Test MSE did not improve.. Counter 3/100
Epoch: 232/1000   Training Loss: 0.052832  Test Loss: 0.051102  Test MSE: 0.053858
Test MSE did not improve.. Counter 4/100
Epoch: 233/1000   Training Loss: 0.062427  Test Loss: 0.060107  Test MSE: 0.062870
Test MSE did not improve.. Counter 5/100
Epoch: 234/1000   Training Loss: 0.062098  Test Loss: 0.055038  Test MSE: 0.056994
Test MSE did not improve.. Counter 6/100
Epoch: 235/1000   Training Loss: 0.060359  Test Loss: 0.056395  Test MSE: 0.057702
Test MSE did not improve.. Counter 7/100
Epoch: 236/1000   Training Loss: 0.058419  Test Loss: 0.053956  Test MSE: 0.056083
Test MSE did not improve.. Counter 8/100
Epoch: 237/1000   Training Loss: 0.066452  Test Loss: 0.054114  Test MSE: 0.056099
Test MSE did not improve.. Counter 9/100
Epoch: 238/1000   Training Loss: 0.057253  Test Loss: 0.062093  Test MSE: 0.063906
Test MSE did not improve.. Counter 10/100
Epoch: 239/1000   Training Loss: 0.058492  Test Loss: 0.057442  Test MSE: 0.059143
Test MSE did not improve.. Counter 11/100
Epoch: 240/1000   Training Loss: 0.060941  Test Loss: 0.051407  Test MSE: 0.052844
Test MSE did not improve.. Counter 12/100
Epoch: 241/1000   Training Loss: 0.057971  Test Loss: 0.052613  Test MSE: 0.054449
Test MSE did not improve.. Counter 13/100
Epoch: 242/1000   Training Loss: 0.055948  Test Loss: 0.059165  Test MSE: 0.060891
Test MSE did not improve.. Counter 14/100
Epoch: 243/1000   Training Loss: 0.051558  Test Loss: 0.047896  Test MSE: 0.050168
Test MSE did not improve.. Counter 15/100
Epoch: 244/1000   Training Loss: 0.054502  Test Loss: 0.044454  Test MSE: 0.045637
Test MSE improved from 0.047143 -> 0.045637
Epoch: 245/1000   Training Loss: 0.056945  Test Loss: 0.054229  Test MSE: 0.055898
Test MSE did not improve.. Counter 1/100
Epoch: 246/1000   Training Loss: 0.056628  Test Loss: 0.046825  Test MSE: 0.048239
Test MSE did not improve.. Counter 2/100
Epoch: 247/1000   Training Loss: 0.049287  Test Loss: 0.053527  Test MSE: 0.054553
Test MSE did not improve.. Counter 3/100
Epoch: 248/1000   Training Loss: 0.049006  Test Loss: 0.051367  Test MSE: 0.053314
Test MSE did not improve.. Counter 4/100
Epoch: 249/1000   Training Loss: 0.057836  Test Loss: 0.049701  Test MSE: 0.051086
Test MSE did not improve.. Counter 5/100
Epoch: 250/1000   Training Loss: 0.056808  Test Loss: 0.057126  Test MSE: 0.057842
Test MSE did not improve.. Counter 6/100
Epoch: 251/1000   Training Loss: 0.057678  Test Loss: 0.052060  Test MSE: 0.053365
Test MSE did not improve.. Counter 7/100
Epoch: 252/1000   Training Loss: 0.051915  Test Loss: 0.055662  Test MSE: 0.058451
Test MSE did not improve.. Counter 8/100
Epoch: 253/1000   Training Loss: 0.052238  Test Loss: 0.054277  Test MSE: 0.056534
Test MSE did not improve.. Counter 9/100
Epoch: 254/1000   Training Loss: 0.053806  Test Loss: 0.057061  Test MSE: 0.058742
Test MSE did not improve.. Counter 10/100
Epoch: 255/1000   Training Loss: 0.054532  Test Loss: 0.049311  Test MSE: 0.049578
Test MSE did not improve.. Counter 11/100
Epoch: 256/1000   Training Loss: 0.049408  Test Loss: 0.054850  Test MSE: 0.055943
Test MSE did not improve.. Counter 12/100
Epoch: 257/1000   Training Loss: 0.053286  Test Loss: 0.049053  Test MSE: 0.050308
Test MSE did not improve.. Counter 13/100
Epoch: 258/1000   Training Loss: 0.049176  Test Loss: 0.053725  Test MSE: 0.055230
Test MSE did not improve.. Counter 14/100
Epoch: 259/1000   Training Loss: 0.049870  Test Loss: 0.056641  Test MSE: 0.058768
Test MSE did not improve.. Counter 15/100
Epoch: 260/1000   Training Loss: 0.054357  Test Loss: 0.050444  Test MSE: 0.051982
Test MSE did not improve.. Counter 16/100
Epoch: 261/1000   Training Loss: 0.054558  Test Loss: 0.052476  Test MSE: 0.053512
Test MSE did not improve.. Counter 17/100
Epoch: 262/1000   Training Loss: 0.053821  Test Loss: 0.054449  Test MSE: 0.056422
Test MSE did not improve.. Counter 18/100
Epoch: 263/1000   Training Loss: 0.056450  Test Loss: 0.054113  Test MSE: 0.056871
Test MSE did not improve.. Counter 19/100
Epoch: 264/1000   Training Loss: 0.055726  Test Loss: 0.043478  Test MSE: 0.045710
Test MSE did not improve.. Counter 20/100
Epoch: 265/1000   Training Loss: 0.053179  Test Loss: 0.059539  Test MSE: 0.060886
Test MSE did not improve.. Counter 21/100
Epoch: 266/1000   Training Loss: 0.057373  Test Loss: 0.067623  Test MSE: 0.069337
Test MSE did not improve.. Counter 22/100
Epoch: 267/1000   Training Loss: 0.057150  Test Loss: 0.058390  Test MSE: 0.059083
Test MSE did not improve.. Counter 23/100
Epoch: 268/1000   Training Loss: 0.051940  Test Loss: 0.053646  Test MSE: 0.055135
Test MSE did not improve.. Counter 24/100
Epoch: 269/1000   Training Loss: 0.054557  Test Loss: 0.060872  Test MSE: 0.062477
Test MSE did not improve.. Counter 25/100
Epoch: 270/1000   Training Loss: 0.055971  Test Loss: 0.053256  Test MSE: 0.055956
Test MSE did not improve.. Counter 26/100
Epoch: 271/1000   Training Loss: 0.055766  Test Loss: 0.061334  Test MSE: 0.063168
Test MSE did not improve.. Counter 27/100
Epoch: 272/1000   Training Loss: 0.052303  Test Loss: 0.050546  Test MSE: 0.052623
Test MSE did not improve.. Counter 28/100
Epoch: 273/1000   Training Loss: 0.050517  Test Loss: 0.053289  Test MSE: 0.054208
Test MSE did not improve.. Counter 29/100
Epoch: 274/1000   Training Loss: 0.050997  Test Loss: 0.049777  Test MSE: 0.050139
Test MSE did not improve.. Counter 30/100
Epoch: 275/1000   Training Loss: 0.054856  Test Loss: 0.049409  Test MSE: 0.051234
Test MSE did not improve.. Counter 31/100
Epoch: 276/1000   Training Loss: 0.051694  Test Loss: 0.056488  Test MSE: 0.058216
Test MSE did not improve.. Counter 32/100
Epoch: 277/1000   Training Loss: 0.049982  Test Loss: 0.058779  Test MSE: 0.059951
Test MSE did not improve.. Counter 33/100
Epoch: 278/1000   Training Loss: 0.052473  Test Loss: 0.051170  Test MSE: 0.052838
Test MSE did not improve.. Counter 34/100
Epoch: 279/1000   Training Loss: 0.053304  Test Loss: 0.061707  Test MSE: 0.063402
Test MSE did not improve.. Counter 35/100
Epoch: 280/1000   Training Loss: 0.046476  Test Loss: 0.048930  Test MSE: 0.051101
Test MSE did not improve.. Counter 36/100
Epoch: 281/1000   Training Loss: 0.051834  Test Loss: 0.052859  Test MSE: 0.054482
Test MSE did not improve.. Counter 37/100
Epoch: 282/1000   Training Loss: 0.053096  Test Loss: 0.051747  Test MSE: 0.053728
Test MSE did not improve.. Counter 38/100
Epoch: 283/1000   Training Loss: 0.054460  Test Loss: 0.064858  Test MSE: 0.066854
Test MSE did not improve.. Counter 39/100
Epoch: 284/1000   Training Loss: 0.059290  Test Loss: 0.054696  Test MSE: 0.055501
Test MSE did not improve.. Counter 40/100
Epoch: 285/1000   Training Loss: 0.055227  Test Loss: 0.050252  Test MSE: 0.052222
Test MSE did not improve.. Counter 41/100
Epoch: 286/1000   Training Loss: 0.052358  Test Loss: 0.045244  Test MSE: 0.046977
Test MSE did not improve.. Counter 42/100
Epoch: 287/1000   Training Loss: 0.055127  Test Loss: 0.059928  Test MSE: 0.062913
Test MSE did not improve.. Counter 43/100
Epoch: 288/1000   Training Loss: 0.050583  Test Loss: 0.045494  Test MSE: 0.046357
Test MSE did not improve.. Counter 44/100
Epoch: 289/1000   Training Loss: 0.051973  Test Loss: 0.054584  Test MSE: 0.056011
Test MSE did not improve.. Counter 45/100
Epoch: 290/1000   Training Loss: 0.053034  Test Loss: 0.056751  Test MSE: 0.058736
Test MSE did not improve.. Counter 46/100
Epoch: 291/1000   Training Loss: 0.057022  Test Loss: 0.051063  Test MSE: 0.052889
Test MSE did not improve.. Counter 47/100
Epoch: 292/1000   Training Loss: 0.054165  Test Loss: 0.051063  Test MSE: 0.053764
Test MSE did not improve.. Counter 48/100
Epoch: 293/1000   Training Loss: 0.054686  Test Loss: 0.053063  Test MSE: 0.055491
Test MSE did not improve.. Counter 49/100
Epoch: 294/1000   Training Loss: 0.055712  Test Loss: 0.052425  Test MSE: 0.053841
Test MSE did not improve.. Counter 50/100
Epoch: 295/1000   Training Loss: 0.051428  Test Loss: 0.056790  Test MSE: 0.058674
Test MSE did not improve.. Counter 51/100
Epoch: 296/1000   Training Loss: 0.052141  Test Loss: 0.049903  Test MSE: 0.051994
Test MSE did not improve.. Counter 52/100
Epoch: 297/1000   Training Loss: 0.055348  Test Loss: 0.053988  Test MSE: 0.056352
Test MSE did not improve.. Counter 53/100
Epoch: 298/1000   Training Loss: 0.056699  Test Loss: 0.047984  Test MSE: 0.050062
Test MSE did not improve.. Counter 54/100
Epoch: 299/1000   Training Loss: 0.053051  Test Loss: 0.052858  Test MSE: 0.055559
Test MSE did not improve.. Counter 55/100
Epoch: 300/1000   Training Loss: 0.063677  Test Loss: 0.062247  Test MSE: 0.063894
Test MSE did not improve.. Counter 56/100
Epoch: 301/1000   Training Loss: 0.060024  Test Loss: 0.057239  Test MSE: 0.059581
Test MSE did not improve.. Counter 57/100
Epoch: 302/1000   Training Loss: 0.061633  Test Loss: 0.063172  Test MSE: 0.065695
Test MSE did not improve.. Counter 58/100
Epoch: 303/1000   Training Loss: 0.065240  Test Loss: 0.052421  Test MSE: 0.054283
Test MSE did not improve.. Counter 59/100
Epoch: 304/1000   Training Loss: 0.055941  Test Loss: 0.053725  Test MSE: 0.057348
Test MSE did not improve.. Counter 60/100
Epoch: 305/1000   Training Loss: 0.055839  Test Loss: 0.053508  Test MSE: 0.056932
Test MSE did not improve.. Counter 61/100
Epoch: 306/1000   Training Loss: 0.055637  Test Loss: 0.054704  Test MSE: 0.057138
Test MSE did not improve.. Counter 62/100
Epoch: 307/1000   Training Loss: 0.057134  Test Loss: 0.057619  Test MSE: 0.059143
Test MSE did not improve.. Counter 63/100
Epoch: 308/1000   Training Loss: 0.059474  Test Loss: 0.057394  Test MSE: 0.058899
Test MSE did not improve.. Counter 64/100
Epoch: 309/1000   Training Loss: 0.062132  Test Loss: 0.062325  Test MSE: 0.063800
Test MSE did not improve.. Counter 65/100
Epoch: 310/1000   Training Loss: 0.056454  Test Loss: 0.052638  Test MSE: 0.054406
Test MSE did not improve.. Counter 66/100
Epoch: 311/1000   Training Loss: 0.051692  Test Loss: 0.051120  Test MSE: 0.053226
Test MSE did not improve.. Counter 67/100
Epoch: 312/1000   Training Loss: 0.058779  Test Loss: 0.062144  Test MSE: 0.063629
Test MSE did not improve.. Counter 68/100
Epoch: 313/1000   Training Loss: 0.055083  Test Loss: 0.058176  Test MSE: 0.059798
Test MSE did not improve.. Counter 69/100
Epoch: 314/1000   Training Loss: 0.057059  Test Loss: 0.054077  Test MSE: 0.054875
Test MSE did not improve.. Counter 70/100
Epoch: 315/1000   Training Loss: 0.054410  Test Loss: 0.056030  Test MSE: 0.058118
Test MSE did not improve.. Counter 71/100
Epoch: 316/1000   Training Loss: 0.059357  Test Loss: 0.064598  Test MSE: 0.067140
Test MSE did not improve.. Counter 72/100
Epoch: 317/1000   Training Loss: 0.059314  Test Loss: 0.061533  Test MSE: 0.063550
Test MSE did not improve.. Counter 73/100
Epoch: 318/1000   Training Loss: 0.058840  Test Loss: 0.057994  Test MSE: 0.059870
Test MSE did not improve.. Counter 74/100
Epoch: 319/1000   Training Loss: 0.063202  Test Loss: 0.054396  Test MSE: 0.056596
Test MSE did not improve.. Counter 75/100
Epoch: 320/1000   Training Loss: 0.061815  Test Loss: 0.049176  Test MSE: 0.051042
Test MSE did not improve.. Counter 76/100
Epoch: 321/1000   Training Loss: 0.062664  Test Loss: 0.055195  Test MSE: 0.055847
Test MSE did not improve.. Counter 77/100
Epoch: 322/1000   Training Loss: 0.056344  Test Loss: 0.052583  Test MSE: 0.054146
Test MSE did not improve.. Counter 78/100
Epoch: 323/1000   Training Loss: 0.058835  Test Loss: 0.047998  Test MSE: 0.050516
Test MSE did not improve.. Counter 79/100
Epoch: 324/1000   Training Loss: 0.066541  Test Loss: 0.053699  Test MSE: 0.055814
Test MSE did not improve.. Counter 80/100
Epoch: 325/1000   Training Loss: 0.052782  Test Loss: 0.048737  Test MSE: 0.050650
Test MSE did not improve.. Counter 81/100
Epoch: 326/1000   Training Loss: 0.056485  Test Loss: 0.058228  Test MSE: 0.060243
Test MSE did not improve.. Counter 82/100
Epoch: 327/1000   Training Loss: 0.058440  Test Loss: 0.057439  Test MSE: 0.058541
Test MSE did not improve.. Counter 83/100
Epoch: 328/1000   Training Loss: 0.063305  Test Loss: 0.054607  Test MSE: 0.057285
Test MSE did not improve.. Counter 84/100
Epoch: 329/1000   Training Loss: 0.065428  Test Loss: 0.051404  Test MSE: 0.053538
Test MSE did not improve.. Counter 85/100
Epoch: 330/1000   Training Loss: 0.059904  Test Loss: 0.055014  Test MSE: 0.057365
Test MSE did not improve.. Counter 86/100
Epoch: 331/1000   Training Loss: 0.060975  Test Loss: 0.050790  Test MSE: 0.053245
Test MSE did not improve.. Counter 87/100
Epoch: 332/1000   Training Loss: 0.055372  Test Loss: 0.052014  Test MSE: 0.054426
Test MSE did not improve.. Counter 88/100
Epoch: 333/1000   Training Loss: 0.053765  Test Loss: 0.053044  Test MSE: 0.055330
Test MSE did not improve.. Counter 89/100
Epoch: 334/1000   Training Loss: 0.055832  Test Loss: 0.047232  Test MSE: 0.049427
Test MSE did not improve.. Counter 90/100
Epoch: 335/1000   Training Loss: 0.051184  Test Loss: 0.054045  Test MSE: 0.054743
Test MSE did not improve.. Counter 91/100
Epoch: 336/1000   Training Loss: 0.051940  Test Loss: 0.052750  Test MSE: 0.054848
Test MSE did not improve.. Counter 92/100
Epoch: 337/1000   Training Loss: 0.051385  Test Loss: 0.058674  Test MSE: 0.061529
Test MSE did not improve.. Counter 93/100
Epoch: 338/1000   Training Loss: 0.055838  Test Loss: 0.058610  Test MSE: 0.059647
Test MSE did not improve.. Counter 94/100
Epoch: 339/1000   Training Loss: 0.057887  Test Loss: 0.052882  Test MSE: 0.054127
Test MSE did not improve.. Counter 95/100
Epoch: 340/1000   Training Loss: 0.058647  Test Loss: 0.056453  Test MSE: 0.058892
Test MSE did not improve.. Counter 96/100
Epoch: 341/1000   Training Loss: 0.062793  Test Loss: 0.048454  Test MSE: 0.050900
Test MSE did not improve.. Counter 97/100
Epoch: 342/1000   Training Loss: 0.055166  Test Loss: 0.053746  Test MSE: 0.055035
Test MSE did not improve.. Counter 98/100
Epoch: 343/1000   Training Loss: 0.054279  Test Loss: 0.048881  Test MSE: 0.049656
Test MSE did not improve.. Counter 99/100
Epoch: 344/1000   Training Loss: 0.055522  Test Loss: 0.055990  Test MSE: 0.058605
Test MSE did not improve.. Counter 100/100
Epoch: 345/1000   Training Loss: 0.053543  Test Loss: 0.047194  Test MSE: 0.050173
Test MSE did not improve.. Counter 101/100
Early Stopped ..
Saved loss curve to ./result/adapter-snn_melanocortin_receptor_4_loss.png
============== Regression Performance =================
* MSE : 0.045637
* RMSE: 0.213628
* R2  : 0.864839
* PCC : 0.932315
* Spearman: 0.925783
=======================================================
